-------------------------------------------------------------------------------
Test set: com.cash_flow_app.apicashflow.service.AccountServiceTests
-------------------------------------------------------------------------------
Tests run: 3, Failures: 0, Errors: 3, Skipped: 0, Time elapsed: 0.204 s <<< FAILURE! - in com.cash_flow_app.apicashflow.service.AccountServiceTests
testCreateAccount  Time elapsed: 0.003 s  <<< ERROR!
java.lang.NullPointerException: Cannot invoke "org.springframework.security.core.Authentication.getPrincipal()" because the return value of "org.springframework.security.core.context.SecurityContext.getAuthentication()" is null
	at com.cash_flow_app.apicashflow.service.AccountServiceTests.testCreateAccount(AccountServiceTests.java:56)

testGetAccountsByUsername  Time elapsed: 0.002 s  <<< ERROR!
java.lang.NullPointerException: Cannot invoke "org.springframework.security.core.Authentication.getPrincipal()" because the return value of "org.springframework.security.core.context.SecurityContext.getAuthentication()" is null
	at com.cash_flow_app.apicashflow.service.AccountServiceTests.testGetAccountsByUsername(AccountServiceTests.java:80)

testDeleteAccount  Time elapsed: 0.002 s  <<< ERROR!
java.lang.NullPointerException: Cannot invoke "org.springframework.security.core.Authentication.getPrincipal()" because the return value of "org.springframework.security.core.context.SecurityContext.getAuthentication()" is null
	at com.cash_flow_app.apicashflow.service.AccountServiceTests.testDeleteAccount(AccountServiceTests.java:68)

