<?xml version="1.0" encoding="UTF-8"?>
<testsuite xmlns:xsi="http://www.w3.org/2001/XMLSchema-instance" xsi:noNamespaceSchemaLocation="https://maven.apache.org/surefire/maven-surefire-plugin/xsd/surefire-test-report.xsd" name="com.cash_flow_app.apicashflow.controller.AccountControllerTest" time="0.948" tests="5" errors="4" skipped="0" failures="0">
  <properties>
[...]
</properties>
  <testcase name="deleteAccount" classname="com.cash_flow_app.apicashflow.controller.AccountControllerTest" time="0.206">
    <error message="could not execute statement; SQL [n/a]; constraint [user_account_pkey]" type="org.springframework.dao.DataIntegrityViolationException">org.springframework.dao.DataIntegrityViolationException: could not execute statement; SQL [n/a]; constraint [user_account_pkey]
	at com.cash_flow_app.apicashflow.controller.AccountControllerTest.deleteAccount(AccountControllerTest.java:172)
Caused by: org.hibernate.exception.ConstraintViolationException: could not execute statement
	at com.cash_flow_app.apicashflow.controller.AccountControllerTest.deleteAccount(AccountControllerTest.java:172)
Caused by: org.postgresql.util.PSQLException: 
ERROR: duplicate key value violates unique constraint "user_account_pkey"
  Detail: Key (user_id, account_id)=(4fc05fd3-cbab-4688-bf61-2855e1869127, 75c9940f-04b2-4526-9003-43a501066774) already exists.
	at com.cash_flow_app.apicashflow.controller.AccountControllerTest.deleteAccount(AccountControllerTest.java:172)
</error>
    <system-out><![CDATA[2023-11-28T22:11:56.397-05:00 DEBUG 27472 --- [           main] .b.t.c.SpringBootTestContextBootstrapper : Neither @ContextConfiguration nor @ContextHierarchy found for test class [AccountControllerTest]: using SpringBootContextLoader
2023-11-28T22:11:56.398-05:00 DEBUG 27472 --- [           main] o.s.t.c.support.AbstractContextLoader    : Could not detect default resource locations for test class [com.cash_flow_app.apicashflow.controller.AccountControllerTest]: no resource found for suffixes {-context.xml, Context.groovy}.
2023-11-28T22:11:56.398-05:00  INFO 27472 --- [           main] t.c.s.AnnotationConfigContextLoaderUtils : Could not detect default configuration classes for test class [com.cash_flow_app.apicashflow.controller.AccountControllerTest]: AccountControllerTest does not declare any static, non-private, non-final, nested classes annotated with @Configuration.
2023-11-28T22:11:56.398-05:00 DEBUG 27472 --- [           main] .b.t.c.SpringBootTestContextBootstrapper : Using ContextCustomizers for test class [AccountControllerTest]: [ImportsContextCustomizer, ExcludeFilterContextCustomizer, DuplicateJsonObjectContextCustomizer, MockitoContextCustomizer, TestRestTemplateContextCustomizer, DisableObservabilityContextCustomizer, PropertyMappingContextCustomizer, Customizer]
2023-11-28T22:11:56.399-05:00  INFO 27472 --- [           main] .b.t.c.SpringBootTestContextBootstrapper : Found @SpringBootConfiguration com.cash_flow_app.apicashflow.ApiCashFlowApplication for test class com.cash_flow_app.apicashflow.controller.AccountControllerTest
2023-11-28T22:11:56.399-05:00 DEBUG 27472 --- [           main] .b.t.c.SpringBootTestContextBootstrapper : Using TestExecutionListeners for test class [AccountControllerTest]: [ServletTestExecutionListener, DirtiesContextBeforeModesTestExecutionListener, ApplicationEventsTestExecutionListener, MockitoTestExecutionListener, DependencyInjectionTestExecutionListener, DirtiesContextTestExecutionListener, TransactionalTestExecutionListener, SqlScriptsTestExecutionListener, EventPublishingTestExecutionListener, WithSecurityContextTestExecutionListener, ReactorContextTestExecutionListener, ResetMocksTestExecutionListener, RestDocsTestExecutionListener, MockRestServiceServerResetTestExecutionListener, MockMvcPrintOnlyOnFailureTestExecutionListener, WebDriverTestExecutionListener, MockWebServiceServerTestExecutionListener]
2023-11-28T22:11:56.399-05:00 DEBUG 27472 --- [           main] tractDirtiesContextTestExecutionListener : Before test class: class [AccountControllerTest], class annotated with @DirtiesContext [false] with mode [null]
2023-11-28T22:11:56.399-05:00 DEBUG 27472 --- [           main] org.springframework.test.context.cache   : Spring test ApplicationContext cache statistics: [DefaultContextCache@8caffbd size = 3, maxSize = 32, parentContextCount = 0, hitCount = 226, missCount = 3]
2023-11-28T22:11:56.399-05:00 DEBUG 27472 --- [           main] org.springframework.test.context.cache   : Spring test ApplicationContext cache statistics: [DefaultContextCache@8caffbd size = 3, maxSize = 32, parentContextCount = 0, hitCount = 227, missCount = 3]
2023-11-28T22:11:56.399-05:00 DEBUG 27472 --- [           main] o.s.t.c.w.ServletTestExecutionListener   : Setting up MockHttpServletRequest, MockHttpServletResponse, ServletWebRequest, and RequestContextHolder for test class com.cash_flow_app.apicashflow.controller.AccountControllerTest
2023-11-28T22:11:56.399-05:00 DEBUG 27472 --- [           main] DependencyInjectionTestExecutionListener : Performing dependency injection for test class com.cash_flow_app.apicashflow.controller.AccountControllerTest
2023-11-28T22:11:56.399-05:00 DEBUG 27472 --- [           main] org.springframework.test.context.cache   : Spring test ApplicationContext cache statistics: [DefaultContextCache@8caffbd size = 3, maxSize = 32, parentContextCount = 0, hitCount = 228, missCount = 3]
2023-11-28T22:11:56.400-05:00 DEBUG 27472 --- [           main] org.springframework.test.context.cache   : Spring test ApplicationContext cache statistics: [DefaultContextCache@8caffbd size = 3, maxSize = 32, parentContextCount = 0, hitCount = 229, missCount = 3]
2023-11-28T22:11:56.400-05:00 DEBUG 27472 --- [           main] tractDirtiesContextTestExecutionListener : Before test method: class [AccountControllerTest], method [deleteAccount], class annotated with @DirtiesContext [false] with mode [null], method annotated with @DirtiesContext [false] with mode [null]
2023-11-28T22:11:56.401-05:00 DEBUG 27472 --- [           main] t.c.t.TransactionalTestExecutionListener : Explicit transaction definition [PROPAGATION_REQUIRED,ISOLATION_DEFAULT] found for test class [com.cash_flow_app.apicashflow.controller.AccountControllerTest] and test method [deleteAccount]
2023-11-28T22:11:56.401-05:00 DEBUG 27472 --- [           main] org.springframework.test.context.cache   : Spring test ApplicationContext cache statistics: [DefaultContextCache@8caffbd size = 3, maxSize = 32, parentContextCount = 0, hitCount = 230, missCount = 3]
2023-11-28T22:11:56.401-05:00 DEBUG 27472 --- [           main] t.c.t.TransactionalTestExecutionListener : No method-level @Rollback override: using default rollback [true] for test method [void com.cash_flow_app.apicashflow.controller.AccountControllerTest.deleteAccount() throws java.lang.Exception]
2023-11-28T22:11:56.401-05:00 DEBUG 27472 --- [           main] o.s.orm.jpa.JpaTransactionManager        : Creating new transaction with name [com.cash_flow_app.apicashflow.controller.AccountControllerTest.deleteAccount]: PROPAGATION_REQUIRED,ISOLATION_DEFAULT
2023-11-28T22:11:56.401-05:00 DEBUG 27472 --- [           main] o.s.orm.jpa.JpaTransactionManager        : Opened new EntityManager [SessionImpl(2029572460<open>)] for JPA transaction
2023-11-28T22:11:56.401-05:00 DEBUG 27472 --- [           main] o.h.e.t.internal.TransactionImpl         : On TransactionImpl creation, JpaCompliance#isJpaTransactionComplianceEnabled == false
2023-11-28T22:11:56.401-05:00 DEBUG 27472 --- [           main] o.h.e.t.internal.TransactionImpl         : begin
2023-11-28T22:11:56.401-05:00 DEBUG 27472 --- [           main] org.postgresql.jdbc.PgConnection         :   setAutoCommit = false
2023-11-28T22:11:56.401-05:00 DEBUG 27472 --- [           main] o.s.orm.jpa.JpaTransactionManager        : Exposing JPA transaction as JDBC [org.springframework.orm.jpa.vendor.HibernateJpaDialect$HibernateConnectionHandle@8c29e75]
2023-11-28T22:11:56.401-05:00 DEBUG 27472 --- [           main] o.s.t.c.transaction.TransactionContext   : Began transaction (1) for test class [com.cash_flow_app.apicashflow.controller.AccountControllerTest]; test method [deleteAccount]; transaction manager [org.springframework.orm.jpa.JpaTransactionManager@6448679f]; rollback [true]
2023-11-28T22:11:56.401-05:00 DEBUG 27472 --- [           main] org.springframework.test.context.cache   : Spring test ApplicationContext cache statistics: [DefaultContextCache@8caffbd size = 3, maxSize = 32, parentContextCount = 0, hitCount = 231, missCount = 3]
2023-11-28T22:11:56.401-05:00 DEBUG 27472 --- [           main] org.springframework.test.context.cache   : Spring test ApplicationContext cache statistics: [DefaultContextCache@8caffbd size = 3, maxSize = 32, parentContextCount = 0, hitCount = 232, missCount = 3]
2023-11-28T22:11:56.402-05:00 DEBUG 27472 --- [           main] o.s.test.util.ReflectionTestUtils        : Invoking method 'getFilters' on target object [FilterChainProxy[Filter Chains: [DefaultSecurityFilterChain [RequestMatcher=any request, Filters=[org.springframework.security.web.session.DisableEncodeUrlFilter@120e3ebb, org.springframework.security.web.session.ForceEagerSessionCreationFilter@753f1c3e, org.springframework.security.web.context.request.async.WebAsyncManagerIntegrationFilter@5e9af5d4, org.springframework.security.web.context.SecurityContextHolderFilter@1d18e5ad, org.springframework.security.web.header.HeaderWriterFilter@73b68d98, org.springframework.web.filter.CorsFilter@7863e6b2, org.springframework.security.web.authentication.logout.LogoutFilter@1e5a8278, JWTAuthorizationFilter(loginService=com.cash_flow_app.apicashflow.entities_repositories_and_services.base.security.LoginService@508b9c16), com.cash_flow_app.apicashflow.entities_repositories_and_services.base.security.JWTAuthenticationFilter@6fd2b939, org.springframework.security.web.savedrequest.RequestCacheAwareFilter@11def039, org.springframework.security.web.servletapi.SecurityContextHolderAwareRequestFilter@564375d7, org.springframework.security.web.authentication.AnonymousAuthenticationFilter@c4aa99e, org.springframework.security.web.session.SessionManagementFilter@69af6978, org.springframework.security.web.access.ExceptionTranslationFilter@4469046b, org.springframework.security.web.access.intercept.AuthorizationFilter@588d2e90]]]]] or target class [null] with arguments {org.springframework.mock.web.MockHttpServletRequest@33ed34a9}
2023-11-28T22:11:56.402-05:00 DEBUG 27472 --- [           main] o.s.test.util.ReflectionTestUtils        : Invoking method 'getFilters' on target object [FilterChainProxy[Filter Chains: [DefaultSecurityFilterChain [RequestMatcher=any request, Filters=[org.springframework.security.web.session.DisableEncodeUrlFilter@120e3ebb, org.springframework.security.web.session.ForceEagerSessionCreationFilter@753f1c3e, org.springframework.security.web.context.request.async.WebAsyncManagerIntegrationFilter@5e9af5d4, org.springframework.security.web.context.SecurityContextHolderFilter@1d18e5ad, org.springframework.security.web.header.HeaderWriterFilter@73b68d98, org.springframework.web.filter.CorsFilter@7863e6b2, org.springframework.security.web.authentication.logout.LogoutFilter@1e5a8278, JWTAuthorizationFilter(loginService=com.cash_flow_app.apicashflow.entities_repositories_and_services.base.security.LoginService@508b9c16), com.cash_flow_app.apicashflow.entities_repositories_and_services.base.security.JWTAuthenticationFilter@6fd2b939, org.springframework.security.web.savedrequest.RequestCacheAwareFilter@11def039, org.springframework.security.web.servletapi.SecurityContextHolderAwareRequestFilter@564375d7, org.springframework.security.web.authentication.AnonymousAuthenticationFilter@c4aa99e, org.springframework.security.web.session.SessionManagementFilter@69af6978, org.springframework.security.web.access.ExceptionTranslationFilter@4469046b, org.springframework.security.web.access.intercept.AuthorizationFilter@588d2e90]]]]] or target class [null] with arguments {org.springframework.mock.web.MockHttpServletRequest@33ed34a9}
2023-11-28T22:11:56.402-05:00 DEBUG 27472 --- [           main] o.s.test.util.ReflectionTestUtils        : Invoking method 'getFilters' on target object [FilterChainProxy[Filter Chains: [DefaultSecurityFilterChain [RequestMatcher=any request, Filters=[org.springframework.security.web.session.DisableEncodeUrlFilter@120e3ebb, org.springframework.security.web.session.ForceEagerSessionCreationFilter@753f1c3e, org.springframework.security.web.context.request.async.WebAsyncManagerIntegrationFilter@5e9af5d4, org.springframework.security.web.context.SecurityContextHolderFilter@1d18e5ad, org.springframework.security.web.header.HeaderWriterFilter@73b68d98, org.springframework.web.filter.CorsFilter@7863e6b2, org.springframework.security.web.authentication.logout.LogoutFilter@1e5a8278, JWTAuthorizationFilter(loginService=com.cash_flow_app.apicashflow.entities_repositories_and_services.base.security.LoginService@508b9c16), com.cash_flow_app.apicashflow.entities_repositories_and_services.base.security.JWTAuthenticationFilter@6fd2b939, org.springframework.security.web.savedrequest.RequestCacheAwareFilter@11def039, org.springframework.security.web.servletapi.SecurityContextHolderAwareRequestFilter@564375d7, org.springframework.security.web.authentication.AnonymousAuthenticationFilter@c4aa99e, org.springframework.security.web.session.SessionManagementFilter@69af6978, org.springframework.security.web.access.ExceptionTranslationFilter@4469046b, org.springframework.security.web.access.intercept.AuthorizationFilter@588d2e90]]]]] or target class [null] with arguments {org.springframework.mock.web.MockHttpServletRequest@33ed34a9}
2023-11-28T22:11:56.402-05:00 DEBUG 27472 --- [           main] o.s.security.web.FilterChainProxy        : Securing POST /api/v1/user/signup
2023-11-28T22:11:56.403-05:00 DEBUG 27472 --- [           main] .s.s.w.s.ForceEagerSessionCreationFilter : Created session eagerly
2023-11-28T22:11:56.403-05:00 DEBUG 27472 --- [           main] o.s.s.w.a.AnonymousAuthenticationFilter  : Set SecurityContextHolder to anonymous SecurityContext
2023-11-28T22:11:56.403-05:00 DEBUG 27472 --- [           main] s.w.s.m.m.a.RequestMappingHandlerMapping : Mapped to com.cash_flow_app.apicashflow.controller.UserController#signup(UserDto)
2023-11-28T22:11:56.403-05:00 DEBUG 27472 --- [           main] s.w.s.m.m.a.RequestMappingHandlerMapping : Mapped to com.cash_flow_app.apicashflow.controller.UserController#signup(UserDto)
2023-11-28T22:11:56.403-05:00 DEBUG 27472 --- [           main] s.w.s.m.m.a.RequestMappingHandlerMapping : Mapped to com.cash_flow_app.apicashflow.controller.UserController#signup(UserDto)
2023-11-28T22:11:56.403-05:00 DEBUG 27472 --- [           main] s.w.s.m.m.a.RequestMappingHandlerMapping : Mapped to com.cash_flow_app.apicashflow.controller.UserController#signup(UserDto)
2023-11-28T22:11:56.403-05:00 DEBUG 27472 --- [           main] s.w.s.m.m.a.RequestMappingHandlerMapping : Mapped to com.cash_flow_app.apicashflow.controller.UserController#signup(UserDto)
2023-11-28T22:11:56.403-05:00 DEBUG 27472 --- [           main] s.w.s.m.m.a.RequestMappingHandlerMapping : Mapped to com.cash_flow_app.apicashflow.controller.UserController#signup(UserDto)
2023-11-28T22:11:56.403-05:00 DEBUG 27472 --- [           main] s.w.s.m.m.a.RequestMappingHandlerMapping : Mapped to com.cash_flow_app.apicashflow.controller.UserController#signup(UserDto)
2023-11-28T22:11:56.403-05:00 DEBUG 27472 --- [           main] o.s.security.web.FilterChainProxy        : Secured POST /api/v1/user/signup
2023-11-28T22:11:56.404-05:00 DEBUG 27472 --- [           main] o.s.t.web.servlet.TestDispatcherServlet  : POST "/api/v1/user/signup", parameters={masked}
2023-11-28T22:11:56.404-05:00 DEBUG 27472 --- [           main] s.w.s.m.m.a.RequestMappingHandlerMapping : Mapped to com.cash_flow_app.apicashflow.controller.UserController#signup(UserDto)
2023-11-28T22:11:56.404-05:00 DEBUG 27472 --- [           main] m.m.a.RequestResponseBodyMethodProcessor : Read "application/json;charset=UTF-8" to [UserDto(username=usuario_test, password=123456, authorities=[{endpoint=Account, actions=[CREATE, REA (truncated)...]
2023-11-28T22:11:56.404-05:00 DEBUG 27472 --- [           main] org.hibernate.orm.sql.ast.create         : Created new SQL alias : a1_0
2023-11-28T22:11:56.404-05:00 DEBUG 27472 --- [           main] org.hibernate.orm.sql.ast.create         : Registration of TableGroup [StandardTableGroup(com.cash_flow_app.apicashflow.entities_repositories_and_services.base.authority.Authority(35202161494041))] with identifierForTableGroup [com.cash_flow_app.apicashflow.entities_repositories_and_services.base.authority.Authority] for NavigablePath [com.cash_flow_app.apicashflow.entities_repositories_and_services.base.authority.Authority] 
2023-11-28T22:11:56.404-05:00 DEBUG 27472 --- [           main] o.h.q.sqm.sql.BaseSqmToSqlAstConverter   : Determining mapping-model type for SqmParameter : org.hibernate.query.sqm.tree.expression.SqmJpaCriteriaParameterWrapper@2f7c96b1
2023-11-28T22:11:56.404-05:00 DEBUG 27472 --- [           main] o.h.q.sqm.sql.BaseSqmToSqlAstConverter   : Determining mapping-model type for SqmPath : SqmBasicValuedSimplePath(com.cash_flow_app.apicashflow.entities_repositories_and_services.base.authority.Authority(35202161494041).permission) 
2023-11-28T22:11:56.404-05:00 DEBUG 27472 --- [           main] o.h.q.sqm.sql.BaseSqmToSqlAstConverter   : Determining mapping-model type for SqmParameter : org.hibernate.query.sqm.tree.expression.SqmJpaCriteriaParameterWrapper@11314183
2023-11-28T22:11:56.404-05:00 DEBUG 27472 --- [           main] o.h.q.sqm.sql.BaseSqmToSqlAstConverter   : Determining mapping-model type for SqmPath : SqmBasicValuedSimplePath(com.cash_flow_app.apicashflow.entities_repositories_and_services.base.authority.Authority(35202161494041).endpoint) 
2023-11-28T22:11:56.405-05:00 DEBUG 27472 --- [           main] org.hibernate.orm.results.graph.AST      : DomainResult Graph:
 \-EntityResultImpl [com.cash_flow_app.apicashflow.entities_repositories_and_services.base.authority.Authority(35202161494041)]
 |  +-BasicFetch [com.cash_flow_app.apicashflow.entities_repositories_and_services.base.authority.Authority(35202161494041).endpoint]
 |  \-BasicFetch [com.cash_flow_app.apicashflow.entities_repositories_and_services.base.authority.Authority(35202161494041).permission]

2023-11-28T22:11:56.405-05:00 DEBUG 27472 --- [           main] org.hibernate.orm.sql.ast.tree           : SQL AST Tree:
    SelectStatement {
      FromClause {
        StandardTableGroup (a1 : com.cash_flow_app.apicashflow.entities_repositories_and_services.base.authority.Authority(35202161494041)) {
          primaryTableReference : authorities as a1_0
        }
      }
    }

2023-11-28T22:11:56.405-05:00 DEBUG 27472 --- [           main] org.hibernate.orm.sql.exec               : Skipping reading Query result cache data: cache-enabled = false, cache-mode = NORMAL
2023-11-28T22:11:56.405-05:00 DEBUG 27472 --- [           main] org.hibernate.orm.results                : Initializer list
2023-11-28T22:11:56.405-05:00 DEBUG 27472 --- [           main] org.hibernate.orm.results                :     com.cash_flow_app.apicashflow.entities_repositories_and_services.base.authority.Authority(35202161494041) -> EntityResultInitializer(com.cash_flow_app.apicashflow.entities_repositories_and_services.base.authority.Authority(35202161494041))@128637829 (SingleTableEntityPersister(com.cash_flow_app.apicashflow.entities_repositories_and_services.base.authority.Authority))
2023-11-28T22:11:56.405-05:00 DEBUG 27472 --- [           main] org.hibernate.SQL                        : 
    select
        a1_0.id,
        a1_0.endpoint,
        a1_0.permission 
    from
        authorities a1_0 
    where
        a1_0.permission=? 
        and a1_0.endpoint=?
2023-11-28T22:11:56.405-05:00 DEBUG 27472 --- [           main] org.hibernate.orm.results                : Extracted JDBC value [0] - [9aaf7d40-45f6-4ab6-90a9-a23f4c1b5f2f]
2023-11-28T22:11:56.405-05:00 DEBUG 27472 --- [           main] o.hibernate.orm.results.loading.entity   : (EntityResultInitializer) Hydrated EntityKey (com.cash_flow_app.apicashflow.entities_repositories_and_services.base.authority.Authority(35202161494041)): 9aaf7d40-45f6-4ab6-90a9-a23f4c1b5f2f
2023-11-28T22:11:56.405-05:00 DEBUG 27472 --- [           main] o.hibernate.orm.results.loading.entity   : (EntityResultInitializer) Created new entity instance [com.cash_flow_app.apicashflow.entities_repositories_and_services.base.authority.Authority(35202161494041)#9aaf7d40-45f6-4ab6-90a9-a23f4c1b5f2f] : com.cash_flow_app.apicashflow.entities_repositories_and_services.base.authority.Authority@35cbd595
2023-11-28T22:11:56.405-05:00 DEBUG 27472 --- [           main] org.hibernate.orm.results                : Extracted JDBC value [1] - [Account]
2023-11-28T22:11:56.405-05:00 DEBUG 27472 --- [           main] org.hibernate.orm.results                : Extracted JDBC value [2] - [CREATE]
2023-11-28T22:11:56.405-05:00 DEBUG 27472 --- [           main] o.hibernate.orm.results.loading.entity   : (EntityResultInitializer) Done materializing entityInstance : com.cash_flow_app.apicashflow.entities_repositories_and_services.base.authority.Authority(35202161494041)#9aaf7d40-45f6-4ab6-90a9-a23f4c1b5f2f
2023-11-28T22:11:56.405-05:00 DEBUG 27472 --- [           main] org.hibernate.orm.results.loading        : Calling top-level assembler (0 / 1) : org.hibernate.sql.results.graph.entity.internal.EntityAssembler@646c565a
2023-11-28T22:11:56.406-05:00 DEBUG 27472 --- [           main] org.hibernate.orm.sql.ast.create         : Created new SQL alias : a1_0
2023-11-28T22:11:56.406-05:00 DEBUG 27472 --- [           main] org.hibernate.orm.sql.ast.create         : Registration of TableGroup [StandardTableGroup(com.cash_flow_app.apicashflow.entities_repositories_and_services.base.authority.Authority(35202161494041))] with identifierForTableGroup [com.cash_flow_app.apicashflow.entities_repositories_and_services.base.authority.Authority] for NavigablePath [com.cash_flow_app.apicashflow.entities_repositories_and_services.base.authority.Authority] 
2023-11-28T22:11:56.406-05:00 DEBUG 27472 --- [           main] o.h.q.sqm.sql.BaseSqmToSqlAstConverter   : Determining mapping-model type for SqmParameter : org.hibernate.query.sqm.tree.expression.SqmJpaCriteriaParameterWrapper@78299721
2023-11-28T22:11:56.406-05:00 DEBUG 27472 --- [           main] o.h.q.sqm.sql.BaseSqmToSqlAstConverter   : Determining mapping-model type for SqmPath : SqmBasicValuedSimplePath(com.cash_flow_app.apicashflow.entities_repositories_and_services.base.authority.Authority(35202161494041).permission) 
2023-11-28T22:11:56.406-05:00 DEBUG 27472 --- [           main] o.h.q.sqm.sql.BaseSqmToSqlAstConverter   : Determining mapping-model type for SqmParameter : org.hibernate.query.sqm.tree.expression.SqmJpaCriteriaParameterWrapper@732a8a22
2023-11-28T22:11:56.406-05:00 DEBUG 27472 --- [           main] o.h.q.sqm.sql.BaseSqmToSqlAstConverter   : Determining mapping-model type for SqmPath : SqmBasicValuedSimplePath(com.cash_flow_app.apicashflow.entities_repositories_and_services.base.authority.Authority(35202161494041).endpoint) 
2023-11-28T22:11:56.406-05:00 DEBUG 27472 --- [           main] org.hibernate.orm.results.graph.AST      : DomainResult Graph:
 \-EntityResultImpl [com.cash_flow_app.apicashflow.entities_repositories_and_services.base.authority.Authority(35202161494041)]
 |  +-BasicFetch [com.cash_flow_app.apicashflow.entities_repositories_and_services.base.authority.Authority(35202161494041).endpoint]
 |  \-BasicFetch [com.cash_flow_app.apicashflow.entities_repositories_and_services.base.authority.Authority(35202161494041).permission]

2023-11-28T22:11:56.406-05:00 DEBUG 27472 --- [           main] org.hibernate.orm.sql.ast.tree           : SQL AST Tree:
    SelectStatement {
      FromClause {
        StandardTableGroup (a1 : com.cash_flow_app.apicashflow.entities_repositories_and_services.base.authority.Authority(35202161494041)) {
          primaryTableReference : authorities as a1_0
        }
      }
    }

2023-11-28T22:11:56.406-05:00 DEBUG 27472 --- [           main] o.h.e.i.AbstractFlushingEventListener    : Processing flush-time cascades
2023-11-28T22:11:56.406-05:00 DEBUG 27472 --- [           main] o.h.e.i.AbstractFlushingEventListener    : Dirty checking collections
2023-11-28T22:11:56.406-05:00 DEBUG 27472 --- [           main] o.h.e.i.AbstractFlushingEventListener    : Flushed: 0 insertions, 0 updates, 0 deletions to 1 objects
2023-11-28T22:11:56.406-05:00 DEBUG 27472 --- [           main] o.h.e.i.AbstractFlushingEventListener    : Flushed: 0 (re)creations, 0 updates, 0 removals to 0 collections
2023-11-28T22:11:56.406-05:00 DEBUG 27472 --- [           main] o.hibernate.internal.util.EntityPrinter  : Listing entities:
2023-11-28T22:11:56.406-05:00 DEBUG 27472 --- [           main] o.hibernate.internal.util.EntityPrinter  : com.cash_flow_app.apicashflow.entities_repositories_and_services.base.authority.Authority{endpoint=Account, permission=CREATE, id=9aaf7d40-45f6-4ab6-90a9-a23f4c1b5f2f}
2023-11-28T22:11:56.406-05:00 DEBUG 27472 --- [           main] org.hibernate.orm.sql.exec               : Skipping reading Query result cache data: cache-enabled = false, cache-mode = NORMAL
2023-11-28T22:11:56.406-05:00 DEBUG 27472 --- [           main] org.hibernate.orm.results                : Initializer list
2023-11-28T22:11:56.406-05:00 DEBUG 27472 --- [           main] org.hibernate.orm.results                :     com.cash_flow_app.apicashflow.entities_repositories_and_services.base.authority.Authority(35202161494041) -> EntityResultInitializer(com.cash_flow_app.apicashflow.entities_repositories_and_services.base.authority.Authority(35202161494041))@226897381 (SingleTableEntityPersister(com.cash_flow_app.apicashflow.entities_repositories_and_services.base.authority.Authority))
2023-11-28T22:11:56.406-05:00 DEBUG 27472 --- [           main] org.hibernate.SQL                        : 
    select
        a1_0.id,
        a1_0.endpoint,
        a1_0.permission 
    from
        authorities a1_0 
    where
        a1_0.permission=? 
        and a1_0.endpoint=?
2023-11-28T22:11:56.412-05:00 DEBUG 27472 --- [           main] org.hibernate.orm.results                : Extracted JDBC value [0] - [b14a62f4-d04f-422a-a2a3-1f80e2635352]
2023-11-28T22:11:56.412-05:00 DEBUG 27472 --- [           main] o.hibernate.orm.results.loading.entity   : (EntityResultInitializer) Hydrated EntityKey (com.cash_flow_app.apicashflow.entities_repositories_and_services.base.authority.Authority(35202161494041)): b14a62f4-d04f-422a-a2a3-1f80e2635352
2023-11-28T22:11:56.412-05:00 DEBUG 27472 --- [           main] o.hibernate.orm.results.loading.entity   : (EntityResultInitializer) Created new entity instance [com.cash_flow_app.apicashflow.entities_repositories_and_services.base.authority.Authority(35202161494041)#b14a62f4-d04f-422a-a2a3-1f80e2635352] : com.cash_flow_app.apicashflow.entities_repositories_and_services.base.authority.Authority@352ad7fe
2023-11-28T22:11:56.412-05:00 DEBUG 27472 --- [           main] org.hibernate.orm.results                : Extracted JDBC value [1] - [Account]
2023-11-28T22:11:56.412-05:00 DEBUG 27472 --- [           main] org.hibernate.orm.results                : Extracted JDBC value [2] - [READ]
2023-11-28T22:11:56.412-05:00 DEBUG 27472 --- [           main] o.hibernate.orm.results.loading.entity   : (EntityResultInitializer) Done materializing entityInstance : com.cash_flow_app.apicashflow.entities_repositories_and_services.base.authority.Authority(35202161494041)#b14a62f4-d04f-422a-a2a3-1f80e2635352
2023-11-28T22:11:56.412-05:00 DEBUG 27472 --- [           main] org.hibernate.orm.results.loading        : Calling top-level assembler (0 / 1) : org.hibernate.sql.results.graph.entity.internal.EntityAssembler@97f2dbb
2023-11-28T22:11:56.412-05:00 DEBUG 27472 --- [           main] org.hibernate.orm.sql.ast.create         : Created new SQL alias : a1_0
2023-11-28T22:11:56.412-05:00 DEBUG 27472 --- [           main] org.hibernate.orm.sql.ast.create         : Registration of TableGroup [StandardTableGroup(com.cash_flow_app.apicashflow.entities_repositories_and_services.base.authority.Authority(35202161494041))] with identifierForTableGroup [com.cash_flow_app.apicashflow.entities_repositories_and_services.base.authority.Authority] for NavigablePath [com.cash_flow_app.apicashflow.entities_repositories_and_services.base.authority.Authority] 
2023-11-28T22:11:56.412-05:00 DEBUG 27472 --- [           main] o.h.q.sqm.sql.BaseSqmToSqlAstConverter   : Determining mapping-model type for SqmParameter : org.hibernate.query.sqm.tree.expression.SqmJpaCriteriaParameterWrapper@6027f461
2023-11-28T22:11:56.412-05:00 DEBUG 27472 --- [           main] o.h.q.sqm.sql.BaseSqmToSqlAstConverter   : Determining mapping-model type for SqmPath : SqmBasicValuedSimplePath(com.cash_flow_app.apicashflow.entities_repositories_and_services.base.authority.Authority(35202161494041).permission) 
2023-11-28T22:11:56.412-05:00 DEBUG 27472 --- [           main] o.h.q.sqm.sql.BaseSqmToSqlAstConverter   : Determining mapping-model type for SqmParameter : org.hibernate.query.sqm.tree.expression.SqmJpaCriteriaParameterWrapper@822e8a1
2023-11-28T22:11:56.412-05:00 DEBUG 27472 --- [           main] o.h.q.sqm.sql.BaseSqmToSqlAstConverter   : Determining mapping-model type for SqmPath : SqmBasicValuedSimplePath(com.cash_flow_app.apicashflow.entities_repositories_and_services.base.authority.Authority(35202161494041).endpoint) 
2023-11-28T22:11:56.412-05:00 DEBUG 27472 --- [           main] org.hibernate.orm.results.graph.AST      : DomainResult Graph:
 \-EntityResultImpl [com.cash_flow_app.apicashflow.entities_repositories_and_services.base.authority.Authority(35202161494041)]
 |  +-BasicFetch [com.cash_flow_app.apicashflow.entities_repositories_and_services.base.authority.Authority(35202161494041).endpoint]
 |  \-BasicFetch [com.cash_flow_app.apicashflow.entities_repositories_and_services.base.authority.Authority(35202161494041).permission]

2023-11-28T22:11:56.412-05:00 DEBUG 27472 --- [           main] org.hibernate.orm.sql.ast.tree           : SQL AST Tree:
    SelectStatement {
      FromClause {
        StandardTableGroup (a1 : com.cash_flow_app.apicashflow.entities_repositories_and_services.base.authority.Authority(35202161494041)) {
          primaryTableReference : authorities as a1_0
        }
      }
    }

2023-11-28T22:11:56.412-05:00 DEBUG 27472 --- [           main] o.h.e.i.AbstractFlushingEventListener    : Processing flush-time cascades
2023-11-28T22:11:56.412-05:00 DEBUG 27472 --- [           main] o.h.e.i.AbstractFlushingEventListener    : Dirty checking collections
2023-11-28T22:11:56.412-05:00 DEBUG 27472 --- [           main] o.h.e.i.AbstractFlushingEventListener    : Flushed: 0 insertions, 0 updates, 0 deletions to 2 objects
2023-11-28T22:11:56.412-05:00 DEBUG 27472 --- [           main] o.h.e.i.AbstractFlushingEventListener    : Flushed: 0 (re)creations, 0 updates, 0 removals to 0 collections
2023-11-28T22:11:56.412-05:00 DEBUG 27472 --- [           main] o.hibernate.internal.util.EntityPrinter  : Listing entities:
2023-11-28T22:11:56.412-05:00 DEBUG 27472 --- [           main] o.hibernate.internal.util.EntityPrinter  : com.cash_flow_app.apicashflow.entities_repositories_and_services.base.authority.Authority{endpoint=Account, permission=CREATE, id=9aaf7d40-45f6-4ab6-90a9-a23f4c1b5f2f}
2023-11-28T22:11:56.412-05:00 DEBUG 27472 --- [           main] o.hibernate.internal.util.EntityPrinter  : com.cash_flow_app.apicashflow.entities_repositories_and_services.base.authority.Authority{endpoint=Account, permission=READ, id=b14a62f4-d04f-422a-a2a3-1f80e2635352}
2023-11-28T22:11:56.412-05:00 DEBUG 27472 --- [           main] org.hibernate.orm.sql.exec               : Skipping reading Query result cache data: cache-enabled = false, cache-mode = NORMAL
2023-11-28T22:11:56.412-05:00 DEBUG 27472 --- [           main] org.hibernate.orm.results                : Initializer list
2023-11-28T22:11:56.412-05:00 DEBUG 27472 --- [           main] org.hibernate.orm.results                :     com.cash_flow_app.apicashflow.entities_repositories_and_services.base.authority.Authority(35202161494041) -> EntityResultInitializer(com.cash_flow_app.apicashflow.entities_repositories_and_services.base.authority.Authority(35202161494041))@1536513407 (SingleTableEntityPersister(com.cash_flow_app.apicashflow.entities_repositories_and_services.base.authority.Authority))
2023-11-28T22:11:56.412-05:00 DEBUG 27472 --- [           main] org.hibernate.SQL                        : 
    select
        a1_0.id,
        a1_0.endpoint,
        a1_0.permission 
    from
        authorities a1_0 
    where
        a1_0.permission=? 
        and a1_0.endpoint=?
2023-11-28T22:11:56.413-05:00 DEBUG 27472 --- [           main] org.hibernate.orm.results                : Extracted JDBC value [0] - [363894b3-8bdc-4764-ad13-d91f872e1a95]
2023-11-28T22:11:56.413-05:00 DEBUG 27472 --- [           main] o.hibernate.orm.results.loading.entity   : (EntityResultInitializer) Hydrated EntityKey (com.cash_flow_app.apicashflow.entities_repositories_and_services.base.authority.Authority(35202161494041)): 363894b3-8bdc-4764-ad13-d91f872e1a95
2023-11-28T22:11:56.413-05:00 DEBUG 27472 --- [           main] o.hibernate.orm.results.loading.entity   : (EntityResultInitializer) Created new entity instance [com.cash_flow_app.apicashflow.entities_repositories_and_services.base.authority.Authority(35202161494041)#363894b3-8bdc-4764-ad13-d91f872e1a95] : com.cash_flow_app.apicashflow.entities_repositories_and_services.base.authority.Authority@165348d0
2023-11-28T22:11:56.413-05:00 DEBUG 27472 --- [           main] org.hibernate.orm.results                : Extracted JDBC value [1] - [Account]
2023-11-28T22:11:56.413-05:00 DEBUG 27472 --- [           main] org.hibernate.orm.results                : Extracted JDBC value [2] - [DELETE]
2023-11-28T22:11:56.413-05:00 DEBUG 27472 --- [           main] o.hibernate.orm.results.loading.entity   : (EntityResultInitializer) Done materializing entityInstance : com.cash_flow_app.apicashflow.entities_repositories_and_services.base.authority.Authority(35202161494041)#363894b3-8bdc-4764-ad13-d91f872e1a95
2023-11-28T22:11:56.413-05:00 DEBUG 27472 --- [           main] org.hibernate.orm.results.loading        : Calling top-level assembler (0 / 1) : org.hibernate.sql.results.graph.entity.internal.EntityAssembler@679cd9c8
2023-11-28T22:11:56.414-05:00 DEBUG 27472 --- [           main] org.hibernate.orm.sql.ast.create         : Created new SQL alias : a1_0
2023-11-28T22:11:56.414-05:00 DEBUG 27472 --- [           main] org.hibernate.orm.sql.ast.create         : Registration of TableGroup [StandardTableGroup(com.cash_flow_app.apicashflow.entities_repositories_and_services.base.authority.Authority(35202161494041))] with identifierForTableGroup [com.cash_flow_app.apicashflow.entities_repositories_and_services.base.authority.Authority] for NavigablePath [com.cash_flow_app.apicashflow.entities_repositories_and_services.base.authority.Authority] 
2023-11-28T22:11:56.414-05:00 DEBUG 27472 --- [           main] o.h.q.sqm.sql.BaseSqmToSqlAstConverter   : Determining mapping-model type for SqmParameter : org.hibernate.query.sqm.tree.expression.SqmJpaCriteriaParameterWrapper@6a146acb
2023-11-28T22:11:56.414-05:00 DEBUG 27472 --- [           main] o.h.q.sqm.sql.BaseSqmToSqlAstConverter   : Determining mapping-model type for SqmPath : SqmBasicValuedSimplePath(com.cash_flow_app.apicashflow.entities_repositories_and_services.base.authority.Authority(35202161494041).permission) 
2023-11-28T22:11:56.414-05:00 DEBUG 27472 --- [           main] o.h.q.sqm.sql.BaseSqmToSqlAstConverter   : Determining mapping-model type for SqmParameter : org.hibernate.query.sqm.tree.expression.SqmJpaCriteriaParameterWrapper@5fcd665d
2023-11-28T22:11:56.414-05:00 DEBUG 27472 --- [           main] o.h.q.sqm.sql.BaseSqmToSqlAstConverter   : Determining mapping-model type for SqmPath : SqmBasicValuedSimplePath(com.cash_flow_app.apicashflow.entities_repositories_and_services.base.authority.Authority(35202161494041).endpoint) 
2023-11-28T22:11:56.414-05:00 DEBUG 27472 --- [           main] org.hibernate.orm.results.graph.AST      : DomainResult Graph:
 \-EntityResultImpl [com.cash_flow_app.apicashflow.entities_repositories_and_services.base.authority.Authority(35202161494041)]
 |  +-BasicFetch [com.cash_flow_app.apicashflow.entities_repositories_and_services.base.authority.Authority(35202161494041).endpoint]
 |  \-BasicFetch [com.cash_flow_app.apicashflow.entities_repositories_and_services.base.authority.Authority(35202161494041).permission]

2023-11-28T22:11:56.414-05:00 DEBUG 27472 --- [           main] org.hibernate.orm.sql.ast.tree           : SQL AST Tree:
    SelectStatement {
      FromClause {
        StandardTableGroup (a1 : com.cash_flow_app.apicashflow.entities_repositories_and_services.base.authority.Authority(35202161494041)) {
          primaryTableReference : authorities as a1_0
        }
      }
    }

2023-11-28T22:11:56.414-05:00 DEBUG 27472 --- [           main] o.h.e.i.AbstractFlushingEventListener    : Processing flush-time cascades
2023-11-28T22:11:56.414-05:00 DEBUG 27472 --- [           main] o.h.e.i.AbstractFlushingEventListener    : Dirty checking collections
2023-11-28T22:11:56.414-05:00 DEBUG 27472 --- [           main] o.h.e.i.AbstractFlushingEventListener    : Flushed: 0 insertions, 0 updates, 0 deletions to 3 objects
2023-11-28T22:11:56.414-05:00 DEBUG 27472 --- [           main] o.h.e.i.AbstractFlushingEventListener    : Flushed: 0 (re)creations, 0 updates, 0 removals to 0 collections
2023-11-28T22:11:56.414-05:00 DEBUG 27472 --- [           main] o.hibernate.internal.util.EntityPrinter  : Listing entities:
2023-11-28T22:11:56.414-05:00 DEBUG 27472 --- [           main] o.hibernate.internal.util.EntityPrinter  : com.cash_flow_app.apicashflow.entities_repositories_and_services.base.authority.Authority{endpoint=Account, permission=DELETE, id=363894b3-8bdc-4764-ad13-d91f872e1a95}
2023-11-28T22:11:56.414-05:00 DEBUG 27472 --- [           main] o.hibernate.internal.util.EntityPrinter  : com.cash_flow_app.apicashflow.entities_repositories_and_services.base.authority.Authority{endpoint=Account, permission=CREATE, id=9aaf7d40-45f6-4ab6-90a9-a23f4c1b5f2f}
2023-11-28T22:11:56.414-05:00 DEBUG 27472 --- [           main] o.hibernate.internal.util.EntityPrinter  : com.cash_flow_app.apicashflow.entities_repositories_and_services.base.authority.Authority{endpoint=Account, permission=READ, id=b14a62f4-d04f-422a-a2a3-1f80e2635352}
2023-11-28T22:11:56.414-05:00 DEBUG 27472 --- [           main] org.hibernate.orm.sql.exec               : Skipping reading Query result cache data: cache-enabled = false, cache-mode = NORMAL
2023-11-28T22:11:56.414-05:00 DEBUG 27472 --- [           main] org.hibernate.orm.results                : Initializer list
2023-11-28T22:11:56.414-05:00 DEBUG 27472 --- [           main] org.hibernate.orm.results                :     com.cash_flow_app.apicashflow.entities_repositories_and_services.base.authority.Authority(35202161494041) -> EntityResultInitializer(com.cash_flow_app.apicashflow.entities_repositories_and_services.base.authority.Authority(35202161494041))@801597836 (SingleTableEntityPersister(com.cash_flow_app.apicashflow.entities_repositories_and_services.base.authority.Authority))
2023-11-28T22:11:56.414-05:00 DEBUG 27472 --- [           main] org.hibernate.SQL                        : 
    select
        a1_0.id,
        a1_0.endpoint,
        a1_0.permission 
    from
        authorities a1_0 
    where
        a1_0.permission=? 
        and a1_0.endpoint=?
2023-11-28T22:11:56.415-05:00 DEBUG 27472 --- [           main] org.hibernate.orm.results                : Extracted JDBC value [0] - [f4f135be-a2b5-48d1-a9d0-2b14e82cc373]
2023-11-28T22:11:56.415-05:00 DEBUG 27472 --- [           main] o.hibernate.orm.results.loading.entity   : (EntityResultInitializer) Hydrated EntityKey (com.cash_flow_app.apicashflow.entities_repositories_and_services.base.authority.Authority(35202161494041)): f4f135be-a2b5-48d1-a9d0-2b14e82cc373
2023-11-28T22:11:56.415-05:00 DEBUG 27472 --- [           main] o.hibernate.orm.results.loading.entity   : (EntityResultInitializer) Created new entity instance [com.cash_flow_app.apicashflow.entities_repositories_and_services.base.authority.Authority(35202161494041)#f4f135be-a2b5-48d1-a9d0-2b14e82cc373] : com.cash_flow_app.apicashflow.entities_repositories_and_services.base.authority.Authority@4b2c1cbf
2023-11-28T22:11:56.415-05:00 DEBUG 27472 --- [           main] org.hibernate.orm.results                : Extracted JDBC value [1] - [User]
2023-11-28T22:11:56.415-05:00 DEBUG 27472 --- [           main] org.hibernate.orm.results                : Extracted JDBC value [2] - [CREATE]
2023-11-28T22:11:56.415-05:00 DEBUG 27472 --- [           main] o.hibernate.orm.results.loading.entity   : (EntityResultInitializer) Done materializing entityInstance : com.cash_flow_app.apicashflow.entities_repositories_and_services.base.authority.Authority(35202161494041)#f4f135be-a2b5-48d1-a9d0-2b14e82cc373
2023-11-28T22:11:56.415-05:00 DEBUG 27472 --- [           main] org.hibernate.orm.results.loading        : Calling top-level assembler (0 / 1) : org.hibernate.sql.results.graph.entity.internal.EntityAssembler@5f33875f
2023-11-28T22:11:56.415-05:00 DEBUG 27472 --- [           main] org.hibernate.orm.sql.ast.create         : Created new SQL alias : a1_0
2023-11-28T22:11:56.415-05:00 DEBUG 27472 --- [           main] org.hibernate.orm.sql.ast.create         : Registration of TableGroup [StandardTableGroup(com.cash_flow_app.apicashflow.entities_repositories_and_services.base.authority.Authority(35202161494041))] with identifierForTableGroup [com.cash_flow_app.apicashflow.entities_repositories_and_services.base.authority.Authority] for NavigablePath [com.cash_flow_app.apicashflow.entities_repositories_and_services.base.authority.Authority] 
2023-11-28T22:11:56.415-05:00 DEBUG 27472 --- [           main] o.h.q.sqm.sql.BaseSqmToSqlAstConverter   : Determining mapping-model type for SqmParameter : org.hibernate.query.sqm.tree.expression.SqmJpaCriteriaParameterWrapper@1613d1c
2023-11-28T22:11:56.415-05:00 DEBUG 27472 --- [           main] o.h.q.sqm.sql.BaseSqmToSqlAstConverter   : Determining mapping-model type for SqmPath : SqmBasicValuedSimplePath(com.cash_flow_app.apicashflow.entities_repositories_and_services.base.authority.Authority(35202161494041).permission) 
2023-11-28T22:11:56.416-05:00 DEBUG 27472 --- [           main] o.h.q.sqm.sql.BaseSqmToSqlAstConverter   : Determining mapping-model type for SqmParameter : org.hibernate.query.sqm.tree.expression.SqmJpaCriteriaParameterWrapper@2465e8be
2023-11-28T22:11:56.416-05:00 DEBUG 27472 --- [           main] o.h.q.sqm.sql.BaseSqmToSqlAstConverter   : Determining mapping-model type for SqmPath : SqmBasicValuedSimplePath(com.cash_flow_app.apicashflow.entities_repositories_and_services.base.authority.Authority(35202161494041).endpoint) 
2023-11-28T22:11:56.416-05:00 DEBUG 27472 --- [           main] org.hibernate.orm.results.graph.AST      : DomainResult Graph:
 \-EntityResultImpl [com.cash_flow_app.apicashflow.entities_repositories_and_services.base.authority.Authority(35202161494041)]
 |  +-BasicFetch [com.cash_flow_app.apicashflow.entities_repositories_and_services.base.authority.Authority(35202161494041).endpoint]
 |  \-BasicFetch [com.cash_flow_app.apicashflow.entities_repositories_and_services.base.authority.Authority(35202161494041).permission]

2023-11-28T22:11:56.416-05:00 DEBUG 27472 --- [           main] org.hibernate.orm.sql.ast.tree           : SQL AST Tree:
    SelectStatement {
      FromClause {
        StandardTableGroup (a1 : com.cash_flow_app.apicashflow.entities_repositories_and_services.base.authority.Authority(35202161494041)) {
          primaryTableReference : authorities as a1_0
        }
      }
    }

2023-11-28T22:11:56.416-05:00 DEBUG 27472 --- [           main] o.h.e.i.AbstractFlushingEventListener    : Processing flush-time cascades
2023-11-28T22:11:56.416-05:00 DEBUG 27472 --- [           main] o.h.e.i.AbstractFlushingEventListener    : Dirty checking collections
2023-11-28T22:11:56.416-05:00 DEBUG 27472 --- [           main] o.h.e.i.AbstractFlushingEventListener    : Flushed: 0 insertions, 0 updates, 0 deletions to 4 objects
2023-11-28T22:11:56.416-05:00 DEBUG 27472 --- [           main] o.h.e.i.AbstractFlushingEventListener    : Flushed: 0 (re)creations, 0 updates, 0 removals to 0 collections
2023-11-28T22:11:56.416-05:00 DEBUG 27472 --- [           main] o.hibernate.internal.util.EntityPrinter  : Listing entities:
2023-11-28T22:11:56.416-05:00 DEBUG 27472 --- [           main] o.hibernate.internal.util.EntityPrinter  : com.cash_flow_app.apicashflow.entities_repositories_and_services.base.authority.Authority{endpoint=User, permission=CREATE, id=f4f135be-a2b5-48d1-a9d0-2b14e82cc373}
2023-11-28T22:11:56.416-05:00 DEBUG 27472 --- [           main] o.hibernate.internal.util.EntityPrinter  : com.cash_flow_app.apicashflow.entities_repositories_and_services.base.authority.Authority{endpoint=Account, permission=DELETE, id=363894b3-8bdc-4764-ad13-d91f872e1a95}
2023-11-28T22:11:56.416-05:00 DEBUG 27472 --- [           main] o.hibernate.internal.util.EntityPrinter  : com.cash_flow_app.apicashflow.entities_repositories_and_services.base.authority.Authority{endpoint=Account, permission=CREATE, id=9aaf7d40-45f6-4ab6-90a9-a23f4c1b5f2f}
2023-11-28T22:11:56.416-05:00 DEBUG 27472 --- [           main] o.hibernate.internal.util.EntityPrinter  : com.cash_flow_app.apicashflow.entities_repositories_and_services.base.authority.Authority{endpoint=Account, permission=READ, id=b14a62f4-d04f-422a-a2a3-1f80e2635352}
2023-11-28T22:11:56.416-05:00 DEBUG 27472 --- [           main] org.hibernate.orm.sql.exec               : Skipping reading Query result cache data: cache-enabled = false, cache-mode = NORMAL
2023-11-28T22:11:56.416-05:00 DEBUG 27472 --- [           main] org.hibernate.orm.results                : Initializer list
2023-11-28T22:11:56.416-05:00 DEBUG 27472 --- [           main] org.hibernate.orm.results                :     com.cash_flow_app.apicashflow.entities_repositories_and_services.base.authority.Authority(35202161494041) -> EntityResultInitializer(com.cash_flow_app.apicashflow.entities_repositories_and_services.base.authority.Authority(35202161494041))@1332206542 (SingleTableEntityPersister(com.cash_flow_app.apicashflow.entities_repositories_and_services.base.authority.Authority))
2023-11-28T22:11:56.416-05:00 DEBUG 27472 --- [           main] org.hibernate.SQL                        : 
    select
        a1_0.id,
        a1_0.endpoint,
        a1_0.permission 
    from
        authorities a1_0 
    where
        a1_0.permission=? 
        and a1_0.endpoint=?
2023-11-28T22:11:56.416-05:00 DEBUG 27472 --- [           main] org.hibernate.orm.results                : Extracted JDBC value [0] - [35481739-2447-454f-8ec3-daf467bb2ae5]
2023-11-28T22:11:56.416-05:00 DEBUG 27472 --- [           main] o.hibernate.orm.results.loading.entity   : (EntityResultInitializer) Hydrated EntityKey (com.cash_flow_app.apicashflow.entities_repositories_and_services.base.authority.Authority(35202161494041)): 35481739-2447-454f-8ec3-daf467bb2ae5
2023-11-28T22:11:56.416-05:00 DEBUG 27472 --- [           main] o.hibernate.orm.results.loading.entity   : (EntityResultInitializer) Created new entity instance [com.cash_flow_app.apicashflow.entities_repositories_and_services.base.authority.Authority(35202161494041)#35481739-2447-454f-8ec3-daf467bb2ae5] : com.cash_flow_app.apicashflow.entities_repositories_and_services.base.authority.Authority@7c33252c
2023-11-28T22:11:56.416-05:00 DEBUG 27472 --- [           main] org.hibernate.orm.results                : Extracted JDBC value [1] - [User]
2023-11-28T22:11:56.416-05:00 DEBUG 27472 --- [           main] org.hibernate.orm.results                : Extracted JDBC value [2] - [READ]
2023-11-28T22:11:56.416-05:00 DEBUG 27472 --- [           main] o.hibernate.orm.results.loading.entity   : (EntityResultInitializer) Done materializing entityInstance : com.cash_flow_app.apicashflow.entities_repositories_and_services.base.authority.Authority(35202161494041)#35481739-2447-454f-8ec3-daf467bb2ae5
2023-11-28T22:11:56.417-05:00 DEBUG 27472 --- [           main] org.hibernate.orm.results.loading        : Calling top-level assembler (0 / 1) : org.hibernate.sql.results.graph.entity.internal.EntityAssembler@d7b38cf
2023-11-28T22:11:56.493-05:00 DEBUG 27472 --- [           main] o.s.orm.jpa.JpaTransactionManager        : Found thread-bound EntityManager [SessionImpl(2029572460<open>)] for JPA transaction
2023-11-28T22:11:56.493-05:00 DEBUG 27472 --- [           main] o.s.orm.jpa.JpaTransactionManager        : Participating in existing transaction
2023-11-28T22:11:56.494-05:00 DEBUG 27472 --- [           main] o.h.j.internal.PersistenceUnitUtilImpl   : jakarta.persistence.PersistenceUnitUtil.getIdentifier is only intended to work with enhanced entities (although Hibernate also adapts this support to its proxies); however the passed entity was not enhanced (nor a proxy).. may not be able to read identifier
2023-11-28T22:11:56.494-05:00 DEBUG 27472 --- [           main] o.h.e.i.AbstractSaveEventListener        : Generated identifier: 4fc05fd3-cbab-4688-bf61-2855e1869127, using strategy: org.hibernate.id.UUIDGenerator
2023-11-28T22:11:56.495-05:00 DEBUG 27472 --- [           main] o.s.w.s.m.m.a.HttpEntityMethodProcessor  : Using 'application/json', given [*/*] and supported [application/json, application/*+json]
2023-11-28T22:11:56.495-05:00 DEBUG 27472 --- [           main] o.s.w.s.m.m.a.HttpEntityMethodProcessor  : Writing [UserResponseDto(username=usuario_test, password=null, token_auth=eyJhbGciOiJIUzUxMiJ9.eyJzdWIiOiJ1c3 (truncated)...]
2023-11-28T22:11:56.495-05:00 DEBUG 27472 --- [           main] o.s.t.web.servlet.TestDispatcherServlet  : Completed 200 OK
2023-11-28T22:11:56.495-05:00 DEBUG 27472 --- [           main] o.s.test.util.ReflectionTestUtils        : Invoking method 'getFilters' on target object [FilterChainProxy[Filter Chains: [DefaultSecurityFilterChain [RequestMatcher=any request, Filters=[org.springframework.security.web.session.DisableEncodeUrlFilter@120e3ebb, org.springframework.security.web.session.ForceEagerSessionCreationFilter@753f1c3e, org.springframework.security.web.context.request.async.WebAsyncManagerIntegrationFilter@5e9af5d4, org.springframework.security.web.context.SecurityContextHolderFilter@1d18e5ad, org.springframework.security.web.header.HeaderWriterFilter@73b68d98, org.springframework.web.filter.CorsFilter@7863e6b2, org.springframework.security.web.authentication.logout.LogoutFilter@1e5a8278, JWTAuthorizationFilter(loginService=com.cash_flow_app.apicashflow.entities_repositories_and_services.base.security.LoginService@508b9c16), com.cash_flow_app.apicashflow.entities_repositories_and_services.base.security.JWTAuthenticationFilter@6fd2b939, org.springframework.security.web.savedrequest.RequestCacheAwareFilter@11def039, org.springframework.security.web.servletapi.SecurityContextHolderAwareRequestFilter@564375d7, org.springframework.security.web.authentication.AnonymousAuthenticationFilter@c4aa99e, org.springframework.security.web.session.SessionManagementFilter@69af6978, org.springframework.security.web.access.ExceptionTranslationFilter@4469046b, org.springframework.security.web.access.intercept.AuthorizationFilter@588d2e90]]]]] or target class [null] with arguments {org.springframework.mock.web.MockHttpServletRequest@9a38c90}
2023-11-28T22:11:56.495-05:00 DEBUG 27472 --- [           main] o.s.test.util.ReflectionTestUtils        : Invoking method 'getFilters' on target object [FilterChainProxy[Filter Chains: [DefaultSecurityFilterChain [RequestMatcher=any request, Filters=[org.springframework.security.web.session.DisableEncodeUrlFilter@120e3ebb, org.springframework.security.web.session.ForceEagerSessionCreationFilter@753f1c3e, org.springframework.security.web.context.request.async.WebAsyncManagerIntegrationFilter@5e9af5d4, org.springframework.security.web.context.SecurityContextHolderFilter@1d18e5ad, org.springframework.security.web.header.HeaderWriterFilter@73b68d98, org.springframework.web.filter.CorsFilter@7863e6b2, org.springframework.security.web.authentication.logout.LogoutFilter@1e5a8278, JWTAuthorizationFilter(loginService=com.cash_flow_app.apicashflow.entities_repositories_and_services.base.security.LoginService@508b9c16), com.cash_flow_app.apicashflow.entities_repositories_and_services.base.security.JWTAuthenticationFilter@6fd2b939, org.springframework.security.web.savedrequest.RequestCacheAwareFilter@11def039, org.springframework.security.web.servletapi.SecurityContextHolderAwareRequestFilter@564375d7, org.springframework.security.web.authentication.AnonymousAuthenticationFilter@c4aa99e, org.springframework.security.web.session.SessionManagementFilter@69af6978, org.springframework.security.web.access.ExceptionTranslationFilter@4469046b, org.springframework.security.web.access.intercept.AuthorizationFilter@588d2e90]]]]] or target class [null] with arguments {org.springframework.mock.web.MockHttpServletRequest@9a38c90}
2023-11-28T22:11:56.496-05:00 DEBUG 27472 --- [           main] o.s.test.util.ReflectionTestUtils        : Invoking method 'getFilters' on target object [FilterChainProxy[Filter Chains: [DefaultSecurityFilterChain [RequestMatcher=any request, Filters=[org.springframework.security.web.session.DisableEncodeUrlFilter@120e3ebb, org.springframework.security.web.session.ForceEagerSessionCreationFilter@753f1c3e, org.springframework.security.web.context.request.async.WebAsyncManagerIntegrationFilter@5e9af5d4, org.springframework.security.web.context.SecurityContextHolderFilter@1d18e5ad, org.springframework.security.web.header.HeaderWriterFilter@73b68d98, org.springframework.web.filter.CorsFilter@7863e6b2, org.springframework.security.web.authentication.logout.LogoutFilter@1e5a8278, JWTAuthorizationFilter(loginService=com.cash_flow_app.apicashflow.entities_repositories_and_services.base.security.LoginService@508b9c16), com.cash_flow_app.apicashflow.entities_repositories_and_services.base.security.JWTAuthenticationFilter@6fd2b939, org.springframework.security.web.savedrequest.RequestCacheAwareFilter@11def039, org.springframework.security.web.servletapi.SecurityContextHolderAwareRequestFilter@564375d7, org.springframework.security.web.authentication.AnonymousAuthenticationFilter@c4aa99e, org.springframework.security.web.session.SessionManagementFilter@69af6978, org.springframework.security.web.access.ExceptionTranslationFilter@4469046b, org.springframework.security.web.access.intercept.AuthorizationFilter@588d2e90]]]]] or target class [null] with arguments {org.springframework.mock.web.MockHttpServletRequest@9a38c90}
2023-11-28T22:11:56.496-05:00 DEBUG 27472 --- [           main] o.s.security.web.FilterChainProxy        : Securing POST /api/v1/user/login
2023-11-28T22:11:56.496-05:00 DEBUG 27472 --- [           main] .s.s.w.s.ForceEagerSessionCreationFilter : Created session eagerly
2023-11-28T22:11:56.497-05:00 DEBUG 27472 --- [           main] org.hibernate.orm.sql.ast.create         : Created new SQL alias : u1_0
2023-11-28T22:11:56.497-05:00 DEBUG 27472 --- [           main] org.hibernate.orm.sql.ast.create         : Registration of TableGroup [StandardTableGroup(com.cash_flow_app.apicashflow.entities_repositories_and_services.base.user.User(35202153502500))] with identifierForTableGroup [com.cash_flow_app.apicashflow.entities_repositories_and_services.base.user.User] for NavigablePath [com.cash_flow_app.apicashflow.entities_repositories_and_services.base.user.User] 
2023-11-28T22:11:56.497-05:00 DEBUG 27472 --- [           main] o.h.q.sqm.sql.BaseSqmToSqlAstConverter   : Determining mapping-model type for SqmParameter : org.hibernate.query.sqm.tree.expression.SqmJpaCriteriaParameterWrapper@245a06f4
2023-11-28T22:11:56.497-05:00 DEBUG 27472 --- [           main] o.h.q.sqm.sql.BaseSqmToSqlAstConverter   : Determining mapping-model type for SqmPath : SqmBasicValuedSimplePath(com.cash_flow_app.apicashflow.entities_repositories_and_services.base.user.User(35202153502500).username) 
2023-11-28T22:11:56.497-05:00 DEBUG 27472 --- [           main] org.hibernate.orm.results.graph.AST      : DomainResult Graph:
 \-EntityResultImpl [com.cash_flow_app.apicashflow.entities_repositories_and_services.base.user.User(35202153502500)]
 |  +-SelectEagerCollectionFetch [com.cash_flow_app.apicashflow.entities_repositories_and_services.base.user.User(35202153502500).accounts]
 |  +-SelectEagerCollectionFetch [com.cash_flow_app.apicashflow.entities_repositories_and_services.base.user.User(35202153502500).authorities]
 |  +-BasicFetch [com.cash_flow_app.apicashflow.entities_repositories_and_services.base.user.User(35202153502500).password]
 |  \-BasicFetch [com.cash_flow_app.apicashflow.entities_repositories_and_services.base.user.User(35202153502500).username]

2023-11-28T22:11:56.497-05:00 DEBUG 27472 --- [           main] org.hibernate.orm.sql.ast.tree           : SQL AST Tree:
    SelectStatement {
      FromClause {
        StandardTableGroup (u1 : com.cash_flow_app.apicashflow.entities_repositories_and_services.base.user.User(35202153502500)) {
          primaryTableReference : users as u1_0
        }
      }
    }

2023-11-28T22:11:56.497-05:00 DEBUG 27472 --- [           main] o.h.e.i.AbstractFlushingEventListener    : Processing flush-time cascades
2023-11-28T22:11:56.497-05:00 DEBUG 27472 --- [           main] o.h.e.i.AbstractFlushingEventListener    : Dirty checking collections
2023-11-28T22:11:56.497-05:00 DEBUG 27472 --- [           main] o.hibernate.engine.internal.Collections  : Collection found: [com.cash_flow_app.apicashflow.entities_repositories_and_services.base.user.User.authorities#4fc05fd3-cbab-4688-bf61-2855e1869127], was: [<unreferenced>] (initialized)
2023-11-28T22:11:56.497-05:00 DEBUG 27472 --- [           main] o.h.e.i.AbstractFlushingEventListener    : Flushed: 1 insertions, 0 updates, 0 deletions to 6 objects
2023-11-28T22:11:56.497-05:00 DEBUG 27472 --- [           main] o.h.e.i.AbstractFlushingEventListener    : Flushed: 1 (re)creations, 0 updates, 0 removals to 1 collections
2023-11-28T22:11:56.497-05:00 DEBUG 27472 --- [           main] o.hibernate.internal.util.EntityPrinter  : Listing entities:
2023-11-28T22:11:56.497-05:00 DEBUG 27472 --- [           main] o.hibernate.internal.util.EntityPrinter  : com.cash_flow_app.apicashflow.entities_repositories_and_services.base.authority.Authority{endpoint=User, permission=CREATE, id=f4f135be-a2b5-48d1-a9d0-2b14e82cc373}
2023-11-28T22:11:56.497-05:00 DEBUG 27472 --- [           main] o.hibernate.internal.util.EntityPrinter  : com.cash_flow_app.apicashflow.entities_repositories_and_services.base.authority.Authority{endpoint=User, permission=READ, id=35481739-2447-454f-8ec3-daf467bb2ae5}
2023-11-28T22:11:56.497-05:00 DEBUG 27472 --- [           main] o.hibernate.internal.util.EntityPrinter  : com.cash_flow_app.apicashflow.entities_repositories_and_services.base.authority.Authority{endpoint=Account, permission=DELETE, id=363894b3-8bdc-4764-ad13-d91f872e1a95}
2023-11-28T22:11:56.497-05:00 DEBUG 27472 --- [           main] o.hibernate.internal.util.EntityPrinter  : com.cash_flow_app.apicashflow.entities_repositories_and_services.base.authority.Authority{endpoint=Account, permission=CREATE, id=9aaf7d40-45f6-4ab6-90a9-a23f4c1b5f2f}
2023-11-28T22:11:56.497-05:00 DEBUG 27472 --- [           main] o.hibernate.internal.util.EntityPrinter  : com.cash_flow_app.apicashflow.entities_repositories_and_services.base.authority.Authority{endpoint=Account, permission=READ, id=b14a62f4-d04f-422a-a2a3-1f80e2635352}
2023-11-28T22:11:56.497-05:00 DEBUG 27472 --- [           main] o.hibernate.internal.util.EntityPrinter  : com.cash_flow_app.apicashflow.entities_repositories_and_services.base.user.User{password=$2a$10$TOePUMmIuTXnHuWfZReRheOxLoBBqcwBI7aOj2bUhRGPtLlq8FE2a, id=4fc05fd3-cbab-4688-bf61-2855e1869127, accounts=null, authorities=[com.cash_flow_app.apicashflow.entities_repositories_and_services.base.authority.Authority#9aaf7d40-45f6-4ab6-90a9-a23f4c1b5f2f, com.cash_flow_app.apicashflow.entities_repositories_and_services.base.authority.Authority#b14a62f4-d04f-422a-a2a3-1f80e2635352, com.cash_flow_app.apicashflow.entities_repositories_and_services.base.authority.Authority#363894b3-8bdc-4764-ad13-d91f872e1a95, com.cash_flow_app.apicashflow.entities_repositories_and_services.base.authority.Authority#f4f135be-a2b5-48d1-a9d0-2b14e82cc373, com.cash_flow_app.apicashflow.entities_repositories_and_services.base.authority.Authority#35481739-2447-454f-8ec3-daf467bb2ae5], username=usuario_test}
2023-11-28T22:11:56.497-05:00 DEBUG 27472 --- [           main] org.hibernate.engine.spi.ActionQueue     : Changes must be flushed to space: users
2023-11-28T22:11:56.497-05:00 DEBUG 27472 --- [           main] org.hibernate.SQL                        : 
    insert 
    into
        users
        (password, username, id) 
    values
        (?, ?, ?)
2023-11-28T22:11:56.498-05:00 DEBUG 27472 --- [           main] o.h.p.c.AbstractCollectionPersister      : Inserting collection: [com.cash_flow_app.apicashflow.entities_repositories_and_services.base.user.User.authorities#4fc05fd3-cbab-4688-bf61-2855e1869127]
2023-11-28T22:11:56.498-05:00 DEBUG 27472 --- [           main] org.hibernate.SQL                        : 
    insert 
    into
        user_authority
        (user_id, authority_id) 
    values
        (?, ?)
2023-11-28T22:11:56.498-05:00 DEBUG 27472 --- [           main] org.hibernate.SQL                        : 
    insert 
    into
        user_authority
        (user_id, authority_id) 
    values
        (?, ?)
2023-11-28T22:11:56.499-05:00 DEBUG 27472 --- [           main] org.hibernate.SQL                        : 
    insert 
    into
        user_authority
        (user_id, authority_id) 
    values
        (?, ?)
2023-11-28T22:11:56.499-05:00 DEBUG 27472 --- [           main] org.hibernate.SQL                        : 
    insert 
    into
        user_authority
        (user_id, authority_id) 
    values
        (?, ?)
2023-11-28T22:11:56.500-05:00 DEBUG 27472 --- [           main] org.hibernate.SQL                        : 
    insert 
    into
        user_authority
        (user_id, authority_id) 
    values
        (?, ?)
2023-11-28T22:11:56.500-05:00 DEBUG 27472 --- [           main] o.h.p.c.AbstractCollectionPersister      : Done inserting collection: 5 rows inserted
2023-11-28T22:11:56.500-05:00 DEBUG 27472 --- [           main] org.hibernate.orm.sql.exec               : Skipping reading Query result cache data: cache-enabled = false, cache-mode = NORMAL
2023-11-28T22:11:56.500-05:00 DEBUG 27472 --- [           main] org.hibernate.orm.results                : Initializer list
2023-11-28T22:11:56.500-05:00 DEBUG 27472 --- [           main] org.hibernate.orm.results                :     com.cash_flow_app.apicashflow.entities_repositories_and_services.base.user.User(35202153502500).accounts -> SelectEagerCollectionInitializer(com.cash_flow_app.apicashflow.entities_repositories_and_services.base.user.User(35202153502500).accounts)@1987242591 (PluralAttribute(com.cash_flow_app.apicashflow.entities_repositories_and_services.base.user.User.accounts))
2023-11-28T22:11:56.500-05:00 DEBUG 27472 --- [           main] org.hibernate.orm.results                :     com.cash_flow_app.apicashflow.entities_repositories_and_services.base.user.User(35202153502500).authorities -> SelectEagerCollectionInitializer(com.cash_flow_app.apicashflow.entities_repositories_and_services.base.user.User(35202153502500).authorities)@1795760930 (PluralAttribute(com.cash_flow_app.apicashflow.entities_repositories_and_services.base.user.User.authorities))
2023-11-28T22:11:56.500-05:00 DEBUG 27472 --- [           main] org.hibernate.orm.results                :     com.cash_flow_app.apicashflow.entities_repositories_and_services.base.user.User(35202153502500) -> EntityResultInitializer(com.cash_flow_app.apicashflow.entities_repositories_and_services.base.user.User(35202153502500))@583910264 (SingleTableEntityPersister(com.cash_flow_app.apicashflow.entities_repositories_and_services.base.user.User))
2023-11-28T22:11:56.500-05:00 DEBUG 27472 --- [           main] org.hibernate.SQL                        : 
    select
        u1_0.id,
        u1_0.password,
        u1_0.username 
    from
        users u1_0 
    where
        u1_0.username=?
2023-11-28T22:11:56.501-05:00 DEBUG 27472 --- [           main] org.hibernate.orm.results                : Extracted JDBC value [0] - [4fc05fd3-cbab-4688-bf61-2855e1869127]
2023-11-28T22:11:56.501-05:00 DEBUG 27472 --- [           main] o.hibernate.orm.results.loading.entity   : (EntityResultInitializer) Hydrated EntityKey (com.cash_flow_app.apicashflow.entities_repositories_and_services.base.user.User(35202153502500)): 4fc05fd3-cbab-4688-bf61-2855e1869127
2023-11-28T22:11:56.501-05:00 DEBUG 27472 --- [           main] o.h.o.r.l.o.h.o.r.loading.collection     : (DelayedCollectionInitializer) Current row collection key : com.cash_flow_app.apicashflow.entities_repositories_and_services.base.user.User(35202153502500).accounts#4fc05fd3-cbab-4688-bf61-2855e1869127
2023-11-28T22:11:56.501-05:00 DEBUG 27472 --- [           main] o.h.o.r.l.o.h.o.r.loading.collection     : (DelayedCollectionInitializer) Current row collection key : com.cash_flow_app.apicashflow.entities_repositories_and_services.base.user.User(35202153502500).authorities#4fc05fd3-cbab-4688-bf61-2855e1869127
2023-11-28T22:11:56.501-05:00 DEBUG 27472 --- [           main] org.hibernate.orm.results.loading        : Calling top-level assembler (0 / 1) : org.hibernate.sql.results.graph.entity.internal.EntityAssembler@56d70e0d
2023-11-28T22:11:56.501-05:00 DEBUG 27472 --- [           main] org.hibernate.orm.results.graph.AST      : DomainResult Graph:
 \-CollectionDomainResult [com.cash_flow_app.apicashflow.entities_repositories_and_services.base.user.User.accounts]

2023-11-28T22:11:56.501-05:00 DEBUG 27472 --- [           main] org.hibernate.orm.sql.ast.tree           : SQL AST Tree:
    SelectStatement {
      FromClause {
        CollectionTableGroup (a1 : com.cash_flow_app.apicashflow.entities_repositories_and_services.base.user.User.accounts) {
          primaryTableReference : user_account as a1_0
          NestedTableGroupJoins {
             join LazyTableGroup (a1 : com.cash_flow_app.apicashflow.entities_repositories_and_services.base.user.User.accounts.{element}) {
              primaryTableReference : accounts as a1_1
            }
          }
        }
      }
    }

2023-11-28T22:11:56.501-05:00 DEBUG 27472 --- [           main] org.hibernate.orm.sql.exec               : Skipping reading Query result cache data: cache-enabled = false, cache-mode = IGNORE
2023-11-28T22:11:56.501-05:00 DEBUG 27472 --- [           main] org.hibernate.orm.results                : Initializer list
2023-11-28T22:11:56.501-05:00 DEBUG 27472 --- [           main] org.hibernate.orm.results                :     com.cash_flow_app.apicashflow.entities_repositories_and_services.base.user.User.accounts.{element}.incomes_expenses -> SelectEagerCollectionInitializer(com.cash_flow_app.apicashflow.entities_repositories_and_services.base.user.User.accounts.{element}.incomes_expenses)@2045549953 (PluralAttribute(com.cash_flow_app.apicashflow.entities_repositories_and_services.base.account.Account.incomes_expenses))
2023-11-28T22:11:56.501-05:00 DEBUG 27472 --- [           main] org.hibernate.orm.results                :     com.cash_flow_app.apicashflow.entities_repositories_and_services.base.user.User.accounts.{element}.users -> SelectEagerCollectionInitializer(com.cash_flow_app.apicashflow.entities_repositories_and_services.base.user.User.accounts.{element}.users)@1043691753 (PluralAttribute(com.cash_flow_app.apicashflow.entities_repositories_and_services.base.account.Account.users))
2023-11-28T22:11:56.501-05:00 DEBUG 27472 --- [           main] org.hibernate.orm.results                :     com.cash_flow_app.apicashflow.entities_repositories_and_services.base.user.User.accounts.{element} -> EntityJoinedFetchInitializer(com.cash_flow_app.apicashflow.entities_repositories_and_services.base.user.User.accounts.{element})@1254998832 (EntityCollectionPart(NavigableRole[com.cash_flow_app.apicashflow.entities_repositories_and_services.base.user.User.accounts#{element}])@624685600)
2023-11-28T22:11:56.501-05:00 DEBUG 27472 --- [           main] org.hibernate.orm.results                :     com.cash_flow_app.apicashflow.entities_repositories_and_services.base.user.User.accounts -> BagInitializer(com.cash_flow_app.apicashflow.entities_repositories_and_services.base.user.User.accounts)@612637442 (PluralAttribute(com.cash_flow_app.apicashflow.entities_repositories_and_services.base.user.User.accounts))
2023-11-28T22:11:56.501-05:00 DEBUG 27472 --- [           main] org.hibernate.SQL                        : 
    select
        a1_0.user_id,
        a1_1.id,
        a1_1.description 
    from
        user_account a1_0 
    join
        accounts a1_1 
            on a1_1.id=a1_0.account_id 
    where
        a1_0.user_id=?
2023-11-28T22:11:56.501-05:00 DEBUG 27472 --- [           main] o.h.sql.results.internal.ResultsHelper   : Collection fully initialized: [com.cash_flow_app.apicashflow.entities_repositories_and_services.base.user.User.accounts#4fc05fd3-cbab-4688-bf61-2855e1869127]
2023-11-28T22:11:56.576-05:00 DEBUG 27472 --- [           main] o.s.s.a.dao.DaoAuthenticationProvider    : Authenticated user

MockHttpServletRequest:
      HTTP Method = POST
      Request URI = /api/v1/user/login
       Parameters = {_csrf=[J7s2mZXvfUn5J8E12a2V-mEr4YcrpkUHqhNlx8VS6if81eNlFIhQ_6DcH3rUFvRR74ChyVRJzOVJwHIqm3FT8qAzjhCf4oJT]}
          Headers = [Content-Type:"application/json;charset=UTF-8", Content-Length:"52"]
             Body = { "username": "usuario_test", "password": "123456" }
    Session Attrs = {}

Handler:
             Type = null

Async:
    Async started = false
     Async result = null

Resolved Exception:
             Type = null

ModelAndView:
        View name = null
             View = null
            Model = null

FlashMap:
       Attributes = null

MockHttpServletResponse:
           Status = 200
    Error message = null
          Headers = [Vary:"Origin", "Access-Control-Request-Method", "Access-Control-Request-Headers", Authorization:"Bearer eyJhbGciOiJIUzUxMiJ9.eyJzdWIiOiJ1c3VhcmlvX3Rlc3QiLCJleHAiOjE3MDM4MTk1MTZ9.l6DN9L0InVbUiu8VUQUEZBevB0d6b6zYwWzlFbQsUInKKLgH5z3DE_okrlRNDrVFkHJD_tYqVFtk1Jd1GUv4mQ", Access-Control-Expose-Headers:"Authorization", X-Content-Type-Options:"nosniff", X-XSS-Protection:"0", Cache-Control:"no-cache, no-store, max-age=0, must-revalidate", Pragma:"no-cache", Expires:"0", X-Frame-Options:"DENY"]
     Content type = null
             Body = 
    Forwarded URL = null
   Redirected URL = null
          Cookies = []
2023-11-28T22:11:56.578-05:00 DEBUG 27472 --- [           main] org.springframework.test.context.cache   : Spring test ApplicationContext cache statistics: [DefaultContextCache@8caffbd size = 3, maxSize = 32, parentContextCount = 0, hitCount = 233, missCount = 3]
2023-11-28T22:11:56.580-05:00 DEBUG 27472 --- [           main] o.s.test.util.ReflectionTestUtils        : Invoking method 'getFilters' on target object [FilterChainProxy[Filter Chains: [DefaultSecurityFilterChain [RequestMatcher=any request, Filters=[org.springframework.security.web.session.DisableEncodeUrlFilter@120e3ebb, org.springframework.security.web.session.ForceEagerSessionCreationFilter@753f1c3e, org.springframework.security.web.context.request.async.WebAsyncManagerIntegrationFilter@5e9af5d4, org.springframework.security.web.context.SecurityContextHolderFilter@1d18e5ad, org.springframework.security.web.header.HeaderWriterFilter@73b68d98, org.springframework.web.filter.CorsFilter@7863e6b2, org.springframework.security.web.authentication.logout.LogoutFilter@1e5a8278, JWTAuthorizationFilter(loginService=com.cash_flow_app.apicashflow.entities_repositories_and_services.base.security.LoginService@508b9c16), com.cash_flow_app.apicashflow.entities_repositories_and_services.base.security.JWTAuthenticationFilter@6fd2b939, org.springframework.security.web.savedrequest.RequestCacheAwareFilter@11def039, org.springframework.security.web.servletapi.SecurityContextHolderAwareRequestFilter@564375d7, org.springframework.security.web.authentication.AnonymousAuthenticationFilter@c4aa99e, org.springframework.security.web.session.SessionManagementFilter@69af6978, org.springframework.security.web.access.ExceptionTranslationFilter@4469046b, org.springframework.security.web.access.intercept.AuthorizationFilter@588d2e90]]]]] or target class [null] with arguments {org.springframework.mock.web.MockHttpServletRequest@48a7902f}
2023-11-28T22:11:56.580-05:00 DEBUG 27472 --- [           main] o.s.test.util.ReflectionTestUtils        : Invoking method 'getFilters' on target object [FilterChainProxy[Filter Chains: [DefaultSecurityFilterChain [RequestMatcher=any request, Filters=[org.springframework.security.web.session.DisableEncodeUrlFilter@120e3ebb, org.springframework.security.web.session.ForceEagerSessionCreationFilter@753f1c3e, org.springframework.security.web.context.request.async.WebAsyncManagerIntegrationFilter@5e9af5d4, org.springframework.security.web.context.SecurityContextHolderFilter@1d18e5ad, org.springframework.security.web.header.HeaderWriterFilter@73b68d98, org.springframework.web.filter.CorsFilter@7863e6b2, org.springframework.security.web.authentication.logout.LogoutFilter@1e5a8278, JWTAuthorizationFilter(loginService=com.cash_flow_app.apicashflow.entities_repositories_and_services.base.security.LoginService@508b9c16), com.cash_flow_app.apicashflow.entities_repositories_and_services.base.security.JWTAuthenticationFilter@6fd2b939, org.springframework.security.web.savedrequest.RequestCacheAwareFilter@11def039, org.springframework.security.web.servletapi.SecurityContextHolderAwareRequestFilter@564375d7, org.springframework.security.web.authentication.AnonymousAuthenticationFilter@c4aa99e, org.springframework.security.web.session.SessionManagementFilter@69af6978, org.springframework.security.web.access.ExceptionTranslationFilter@4469046b, org.springframework.security.web.access.intercept.AuthorizationFilter@588d2e90]]]]] or target class [null] with arguments {org.springframework.mock.web.MockHttpServletRequest@48a7902f}
2023-11-28T22:11:56.580-05:00 DEBUG 27472 --- [           main] o.s.test.util.ReflectionTestUtils        : Invoking method 'getFilters' on target object [FilterChainProxy[Filter Chains: [DefaultSecurityFilterChain [RequestMatcher=any request, Filters=[org.springframework.security.web.session.DisableEncodeUrlFilter@120e3ebb, org.springframework.security.web.session.ForceEagerSessionCreationFilter@753f1c3e, org.springframework.security.web.context.request.async.WebAsyncManagerIntegrationFilter@5e9af5d4, org.springframework.security.web.context.SecurityContextHolderFilter@1d18e5ad, org.springframework.security.web.header.HeaderWriterFilter@73b68d98, org.springframework.web.filter.CorsFilter@7863e6b2, org.springframework.security.web.authentication.logout.LogoutFilter@1e5a8278, JWTAuthorizationFilter(loginService=com.cash_flow_app.apicashflow.entities_repositories_and_services.base.security.LoginService@508b9c16), com.cash_flow_app.apicashflow.entities_repositories_and_services.base.security.JWTAuthenticationFilter@6fd2b939, org.springframework.security.web.savedrequest.RequestCacheAwareFilter@11def039, org.springframework.security.web.servletapi.SecurityContextHolderAwareRequestFilter@564375d7, org.springframework.security.web.authentication.AnonymousAuthenticationFilter@c4aa99e, org.springframework.security.web.session.SessionManagementFilter@69af6978, org.springframework.security.web.access.ExceptionTranslationFilter@4469046b, org.springframework.security.web.access.intercept.AuthorizationFilter@588d2e90]]]]] or target class [null] with arguments {org.springframework.mock.web.MockHttpServletRequest@48a7902f}
2023-11-28T22:11:56.580-05:00 DEBUG 27472 --- [           main] o.s.security.web.FilterChainProxy        : Securing POST /api/v1/account/create
2023-11-28T22:11:56.580-05:00 DEBUG 27472 --- [           main] .s.s.w.s.ForceEagerSessionCreationFilter : Created session eagerly
2023-11-28T22:11:56.581-05:00 DEBUG 27472 --- [           main] org.hibernate.orm.sql.ast.create         : Created new SQL alias : u1_0
2023-11-28T22:11:56.581-05:00 DEBUG 27472 --- [           main] org.hibernate.orm.sql.ast.create         : Registration of TableGroup [StandardTableGroup(com.cash_flow_app.apicashflow.entities_repositories_and_services.base.user.User(35202153502500))] with identifierForTableGroup [com.cash_flow_app.apicashflow.entities_repositories_and_services.base.user.User] for NavigablePath [com.cash_flow_app.apicashflow.entities_repositories_and_services.base.user.User] 
2023-11-28T22:11:56.581-05:00 DEBUG 27472 --- [           main] o.h.q.sqm.sql.BaseSqmToSqlAstConverter   : Determining mapping-model type for SqmParameter : org.hibernate.query.sqm.tree.expression.SqmJpaCriteriaParameterWrapper@7150439c
2023-11-28T22:11:56.581-05:00 DEBUG 27472 --- [           main] o.h.q.sqm.sql.BaseSqmToSqlAstConverter   : Determining mapping-model type for SqmPath : SqmBasicValuedSimplePath(com.cash_flow_app.apicashflow.entities_repositories_and_services.base.user.User(35202153502500).username) 
2023-11-28T22:11:56.581-05:00 DEBUG 27472 --- [           main] org.hibernate.orm.results.graph.AST      : DomainResult Graph:
 \-EntityResultImpl [com.cash_flow_app.apicashflow.entities_repositories_and_services.base.user.User(35202153502500)]
 |  +-SelectEagerCollectionFetch [com.cash_flow_app.apicashflow.entities_repositories_and_services.base.user.User(35202153502500).accounts]
 |  +-SelectEagerCollectionFetch [com.cash_flow_app.apicashflow.entities_repositories_and_services.base.user.User(35202153502500).authorities]
 |  +-BasicFetch [com.cash_flow_app.apicashflow.entities_repositories_and_services.base.user.User(35202153502500).password]
 |  \-BasicFetch [com.cash_flow_app.apicashflow.entities_repositories_and_services.base.user.User(35202153502500).username]

2023-11-28T22:11:56.581-05:00 DEBUG 27472 --- [           main] org.hibernate.orm.sql.ast.tree           : SQL AST Tree:
    SelectStatement {
      FromClause {
        StandardTableGroup (u1 : com.cash_flow_app.apicashflow.entities_repositories_and_services.base.user.User(35202153502500)) {
          primaryTableReference : users as u1_0
        }
      }
    }

2023-11-28T22:11:56.581-05:00 DEBUG 27472 --- [           main] o.h.e.i.AbstractFlushingEventListener    : Processing flush-time cascades
2023-11-28T22:11:56.581-05:00 DEBUG 27472 --- [           main] o.h.e.i.AbstractFlushingEventListener    : Dirty checking collections
2023-11-28T22:11:56.582-05:00 DEBUG 27472 --- [           main] o.hibernate.engine.internal.Collections  : Collection found: [com.cash_flow_app.apicashflow.entities_repositories_and_services.base.user.User.authorities#4fc05fd3-cbab-4688-bf61-2855e1869127], was: [com.cash_flow_app.apicashflow.entities_repositories_and_services.base.user.User.authorities#4fc05fd3-cbab-4688-bf61-2855e1869127] (initialized)
[...]
	at org.springframework.mock.web.MockFilterChain.doFilter(MockFilterChain.java:132) ~[spring-test-6.0.8.jar:6.0.8]
	at org.springframework.web.filter.RequestContextFilter.doFilterInternal(RequestContextFilter.java:100) ~[spring-web-6.0.8.jar:6.0.8]
	at org.springframework.web.filter.OncePerRequestFilter.doFilter(OncePerRequestFilter.java:116) ~[spring-web-6.0.8.jar:6.0.8]
	at org.springframework.mock.web.MockFilterChain.doFilter(MockFilterChain.java:132) ~[spring-test-6.0.8.jar:6.0.8]
	at org.springframework.web.filter.FormContentFilter.doFilterInternal(FormContentFilter.java:93) ~[spring-web-6.0.8.jar:6.0.8]
	at org.springframework.web.filter.OncePerRequestFilter.doFilter(OncePerRequestFilter.java:116) ~[spring-web-6.0.8.jar:6.0.8]
	at org.springframework.mock.web.MockFilterChain.doFilter(MockFilterChain.java:132) ~[spring-test-6.0.8.jar:6.0.8]
	at org.springframework.web.filter.ServerHttpObservationFilter.doFilterInternal(ServerHttpObservationFilter.java:109) ~[spring-web-6.0.8.jar:6.0.8]
	at org.springframework.web.filter.OncePerRequestFilter.doFilter(OncePerRequestFilter.java:116) ~[spring-web-6.0.8.jar:6.0.8]
	at org.springframework.mock.web.MockFilterChain.doFilter(MockFilterChain.java:132) ~[spring-test-6.0.8.jar:6.0.8]
	at org.springframework.web.filter.CharacterEncodingFilter.doFilterInternal(CharacterEncodingFilter.java:201) ~[spring-web-6.0.8.jar:6.0.8]
	at org.springframework.web.filter.OncePerRequestFilter.doFilter(OncePerRequestFilter.java:116) ~[spring-web-6.0.8.jar:6.0.8]
	at org.springframework.mock.web.MockFilterChain.doFilter(MockFilterChain.java:132) ~[spring-test-6.0.8.jar:6.0.8]
	at org.springframework.test.web.servlet.MockMvc.perform(MockMvc.java:201) ~[spring-test-6.0.8.jar:6.0.8]
	at com.cash_flow_app.apicashflow.controller.AccountControllerTest.createAccountResult(AccountControllerTest.java:197) ~[test-classes/:na]
	at com.cash_flow_app.apicashflow.controller.AccountControllerTest.getAllByUsername(AccountControllerTest.java:131) ~[test-classes/:na]
	at java.base/jdk.internal.reflect.DirectMethodHandleAccessor.invoke(DirectMethodHandleAccessor.java:104) ~[na:na]
	at java.base/java.lang.reflect.Method.invoke(Method.java:578) ~[na:na]
	at org.junit.platform.commons.util.ReflectionUtils.invokeMethod(ReflectionUtils.java:727) ~[junit-platform-commons-1.9.2.jar:1.9.2]
	at org.junit.jupiter.engine.execution.MethodInvocation.proceed(MethodInvocation.java:60) ~[junit-jupiter-engine-5.9.2.jar:5.9.2]
	at org.junit.jupiter.engine.execution.InvocationInterceptorChain$ValidatingInvocation.proceed(InvocationInterceptorChain.java:131) ~[junit-jupiter-engine-5.9.2.jar:5.9.2]
	at org.junit.jupiter.engine.extension.TimeoutExtension.intercept(TimeoutExtension.java:156) ~[junit-jupiter-engine-5.9.2.jar:5.9.2]
	at org.junit.jupiter.engine.extension.TimeoutExtension.interceptTestableMethod(TimeoutExtension.java:147) ~[junit-jupiter-engine-5.9.2.jar:5.9.2]
	at org.junit.jupiter.engine.extension.TimeoutExtension.interceptTestMethod(TimeoutExtension.java:86) ~[junit-jupiter-engine-5.9.2.jar:5.9.2]
	at org.junit.jupiter.engine.execution.InterceptingExecutableInvoker$ReflectiveInterceptorCall.lambda$ofVoidMethod$0(InterceptingExecutableInvoker.java:103) ~[junit-jupiter-engine-5.9.2.jar:5.9.2]
	at org.junit.jupiter.engine.execution.InterceptingExecutableInvoker.lambda$invoke$0(InterceptingExecutableInvoker.java:93) ~[junit-jupiter-engine-5.9.2.jar:5.9.2]
	at org.junit.jupiter.engine.execution.InvocationInterceptorChain$InterceptedInvocation.proceed(InvocationInterceptorChain.java:106) ~[junit-jupiter-engine-5.9.2.jar:5.9.2]
	at org.junit.jupiter.engine.execution.InvocationInterceptorChain.proceed(InvocationInterceptorChain.java:64) ~[junit-jupiter-engine-5.9.2.jar:5.9.2]
	at org.junit.jupiter.engine.execution.InvocationInterceptorChain.chainAndInvoke(InvocationInterceptorChain.java:45) ~[junit-jupiter-engine-5.9.2.jar:5.9.2]
	at org.junit.jupiter.engine.execution.InvocationInterceptorChain.invoke(InvocationInterceptorChain.java:37) ~[junit-jupiter-engine-5.9.2.jar:5.9.2]
	at org.junit.jupiter.engine.execution.InterceptingExecutableInvoker.invoke(InterceptingExecutableInvoker.java:92) ~[junit-jupiter-engine-5.9.2.jar:5.9.2]
	at org.junit.jupiter.engine.execution.InterceptingExecutableInvoker.invoke(InterceptingExecutableInvoker.java:86) ~[junit-jupiter-engine-5.9.2.jar:5.9.2]
	at org.junit.jupiter.engine.descriptor.TestMethodTestDescriptor.lambda$invokeTestMethod$7(TestMethodTestDescriptor.java:217) ~[junit-jupiter-engine-5.9.2.jar:5.9.2]
	at org.junit.platform.engine.support.hierarchical.ThrowableCollector.execute(ThrowableCollector.java:73) ~[junit-platform-engine-1.9.2.jar:1.9.2]
	at org.junit.jupiter.engine.descriptor.TestMethodTestDescriptor.invokeTestMethod(TestMethodTestDescriptor.java:213) ~[junit-jupiter-engine-5.9.2.jar:5.9.2]
	at org.junit.jupiter.engine.descriptor.TestMethodTestDescriptor.execute(TestMethodTestDescriptor.java:138) ~[junit-jupiter-engine-5.9.2.jar:5.9.2]
	at org.junit.jupiter.engine.descriptor.TestMethodTestDescriptor.execute(TestMethodTestDescriptor.java:68) ~[junit-jupiter-engine-5.9.2.jar:5.9.2]
	at org.junit.platform.engine.support.hierarchical.NodeTestTask.lambda$executeRecursively$6(NodeTestTask.java:151) ~[junit-platform-engine-1.9.2.jar:1.9.2]
	at org.junit.platform.engine.support.hierarchical.ThrowableCollector.execute(ThrowableCollector.java:73) ~[junit-platform-engine-1.9.2.jar:1.9.2]
	at org.junit.platform.engine.support.hierarchical.NodeTestTask.lambda$executeRecursively$8(NodeTestTask.java:141) ~[junit-platform-engine-1.9.2.jar:1.9.2]
	at org.junit.platform.engine.support.hierarchical.Node.around(Node.java:137) ~[junit-platform-engine-1.9.2.jar:1.9.2]
	at org.junit.platform.engine.support.hierarchical.NodeTestTask.lambda$executeRecursively$9(NodeTestTask.java:139) ~[junit-platform-engine-1.9.2.jar:1.9.2]
	at org.junit.platform.engine.support.hierarchical.ThrowableCollector.execute(ThrowableCollector.java:73) ~[junit-platform-engine-1.9.2.jar:1.9.2]
	at org.junit.platform.engine.support.hierarchical.NodeTestTask.executeRecursively(NodeTestTask.java:138) ~[junit-platform-engine-1.9.2.jar:1.9.2]
	at org.junit.platform.engine.support.hierarchical.NodeTestTask.execute(NodeTestTask.java:95) ~[junit-platform-engine-1.9.2.jar:1.9.2]
	at java.base/java.util.ArrayList.forEach(ArrayList.java:1511) ~[na:na]
	at org.junit.platform.engine.support.hierarchical.SameThreadHierarchicalTestExecutorService.invokeAll(SameThreadHierarchicalTestExecutorService.java:41) ~[junit-platform-engine-1.9.2.jar:1.9.2]
	at org.junit.platform.engine.support.hierarchical.NodeTestTask.lambda$executeRecursively$6(NodeTestTask.java:155) ~[junit-platform-engine-1.9.2.jar:1.9.2]
	at org.junit.platform.engine.support.hierarchical.ThrowableCollector.execute(ThrowableCollector.java:73) ~[junit-platform-engine-1.9.2.jar:1.9.2]
	at org.junit.platform.engine.support.hierarchical.NodeTestTask.lambda$executeRecursively$8(NodeTestTask.java:141) ~[junit-platform-engine-1.9.2.jar:1.9.2]
	at org.junit.platform.engine.support.hierarchical.Node.around(Node.java:137) ~[junit-platform-engine-1.9.2.jar:1.9.2]
	at org.junit.platform.engine.support.hierarchical.NodeTestTask.lambda$executeRecursively$9(NodeTestTask.java:139) ~[junit-platform-engine-1.9.2.jar:1.9.2]
	at org.junit.platform.engine.support.hierarchical.ThrowableCollector.execute(ThrowableCollector.java:73) ~[junit-platform-engine-1.9.2.jar:1.9.2]
	at org.junit.platform.engine.support.hierarchical.NodeTestTask.executeRecursively(NodeTestTask.java:138) ~[junit-platform-engine-1.9.2.jar:1.9.2]
	at org.junit.platform.engine.support.hierarchical.NodeTestTask.execute(NodeTestTask.java:95) ~[junit-platform-engine-1.9.2.jar:1.9.2]
	at java.base/java.util.ArrayList.forEach(ArrayList.java:1511) ~[na:na]
	at org.junit.platform.engine.support.hierarchical.SameThreadHierarchicalTestExecutorService.invokeAll(SameThreadHierarchicalTestExecutorService.java:41) ~[junit-platform-engine-1.9.2.jar:1.9.2]
	at org.junit.platform.engine.support.hierarchical.NodeTestTask.lambda$executeRecursively$6(NodeTestTask.java:155) ~[junit-platform-engine-1.9.2.jar:1.9.2]
	at org.junit.platform.engine.support.hierarchical.ThrowableCollector.execute(ThrowableCollector.java:73) ~[junit-platform-engine-1.9.2.jar:1.9.2]
	at org.junit.platform.engine.support.hierarchical.NodeTestTask.lambda$executeRecursively$8(NodeTestTask.java:141) ~[junit-platform-engine-1.9.2.jar:1.9.2]
	at org.junit.platform.engine.support.hierarchical.Node.around(Node.java:137) ~[junit-platform-engine-1.9.2.jar:1.9.2]
	at org.junit.platform.engine.support.hierarchical.NodeTestTask.lambda$executeRecursively$9(NodeTestTask.java:139) ~[junit-platform-engine-1.9.2.jar:1.9.2]
	at org.junit.platform.engine.support.hierarchical.ThrowableCollector.execute(ThrowableCollector.java:73) ~[junit-platform-engine-1.9.2.jar:1.9.2]
	at org.junit.platform.engine.support.hierarchical.NodeTestTask.executeRecursively(NodeTestTask.java:138) ~[junit-platform-engine-1.9.2.jar:1.9.2]
	at org.junit.platform.engine.support.hierarchical.NodeTestTask.execute(NodeTestTask.java:95) ~[junit-platform-engine-1.9.2.jar:1.9.2]
	at org.junit.platform.engine.support.hierarchical.SameThreadHierarchicalTestExecutorService.submit(SameThreadHierarchicalTestExecutorService.java:35) ~[junit-platform-engine-1.9.2.jar:1.9.2]
	at org.junit.platform.engine.support.hierarchical.HierarchicalTestExecutor.execute(HierarchicalTestExecutor.java:57) ~[junit-platform-engine-1.9.2.jar:1.9.2]
	at org.junit.platform.engine.support.hierarchical.HierarchicalTestEngine.execute(HierarchicalTestEngine.java:54) ~[junit-platform-engine-1.9.2.jar:1.9.2]
	at org.junit.platform.launcher.core.DefaultLauncher.execute(DefaultLauncher.java:220) ~[junit-platform-launcher-1.3.1.jar:1.3.1]
	at org.junit.platform.launcher.core.DefaultLauncher.lambda$execute$6(DefaultLauncher.java:188) ~[junit-platform-launcher-1.3.1.jar:1.3.1]
	at org.junit.platform.launcher.core.DefaultLauncher.withInterceptedStreams(DefaultLauncher.java:202) ~[junit-platform-launcher-1.3.1.jar:1.3.1]
	at org.junit.platform.launcher.core.DefaultLauncher.execute(DefaultLauncher.java:181) ~[junit-platform-launcher-1.3.1.jar:1.3.1]
	at org.junit.platform.launcher.core.DefaultLauncher.execute(DefaultLauncher.java:128) ~[junit-platform-launcher-1.3.1.jar:1.3.1]
	at org.apache.maven.surefire.junitplatform.JUnitPlatformProvider.invokeAllTests(JUnitPlatformProvider.java:150) ~[surefire-junit-platform-2.22.2.jar:2.22.2]
	at org.apache.maven.surefire.junitplatform.JUnitPlatformProvider.invoke(JUnitPlatformProvider.java:124) ~[surefire-junit-platform-2.22.2.jar:2.22.2]
	at org.apache.maven.surefire.booter.ForkedBooter.invokeProviderInSameClassLoader(ForkedBooter.java:384) ~[surefire-booter-2.22.2.jar:2.22.2]
	at org.apache.maven.surefire.booter.ForkedBooter.runSuitesInProcess(ForkedBooter.java:345) ~[surefire-booter-2.22.2.jar:2.22.2]
	at org.apache.maven.surefire.booter.ForkedBooter.execute(ForkedBooter.java:126) ~[surefire-booter-2.22.2.jar:2.22.2]
	at org.apache.maven.surefire.booter.ForkedBooter.main(ForkedBooter.java:418) ~[surefire-booter-2.22.2.jar:2.22.2]

2023-11-28T22:11:57.345-05:00 DEBUG 27472 --- [           main] org.springframework.test.context.cache   : Spring test ApplicationContext cache statistics: [DefaultContextCache@8caffbd size = 3, maxSize = 32, parentContextCount = 0, hitCount = 290, missCount = 3]
2023-11-28T22:11:57.345-05:00 DEBUG 27472 --- [           main] org.springframework.test.context.cache   : Spring test ApplicationContext cache statistics: [DefaultContextCache@8caffbd size = 3, maxSize = 32, parentContextCount = 0, hitCount = 291, missCount = 3]
2023-11-28T22:11:57.345-05:00 DEBUG 27472 --- [           main] org.springframework.test.context.cache   : Spring test ApplicationContext cache statistics: [DefaultContextCache@8caffbd size = 3, maxSize = 32, parentContextCount = 0, hitCount = 292, missCount = 3]

MockHttpServletRequest:
      HTTP Method = POST
      Request URI = /api/v1/user/signup
       Parameters = {_csrf=[zpOtyAkTBA1Vz-16ZKOmiuUxnkULcTJUL6M7Vivl5fKyvFgrq_WZqjtyMzt4-tROAo6S6dwBsyRpEwZ5F5QKZk3R0ZOHjm1I]}
          Headers = [Content-Type:"application/json;charset=UTF-8", Content-Length:"171"]
             Body = {"username":"usuario_test","password":"123456","authorities":[{"endpoint":"Account","actions":["CREATE","READ","DELETE"]},{"endpoint":"User","actions":["CREATE","READ"]}]}
    Session Attrs = {}

Handler:
             Type = com.cash_flow_app.apicashflow.controller.UserController
           Method = com.cash_flow_app.apicashflow.controller.UserController#signup(UserDto)

Async:
    Async started = false
     Async result = null

Resolved Exception:
             Type = null

ModelAndView:
        View name = null
             View = null
            Model = null

FlashMap:
       Attributes = null

MockHttpServletResponse:
           Status = 200
    Error message = null
          Headers = [Vary:"Origin", "Access-Control-Request-Method", "Access-Control-Request-Headers", Content-Type:"application/json", X-Content-Type-Options:"nosniff", X-XSS-Protection:"0", Cache-Control:"no-cache, no-store, max-age=0, must-revalidate", Pragma:"no-cache", Expires:"0", X-Frame-Options:"DENY"]
     Content type = application/json
             Body = {"username":"usuario_test","password":null,"token_auth":"eyJhbGciOiJIUzUxMiJ9.eyJzdWIiOiJ1c3VhcmlvX3Rlc3QiLCJleHAiOjE3MDM4MTk1MTd9.AnW1_ycsUW2YBgpJlL4qwryaFClzLF4JuHigFRqWW1ek9QjvLskfAyKnAXHJyZYaOvXFa9PAVKQ-ygMS76Nvdw","authorities":[{"endpoint":"Account","actions":["CREATE","READ","DELETE"]},{"endpoint":"User","actions":["CREATE","READ"]}]}
    Forwarded URL = null
   Redirected URL = null
          Cookies = []

MockHttpServletRequest:
      HTTP Method = POST
      Request URI = /api/v1/user/login
       Parameters = {_csrf=[HTBVIKj_V7Nc9KNfDxY7gmtJ-JImq5kwRrZgpMjQv9L8fQ06LgQxQszOZ4VxlZFpPjsP4V4q1fAVyqsddtVVlfjh27HOGTpb]}
          Headers = [Content-Type:"application/json;charset=UTF-8", Content-Length:"52"]
             Body = { "username": "usuario_test", "password": "123456" }
    Session Attrs = {}

Handler:
             Type = null

Async:
    Async started = false
     Async result = null

Resolved Exception:
             Type = null

ModelAndView:
        View name = null
             View = null
            Model = null

FlashMap:
       Attributes = null

MockHttpServletResponse:
           Status = 200
    Error message = null
          Headers = [Vary:"Origin", "Access-Control-Request-Method", "Access-Control-Request-Headers", Authorization:"Bearer eyJhbGciOiJIUzUxMiJ9.eyJzdWIiOiJ1c3VhcmlvX3Rlc3QiLCJleHAiOjE3MDM4MTk1MTd9.AnW1_ycsUW2YBgpJlL4qwryaFClzLF4JuHigFRqWW1ek9QjvLskfAyKnAXHJyZYaOvXFa9PAVKQ-ygMS76Nvdw", Access-Control-Expose-Headers:"Authorization", X-Content-Type-Options:"nosniff", X-XSS-Protection:"0", Cache-Control:"no-cache, no-store, max-age=0, must-revalidate", Pragma:"no-cache", Expires:"0", X-Frame-Options:"DENY"]
     Content type = null
             Body = 
    Forwarded URL = null
   Redirected URL = null
          Cookies = []

MockHttpServletRequest:
      HTTP Method = POST
      Request URI = /api/v1/account/create
       Parameters = {_csrf=[6mVT6ctJmxCYW9d8F8UgNjoeuiT4Fas6LtweOs0vDoyRWU8j31dliPtwqXa1brUadOgUB1gqlxzPLZwXSukqD_oZaOqnbC5C]}
          Headers = [Content-Type:"application/json;charset=UTF-8", Authorization:"Bearer eyJhbGciOiJIUzUxMiJ9.eyJzdWIiOiJ1c3VhcmlvX3Rlc3QiLCJleHAiOjE3MDM4MTk1MTd9.AnW1_ycsUW2YBgpJlL4qwryaFClzLF4JuHigFRqWW1ek9QjvLskfAyKnAXHJyZYaOvXFa9PAVKQ-ygMS76Nvdw", Content-Length:"74"]
             Body = {"id":null,"description":"descripcion de cuenta","users":["usuario_test"]}
    Session Attrs = {SPRING_SECURITY_CONTEXT=SecurityContextImpl [Authentication=UsernamePasswordAuthenticationToken [Principal=usuario_test, Credentials=[PROTECTED], Authenticated=true, Details=null, Granted Authorities=[ENDPOINT_ACCOUNT_PERMISSION_CREATE, ENDPOINT_ACCOUNT_PERMISSION_READ, ENDPOINT_ACCOUNT_PERMISSION_DELETE, ENDPOINT_USER_PERMISSION_CREATE, ENDPOINT_USER_PERMISSION_READ]]]}

Handler:
             Type = com.cash_flow_app.apicashflow.controller.AccountController
           Method = com.cash_flow_app.apicashflow.controller.AccountController#create(AccountDto)

Async:
    Async started = false
     Async result = null

Resolved Exception:
             Type = null

ModelAndView:
        View name = null
             View = null
            Model = null

FlashMap:
       Attributes = null

MockHttpServletResponse:
           Status = 200
    Error message = null
          Headers = [Vary:"Origin", "Access-Control-Request-Method", "Access-Control-Request-Headers", Content-Type:"application/json", X-Content-Type-Options:"nosniff", X-XSS-Protection:"0", Cache-Control:"no-cache, no-store, max-age=0, must-revalidate", Pragma:"no-cache", Expires:"0", X-Frame-Options:"DENY"]
     Content type = application/json
             Body = {"id":"7d630679-1c45-46db-99b0-8689b59cffc3","description":"descripcion de cuenta","users":["usuario_test","usuario_test"]}
    Forwarded URL = null
   Redirected URL = null
          Cookies = []
2023-11-28T22:11:57.345-05:00 DEBUG 27472 --- [           main] org.springframework.test.context.cache   : Spring test ApplicationContext cache statistics: [DefaultContextCache@8caffbd size = 3, maxSize = 32, parentContextCount = 0, hitCount = 293, missCount = 3]
2023-11-28T22:11:57.346-05:00 DEBUG 27472 --- [           main] org.springframework.test.context.cache   : Spring test ApplicationContext cache statistics: [DefaultContextCache@8caffbd size = 3, maxSize = 32, parentContextCount = 0, hitCount = 294, missCount = 3]
2023-11-28T22:11:57.346-05:00 DEBUG 27472 --- [           main] org.springframework.test.context.cache   : Spring test ApplicationContext cache statistics: [DefaultContextCache@8caffbd size = 3, maxSize = 32, parentContextCount = 0, hitCount = 295, missCount = 3]
2023-11-28T22:11:57.346-05:00 DEBUG 27472 --- [           main] org.springframework.test.context.cache   : Spring test ApplicationContext cache statistics: [DefaultContextCache@8caffbd size = 3, maxSize = 32, parentContextCount = 0, hitCount = 296, missCount = 3]
2023-11-28T22:11:57.346-05:00 DEBUG 27472 --- [           main] o.s.orm.jpa.JpaTransactionManager        : Initiating transaction rollback
2023-11-28T22:11:57.346-05:00 DEBUG 27472 --- [           main] o.s.orm.jpa.JpaTransactionManager        : Rolling back JPA transaction on EntityManager [SessionImpl(1629169751<open>)]
2023-11-28T22:11:57.346-05:00 DEBUG 27472 --- [           main] o.h.e.t.internal.TransactionImpl         : rolling back
2023-11-28T22:11:57.346-05:00 DEBUG 27472 --- [           main] org.postgresql.jdbc.PgConnection         :   setAutoCommit = true
2023-11-28T22:11:57.347-05:00 DEBUG 27472 --- [           main] o.s.orm.jpa.JpaTransactionManager        : Closing JPA EntityManager [SessionImpl(1629169751<open>)] after transaction
2023-11-28T22:11:57.347-05:00 DEBUG 27472 --- [           main] o.h.e.jdbc.internal.JdbcCoordinatorImpl  : HHH000420: Closing un-released batch
2023-11-28T22:11:57.347-05:00 DEBUG 27472 --- [           main] o.s.t.c.transaction.TransactionContext   : Rolled back transaction (1) for test class [com.cash_flow_app.apicashflow.controller.AccountControllerTest]; test method [getAllByUsername]
2023-11-28T22:11:57.347-05:00 DEBUG 27472 --- [           main] tractDirtiesContextTestExecutionListener : After test method: class [AccountControllerTest], method [getAllByUsername], class annotated with @DirtiesContext [false] with mode [null], method annotated with @DirtiesContext [false] with mode [null]
2023-11-28T22:11:57.347-05:00 DEBUG 27472 --- [           main] o.s.t.c.w.ServletTestExecutionListener   : Resetting RequestContextHolder for test class com.cash_flow_app.apicashflow.controller.AccountControllerTest
]]></system-out>
  </testcase>
</testsuite>