<?xml version="1.0" encoding="UTF-8"?>
<testsuite xmlns:xsi="http://www.w3.org/2001/XMLSchema-instance" xsi:noNamespaceSchemaLocation="https://maven.apache.org/surefire/maven-surefire-plugin/xsd/surefire-test-report.xsd" name="com.cash_flow_app.apicashflow.service.AccountServiceTests" time="0.204" tests="3" errors="3" skipped="0" failures="0">
  <properties>
[...]
</properties>
  <testcase name="testCreateAccount" classname="com.cash_flow_app.apicashflow.service.AccountServiceTests" time="0.003">
    <error message="Cannot invoke &quot;org.springframework.security.core.Authentication.getPrincipal()&quot; because the return value of &quot;org.springframework.security.core.context.SecurityContext.getAuthentication()&quot; is null" type="java.lang.NullPointerException">java.lang.NullPointerException: Cannot invoke "org.springframework.security.core.Authentication.getPrincipal()" because the return value of "org.springframework.security.core.context.SecurityContext.getAuthentication()" is null
	at com.cash_flow_app.apicashflow.service.AccountServiceTests.testCreateAccount(AccountServiceTests.java:56)
</error>
    <system-out><![CDATA[2023-11-28T22:11:58.925-05:00 DEBUG 27472 --- [           main] b.t.a.o.j.DataJpaTestContextBootstrapper : Neither @ContextConfiguration nor @ContextHierarchy found for test class [AccountServiceTests]: using SpringBootContextLoader
2023-11-28T22:11:58.925-05:00 DEBUG 27472 --- [           main] o.s.t.c.support.AbstractContextLoader    : Could not detect default resource locations for test class [com.cash_flow_app.apicashflow.service.AccountServiceTests]: no resource found for suffixes {-context.xml, Context.groovy}.
2023-11-28T22:11:58.925-05:00  INFO 27472 --- [           main] t.c.s.AnnotationConfigContextLoaderUtils : Could not detect default configuration classes for test class [com.cash_flow_app.apicashflow.service.AccountServiceTests]: AccountServiceTests does not declare any static, non-private, non-final, nested classes annotated with @Configuration.
2023-11-28T22:11:58.927-05:00 DEBUG 27472 --- [           main] b.t.a.o.j.DataJpaTestContextBootstrapper : Using ContextCustomizers for test class [AccountServiceTests]: [ImportsContextCustomizer, ExcludeFilterContextCustomizer, DuplicateJsonObjectContextCustomizer, MockitoContextCustomizer, DisableAutoConfigurationContextCustomizer, DisableObservabilityContextCustomizer, TypeExcludeFiltersContextCustomizer, PropertyMappingContextCustomizer, Customizer]
2023-11-28T22:11:58.927-05:00  INFO 27472 --- [           main] .b.t.c.SpringBootTestContextBootstrapper : Found @SpringBootConfiguration com.cash_flow_app.apicashflow.ApiCashFlowApplication for test class com.cash_flow_app.apicashflow.service.AccountServiceTests
2023-11-28T22:11:58.927-05:00 DEBUG 27472 --- [           main] b.t.a.o.j.DataJpaTestContextBootstrapper : Using TestExecutionListeners for test class [AccountServiceTests]: [ServletTestExecutionListener, DirtiesContextBeforeModesTestExecutionListener, ApplicationEventsTestExecutionListener, MockitoTestExecutionListener, DependencyInjectionTestExecutionListener, DirtiesContextTestExecutionListener, TransactionalTestExecutionListener, SqlScriptsTestExecutionListener, EventPublishingTestExecutionListener, WithSecurityContextTestExecutionListener, ReactorContextTestExecutionListener, ResetMocksTestExecutionListener, RestDocsTestExecutionListener, MockRestServiceServerResetTestExecutionListener, MockMvcPrintOnlyOnFailureTestExecutionListener, WebDriverTestExecutionListener, MockWebServiceServerTestExecutionListener]
2023-11-28T22:11:58.927-05:00 DEBUG 27472 --- [           main] tractDirtiesContextTestExecutionListener : Before test class: class [AccountServiceTests], class annotated with @DirtiesContext [false] with mode [null]
2023-11-28T22:11:58.928-05:00 DEBUG 27472 --- [           main] DependencyInjectionTestExecutionListener : Performing dependency injection for test class com.cash_flow_app.apicashflow.service.AccountServiceTests
2023-11-28T22:11:58.933-05:00 DEBUG 27472 --- [           main] o.s.boot.ApplicationEnvironment          : Activating profiles []

  .   ____          _            __ _ _
 /\\ / ___'_ __ _ _(_)_ __  __ _ \ \ \ \
( ( )\___ | '_ | '_| | '_ \/ _` | \ \ \ \
 \\/  ___)| |_)| | | | | || (_| |  ) ) ) )
  '  |____| .__|_| |_|_| |_\__, | / / / /
 =========|_|==============|___/=/_/_/_/
 :: Spring Boot ::                (v3.0.6)

2023-11-28T22:11:58.935-05:00  INFO 27472 --- [           main] c.c.a.service.AccountServiceTests        : Starting AccountServiceTests using Java 20.0.1 with PID 27472 (started by andres_nino in /Users/andres_nino/Documents/Trabajo/Aprendizaje/spring boot/cash-flow-app/api-cash-flow)
2023-11-28T22:11:58.935-05:00 DEBUG 27472 --- [           main] c.c.a.service.AccountServiceTests        : Running with Spring Boot v3.0.6, Spring v6.0.8
2023-11-28T22:11:58.935-05:00  INFO 27472 --- [           main] c.c.a.service.AccountServiceTests        : No active profile set, falling back to 1 default profile: "default"
2023-11-28T22:11:58.935-05:00 DEBUG 27472 --- [           main] o.s.boot.SpringApplication               : Loading source class com.cash_flow_app.apicashflow.ApiCashFlowApplication
2023-11-28T22:11:58.936-05:00 DEBUG 27472 --- [           main] s.c.a.AnnotationConfigApplicationContext : Refreshing org.springframework.context.annotation.AnnotationConfigApplicationContext@5a1e47d3
2023-11-28T22:11:58.936-05:00 DEBUG 27472 --- [           main] o.s.b.f.s.DefaultListableBeanFactory     : Creating shared instance of singleton bean 'org.springframework.context.annotation.internalConfigurationAnnotationProcessor'
2023-11-28T22:11:58.936-05:00 DEBUG 27472 --- [           main] o.s.b.f.s.DefaultListableBeanFactory     : Creating shared instance of singleton bean 'org.springframework.boot.autoconfigure.internalCachingMetadataReaderFactory'
2023-11-28T22:11:58.966-05:00  INFO 27472 --- [           main] .s.d.r.c.RepositoryConfigurationDelegate : Bootstrapping Spring Data JPA repositories in DEFAULT mode.
2023-11-28T22:11:58.966-05:00 DEBUG 27472 --- [           main] o.s.b.f.s.DefaultListableBeanFactory     : Creating shared instance of singleton bean 'org.springframework.boot.autoconfigure.AutoConfigurationPackages'
2023-11-28T22:11:58.966-05:00 DEBUG 27472 --- [           main] o.s.b.a.AutoConfigurationPackages        : @EnableAutoConfiguration was declared on a class in the package 'com.cash_flow_app.apicashflow'. Automatic @Repository and @Entity scanning is enabled.
2023-11-28T22:11:58.966-05:00 DEBUG 27472 --- [           main] .s.d.r.c.RepositoryConfigurationDelegate : Scanning for JPA repositories in packages com.cash_flow_app.apicashflow.
2023-11-28T22:11:58.969-05:00 DEBUG 27472 --- [           main] o.s.d.r.c.RepositoryComponentProvider    : Identified candidate component class: file [/Users/andres_nino/Documents/Trabajo/Aprendizaje/spring boot/cash-flow-app/api-cash-flow/target/classes/com/cash_flow_app/apicashflow/entities_repositories_and_services/base/account/AccountRepository.class]
2023-11-28T22:11:58.969-05:00 DEBUG 27472 --- [           main] o.s.d.r.c.RepositoryComponentProvider    : Identified candidate component class: file [/Users/andres_nino/Documents/Trabajo/Aprendizaje/spring boot/cash-flow-app/api-cash-flow/target/classes/com/cash_flow_app/apicashflow/entities_repositories_and_services/base/authority/AuthorityRepository.class]
2023-11-28T22:11:58.969-05:00 DEBUG 27472 --- [           main] o.s.d.r.c.RepositoryComponentProvider    : Identified candidate component class: file [/Users/andres_nino/Documents/Trabajo/Aprendizaje/spring boot/cash-flow-app/api-cash-flow/target/classes/com/cash_flow_app/apicashflow/entities_repositories_and_services/base/income_expense/IncomeExpenseRepository.class]
2023-11-28T22:11:58.969-05:00 DEBUG 27472 --- [           main] o.s.d.r.c.RepositoryComponentProvider    : Identified candidate component class: file [/Users/andres_nino/Documents/Trabajo/Aprendizaje/spring boot/cash-flow-app/api-cash-flow/target/classes/com/cash_flow_app/apicashflow/entities_repositories_and_services/base/income_expense/ScheduledAccountRepository.class]
2023-11-28T22:11:58.971-05:00 DEBUG 27472 --- [           main] o.s.d.r.c.RepositoryComponentProvider    : Identified candidate component class: file [/Users/andres_nino/Documents/Trabajo/Aprendizaje/spring boot/cash-flow-app/api-cash-flow/target/classes/com/cash_flow_app/apicashflow/entities_repositories_and_services/base/user/UserRepository.class]
2023-11-28T22:11:58.974-05:00  INFO 27472 --- [           main] .s.d.r.c.RepositoryConfigurationDelegate : Finished Spring Data repository scanning in 8 ms. Found 5 JPA repository interfaces.
2023-11-28T22:11:58.978-05:00 DEBUG 27472 --- [           main] o.s.b.f.s.DefaultListableBeanFactory     : Creating shared instance of singleton bean 'org.springframework.boot.test.context.ImportsContextCustomizer$ImportsCleanupPostProcessor'
2023-11-28T22:11:58.979-05:00 DEBUG 27472 --- [           main] o.s.b.f.s.DefaultListableBeanFactory     : Creating shared instance of singleton bean 'org.springframework.boot.test.mock.mockito.MockitoPostProcessor'
2023-11-28T22:11:58.979-05:00 DEBUG 27472 --- [           main] o.s.b.f.s.DefaultListableBeanFactory     : Creating shared instance of singleton bean 'emBeanDefinitionRegistrarPostProcessor'
2023-11-28T22:11:58.979-05:00 DEBUG 27472 --- [           main] o.s.b.f.s.DefaultListableBeanFactory     : Creating shared instance of singleton bean 'org.springframework.boot.sql.init.dependency.DatabaseInitializationDependencyConfigurer$DependsOnDatabaseInitializationPostProcessor'
2023-11-28T22:11:58.980-05:00 DEBUG 27472 --- [           main] o.s.b.f.s.DefaultListableBeanFactory     : Creating shared instance of singleton bean 'org.springframework.context.event.internalEventListenerProcessor'
2023-11-28T22:11:58.980-05:00 DEBUG 27472 --- [           main] o.s.b.f.s.DefaultListableBeanFactory     : Creating shared instance of singleton bean 'org.springframework.context.event.internalEventListenerFactory'
2023-11-28T22:11:58.980-05:00 DEBUG 27472 --- [           main] o.s.b.f.s.DefaultListableBeanFactory     : Creating shared instance of singleton bean 'org.springframework.transaction.config.internalTransactionalEventListenerFactory'
2023-11-28T22:11:58.980-05:00 DEBUG 27472 --- [           main] o.s.b.f.s.DefaultListableBeanFactory     : Creating shared instance of singleton bean 'org.springframework.context.annotation.internalAutowiredAnnotationProcessor'
2023-11-28T22:11:58.980-05:00 DEBUG 27472 --- [           main] o.s.b.f.s.DefaultListableBeanFactory     : Creating shared instance of singleton bean 'org.springframework.context.annotation.internalCommonAnnotationProcessor'
2023-11-28T22:11:58.980-05:00 DEBUG 27472 --- [           main] o.s.b.f.s.DefaultListableBeanFactory     : Creating shared instance of singleton bean 'org.springframework.context.annotation.internalPersistenceAnnotationProcessor'
2023-11-28T22:11:58.980-05:00 DEBUG 27472 --- [           main] o.s.b.f.s.DefaultListableBeanFactory     : Creating shared instance of singleton bean 'org.springframework.boot.test.mock.mockito.MockitoPostProcessor$SpyPostProcessor'
2023-11-28T22:11:58.980-05:00 DEBUG 27472 --- [           main] o.s.b.f.s.DefaultListableBeanFactory     : Creating shared instance of singleton bean 'org.springframework.boot.context.properties.ConfigurationPropertiesBindingPostProcessor'
2023-11-28T22:11:58.980-05:00 DEBUG 27472 --- [           main] o.s.b.f.s.DefaultListableBeanFactory     : Creating shared instance of singleton bean 'org.springframework.boot.context.internalConfigurationPropertiesBinder'
2023-11-28T22:11:58.980-05:00 DEBUG 27472 --- [           main] o.s.b.f.s.DefaultListableBeanFactory     : Creating shared instance of singleton bean 'org.springframework.aop.config.internalAutoProxyCreator'
2023-11-28T22:11:58.981-05:00 DEBUG 27472 --- [           main] o.s.b.f.s.DefaultListableBeanFactory     : Creating shared instance of singleton bean 'flyway'
2023-11-28T22:11:58.981-05:00 DEBUG 27472 --- [           main] o.s.b.f.s.DefaultListableBeanFactory     : Creating shared instance of singleton bean 'org.springframework.boot.autoconfigure.flyway.FlywayAutoConfiguration$FlywayConfiguration'
2023-11-28T22:11:58.981-05:00 DEBUG 27472 --- [           main] o.s.b.f.s.DefaultListableBeanFactory     : Creating shared instance of singleton bean 'org.springframework.transaction.config.internalTransactionAdvisor'
2023-11-28T22:11:58.981-05:00 DEBUG 27472 --- [           main] o.s.b.f.s.DefaultListableBeanFactory     : Creating shared instance of singleton bean 'org.springframework.transaction.annotation.ProxyTransactionManagementConfiguration'
2023-11-28T22:11:58.982-05:00 DEBUG 27472 --- [           main] o.s.b.f.s.DefaultListableBeanFactory     : Creating shared instance of singleton bean 'transactionAttributeSource'
2023-11-28T22:11:58.983-05:00 DEBUG 27472 --- [           main] o.s.b.f.s.DefaultListableBeanFactory     : Creating shared instance of singleton bean 'transactionInterceptor'
2023-11-28T22:11:58.983-05:00 DEBUG 27472 --- [           main] o.s.b.f.s.DefaultListableBeanFactory     : Autowiring by type from bean name 'transactionInterceptor' via factory method to bean named 'transactionAttributeSource'
2023-11-28T22:11:58.983-05:00 DEBUG 27472 --- [           main] o.s.b.f.s.DefaultListableBeanFactory     : Autowiring by type from bean name 'org.springframework.transaction.config.internalTransactionAdvisor' via factory method to bean named 'transactionAttributeSource'
2023-11-28T22:11:58.983-05:00 DEBUG 27472 --- [           main] o.s.b.f.s.DefaultListableBeanFactory     : Autowiring by type from bean name 'org.springframework.transaction.config.internalTransactionAdvisor' via factory method to bean named 'transactionInterceptor'
2023-11-28T22:11:58.983-05:00 DEBUG 27472 --- [           main] o.s.b.f.s.DefaultListableBeanFactory     : Creating shared instance of singleton bean 'spring.flyway-org.springframework.boot.autoconfigure.flyway.FlywayProperties'
2023-11-28T22:11:58.983-05:00 DEBUG 27472 --- [           main] o.s.b.f.s.DefaultListableBeanFactory     : Creating shared instance of singleton bean 'org.springframework.boot.context.properties.BoundConfigurationProperties'
2023-11-28T22:11:58.983-05:00 DEBUG 27472 --- [           main] o.s.b.f.s.DefaultListableBeanFactory     : Creating shared instance of singleton bean 'stringOrNumberMigrationVersionConverter'
2023-11-28T22:11:58.983-05:00 DEBUG 27472 --- [           main] o.s.b.f.s.DefaultListableBeanFactory     : Creating shared instance of singleton bean 'org.springframework.boot.autoconfigure.flyway.FlywayAutoConfiguration'
2023-11-28T22:11:58.986-05:00 DEBUG 27472 --- [           main] o.s.b.f.s.DefaultListableBeanFactory     : Creating shared instance of singleton bean 'resourceProviderCustomizer'
2023-11-28T22:11:58.987-05:00 DEBUG 27472 --- [           main] o.s.b.f.s.DefaultListableBeanFactory     : Autowiring by type from bean name 'flyway' via factory method to bean named 'spring.flyway-org.springframework.boot.autoconfigure.flyway.FlywayProperties'
2023-11-28T22:11:58.987-05:00 DEBUG 27472 --- [           main] o.s.b.f.s.DefaultListableBeanFactory     : Autowiring by type from bean name 'flyway' via factory method to bean named 'org.springframework.context.annotation.AnnotationConfigApplicationContext@5a1e47d3'
2023-11-28T22:11:58.987-05:00 DEBUG 27472 --- [           main] o.s.b.f.s.DefaultListableBeanFactory     : Autowiring by type from bean name 'flyway' via factory method to bean named 'resourceProviderCustomizer'
2023-11-28T22:11:58.987-05:00 DEBUG 27472 --- [           main] o.s.b.f.s.DefaultListableBeanFactory     : Creating shared instance of singleton bean 'dataSource'
2023-11-28T22:11:58.987-05:00 DEBUG 27472 --- [           main] o.s.b.f.s.DefaultListableBeanFactory     : Creating shared instance of singleton bean 'org.springframework.boot.autoconfigure.jdbc.DataSourceConfiguration$Hikari'
2023-11-28T22:11:58.987-05:00 DEBUG 27472 --- [           main] o.s.b.f.s.DefaultListableBeanFactory     : Creating shared instance of singleton bean 'spring.datasource-org.springframework.boot.autoconfigure.jdbc.DataSourceProperties'
2023-11-28T22:11:58.988-05:00 DEBUG 27472 --- [           main] o.s.b.f.s.DefaultListableBeanFactory     : Autowiring by type from bean name 'dataSource' via factory method to bean named 'spring.datasource-org.springframework.boot.autoconfigure.jdbc.DataSourceProperties'
2023-11-28T22:11:58.988-05:00 DEBUG 27472 --- [           main] com.zaxxer.hikari.HikariConfig           : Driver class org.postgresql.Driver found in Thread context class loader jdk.internal.loader.ClassLoaders$AppClassLoader@7e32c033
2023-11-28T22:11:58.991-05:00 DEBUG 27472 --- [           main] o.f.c.i.s.classpath.ClassPathScanner     : Scanning for classpath resources at 'classpath:db/callback' ...
2023-11-28T22:11:58.991-05:00 DEBUG 27472 --- [           main] o.f.c.i.s.classpath.ClassPathScanner     : Determining location urls for classpath:db/callback using ClassLoader jdk.internal.loader.ClassLoaders$AppClassLoader@7e32c033 ...
2023-11-28T22:11:58.991-05:00 DEBUG 27472 --- [           main] o.f.c.i.s.classpath.ClassPathScanner     : Unable to resolve location classpath:db/callback.
2023-11-28T22:11:58.991-05:00 DEBUG 27472 --- [           main] o.s.b.f.s.DefaultListableBeanFactory     : Creating shared instance of singleton bean 'flywayInitializer'
2023-11-28T22:11:58.991-05:00 DEBUG 27472 --- [           main] o.s.b.f.s.DefaultListableBeanFactory     : Autowiring by type from bean name 'flywayInitializer' via factory method to bean named 'flyway'
2023-11-28T22:11:58.991-05:00 DEBUG 27472 --- [           main] o.f.core.internal.util.FeatureDetector   : AWS SDK available: false
2023-11-28T22:11:58.991-05:00 DEBUG 27472 --- [           main] o.f.core.internal.util.FeatureDetector   : Google Cloud Storage available: false
2023-11-28T22:11:58.991-05:00 DEBUG 27472 --- [           main] o.f.c.i.s.classpath.ClassPathScanner     : Scanning for classpath resources at 'classpath:db/migration' ...
2023-11-28T22:11:58.992-05:00 DEBUG 27472 --- [           main] o.f.c.i.s.classpath.ClassPathScanner     : Determining location urls for classpath:db/migration using ClassLoader jdk.internal.loader.ClassLoaders$AppClassLoader@7e32c033 ...
2023-11-28T22:11:58.992-05:00 DEBUG 27472 --- [           main] o.f.c.i.s.classpath.ClassPathScanner     : Scanning URL: file:/Users/andres_nino/Documents/Trabajo/Aprendizaje/spring%20boot/cash-flow-app/api-cash-flow/target/classes/db/migration
2023-11-28T22:11:58.992-05:00 DEBUG 27472 --- [           main] o.f.core.internal.util.FeatureDetector   : JBoss VFS v2 available: false
2023-11-28T22:11:58.992-05:00 DEBUG 27472 --- [           main] i.s.c.FileSystemClassPathLocationScanner : Scanning starting at classpath root in filesystem: /Users/andres_nino/Documents/Trabajo/Aprendizaje/spring boot/cash-flow-app/api-cash-flow/target/classes/
2023-11-28T22:11:58.992-05:00 DEBUG 27472 --- [           main] i.s.c.FileSystemClassPathLocationScanner : Scanning for resources in path: /Users/andres_nino/Documents/Trabajo/Aprendizaje/spring boot/cash-flow-app/api-cash-flow/target/classes/db/migration (db/migration)
2023-11-28T22:11:58.992-05:00 DEBUG 27472 --- [           main] o.f.c.i.s.classpath.ClassPathScanner     : Found resource: db/migration/V10__add_authorities_about_user.sql
2023-11-28T22:11:58.992-05:00 DEBUG 27472 --- [           main] o.f.c.i.s.classpath.ClassPathScanner     : Found resource: db/migration/V1__create_users_and_authorities_table.sql
2023-11-28T22:11:58.992-05:00 DEBUG 27472 --- [           main] o.f.c.i.s.classpath.ClassPathScanner     : Found resource: db/migration/V2__create_accounts_table.sql
2023-11-28T22:11:58.992-05:00 DEBUG 27472 --- [           main] o.f.c.i.s.classpath.ClassPathScanner     : Found resource: db/migration/V3__create_expenses_and_incomes_table.sql
2023-11-28T22:11:58.992-05:00 DEBUG 27472 --- [           main] o.f.c.i.s.classpath.ClassPathScanner     : Found resource: db/migration/V4__create_scheduled_account_table.sql
2023-11-28T22:11:58.992-05:00 DEBUG 27472 --- [           main] o.f.c.i.s.classpath.ClassPathScanner     : Found resource: db/migration/V5__change_constraint_uinque_users_table.sql
2023-11-28T22:11:58.992-05:00 DEBUG 27472 --- [           main] o.f.c.i.s.classpath.ClassPathScanner     : Found resource: db/migration/V6__add_value_column_to_iconmes_expenses_table.sql
2023-11-28T22:11:58.992-05:00 DEBUG 27472 --- [           main] o.f.c.i.s.classpath.ClassPathScanner     : Found resource: db/migration/V7__active_uuid.sql
2023-11-28T22:11:58.992-05:00 DEBUG 27472 --- [           main] o.f.c.i.s.classpath.ClassPathScanner     : Found resource: db/migration/V8__alter_column_id_in_table_authorities.sql
2023-11-28T22:11:58.992-05:00 DEBUG 27472 --- [           main] o.f.c.i.s.classpath.ClassPathScanner     : Found resource: db/migration/V9__create_authorities.sql
2023-11-28T22:11:58.992-05:00 DEBUG 27472 --- [           main] o.f.c.i.s.classpath.ClassPathScanner     : Scanning for classes at classpath:db/migration
2023-11-28T22:11:58.992-05:00 DEBUG 27472 --- [           main] o.f.c.i.resource.ResourceNameValidator   : Validating V10__add_authorities_about_user.sql
2023-11-28T22:11:58.992-05:00 DEBUG 27472 --- [           main] o.f.c.i.resource.ResourceNameValidator   : Validating V4__create_scheduled_account_table.sql
2023-11-28T22:11:58.992-05:00 DEBUG 27472 --- [           main] o.f.c.i.resource.ResourceNameValidator   : Validating V8__alter_column_id_in_table_authorities.sql
2023-11-28T22:11:58.992-05:00 DEBUG 27472 --- [           main] o.f.c.i.resource.ResourceNameValidator   : Validating V1__create_users_and_authorities_table.sql
2023-11-28T22:11:58.992-05:00 DEBUG 27472 --- [           main] o.f.c.i.resource.ResourceNameValidator   : Validating V5__change_constraint_uinque_users_table.sql
2023-11-28T22:11:58.992-05:00 DEBUG 27472 --- [           main] o.f.c.i.resource.ResourceNameValidator   : Validating V6__add_value_column_to_iconmes_expenses_table.sql
2023-11-28T22:11:58.992-05:00 DEBUG 27472 --- [           main] o.f.c.i.resource.ResourceNameValidator   : Validating V7__active_uuid.sql
2023-11-28T22:11:58.992-05:00 DEBUG 27472 --- [           main] o.f.c.i.resource.ResourceNameValidator   : Validating V2__create_accounts_table.sql
2023-11-28T22:11:58.992-05:00 DEBUG 27472 --- [           main] o.f.c.i.resource.ResourceNameValidator   : Validating V9__create_authorities.sql
2023-11-28T22:11:58.992-05:00 DEBUG 27472 --- [           main] o.f.c.i.resource.ResourceNameValidator   : Validating V3__create_expenses_and_incomes_table.sql
2023-11-28T22:11:58.992-05:00 DEBUG 27472 --- [           main] com.zaxxer.hikari.HikariConfig           : cash_flow - configuration:
2023-11-28T22:11:58.992-05:00 DEBUG 27472 --- [           main] com.zaxxer.hikari.HikariConfig           : allowPoolSuspension.............false
2023-11-28T22:11:58.992-05:00 DEBUG 27472 --- [           main] com.zaxxer.hikari.HikariConfig           : autoCommit......................true
2023-11-28T22:11:58.993-05:00 DEBUG 27472 --- [           main] com.zaxxer.hikari.HikariConfig           : catalog.........................none
2023-11-28T22:11:58.993-05:00 DEBUG 27472 --- [           main] com.zaxxer.hikari.HikariConfig           : connectionInitSql...............none
2023-11-28T22:11:58.993-05:00 DEBUG 27472 --- [           main] com.zaxxer.hikari.HikariConfig           : connectionTestQuery.............none
2023-11-28T22:11:58.993-05:00 DEBUG 27472 --- [           main] com.zaxxer.hikari.HikariConfig           : connectionTimeout...............30000
2023-11-28T22:11:58.993-05:00 DEBUG 27472 --- [           main] com.zaxxer.hikari.HikariConfig           : dataSource......................none
2023-11-28T22:11:58.993-05:00 DEBUG 27472 --- [           main] com.zaxxer.hikari.HikariConfig           : dataSourceClassName.............none
2023-11-28T22:11:58.993-05:00 DEBUG 27472 --- [           main] com.zaxxer.hikari.HikariConfig           : dataSourceJNDI..................none
2023-11-28T22:11:58.993-05:00 DEBUG 27472 --- [           main] com.zaxxer.hikari.HikariConfig           : dataSourceProperties............{password=<masked>}
2023-11-28T22:11:58.993-05:00 DEBUG 27472 --- [           main] com.zaxxer.hikari.HikariConfig           : driverClassName................."org.postgresql.Driver"
2023-11-28T22:11:58.993-05:00 DEBUG 27472 --- [           main] com.zaxxer.hikari.HikariConfig           : exceptionOverrideClassName......none
2023-11-28T22:11:58.993-05:00 DEBUG 27472 --- [           main] com.zaxxer.hikari.HikariConfig           : healthCheckProperties...........{}
2023-11-28T22:11:58.993-05:00 DEBUG 27472 --- [           main] com.zaxxer.hikari.HikariConfig           : healthCheckRegistry.............none
2023-11-28T22:11:58.993-05:00 DEBUG 27472 --- [           main] com.zaxxer.hikari.HikariConfig           : idleTimeout.....................600000
2023-11-28T22:11:58.993-05:00 DEBUG 27472 --- [           main] com.zaxxer.hikari.HikariConfig           : initializationFailTimeout.......1
2023-11-28T22:11:58.993-05:00 DEBUG 27472 --- [           main] com.zaxxer.hikari.HikariConfig           : isolateInternalQueries..........false
2023-11-28T22:11:58.993-05:00 DEBUG 27472 --- [           main] com.zaxxer.hikari.HikariConfig           : jdbcUrl.........................jdbc:postgresql://localhost:5432/db_cash_flow
2023-11-28T22:11:58.993-05:00 DEBUG 27472 --- [           main] com.zaxxer.hikari.HikariConfig           : keepaliveTime...................0
2023-11-28T22:11:58.993-05:00 DEBUG 27472 --- [           main] com.zaxxer.hikari.HikariConfig           : leakDetectionThreshold..........0
2023-11-28T22:11:58.993-05:00 DEBUG 27472 --- [           main] com.zaxxer.hikari.HikariConfig           : maxLifetime.....................1800000
2023-11-28T22:11:58.993-05:00 DEBUG 27472 --- [           main] com.zaxxer.hikari.HikariConfig           : maximumPoolSize.................10
2023-11-28T22:11:58.993-05:00 DEBUG 27472 --- [           main] com.zaxxer.hikari.HikariConfig           : metricRegistry..................none
2023-11-28T22:11:58.993-05:00 DEBUG 27472 --- [           main] com.zaxxer.hikari.HikariConfig           : metricsTrackerFactory...........none
2023-11-28T22:11:58.993-05:00 DEBUG 27472 --- [           main] com.zaxxer.hikari.HikariConfig           : minimumIdle.....................10
2023-11-28T22:11:58.993-05:00 DEBUG 27472 --- [           main] com.zaxxer.hikari.HikariConfig           : password........................<masked>
2023-11-28T22:11:58.993-05:00 DEBUG 27472 --- [           main] com.zaxxer.hikari.HikariConfig           : poolName........................"cash_flow"
2023-11-28T22:11:58.993-05:00 DEBUG 27472 --- [           main] com.zaxxer.hikari.HikariConfig           : readOnly........................false
2023-11-28T22:11:58.993-05:00 DEBUG 27472 --- [           main] com.zaxxer.hikari.HikariConfig           : registerMbeans..................false
2023-11-28T22:11:58.993-05:00 DEBUG 27472 --- [           main] com.zaxxer.hikari.HikariConfig           : scheduledExecutor...............none
2023-11-28T22:11:58.993-05:00 DEBUG 27472 --- [           main] com.zaxxer.hikari.HikariConfig           : schema..........................none
2023-11-28T22:11:58.993-05:00 DEBUG 27472 --- [           main] com.zaxxer.hikari.HikariConfig           : threadFactory...................internal
2023-11-28T22:11:58.993-05:00 DEBUG 27472 --- [           main] com.zaxxer.hikari.HikariConfig           : transactionIsolation............default
2023-11-28T22:11:58.993-05:00 DEBUG 27472 --- [           main] com.zaxxer.hikari.HikariConfig           : username........................none
2023-11-28T22:11:58.993-05:00 DEBUG 27472 --- [           main] com.zaxxer.hikari.HikariConfig           : validationTimeout...............5000
2023-11-28T22:11:58.993-05:00  INFO 27472 --- [           main] com.zaxxer.hikari.HikariDataSource       : cash_flow - Starting...
2023-11-28T22:11:58.993-05:00 DEBUG 27472 --- [           main] org.postgresql.Driver                    : Connecting with URL: jdbc:postgresql://localhost:5432/db_cash_flow
2023-11-28T22:11:58.993-05:00 DEBUG 27472 --- [           main] org.postgresql.jdbc.PgConnection         : PostgreSQL JDBC Driver 42.5.4
2023-11-28T22:11:58.993-05:00 DEBUG 27472 --- [           main] org.postgresql.jdbc.PgConnection         :   setDefaultFetchSize = 0
2023-11-28T22:11:58.993-05:00 DEBUG 27472 --- [           main] org.postgresql.jdbc.PgConnection         :   setPrepareThreshold = 5
2023-11-28T22:11:58.993-05:00 DEBUG 27472 --- [           main] o.p.core.v3.ConnectionFactoryImpl        : Trying to establish a protocol version 3 connection to localhost:5432
2023-11-28T22:11:58.994-05:00 DEBUG 27472 --- [           main] o.p.core.v3.ConnectionFactoryImpl        : Receive Buffer Size is 408.300
2023-11-28T22:11:58.994-05:00 DEBUG 27472 --- [           main] o.p.core.v3.ConnectionFactoryImpl        : Send Buffer Size is 146.988
2023-11-28T22:11:59.015-05:00  INFO 27472 --- [           main] com.zaxxer.hikari.pool.HikariPool        : cash_flow - Added connection org.postgresql.jdbc.PgConnection@13e59265
2023-11-28T22:11:59.015-05:00  INFO 27472 --- [           main] com.zaxxer.hikari.HikariDataSource       : cash_flow - Start completed.
2023-11-28T22:11:59.016-05:00  INFO 27472 --- [           main] o.f.c.i.database.base.BaseDatabaseType   : Database: jdbc:postgresql://localhost:5432/db_cash_flow (PostgreSQL 14.9)
2023-11-28T22:11:59.016-05:00 DEBUG 27472 --- [           main] o.f.c.i.database.base.BaseDatabaseType   : Driver  : PostgreSQL JDBC Driver 42.5.4
2023-11-28T22:11:59.016-05:00 DEBUG 27472 --- [           main] org.flywaydb.core.FlywayExecutor         : DDL Transactions Supported: true
2023-11-28T22:11:59.016-05:00 DEBUG 27472 --- [           main] o.f.c.i.s.SchemaHistoryFactory           : Schemas: 
2023-11-28T22:11:59.016-05:00 DEBUG 27472 --- [           main] o.f.c.i.s.SchemaHistoryFactory           : Default schema: null
2023-11-28T22:11:59.017-05:00 DEBUG 27472 --- [           main] o.f.c.i.c.SqlScriptCallbackFactory       : Scanning for SQL callbacks ...
2023-11-28T22:11:59.018-05:00 DEBUG 27472 --- [           main] o.f.core.internal.command.DbValidate     : Validating migrations ...
2023-11-28T22:11:59.018-05:00 DEBUG 27472 --- [           main] org.postgresql.jdbc.PgConnection         :   setAutoCommit = false
2023-11-28T22:11:59.020-05:00 DEBUG 27472 --- [           main] o.f.core.internal.scanner.Scanner        : Filtering out resource: db/migration/V10__add_authorities_about_user.sql (filename: V10__add_authorities_about_user.sql)
2023-11-28T22:11:59.020-05:00 DEBUG 27472 --- [           main] o.f.core.internal.scanner.Scanner        : Filtering out resource: db/migration/V4__create_scheduled_account_table.sql (filename: V4__create_scheduled_account_table.sql)
2023-11-28T22:11:59.020-05:00 DEBUG 27472 --- [           main] o.f.core.internal.scanner.Scanner        : Filtering out resource: db/migration/V8__alter_column_id_in_table_authorities.sql (filename: V8__alter_column_id_in_table_authorities.sql)
2023-11-28T22:11:59.020-05:00 DEBUG 27472 --- [           main] o.f.core.internal.scanner.Scanner        : Filtering out resource: db/migration/V1__create_users_and_authorities_table.sql (filename: V1__create_users_and_authorities_table.sql)
2023-11-28T22:11:59.020-05:00 DEBUG 27472 --- [           main] o.f.core.internal.scanner.Scanner        : Filtering out resource: db/migration/V5__change_constraint_uinque_users_table.sql (filename: V5__change_constraint_uinque_users_table.sql)
2023-11-28T22:11:59.020-05:00 DEBUG 27472 --- [           main] o.f.core.internal.scanner.Scanner        : Filtering out resource: db/migration/V6__add_value_column_to_iconmes_expenses_table.sql (filename: V6__add_value_column_to_iconmes_expenses_table.sql)
2023-11-28T22:11:59.020-05:00 DEBUG 27472 --- [           main] o.f.core.internal.scanner.Scanner        : Filtering out resource: db/migration/V7__active_uuid.sql (filename: V7__active_uuid.sql)
2023-11-28T22:11:59.020-05:00 DEBUG 27472 --- [           main] o.f.core.internal.scanner.Scanner        : Filtering out resource: db/migration/V2__create_accounts_table.sql (filename: V2__create_accounts_table.sql)
2023-11-28T22:11:59.020-05:00 DEBUG 27472 --- [           main] o.f.core.internal.scanner.Scanner        : Filtering out resource: db/migration/V9__create_authorities.sql (filename: V9__create_authorities.sql)
2023-11-28T22:11:59.020-05:00 DEBUG 27472 --- [           main] o.f.core.internal.scanner.Scanner        : Filtering out resource: db/migration/V3__create_expenses_and_incomes_table.sql (filename: V3__create_expenses_and_incomes_table.sql)
2023-11-28T22:11:59.023-05:00 DEBUG 27472 --- [           main] org.postgresql.jdbc.PgConnection         :   setAutoCommit = true
2023-11-28T22:11:59.023-05:00  INFO 27472 --- [           main] o.f.core.internal.command.DbValidate     : Successfully validated 10 migrations (execution time 00:00.004s)
2023-11-28T22:11:59.023-05:00 DEBUG 27472 --- [           main] org.postgresql.jdbc.PgConnection         :   setAutoCommit = false
2023-11-28T22:11:59.023-05:00 DEBUG 27472 --- [           main] o.f.core.internal.command.DbSchemas      : Skipping creation of existing schema: "public"
2023-11-28T22:11:59.023-05:00 DEBUG 27472 --- [           main] org.postgresql.jdbc.PgConnection         :   setAutoCommit = true
2023-11-28T22:11:59.024-05:00 DEBUG 27472 --- [onnection adder] org.postgresql.Driver                    : Connecting with URL: jdbc:postgresql://localhost:5432/db_cash_flow
2023-11-28T22:11:59.024-05:00 DEBUG 27472 --- [onnection adder] org.postgresql.jdbc.PgConnection         : PostgreSQL JDBC Driver 42.5.4
2023-11-28T22:11:59.025-05:00 DEBUG 27472 --- [onnection adder] org.postgresql.jdbc.PgConnection         :   setDefaultFetchSize = 0
2023-11-28T22:11:59.025-05:00 DEBUG 27472 --- [onnection adder] org.postgresql.jdbc.PgConnection         :   setPrepareThreshold = 5
2023-11-28T22:11:59.025-05:00 DEBUG 27472 --- [onnection adder] o.p.core.v3.ConnectionFactoryImpl        : Trying to establish a protocol version 3 connection to localhost:5432
2023-11-28T22:11:59.025-05:00 DEBUG 27472 --- [onnection adder] o.p.core.v3.ConnectionFactoryImpl        : Receive Buffer Size is 408.300
2023-11-28T22:11:59.025-05:00 DEBUG 27472 --- [onnection adder] o.p.core.v3.ConnectionFactoryImpl        : Send Buffer Size is 146.988
2023-11-28T22:11:59.029-05:00 DEBUG 27472 --- [onnection adder] com.zaxxer.hikari.pool.HikariPool        : cash_flow - Added connection org.postgresql.jdbc.PgConnection@4c9297ad
2023-11-28T22:11:59.030-05:00 DEBUG 27472 --- [           main] org.postgresql.jdbc.PgConnection         :   setAutoCommit = false
2023-11-28T22:11:59.031-05:00  INFO 27472 --- [           main] o.f.core.internal.command.DbMigrate      : Current version of schema "public": 10
2023-11-28T22:11:59.031-05:00 DEBUG 27472 --- [           main] org.postgresql.jdbc.PgConnection         :   setAutoCommit = true
2023-11-28T22:11:59.032-05:00  INFO 27472 --- [           main] o.f.core.internal.command.DbMigrate      : Schema "public" is up to date. No migration necessary.
2023-11-28T22:11:59.032-05:00 DEBUG 27472 --- [           main] org.postgresql.jdbc.PgConnection         :   setAutoCommit = false
2023-11-28T22:11:59.032-05:00 DEBUG 27472 --- [           main] org.postgresql.jdbc.PgConnection         :   setAutoCommit = true
2023-11-28T22:11:59.033-05:00 DEBUG 27472 --- [           main] org.postgresql.jdbc.PgConnection         :   setAutoCommit = false
2023-11-28T22:11:59.033-05:00 DEBUG 27472 --- [           main] org.postgresql.jdbc.PgConnection         :   setAutoCommit = true
2023-11-28T22:11:59.033-05:00 DEBUG 27472 --- [           main] org.flywaydb.core.FlywayExecutor         : Memory usage: 75 of 124M
2023-11-28T22:11:59.033-05:00 DEBUG 27472 --- [           main] o.s.b.f.s.DefaultListableBeanFactory     : Creating shared instance of singleton bean 'dataSourceScriptDatabaseInitializer'
2023-11-28T22:11:59.033-05:00 DEBUG 27472 --- [           main] o.s.b.f.s.DefaultListableBeanFactory     : Creating shared instance of singleton bean 'org.springframework.boot.autoconfigure.sql.init.DataSourceInitializationConfiguration'
2023-11-28T22:11:59.034-05:00 DEBUG 27472 --- [           main] o.s.b.f.s.DefaultListableBeanFactory     : Creating shared instance of singleton bean 'spring.sql.init-org.springframework.boot.autoconfigure.sql.init.SqlInitializationProperties'
2023-11-28T22:11:59.035-05:00 DEBUG 27472 --- [           main] o.s.b.f.s.DefaultListableBeanFactory     : Autowiring by type from bean name 'dataSourceScriptDatabaseInitializer' via factory method to bean named 'dataSource'
2023-11-28T22:11:59.035-05:00 DEBUG 27472 --- [           main] o.s.b.f.s.DefaultListableBeanFactory     : Autowiring by type from bean name 'dataSourceScriptDatabaseInitializer' via factory method to bean named 'spring.sql.init-org.springframework.boot.autoconfigure.sql.init.SqlInitializationProperties'
2023-11-28T22:11:59.035-05:00 DEBUG 27472 --- [           main] o.s.b.f.s.DefaultListableBeanFactory     : Creating shared instance of singleton bean 'entityManagerFactory'
2023-11-28T22:11:59.035-05:00 DEBUG 27472 --- [           main] o.s.b.f.s.DefaultListableBeanFactory     : Creating shared instance of singleton bean 'org.springframework.boot.autoconfigure.orm.jpa.HibernateJpaConfiguration'
2023-11-28T22:11:59.035-05:00 DEBUG 27472 --- [           main] o.s.b.f.s.DefaultListableBeanFactory     : Creating shared instance of singleton bean 'spring.jpa-org.springframework.boot.autoconfigure.orm.jpa.JpaProperties'
2023-11-28T22:11:59.036-05:00 DEBUG 27472 --- [           main] o.s.b.f.s.DefaultListableBeanFactory     : Creating shared instance of singleton bean 'spring.jpa.hibernate-org.springframework.boot.autoconfigure.orm.jpa.HibernateProperties'
2023-11-28T22:11:59.037-05:00 DEBUG 27472 --- [           main] o.s.b.f.s.DefaultListableBeanFactory     : Autowiring by type from bean name 'org.springframework.boot.autoconfigure.orm.jpa.HibernateJpaConfiguration' via constructor to bean named 'dataSource'
2023-11-28T22:11:59.037-05:00 DEBUG 27472 --- [           main] o.s.b.f.s.DefaultListableBeanFactory     : Autowiring by type from bean name 'org.springframework.boot.autoconfigure.orm.jpa.HibernateJpaConfiguration' via constructor to bean named 'spring.jpa-org.springframework.boot.autoconfigure.orm.jpa.JpaProperties'
2023-11-28T22:11:59.037-05:00 DEBUG 27472 --- [           main] o.s.b.f.s.DefaultListableBeanFactory     : Autowiring by type from bean name 'org.springframework.boot.autoconfigure.orm.jpa.HibernateJpaConfiguration' via constructor to bean named 'org.springframework.beans.factory.support.DefaultListableBeanFactory@4ef69c53'
2023-11-28T22:11:59.037-05:00 DEBUG 27472 --- [           main] o.s.b.f.s.DefaultListableBeanFactory     : Autowiring by type from bean name 'org.springframework.boot.autoconfigure.orm.jpa.HibernateJpaConfiguration' via constructor to bean named 'spring.jpa.hibernate-org.springframework.boot.autoconfigure.orm.jpa.HibernateProperties'
2023-11-28T22:11:59.037-05:00 DEBUG 27472 --- [           main] o.s.b.f.s.DefaultListableBeanFactory     : Creating shared instance of singleton bean 'hikariPoolDataSourceMetadataProvider'
2023-11-28T22:11:59.037-05:00 DEBUG 27472 --- [           main] o.s.b.f.s.DefaultListableBeanFactory     : Creating shared instance of singleton bean 'org.springframework.boot.autoconfigure.jdbc.metadata.DataSourcePoolMetadataProvidersConfiguration$HikariPoolDataSourceMetadataProviderConfiguration'
2023-11-28T22:11:59.037-05:00 DEBUG 27472 --- [           main] o.s.b.f.s.DefaultListableBeanFactory     : Creating shared instance of singleton bean 'entityManagerFactoryBuilder'
2023-11-28T22:11:59.037-05:00 DEBUG 27472 --- [           main] o.s.b.f.s.DefaultListableBeanFactory     : Creating shared instance of singleton bean 'jpaVendorAdapter'
2023-11-28T22:11:59.038-05:00 DEBUG 27472 --- [           main] o.s.b.f.s.DefaultListableBeanFactory     : Autowiring by type from bean name 'entityManagerFactoryBuilder' via factory method to bean named 'jpaVendorAdapter'
2023-11-28T22:11:59.038-05:00 DEBUG 27472 --- [           main] o.s.b.f.s.DefaultListableBeanFactory     : Creating shared instance of singleton bean 'persistenceManagedTypes'
2023-11-28T22:11:59.038-05:00 DEBUG 27472 --- [           main] o.s.b.f.s.DefaultListableBeanFactory     : Autowiring by type from bean name 'persistenceManagedTypes' via factory method to bean named 'org.springframework.beans.factory.support.DefaultListableBeanFactory@4ef69c53'
2023-11-28T22:11:59.038-05:00 DEBUG 27472 --- [           main] o.s.b.f.s.DefaultListableBeanFactory     : Autowiring by type from bean name 'persistenceManagedTypes' via factory method to bean named 'org.springframework.context.annotation.AnnotationConfigApplicationContext@5a1e47d3'
2023-11-28T22:11:59.040-05:00 DEBUG 27472 --- [           main] o.s.b.f.s.DefaultListableBeanFactory     : Autowiring by type from bean name 'entityManagerFactory' via factory method to bean named 'entityManagerFactoryBuilder'
2023-11-28T22:11:59.040-05:00 DEBUG 27472 --- [           main] o.s.b.f.s.DefaultListableBeanFactory     : Autowiring by type from bean name 'entityManagerFactory' via factory method to bean named 'persistenceManagedTypes'
2023-11-28T22:11:59.040-05:00 DEBUG 27472 --- [           main] j.LocalContainerEntityManagerFactoryBean : Building JPA container EntityManagerFactory for persistence unit 'default'
2023-11-28T22:11:59.041-05:00 DEBUG 27472 --- [           main] o.hibernate.jpa.internal.util.LogHelper  : PersistenceUnitInfo [
	name: default
	persistence provider classname: null
	classloader: jdk.internal.loader.ClassLoaders$AppClassLoader@7e32c033
	excludeUnlistedClasses: true
	JTA datasource: null
	Non JTA datasource: HikariDataSource (cash_flow)
	Transaction type: RESOURCE_LOCAL
	PU root URL: file:/Users/andres_nino/Documents/Trabajo/Aprendizaje/spring%20boot/cash-flow-app/api-cash-flow/target/test-classes/
	Shared Cache Mode: UNSPECIFIED
	Validation Mode: AUTO
	Jar files URLs []
	Managed classes names [
		com.cash_flow_app.apicashflow.entities_repositories_and_services.base.account.Account
		com.cash_flow_app.apicashflow.entities_repositories_and_services.base.authority.Authority
		com.cash_flow_app.apicashflow.entities_repositories_and_services.base.income_expense.IncomeExpense
		com.cash_flow_app.apicashflow.entities_repositories_and_services.base.income_expense.ScheduledAccount
		com.cash_flow_app.apicashflow.entities_repositories_and_services.base.user.User]
	Mapping files names []
	Properties []
2023-11-28T22:11:59.041-05:00 DEBUG 27472 --- [           main] o.h.i.internal.IntegratorServiceImpl     : Adding Integrator [org.hibernate.cfg.beanvalidation.BeanValidationIntegrator].
2023-11-28T22:11:59.041-05:00 DEBUG 27472 --- [           main] o.h.i.internal.IntegratorServiceImpl     : Adding Integrator [org.hibernate.cache.internal.CollectionCacheInvalidator].
2023-11-28T22:11:59.041-05:00 DEBUG 27472 --- [           main] org.hibernate.orm.idgen.factory          : Registering IdentifierGenerator strategy [uuid2] -> [org.hibernate.id.UUIDGenerator]
2023-11-28T22:11:59.041-05:00 DEBUG 27472 --- [           main] org.hibernate.orm.idgen.factory          : Registering IdentifierGenerator strategy [guid] -> [org.hibernate.id.GUIDGenerator]
2023-11-28T22:11:59.041-05:00 DEBUG 27472 --- [           main] org.hibernate.orm.idgen.factory          : Registering IdentifierGenerator strategy [uuid] -> [org.hibernate.id.UUIDHexGenerator]
2023-11-28T22:11:59.041-05:00 DEBUG 27472 --- [           main] org.hibernate.orm.idgen.factory          : Registering IdentifierGenerator strategy [uuid.hex] -> [org.hibernate.id.UUIDHexGenerator]
2023-11-28T22:11:59.041-05:00 DEBUG 27472 --- [           main] org.hibernate.orm.idgen.factory          : Registering IdentifierGenerator strategy [assigned] -> [org.hibernate.id.Assigned]
2023-11-28T22:11:59.041-05:00 DEBUG 27472 --- [           main] org.hibernate.orm.idgen.factory          : Registering IdentifierGenerator strategy [identity] -> [org.hibernate.id.IdentityGenerator]
2023-11-28T22:11:59.041-05:00 DEBUG 27472 --- [           main] org.hibernate.orm.idgen.factory          : Registering IdentifierGenerator strategy [select] -> [org.hibernate.id.SelectGenerator]
2023-11-28T22:11:59.041-05:00 DEBUG 27472 --- [           main] org.hibernate.orm.idgen.factory          : Registering IdentifierGenerator strategy [sequence] -> [org.hibernate.id.enhanced.SequenceStyleGenerator]
2023-11-28T22:11:59.041-05:00 DEBUG 27472 --- [           main] org.hibernate.orm.idgen.factory          : Registering IdentifierGenerator strategy [increment] -> [org.hibernate.id.IncrementGenerator]
2023-11-28T22:11:59.041-05:00 DEBUG 27472 --- [           main] org.hibernate.orm.idgen.factory          : Registering IdentifierGenerator strategy [foreign] -> [org.hibernate.id.ForeignGenerator]
2023-11-28T22:11:59.041-05:00 DEBUG 27472 --- [           main] org.hibernate.orm.idgen.factory          : Registering IdentifierGenerator strategy [enhanced-sequence] -> [org.hibernate.id.enhanced.SequenceStyleGenerator]
2023-11-28T22:11:59.041-05:00 DEBUG 27472 --- [           main] org.hibernate.orm.idgen.factory          : Registering IdentifierGenerator strategy [enhanced-table] -> [org.hibernate.id.enhanced.TableGenerator]
2023-11-28T22:11:59.041-05:00 DEBUG 27472 --- [           main] o.h.c.internal.RegionFactoryInitiator    : Cannot default RegionFactory based on registered strategies as `[]` RegionFactory strategies were registered
2023-11-28T22:11:59.041-05:00 DEBUG 27472 --- [           main] o.h.c.internal.RegionFactoryInitiator    : Cache region factory : org.hibernate.cache.internal.NoCachingRegionFactory
2023-11-28T22:11:59.042-05:00 DEBUG 27472 --- [           main] o.h.t.d.jdbc.spi.JdbcTypeRegistry        : addDescriptor(FloatTypeDescriptor) replaced previous registration(DoubleTypeDescriptor)
2023-11-28T22:11:59.042-05:00 DEBUG 27472 --- [           main] org.hibernate.type.BasicTypeRegistry     : Adding type registration boolean -> org.hibernate.type.BasicTypeReference@4d290757
2023-11-28T22:11:59.042-05:00 DEBUG 27472 --- [           main] org.hibernate.type.BasicTypeRegistry     : Adding type registration boolean -> org.hibernate.type.BasicTypeReference@4d290757
2023-11-28T22:11:59.042-05:00 DEBUG 27472 --- [           main] org.hibernate.type.BasicTypeRegistry     : Adding type registration java.lang.Boolean -> org.hibernate.type.BasicTypeReference@4d290757
2023-11-28T22:11:59.042-05:00 DEBUG 27472 --- [           main] org.hibernate.type.BasicTypeRegistry     : Adding type registration numeric_boolean -> org.hibernate.type.BasicTypeReference@720a1fd0
2023-11-28T22:11:59.042-05:00 DEBUG 27472 --- [           main] org.hibernate.type.BasicTypeRegistry     : Adding type registration org.hibernate.type.NumericBooleanConverter -> org.hibernate.type.BasicTypeReference@720a1fd0
2023-11-28T22:11:59.042-05:00 DEBUG 27472 --- [           main] org.hibernate.type.BasicTypeRegistry     : Adding type registration true_false -> org.hibernate.type.BasicTypeReference@5ab7ac02
2023-11-28T22:11:59.042-05:00 DEBUG 27472 --- [           main] org.hibernate.type.BasicTypeRegistry     : Adding type registration org.hibernate.type.TrueFalseConverter -> org.hibernate.type.BasicTypeReference@5ab7ac02
2023-11-28T22:11:59.042-05:00 DEBUG 27472 --- [           main] org.hibernate.type.BasicTypeRegistry     : Adding type registration yes_no -> org.hibernate.type.BasicTypeReference@4abbe41c
2023-11-28T22:11:59.042-05:00 DEBUG 27472 --- [           main] org.hibernate.type.BasicTypeRegistry     : Adding type registration org.hibernate.type.YesNoConverter -> org.hibernate.type.BasicTypeReference@4abbe41c
2023-11-28T22:11:59.042-05:00 DEBUG 27472 --- [           main] org.hibernate.type.BasicTypeRegistry     : Adding type registration byte -> org.hibernate.type.BasicTypeReference@4fad51a3
2023-11-28T22:11:59.042-05:00 DEBUG 27472 --- [           main] org.hibernate.type.BasicTypeRegistry     : Adding type registration byte -> org.hibernate.type.BasicTypeReference@4fad51a3
2023-11-28T22:11:59.042-05:00 DEBUG 27472 --- [           main] org.hibernate.type.BasicTypeRegistry     : Adding type registration java.lang.Byte -> org.hibernate.type.BasicTypeReference@4fad51a3
2023-11-28T22:11:59.042-05:00 DEBUG 27472 --- [           main] org.hibernate.type.BasicTypeRegistry     : Adding type registration binary -> org.hibernate.type.BasicTypeReference@6d7b2319
2023-11-28T22:11:59.042-05:00 DEBUG 27472 --- [           main] org.hibernate.type.BasicTypeRegistry     : Adding type registration byte[] -> org.hibernate.type.BasicTypeReference@6d7b2319
2023-11-28T22:11:59.042-05:00 DEBUG 27472 --- [           main] org.hibernate.type.BasicTypeRegistry     : Adding type registration [B -> org.hibernate.type.BasicTypeReference@6d7b2319
2023-11-28T22:11:59.042-05:00 DEBUG 27472 --- [           main] org.hibernate.type.BasicTypeRegistry     : Adding type registration binary_wrapper -> org.hibernate.type.BasicTypeReference@acb5508
2023-11-28T22:11:59.042-05:00 DEBUG 27472 --- [           main] org.hibernate.type.BasicTypeRegistry     : Adding type registration wrapper-binary -> org.hibernate.type.BasicTypeReference@acb5508
2023-11-28T22:11:59.042-05:00 DEBUG 27472 --- [           main] org.hibernate.type.BasicTypeRegistry     : Adding type registration Byte[] -> org.hibernate.type.BasicTypeReference@acb5508
2023-11-28T22:11:59.042-05:00 DEBUG 27472 --- [           main] org.hibernate.type.BasicTypeRegistry     : Adding type registration [Ljava.lang.Byte; -> org.hibernate.type.BasicTypeReference@acb5508
2023-11-28T22:11:59.042-05:00 DEBUG 27472 --- [           main] org.hibernate.type.BasicTypeRegistry     : Adding type registration image -> org.hibernate.type.BasicTypeReference@1f45db49
2023-11-28T22:11:59.042-05:00 DEBUG 27472 --- [           main] org.hibernate.type.BasicTypeRegistry     : Adding type registration blob -> org.hibernate.type.BasicTypeReference@3ac0a14b
2023-11-28T22:11:59.042-05:00 DEBUG 27472 --- [           main] org.hibernate.type.BasicTypeRegistry     : Adding type registration java.sql.Blob -> org.hibernate.type.BasicTypeReference@3ac0a14b
2023-11-28T22:11:59.042-05:00 DEBUG 27472 --- [           main] org.hibernate.type.BasicTypeRegistry     : Adding type registration materialized_blob -> org.hibernate.type.BasicTypeReference@e972ee1
2023-11-28T22:11:59.042-05:00 DEBUG 27472 --- [           main] org.hibernate.type.BasicTypeRegistry     : Adding type registration materialized_blob_wrapper -> org.hibernate.type.BasicTypeReference@5e24592e
2023-11-28T22:11:59.042-05:00 DEBUG 27472 --- [           main] org.hibernate.type.BasicTypeRegistry     : Adding type registration short -> org.hibernate.type.BasicTypeReference@6f0a4e30
2023-11-28T22:11:59.042-05:00 DEBUG 27472 --- [           main] org.hibernate.type.BasicTypeRegistry     : Adding type registration short -> org.hibernate.type.BasicTypeReference@6f0a4e30
2023-11-28T22:11:59.042-05:00 DEBUG 27472 --- [           main] org.hibernate.type.BasicTypeRegistry     : Adding type registration java.lang.Short -> org.hibernate.type.BasicTypeReference@6f0a4e30
2023-11-28T22:11:59.042-05:00 DEBUG 27472 --- [           main] org.hibernate.type.BasicTypeRegistry     : Adding type registration integer -> org.hibernate.type.BasicTypeReference@50ff7063
2023-11-28T22:11:59.042-05:00 DEBUG 27472 --- [           main] org.hibernate.type.BasicTypeRegistry     : Adding type registration int -> org.hibernate.type.BasicTypeReference@50ff7063
2023-11-28T22:11:59.042-05:00 DEBUG 27472 --- [           main] org.hibernate.type.BasicTypeRegistry     : Adding type registration java.lang.Integer -> org.hibernate.type.BasicTypeReference@50ff7063
2023-11-28T22:11:59.042-05:00 DEBUG 27472 --- [           main] org.hibernate.type.BasicTypeRegistry     : Adding type registration long -> org.hibernate.type.BasicTypeReference@67a8bcbb
2023-11-28T22:11:59.042-05:00 DEBUG 27472 --- [           main] org.hibernate.type.BasicTypeRegistry     : Adding type registration long -> org.hibernate.type.BasicTypeReference@67a8bcbb
2023-11-28T22:11:59.042-05:00 DEBUG 27472 --- [           main] org.hibernate.type.BasicTypeRegistry     : Adding type registration java.lang.Long -> org.hibernate.type.BasicTypeReference@67a8bcbb
2023-11-28T22:11:59.042-05:00 DEBUG 27472 --- [           main] org.hibernate.type.BasicTypeRegistry     : Adding type registration float -> org.hibernate.type.BasicTypeReference@1bb96449
2023-11-28T22:11:59.042-05:00 DEBUG 27472 --- [           main] org.hibernate.type.BasicTypeRegistry     : Adding type registration float -> org.hibernate.type.BasicTypeReference@1bb96449
2023-11-28T22:11:59.042-05:00 DEBUG 27472 --- [           main] org.hibernate.type.BasicTypeRegistry     : Adding type registration java.lang.Float -> org.hibernate.type.BasicTypeReference@1bb96449
2023-11-28T22:11:59.042-05:00 DEBUG 27472 --- [           main] org.hibernate.type.BasicTypeRegistry     : Adding type registration double -> org.hibernate.type.BasicTypeReference@26ffd2c0
2023-11-28T22:11:59.042-05:00 DEBUG 27472 --- [           main] org.hibernate.type.BasicTypeRegistry     : Adding type registration double -> org.hibernate.type.BasicTypeReference@26ffd2c0
2023-11-28T22:11:59.042-05:00 DEBUG 27472 --- [           main] org.hibernate.type.BasicTypeRegistry     : Adding type registration java.lang.Double -> org.hibernate.type.BasicTypeReference@26ffd2c0
2023-11-28T22:11:59.042-05:00 DEBUG 27472 --- [           main] org.hibernate.type.BasicTypeRegistry     : Adding type registration big_integer -> org.hibernate.type.BasicTypeReference@d28c214
2023-11-28T22:11:59.042-05:00 DEBUG 27472 --- [           main] org.hibernate.type.BasicTypeRegistry     : Adding type registration java.math.BigInteger -> org.hibernate.type.BasicTypeReference@d28c214
2023-11-28T22:11:59.042-05:00 DEBUG 27472 --- [           main] org.hibernate.type.BasicTypeRegistry     : Adding type registration big_decimal -> org.hibernate.type.BasicTypeReference@2fc7fa6e
2023-11-28T22:11:59.042-05:00 DEBUG 27472 --- [           main] org.hibernate.type.BasicTypeRegistry     : Adding type registration java.math.BigDecimal -> org.hibernate.type.BasicTypeReference@2fc7fa6e
2023-11-28T22:11:59.042-05:00 DEBUG 27472 --- [           main] org.hibernate.type.BasicTypeRegistry     : Adding type registration character -> org.hibernate.type.BasicTypeReference@7f8c48f3
2023-11-28T22:11:59.042-05:00 DEBUG 27472 --- [           main] org.hibernate.type.BasicTypeRegistry     : Adding type registration char -> org.hibernate.type.BasicTypeReference@7f8c48f3
2023-11-28T22:11:59.042-05:00 DEBUG 27472 --- [           main] org.hibernate.type.BasicTypeRegistry     : Adding type registration java.lang.Character -> org.hibernate.type.BasicTypeReference@7f8c48f3
2023-11-28T22:11:59.042-05:00 DEBUG 27472 --- [           main] org.hibernate.type.BasicTypeRegistry     : Adding type registration character_nchar -> org.hibernate.type.BasicTypeReference@273dec10
2023-11-28T22:11:59.042-05:00 DEBUG 27472 --- [           main] org.hibernate.type.BasicTypeRegistry     : Adding type registration string -> org.hibernate.type.BasicTypeReference@6cceb281
2023-11-28T22:11:59.042-05:00 DEBUG 27472 --- [           main] org.hibernate.type.BasicTypeRegistry     : Adding type registration java.lang.String -> org.hibernate.type.BasicTypeReference@6cceb281
2023-11-28T22:11:59.042-05:00 DEBUG 27472 --- [           main] org.hibernate.type.BasicTypeRegistry     : Adding type registration nstring -> org.hibernate.type.BasicTypeReference@7cca31fc
2023-11-28T22:11:59.042-05:00 DEBUG 27472 --- [           main] org.hibernate.type.BasicTypeRegistry     : Adding type registration characters -> org.hibernate.type.BasicTypeReference@619c3546
2023-11-28T22:11:59.042-05:00 DEBUG 27472 --- [           main] org.hibernate.type.BasicTypeRegistry     : Adding type registration char[] -> org.hibernate.type.BasicTypeReference@619c3546
2023-11-28T22:11:59.042-05:00 DEBUG 27472 --- [           main] org.hibernate.type.BasicTypeRegistry     : Adding type registration [C -> org.hibernate.type.BasicTypeReference@619c3546
2023-11-28T22:11:59.042-05:00 DEBUG 27472 --- [           main] org.hibernate.type.BasicTypeRegistry     : Adding type registration wrapper-characters -> org.hibernate.type.BasicTypeReference@29090809
2023-11-28T22:11:59.042-05:00 DEBUG 27472 --- [           main] org.hibernate.type.BasicTypeRegistry     : Adding type registration [Ljava.lang.Character; -> org.hibernate.type.BasicTypeReference@29090809
2023-11-28T22:11:59.042-05:00 DEBUG 27472 --- [           main] org.hibernate.type.BasicTypeRegistry     : Adding type registration Character[] -> org.hibernate.type.BasicTypeReference@29090809
2023-11-28T22:11:59.042-05:00 DEBUG 27472 --- [           main] org.hibernate.type.BasicTypeRegistry     : Adding type registration text -> org.hibernate.type.BasicTypeReference@30cafd13
2023-11-28T22:11:59.042-05:00 DEBUG 27472 --- [           main] org.hibernate.type.BasicTypeRegistry     : Adding type registration ntext -> org.hibernate.type.BasicTypeReference@1d226f27
2023-11-28T22:11:59.042-05:00 DEBUG 27472 --- [           main] org.hibernate.type.BasicTypeRegistry     : Adding type registration clob -> org.hibernate.type.BasicTypeReference@1d944fc0
2023-11-28T22:11:59.042-05:00 DEBUG 27472 --- [           main] org.hibernate.type.BasicTypeRegistry     : Adding type registration java.sql.Clob -> org.hibernate.type.BasicTypeReference@1d944fc0
2023-11-28T22:11:59.042-05:00 DEBUG 27472 --- [           main] org.hibernate.type.BasicTypeRegistry     : Adding type registration nclob -> org.hibernate.type.BasicTypeReference@7c3c453b
2023-11-28T22:11:59.042-05:00 DEBUG 27472 --- [           main] org.hibernate.type.BasicTypeRegistry     : Adding type registration java.sql.NClob -> org.hibernate.type.BasicTypeReference@7c3c453b
2023-11-28T22:11:59.042-05:00 DEBUG 27472 --- [           main] org.hibernate.type.BasicTypeRegistry     : Adding type registration materialized_clob -> org.hibernate.type.BasicTypeReference@1b791dca
2023-11-28T22:11:59.042-05:00 DEBUG 27472 --- [           main] org.hibernate.type.BasicTypeRegistry     : Adding type registration materialized_clob_char_array -> org.hibernate.type.BasicTypeReference@15ac02d5
2023-11-28T22:11:59.042-05:00 DEBUG 27472 --- [           main] org.hibernate.type.BasicTypeRegistry     : Adding type registration materialized_clob_character_array -> org.hibernate.type.BasicTypeReference@2af9a5ef
2023-11-28T22:11:59.042-05:00 DEBUG 27472 --- [           main] org.hibernate.type.BasicTypeRegistry     : Adding type registration materialized_nclob -> org.hibernate.type.BasicTypeReference@34f23816
2023-11-28T22:11:59.042-05:00 DEBUG 27472 --- [           main] org.hibernate.type.BasicTypeRegistry     : Adding type registration materialized_nclob_character_array -> org.hibernate.type.BasicTypeReference@6736f40f
2023-11-28T22:11:59.042-05:00 DEBUG 27472 --- [           main] org.hibernate.type.BasicTypeRegistry     : Adding type registration materialized_nclob_char_array -> org.hibernate.type.BasicTypeReference@12f9f896
2023-11-28T22:11:59.042-05:00 DEBUG 27472 --- [           main] org.hibernate.type.BasicTypeRegistry     : Adding type registration Duration -> org.hibernate.type.BasicTypeReference@7548e1fb
2023-11-28T22:11:59.042-05:00 DEBUG 27472 --- [           main] org.hibernate.type.BasicTypeRegistry     : Adding type registration java.time.Duration -> org.hibernate.type.BasicTypeReference@7548e1fb
2023-11-28T22:11:59.042-05:00 DEBUG 27472 --- [           main] org.hibernate.type.BasicTypeRegistry     : Adding type registration LocalDateTime -> org.hibernate.type.BasicTypeReference@505f45cc
2023-11-28T22:11:59.042-05:00 DEBUG 27472 --- [           main] org.hibernate.type.BasicTypeRegistry     : Adding type registration java.time.LocalDateTime -> org.hibernate.type.BasicTypeReference@505f45cc
2023-11-28T22:11:59.042-05:00 DEBUG 27472 --- [           main] org.hibernate.type.BasicTypeRegistry     : Adding type registration LocalDate -> org.hibernate.type.BasicTypeReference@994544
2023-11-28T22:11:59.042-05:00 DEBUG 27472 --- [           main] org.hibernate.type.BasicTypeRegistry     : Adding type registration java.time.LocalDate -> org.hibernate.type.BasicTypeReference@994544
2023-11-28T22:11:59.042-05:00 DEBUG 27472 --- [           main] org.hibernate.type.BasicTypeRegistry     : Adding type registration LocalTime -> org.hibernate.type.BasicTypeReference@5df92089
2023-11-28T22:11:59.042-05:00 DEBUG 27472 --- [           main] org.hibernate.type.BasicTypeRegistry     : Adding type registration java.time.LocalTime -> org.hibernate.type.BasicTypeReference@5df92089
2023-11-28T22:11:59.042-05:00 DEBUG 27472 --- [           main] org.hibernate.type.BasicTypeRegistry     : Adding type registration OffsetDateTime -> org.hibernate.type.BasicTypeReference@6f0c45f4
2023-11-28T22:11:59.042-05:00 DEBUG 27472 --- [           main] org.hibernate.type.BasicTypeRegistry     : Adding type registration java.time.OffsetDateTime -> org.hibernate.type.BasicTypeReference@6f0c45f4
2023-11-28T22:11:59.042-05:00 DEBUG 27472 --- [           main] org.hibernate.type.BasicTypeRegistry     : Adding type registration OffsetDateTimeWithTimezone -> org.hibernate.type.BasicTypeReference@45571cfc
2023-11-28T22:11:59.042-05:00 DEBUG 27472 --- [           main] org.hibernate.type.BasicTypeRegistry     : Adding type registration OffsetDateTimeWithoutTimezone -> org.hibernate.type.BasicTypeReference@faec277
2023-11-28T22:11:59.042-05:00 DEBUG 27472 --- [           main] org.hibernate.type.BasicTypeRegistry     : Adding type registration OffsetTime -> org.hibernate.type.BasicTypeReference@1b475663
2023-11-28T22:11:59.042-05:00 DEBUG 27472 --- [           main] org.hibernate.type.BasicTypeRegistry     : Adding type registration java.time.OffsetTime -> org.hibernate.type.BasicTypeReference@1b475663
2023-11-28T22:11:59.042-05:00 DEBUG 27472 --- [           main] org.hibernate.type.BasicTypeRegistry     : Adding type registration ZonedDateTime -> org.hibernate.type.BasicTypeReference@1669931a
2023-11-28T22:11:59.042-05:00 DEBUG 27472 --- [onnection adder] org.postgresql.Driver                    : Connecting with URL: jdbc:postgresql://localhost:5432/db_cash_flow
2023-11-28T22:11:59.042-05:00 DEBUG 27472 --- [           main] org.hibernate.type.BasicTypeRegistry     : Adding type registration java.time.ZonedDateTime -> org.hibernate.type.BasicTypeReference@1669931a
2023-11-28T22:11:59.042-05:00 DEBUG 27472 --- [           main] org.hibernate.type.BasicTypeRegistry     : Adding type registration ZonedDateTimeWithTimezone -> org.hibernate.type.BasicTypeReference@6b24ddd7
2023-11-28T22:11:59.042-05:00 DEBUG 27472 --- [onnection adder] org.postgresql.jdbc.PgConnection         : PostgreSQL JDBC Driver 42.5.4
2023-11-28T22:11:59.042-05:00 DEBUG 27472 --- [           main] org.hibernate.type.BasicTypeRegistry     : Adding type registration ZonedDateTimeWithoutTimezone -> org.hibernate.type.BasicTypeReference@12e007be
2023-11-28T22:11:59.042-05:00 DEBUG 27472 --- [           main] org.hibernate.type.BasicTypeRegistry     : Adding type registration date -> org.hibernate.type.BasicTypeReference@3335afcf
2023-11-28T22:11:59.042-05:00 DEBUG 27472 --- [           main] org.hibernate.type.BasicTypeRegistry     : Adding type registration java.sql.Date -> org.hibernate.type.BasicTypeReference@3335afcf
2023-11-28T22:11:59.042-05:00 DEBUG 27472 --- [           main] org.hibernate.type.BasicTypeRegistry     : Adding type registration time -> org.hibernate.type.BasicTypeReference@699e0bf0
2023-11-28T22:11:59.042-05:00 DEBUG 27472 --- [           main] org.hibernate.type.BasicTypeRegistry     : Adding type registration java.sql.Time -> org.hibernate.type.BasicTypeReference@699e0bf0
2023-11-28T22:11:59.042-05:00 DEBUG 27472 --- [           main] org.hibernate.type.BasicTypeRegistry     : Adding type registration timestamp -> org.hibernate.type.BasicTypeReference@2499b971
2023-11-28T22:11:59.042-05:00 DEBUG 27472 --- [           main] org.hibernate.type.BasicTypeRegistry     : Adding type registration java.sql.Timestamp -> org.hibernate.type.BasicTypeReference@2499b971
2023-11-28T22:11:59.042-05:00 DEBUG 27472 --- [           main] org.hibernate.type.BasicTypeRegistry     : Adding type registration java.util.Date -> org.hibernate.type.BasicTypeReference@2499b971
2023-11-28T22:11:59.042-05:00 DEBUG 27472 --- [           main] org.hibernate.type.BasicTypeRegistry     : Adding type registration calendar -> org.hibernate.type.BasicTypeReference@36d697ab
2023-11-28T22:11:59.042-05:00 DEBUG 27472 --- [           main] org.hibernate.type.BasicTypeRegistry     : Adding type registration java.util.Calendar -> org.hibernate.type.BasicTypeReference@36d697ab
2023-11-28T22:11:59.042-05:00 DEBUG 27472 --- [           main] org.hibernate.type.BasicTypeRegistry     : Adding type registration java.util.GregorianCalendar -> org.hibernate.type.BasicTypeReference@36d697ab
2023-11-28T22:11:59.042-05:00 DEBUG 27472 --- [           main] org.hibernate.type.BasicTypeRegistry     : Adding type registration calendar_date -> org.hibernate.type.BasicTypeReference@28831d69
2023-11-28T22:11:59.042-05:00 DEBUG 27472 --- [onnection adder] org.postgresql.jdbc.PgConnection         :   setDefaultFetchSize = 0
2023-11-28T22:11:59.042-05:00 DEBUG 27472 --- [           main] org.hibernate.type.BasicTypeRegistry     : Adding type registration calendar_time -> org.hibernate.type.BasicTypeReference@315b4202
2023-11-28T22:11:59.042-05:00 DEBUG 27472 --- [           main] org.hibernate.type.BasicTypeRegistry     : Adding type registration instant -> org.hibernate.type.BasicTypeReference@58e03769
2023-11-28T22:11:59.042-05:00 DEBUG 27472 --- [           main] org.hibernate.type.BasicTypeRegistry     : Adding type registration java.time.Instant -> org.hibernate.type.BasicTypeReference@58e03769
2023-11-28T22:11:59.042-05:00 DEBUG 27472 --- [           main] org.hibernate.type.BasicTypeRegistry     : Adding type registration uuid -> org.hibernate.type.BasicTypeReference@5a899811
2023-11-28T22:11:59.042-05:00 DEBUG 27472 --- [onnection adder] org.postgresql.jdbc.PgConnection         :   setPrepareThreshold = 5
2023-11-28T22:11:59.042-05:00 DEBUG 27472 --- [           main] org.hibernate.type.BasicTypeRegistry     : Adding type registration java.util.UUID -> org.hibernate.type.BasicTypeReference@5a899811
2023-11-28T22:11:59.042-05:00 DEBUG 27472 --- [           main] org.hibernate.type.BasicTypeRegistry     : Adding type registration pg-uuid -> org.hibernate.type.BasicTypeReference@5a899811
2023-11-28T22:11:59.042-05:00 DEBUG 27472 --- [           main] org.hibernate.type.BasicTypeRegistry     : Adding type registration uuid-binary -> org.hibernate.type.BasicTypeReference@6a51ae7c
2023-11-28T22:11:59.042-05:00 DEBUG 27472 --- [           main] org.hibernate.type.BasicTypeRegistry     : Adding type registration uuid-char -> org.hibernate.type.BasicTypeReference@171aa66
2023-11-28T22:11:59.042-05:00 DEBUG 27472 --- [onnection adder] o.p.core.v3.ConnectionFactoryImpl        : Trying to establish a protocol version 3 connection to localhost:5432
2023-11-28T22:11:59.042-05:00 DEBUG 27472 --- [           main] org.hibernate.type.BasicTypeRegistry     : Adding type registration class -> org.hibernate.type.BasicTypeReference@58739e5e
2023-11-28T22:11:59.042-05:00 DEBUG 27472 --- [           main] org.hibernate.type.BasicTypeRegistry     : Adding type registration java.lang.Class -> org.hibernate.type.BasicTypeReference@58739e5e
2023-11-28T22:11:59.042-05:00 DEBUG 27472 --- [           main] org.hibernate.type.BasicTypeRegistry     : Adding type registration currency -> org.hibernate.type.BasicTypeReference@2969a9a6
2023-11-28T22:11:59.042-05:00 DEBUG 27472 --- [           main] org.hibernate.type.BasicTypeRegistry     : Adding type registration Currency -> org.hibernate.type.BasicTypeReference@2969a9a6
2023-11-28T22:11:59.042-05:00 DEBUG 27472 --- [           main] org.hibernate.type.BasicTypeRegistry     : Adding type registration java.util.Currency -> org.hibernate.type.BasicTypeReference@2969a9a6
2023-11-28T22:11:59.042-05:00 DEBUG 27472 --- [           main] org.hibernate.type.BasicTypeRegistry     : Adding type registration locale -> org.hibernate.type.BasicTypeReference@25470477
2023-11-28T22:11:59.042-05:00 DEBUG 27472 --- [           main] org.hibernate.type.BasicTypeRegistry     : Adding type registration java.util.Locale -> org.hibernate.type.BasicTypeReference@25470477
2023-11-28T22:11:59.042-05:00 DEBUG 27472 --- [           main] org.hibernate.type.BasicTypeRegistry     : Adding type registration serializable -> org.hibernate.type.BasicTypeReference@6182ffef
2023-11-28T22:11:59.042-05:00 DEBUG 27472 --- [           main] org.hibernate.type.BasicTypeRegistry     : Adding type registration java.io.Serializable -> org.hibernate.type.BasicTypeReference@6182ffef
2023-11-28T22:11:59.042-05:00 DEBUG 27472 --- [           main] org.hibernate.type.BasicTypeRegistry     : Adding type registration timezone -> org.hibernate.type.BasicTypeReference@49e479da
2023-11-28T22:11:59.042-05:00 DEBUG 27472 --- [           main] org.hibernate.type.BasicTypeRegistry     : Adding type registration java.util.TimeZone -> org.hibernate.type.BasicTypeReference@49e479da
2023-11-28T22:11:59.042-05:00 DEBUG 27472 --- [           main] org.hibernate.type.BasicTypeRegistry     : Adding type registration ZoneOffset -> org.hibernate.type.BasicTypeReference@2d24cdd9
2023-11-28T22:11:59.042-05:00 DEBUG 27472 --- [           main] org.hibernate.type.BasicTypeRegistry     : Adding type registration java.time.ZoneOffset -> org.hibernate.type.BasicTypeReference@2d24cdd9
2023-11-28T22:11:59.042-05:00 DEBUG 27472 --- [           main] org.hibernate.type.BasicTypeRegistry     : Adding type registration url -> org.hibernate.type.BasicTypeReference@30dd00b6
2023-11-28T22:11:59.042-05:00 DEBUG 27472 --- [           main] org.hibernate.type.BasicTypeRegistry     : Adding type registration java.net.URL -> org.hibernate.type.BasicTypeReference@30dd00b6
2023-11-28T22:11:59.042-05:00 DEBUG 27472 --- [           main] org.hibernate.type.BasicTypeRegistry     : Adding type registration row_version -> org.hibernate.type.BasicTypeReference@4656fcc5
2023-11-28T22:11:59.042-05:00 DEBUG 27472 --- [           main] org.hibernate.type.BasicTypeRegistry     : Adding type registration dbtimestamp -> org.hibernate.type.DbTimestampType@26994c6a
2023-11-28T22:11:59.042-05:00 DEBUG 27472 --- [           main] org.hibernate.type.BasicTypeRegistry     : Adding type registration dbtimestamp -> org.hibernate.type.DbTimestampType@26994c6a
2023-11-28T22:11:59.042-05:00 DEBUG 27472 --- [           main] org.hibernate.type.BasicTypeRegistry     : Adding type registration object -> org.hibernate.type.JavaObjectType@44b9c7c4
2023-11-28T22:11:59.042-05:00 DEBUG 27472 --- [           main] org.hibernate.type.BasicTypeRegistry     : Adding type registration java.lang.Object -> org.hibernate.type.JavaObjectType@44b9c7c4
2023-11-28T22:11:59.042-05:00 DEBUG 27472 --- [           main] org.hibernate.type.BasicTypeRegistry     : Adding type registration null -> org.hibernate.type.NullType@6eeb29c0
2023-11-28T22:11:59.042-05:00 DEBUG 27472 --- [           main] org.hibernate.type.BasicTypeRegistry     : Adding type registration imm_date -> org.hibernate.type.BasicTypeReference@3bfb81be
2023-11-28T22:11:59.042-05:00 DEBUG 27472 --- [           main] org.hibernate.type.BasicTypeRegistry     : Adding type registration imm_time -> org.hibernate.type.BasicTypeReference@4ee127c6
2023-11-28T22:11:59.042-05:00 DEBUG 27472 --- [           main] org.hibernate.type.BasicTypeRegistry     : Adding type registration imm_timestamp -> org.hibernate.type.BasicTypeReference@5e805a0d
2023-11-28T22:11:59.042-05:00 DEBUG 27472 --- [           main] org.hibernate.type.BasicTypeRegistry     : Adding type registration imm_calendar -> org.hibernate.type.BasicTypeReference@2bd89b8e
2023-11-28T22:11:59.042-05:00 DEBUG 27472 --- [           main] org.hibernate.type.BasicTypeRegistry     : Adding type registration imm_calendar_date -> org.hibernate.type.BasicTypeReference@4c49193a
2023-11-28T22:11:59.042-05:00 DEBUG 27472 --- [           main] org.hibernate.type.BasicTypeRegistry     : Adding type registration imm_calendar_time -> org.hibernate.type.BasicTypeReference@b51d862
2023-11-28T22:11:59.042-05:00 DEBUG 27472 --- [           main] org.hibernate.type.BasicTypeRegistry     : Adding type registration imm_binary -> org.hibernate.type.BasicTypeReference@575dab37
2023-11-28T22:11:59.042-05:00 DEBUG 27472 --- [           main] org.hibernate.type.BasicTypeRegistry     : Adding type registration imm_serializable -> org.hibernate.type.BasicTypeReference@38b65eb9
2023-11-28T22:11:59.042-05:00 DEBUG 27472 --- [onnection adder] o.p.core.v3.ConnectionFactoryImpl        : Receive Buffer Size is 408.300
2023-11-28T22:11:59.042-05:00 DEBUG 27472 --- [onnection adder] o.p.core.v3.ConnectionFactoryImpl        : Send Buffer Size is 146.988
2023-11-28T22:11:59.043-05:00 DEBUG 27472 --- [           main] o.h.boot.internal.BootstrapContextImpl   : Injecting JPA temp ClassLoader [org.springframework.instrument.classloading.SimpleThrowawayClassLoader@39a54d70] into BootstrapContext; was [null]
2023-11-28T22:11:59.043-05:00 DEBUG 27472 --- [           main] o.h.boot.internal.ClassLoaderAccessImpl  : ClassLoaderAccessImpl#injectTempClassLoader(org.springframework.instrument.classloading.SimpleThrowawayClassLoader@39a54d70) [was null]
2023-11-28T22:11:59.043-05:00 DEBUG 27472 --- [           main] o.h.boot.internal.BootstrapContextImpl   : Injecting ScanEnvironment [org.hibernate.jpa.boot.internal.StandardJpaScanEnvironmentImpl@39b5d60] into BootstrapContext; was [null]
2023-11-28T22:11:59.043-05:00 DEBUG 27472 --- [           main] o.h.boot.internal.BootstrapContextImpl   : Injecting ScanOptions [org.hibernate.boot.archive.scan.internal.StandardScanOptions@952883c] into BootstrapContext; was [org.hibernate.boot.archive.scan.internal.StandardScanOptions@254ed9ba]
2023-11-28T22:11:59.043-05:00 DEBUG 27472 --- [           main] o.h.boot.internal.BootstrapContextImpl   : Injecting JPA temp ClassLoader [null] into BootstrapContext; was [org.springframework.instrument.classloading.SimpleThrowawayClassLoader@39a54d70]
2023-11-28T22:11:59.043-05:00 DEBUG 27472 --- [           main] o.h.boot.internal.ClassLoaderAccessImpl  : ClassLoaderAccessImpl#injectTempClassLoader(null) [was org.springframework.instrument.classloading.SimpleThrowawayClassLoader@39a54d70]
2023-11-28T22:11:59.043-05:00 DEBUG 27472 --- [           main] o.h.e.j.e.i.JdbcEnvironmentInitiator     : Database ->
       name : PostgreSQL
    version : 14.9 (Homebrew)
      major : 14
      minor : 9
2023-11-28T22:11:59.043-05:00 DEBUG 27472 --- [           main] o.h.e.j.e.i.JdbcEnvironmentInitiator     : Driver ->
       name : PostgreSQL JDBC Driver
    version : 42.5.4
      major : 42
      minor : 5
2023-11-28T22:11:59.043-05:00 DEBUG 27472 --- [           main] o.h.e.j.e.i.JdbcEnvironmentInitiator     : JDBC version : 4.2
2023-11-28T22:11:59.046-05:00 DEBUG 27472 --- [onnection adder] com.zaxxer.hikari.pool.HikariPool        : cash_flow - Added connection org.postgresql.jdbc.PgConnection@4255604f
2023-11-28T22:11:59.049-05:00  INFO 27472 --- [           main] SQL dialect                              : HHH000400: Using dialect: org.hibernate.dialect.PostgreSQLDialect
2023-11-28T22:11:59.049-05:00 DEBUG 27472 --- [           main] o.h.e.j.env.spi.IdentifierHelperBuilder  : JDBC driver metadata reported database stores quoted identifiers in neither upper, lower nor mixed case
2023-11-28T22:11:59.050-05:00 DEBUG 27472 --- [           main] o.h.t.d.sql.spi.DdlTypeRegistry          : addDescriptor(6, org.hibernate.type.descriptor.sql.internal.CapacityDependentDdlType@3693deae) replaced previous registration(org.hibernate.type.descriptor.sql.internal.DdlTypeImpl@6f3af541)
2023-11-28T22:11:59.050-05:00 DEBUG 27472 --- [           main] o.h.t.d.jdbc.spi.JdbcTypeRegistry        : addDescriptor(2004, BlobTypeDescriptor(BLOB_BINDING)) replaced previous registration(BlobTypeDescriptor(DEFAULT))
2023-11-28T22:11:59.050-05:00 DEBUG 27472 --- [           main] o.h.t.d.jdbc.spi.JdbcTypeRegistry        : addDescriptor(2005, ClobTypeDescriptor(CLOB_BINDING)) replaced previous registration(ClobTypeDescriptor(DEFAULT))
2023-11-28T22:11:59.050-05:00 DEBUG 27472 --- [           main] o.h.t.d.jdbc.spi.JdbcTypeRegistry        : addDescriptor(3003, TimestampUtcDescriptor) replaced previous registration(TimestampUtcDescriptor)
2023-11-28T22:11:59.050-05:00 DEBUG 27472 --- [           main] org.hibernate.type.BasicTypeRegistry     : Adding type registration JAVA_OBJECT -> org.hibernate.type.JavaObjectType@723493f2
2023-11-28T22:11:59.050-05:00 DEBUG 27472 --- [           main] org.hibernate.type.BasicTypeRegistry     : Adding type registration java.lang.Object -> org.hibernate.type.JavaObjectType@723493f2
2023-11-28T22:11:59.050-05:00 DEBUG 27472 --- [           main] org.hibernate.type.BasicTypeRegistry     : Type registration key [java.lang.Object] overrode previous entry : `org.hibernate.type.JavaObjectType@44b9c7c4`
2023-11-28T22:11:59.050-05:00 DEBUG 27472 --- [           main] org.hibernate.type.BasicTypeRegistry     : Adding type registration org.hibernate.type.OffsetDateTimeType -> basicType@55(java.time.OffsetDateTime,93)
2023-11-28T22:11:59.050-05:00 DEBUG 27472 --- [           main] org.hibernate.type.BasicTypeRegistry     : Adding type registration OffsetDateTime -> basicType@55(java.time.OffsetDateTime,93)
2023-11-28T22:11:59.050-05:00 DEBUG 27472 --- [           main] org.hibernate.type.BasicTypeRegistry     : Adding type registration java.time.OffsetDateTime -> basicType@55(java.time.OffsetDateTime,93)
2023-11-28T22:11:59.050-05:00 DEBUG 27472 --- [           main] org.hibernate.type.BasicTypeRegistry     : Adding type registration org.hibernate.type.ZonedDateTimeType -> basicType@56(java.time.ZonedDateTime,93)
2023-11-28T22:11:59.050-05:00 DEBUG 27472 --- [           main] org.hibernate.type.BasicTypeRegistry     : Adding type registration ZonedDateTime -> basicType@56(java.time.ZonedDateTime,93)
2023-11-28T22:11:59.050-05:00 DEBUG 27472 --- [           main] org.hibernate.type.BasicTypeRegistry     : Adding type registration java.time.ZonedDateTime -> basicType@56(java.time.ZonedDateTime,93)
2023-11-28T22:11:59.050-05:00 DEBUG 27472 --- [           main] o.h.type.spi.TypeConfiguration$Scope     : Scoping TypeConfiguration [org.hibernate.type.spi.TypeConfiguration@21e40707] to MetadataBuildingContext [org.hibernate.boot.internal.MetadataBuildingContextRootImpl@92adb3b]
2023-11-28T22:11:59.051-05:00 DEBUG 27472 --- [           main] o.h.boot.model.relational.Namespace      : Created database namespace [logicalName=Name{catalog=null, schema=null}, physicalName=Name{catalog=null, schema=null}]
2023-11-28T22:11:59.051-05:00 DEBUG 27472 --- [           main] o.h.cfg.annotations.EntityBinder         : Binding entity from annotated class: com.cash_flow_app.apicashflow.entities_repositories_and_services.base.account.Account
2023-11-28T22:11:59.051-05:00 DEBUG 27472 --- [           main] org.hibernate.cfg.AnnotatedColumn        : Binding column: DiscriminatorColumn{logicalColumnName'DTYPE', discriminatorTypeName='string'}
[...]
2023-11-28T22:11:59.130-05:00 DEBUG 27472 --- [           main] t.c.t.TransactionalTestExecutionListener : Explicit transaction definition [PROPAGATION_REQUIRED,ISOLATION_DEFAULT] found for test class [com.cash_flow_app.apicashflow.service.AccountServiceTests] and test method [testDeleteAccount]
2023-11-28T22:11:59.130-05:00 DEBUG 27472 --- [           main] org.springframework.test.context.cache   : Spring test ApplicationContext cache statistics: [DefaultContextCache@8caffbd size = 4, maxSize = 32, parentContextCount = 0, hitCount = 491, missCount = 4]
2023-11-28T22:11:59.130-05:00 DEBUG 27472 --- [           main] t.c.t.TransactionalTestExecutionListener : No method-level @Rollback override: using default rollback [true] for test method [void com.cash_flow_app.apicashflow.service.AccountServiceTests.testDeleteAccount()]
2023-11-28T22:11:59.130-05:00 DEBUG 27472 --- [           main] o.s.orm.jpa.JpaTransactionManager        : Creating new transaction with name [com.cash_flow_app.apicashflow.service.AccountServiceTests.testDeleteAccount]: PROPAGATION_REQUIRED,ISOLATION_DEFAULT
2023-11-28T22:11:59.130-05:00 DEBUG 27472 --- [           main] o.s.orm.jpa.JpaTransactionManager        : Opened new EntityManager [SessionImpl(1490238813<open>)] for JPA transaction
2023-11-28T22:11:59.130-05:00 DEBUG 27472 --- [           main] o.h.e.t.internal.TransactionImpl         : On TransactionImpl creation, JpaCompliance#isJpaTransactionComplianceEnabled == false
2023-11-28T22:11:59.130-05:00 DEBUG 27472 --- [           main] o.h.e.t.internal.TransactionImpl         : begin
2023-11-28T22:11:59.130-05:00 DEBUG 27472 --- [           main] org.postgresql.jdbc.PgConnection         :   setAutoCommit = false
2023-11-28T22:11:59.130-05:00 DEBUG 27472 --- [           main] o.s.orm.jpa.JpaTransactionManager        : Exposing JPA transaction as JDBC [org.springframework.orm.jpa.vendor.HibernateJpaDialect$HibernateConnectionHandle@22d9558]
2023-11-28T22:11:59.131-05:00 DEBUG 27472 --- [           main] o.s.t.c.transaction.TransactionContext   : Began transaction (1) for test class [com.cash_flow_app.apicashflow.service.AccountServiceTests]; test method [testDeleteAccount]; transaction manager [org.springframework.orm.jpa.JpaTransactionManager@1e1424e9]; rollback [true]
2023-11-28T22:11:59.131-05:00 DEBUG 27472 --- [           main] org.springframework.test.context.cache   : Spring test ApplicationContext cache statistics: [DefaultContextCache@8caffbd size = 4, maxSize = 32, parentContextCount = 0, hitCount = 492, missCount = 4]
2023-11-28T22:11:59.131-05:00 DEBUG 27472 --- [           main] org.springframework.test.context.cache   : Spring test ApplicationContext cache statistics: [DefaultContextCache@8caffbd size = 4, maxSize = 32, parentContextCount = 0, hitCount = 493, missCount = 4]
2023-11-28T22:11:59.131-05:00 DEBUG 27472 --- [           main] org.springframework.test.context.cache   : Spring test ApplicationContext cache statistics: [DefaultContextCache@8caffbd size = 4, maxSize = 32, parentContextCount = 0, hitCount = 494, missCount = 4]
2023-11-28T22:11:59.131-05:00 DEBUG 27472 --- [           main] o.s.orm.jpa.JpaTransactionManager        : Found thread-bound EntityManager [SessionImpl(1490238813<open>)] for JPA transaction
2023-11-28T22:11:59.131-05:00 DEBUG 27472 --- [           main] o.s.orm.jpa.JpaTransactionManager        : Participating in existing transaction
2023-11-28T22:11:59.131-05:00 DEBUG 27472 --- [           main] o.h.j.internal.PersistenceUnitUtilImpl   : jakarta.persistence.PersistenceUnitUtil.getIdentifier is only intended to work with enhanced entities (although Hibernate also adapts this support to its proxies); however the passed entity was not enhanced (nor a proxy).. may not be able to read identifier
2023-11-28T22:11:59.131-05:00 DEBUG 27472 --- [           main] o.h.e.i.AbstractSaveEventListener        : Generated identifier: 91c68fce-3248-40fa-ad19-c2c0e52053aa, using strategy: org.hibernate.id.UUIDGenerator
2023-11-28T22:11:59.131-05:00 DEBUG 27472 --- [           main] o.s.orm.jpa.JpaTransactionManager        : Found thread-bound EntityManager [SessionImpl(1490238813<open>)] for JPA transaction
2023-11-28T22:11:59.131-05:00 DEBUG 27472 --- [           main] o.s.orm.jpa.JpaTransactionManager        : Participating in existing transaction
2023-11-28T22:11:59.131-05:00 DEBUG 27472 --- [           main] o.s.orm.jpa.JpaTransactionManager        : Participating transaction failed - marking existing transaction as rollback-only
2023-11-28T22:11:59.131-05:00 DEBUG 27472 --- [           main] o.s.orm.jpa.JpaTransactionManager        : Setting JPA transaction on EntityManager [SessionImpl(1490238813<open>)] rollback-only
2023-11-28T22:11:59.131-05:00 DEBUG 27472 --- [           main] cResourceLocalTransactionCoordinatorImpl : JDBC transaction marked for rollback-only (exception provided for stack trace)

java.lang.Exception: exception just for purpose of providing stack trace
	at org.hibernate.resource.transaction.backend.jdbc.internal.JdbcResourceLocalTransactionCoordinatorImpl$TransactionDriverControlImpl.markRollbackOnly(JdbcResourceLocalTransactionCoordinatorImpl.java:324) ~[hibernate-core-6.1.7.Final.jar:6.1.7.Final]
	at org.hibernate.engine.transaction.internal.TransactionImpl.markRollbackOnly(TransactionImpl.java:203) ~[hibernate-core-6.1.7.Final.jar:6.1.7.Final]
	at org.hibernate.engine.transaction.internal.TransactionImpl.setRollbackOnly(TransactionImpl.java:224) ~[hibernate-core-6.1.7.Final.jar:6.1.7.Final]
	at org.springframework.orm.jpa.JpaTransactionManager$JpaTransactionObject.setRollbackOnly(JpaTransactionManager.java:711) ~[spring-orm-6.0.8.jar:6.0.8]
	at org.springframework.orm.jpa.JpaTransactionManager.doSetRollbackOnly(JpaTransactionManager.java:610) ~[spring-orm-6.0.8.jar:6.0.8]
	at org.springframework.transaction.support.AbstractPlatformTransactionManager.processRollback(AbstractPlatformTransactionManager.java:844) ~[spring-tx-6.0.8.jar:6.0.8]
	at org.springframework.transaction.support.AbstractPlatformTransactionManager.rollback(AbstractPlatformTransactionManager.java:809) ~[spring-tx-6.0.8.jar:6.0.8]
	at org.springframework.transaction.interceptor.TransactionAspectSupport.completeTransactionAfterThrowing(TransactionAspectSupport.java:678) ~[spring-tx-6.0.8.jar:6.0.8]
	at org.springframework.transaction.interceptor.TransactionAspectSupport.invokeWithinTransaction(TransactionAspectSupport.java:395) ~[spring-tx-6.0.8.jar:6.0.8]
	at org.springframework.transaction.interceptor.TransactionInterceptor.invoke(TransactionInterceptor.java:119) ~[spring-tx-6.0.8.jar:6.0.8]
	at org.springframework.aop.framework.ReflectiveMethodInvocation.proceed(ReflectiveMethodInvocation.java:184) ~[spring-aop-6.0.8.jar:6.0.8]
	at org.springframework.aop.framework.CglibAopProxy$CglibMethodInvocation.proceed(CglibAopProxy.java:750) ~[spring-aop-6.0.8.jar:6.0.8]
	at org.springframework.aop.framework.CglibAopProxy$DynamicAdvisedInterceptor.intercept(CglibAopProxy.java:702) ~[spring-aop-6.0.8.jar:6.0.8]
	at com.cash_flow_app.apicashflow.entities_repositories_and_services.base.account.AccountService$$SpringCGLIB$$0.save(<generated>) ~[classes/:na]
	at com.cash_flow_app.apicashflow.service.AccountServiceTests.testDeleteAccount(AccountServiceTests.java:68) ~[test-classes/:na]
	at java.base/jdk.internal.reflect.DirectMethodHandleAccessor.invoke(DirectMethodHandleAccessor.java:104) ~[na:na]
	at java.base/java.lang.reflect.Method.invoke(Method.java:578) ~[na:na]
	at org.junit.platform.commons.util.ReflectionUtils.invokeMethod(ReflectionUtils.java:727) ~[junit-platform-commons-1.9.2.jar:1.9.2]
	at org.junit.jupiter.engine.execution.MethodInvocation.proceed(MethodInvocation.java:60) ~[junit-jupiter-engine-5.9.2.jar:5.9.2]
	at org.junit.jupiter.engine.execution.InvocationInterceptorChain$ValidatingInvocation.proceed(InvocationInterceptorChain.java:131) ~[junit-jupiter-engine-5.9.2.jar:5.9.2]
	at org.junit.jupiter.engine.extension.TimeoutExtension.intercept(TimeoutExtension.java:156) ~[junit-jupiter-engine-5.9.2.jar:5.9.2]
	at org.junit.jupiter.engine.extension.TimeoutExtension.interceptTestableMethod(TimeoutExtension.java:147) ~[junit-jupiter-engine-5.9.2.jar:5.9.2]
	at org.junit.jupiter.engine.extension.TimeoutExtension.interceptTestMethod(TimeoutExtension.java:86) ~[junit-jupiter-engine-5.9.2.jar:5.9.2]
	at org.junit.jupiter.engine.execution.InterceptingExecutableInvoker$ReflectiveInterceptorCall.lambda$ofVoidMethod$0(InterceptingExecutableInvoker.java:103) ~[junit-jupiter-engine-5.9.2.jar:5.9.2]
	at org.junit.jupiter.engine.execution.InterceptingExecutableInvoker.lambda$invoke$0(InterceptingExecutableInvoker.java:93) ~[junit-jupiter-engine-5.9.2.jar:5.9.2]
	at org.junit.jupiter.engine.execution.InvocationInterceptorChain$InterceptedInvocation.proceed(InvocationInterceptorChain.java:106) ~[junit-jupiter-engine-5.9.2.jar:5.9.2]
	at org.junit.jupiter.engine.execution.InvocationInterceptorChain.proceed(InvocationInterceptorChain.java:64) ~[junit-jupiter-engine-5.9.2.jar:5.9.2]
	at org.junit.jupiter.engine.execution.InvocationInterceptorChain.chainAndInvoke(InvocationInterceptorChain.java:45) ~[junit-jupiter-engine-5.9.2.jar:5.9.2]
	at org.junit.jupiter.engine.execution.InvocationInterceptorChain.invoke(InvocationInterceptorChain.java:37) ~[junit-jupiter-engine-5.9.2.jar:5.9.2]
	at org.junit.jupiter.engine.execution.InterceptingExecutableInvoker.invoke(InterceptingExecutableInvoker.java:92) ~[junit-jupiter-engine-5.9.2.jar:5.9.2]
	at org.junit.jupiter.engine.execution.InterceptingExecutableInvoker.invoke(InterceptingExecutableInvoker.java:86) ~[junit-jupiter-engine-5.9.2.jar:5.9.2]
	at org.junit.jupiter.engine.descriptor.TestMethodTestDescriptor.lambda$invokeTestMethod$7(TestMethodTestDescriptor.java:217) ~[junit-jupiter-engine-5.9.2.jar:5.9.2]
	at org.junit.platform.engine.support.hierarchical.ThrowableCollector.execute(ThrowableCollector.java:73) ~[junit-platform-engine-1.9.2.jar:1.9.2]
	at org.junit.jupiter.engine.descriptor.TestMethodTestDescriptor.invokeTestMethod(TestMethodTestDescriptor.java:213) ~[junit-jupiter-engine-5.9.2.jar:5.9.2]
	at org.junit.jupiter.engine.descriptor.TestMethodTestDescriptor.execute(TestMethodTestDescriptor.java:138) ~[junit-jupiter-engine-5.9.2.jar:5.9.2]
	at org.junit.jupiter.engine.descriptor.TestMethodTestDescriptor.execute(TestMethodTestDescriptor.java:68) ~[junit-jupiter-engine-5.9.2.jar:5.9.2]
	at org.junit.platform.engine.support.hierarchical.NodeTestTask.lambda$executeRecursively$6(NodeTestTask.java:151) ~[junit-platform-engine-1.9.2.jar:1.9.2]
	at org.junit.platform.engine.support.hierarchical.ThrowableCollector.execute(ThrowableCollector.java:73) ~[junit-platform-engine-1.9.2.jar:1.9.2]
	at org.junit.platform.engine.support.hierarchical.NodeTestTask.lambda$executeRecursively$8(NodeTestTask.java:141) ~[junit-platform-engine-1.9.2.jar:1.9.2]
	at org.junit.platform.engine.support.hierarchical.Node.around(Node.java:137) ~[junit-platform-engine-1.9.2.jar:1.9.2]
	at org.junit.platform.engine.support.hierarchical.NodeTestTask.lambda$executeRecursively$9(NodeTestTask.java:139) ~[junit-platform-engine-1.9.2.jar:1.9.2]
	at org.junit.platform.engine.support.hierarchical.ThrowableCollector.execute(ThrowableCollector.java:73) ~[junit-platform-engine-1.9.2.jar:1.9.2]
	at org.junit.platform.engine.support.hierarchical.NodeTestTask.executeRecursively(NodeTestTask.java:138) ~[junit-platform-engine-1.9.2.jar:1.9.2]
	at org.junit.platform.engine.support.hierarchical.NodeTestTask.execute(NodeTestTask.java:95) ~[junit-platform-engine-1.9.2.jar:1.9.2]
	at java.base/java.util.ArrayList.forEach(ArrayList.java:1511) ~[na:na]
	at org.junit.platform.engine.support.hierarchical.SameThreadHierarchicalTestExecutorService.invokeAll(SameThreadHierarchicalTestExecutorService.java:41) ~[junit-platform-engine-1.9.2.jar:1.9.2]
	at org.junit.platform.engine.support.hierarchical.NodeTestTask.lambda$executeRecursively$6(NodeTestTask.java:155) ~[junit-platform-engine-1.9.2.jar:1.9.2]
	at org.junit.platform.engine.support.hierarchical.ThrowableCollector.execute(ThrowableCollector.java:73) ~[junit-platform-engine-1.9.2.jar:1.9.2]
	at org.junit.platform.engine.support.hierarchical.NodeTestTask.lambda$executeRecursively$8(NodeTestTask.java:141) ~[junit-platform-engine-1.9.2.jar:1.9.2]
	at org.junit.platform.engine.support.hierarchical.Node.around(Node.java:137) ~[junit-platform-engine-1.9.2.jar:1.9.2]
	at org.junit.platform.engine.support.hierarchical.NodeTestTask.lambda$executeRecursively$9(NodeTestTask.java:139) ~[junit-platform-engine-1.9.2.jar:1.9.2]
	at org.junit.platform.engine.support.hierarchical.ThrowableCollector.execute(ThrowableCollector.java:73) ~[junit-platform-engine-1.9.2.jar:1.9.2]
	at org.junit.platform.engine.support.hierarchical.NodeTestTask.executeRecursively(NodeTestTask.java:138) ~[junit-platform-engine-1.9.2.jar:1.9.2]
	at org.junit.platform.engine.support.hierarchical.NodeTestTask.execute(NodeTestTask.java:95) ~[junit-platform-engine-1.9.2.jar:1.9.2]
	at java.base/java.util.ArrayList.forEach(ArrayList.java:1511) ~[na:na]
	at org.junit.platform.engine.support.hierarchical.SameThreadHierarchicalTestExecutorService.invokeAll(SameThreadHierarchicalTestExecutorService.java:41) ~[junit-platform-engine-1.9.2.jar:1.9.2]
	at org.junit.platform.engine.support.hierarchical.NodeTestTask.lambda$executeRecursively$6(NodeTestTask.java:155) ~[junit-platform-engine-1.9.2.jar:1.9.2]
	at org.junit.platform.engine.support.hierarchical.ThrowableCollector.execute(ThrowableCollector.java:73) ~[junit-platform-engine-1.9.2.jar:1.9.2]
	at org.junit.platform.engine.support.hierarchical.NodeTestTask.lambda$executeRecursively$8(NodeTestTask.java:141) ~[junit-platform-engine-1.9.2.jar:1.9.2]
	at org.junit.platform.engine.support.hierarchical.Node.around(Node.java:137) ~[junit-platform-engine-1.9.2.jar:1.9.2]
	at org.junit.platform.engine.support.hierarchical.NodeTestTask.lambda$executeRecursively$9(NodeTestTask.java:139) ~[junit-platform-engine-1.9.2.jar:1.9.2]
	at org.junit.platform.engine.support.hierarchical.ThrowableCollector.execute(ThrowableCollector.java:73) ~[junit-platform-engine-1.9.2.jar:1.9.2]
	at org.junit.platform.engine.support.hierarchical.NodeTestTask.executeRecursively(NodeTestTask.java:138) ~[junit-platform-engine-1.9.2.jar:1.9.2]
	at org.junit.platform.engine.support.hierarchical.NodeTestTask.execute(NodeTestTask.java:95) ~[junit-platform-engine-1.9.2.jar:1.9.2]
	at org.junit.platform.engine.support.hierarchical.SameThreadHierarchicalTestExecutorService.submit(SameThreadHierarchicalTestExecutorService.java:35) ~[junit-platform-engine-1.9.2.jar:1.9.2]
	at org.junit.platform.engine.support.hierarchical.HierarchicalTestExecutor.execute(HierarchicalTestExecutor.java:57) ~[junit-platform-engine-1.9.2.jar:1.9.2]
	at org.junit.platform.engine.support.hierarchical.HierarchicalTestEngine.execute(HierarchicalTestEngine.java:54) ~[junit-platform-engine-1.9.2.jar:1.9.2]
	at org.junit.platform.launcher.core.DefaultLauncher.execute(DefaultLauncher.java:220) ~[junit-platform-launcher-1.3.1.jar:1.3.1]
	at org.junit.platform.launcher.core.DefaultLauncher.lambda$execute$6(DefaultLauncher.java:188) ~[junit-platform-launcher-1.3.1.jar:1.3.1]
	at org.junit.platform.launcher.core.DefaultLauncher.withInterceptedStreams(DefaultLauncher.java:202) ~[junit-platform-launcher-1.3.1.jar:1.3.1]
	at org.junit.platform.launcher.core.DefaultLauncher.execute(DefaultLauncher.java:181) ~[junit-platform-launcher-1.3.1.jar:1.3.1]
	at org.junit.platform.launcher.core.DefaultLauncher.execute(DefaultLauncher.java:128) ~[junit-platform-launcher-1.3.1.jar:1.3.1]
	at org.apache.maven.surefire.junitplatform.JUnitPlatformProvider.invokeAllTests(JUnitPlatformProvider.java:150) ~[surefire-junit-platform-2.22.2.jar:2.22.2]
	at org.apache.maven.surefire.junitplatform.JUnitPlatformProvider.invoke(JUnitPlatformProvider.java:124) ~[surefire-junit-platform-2.22.2.jar:2.22.2]
	at org.apache.maven.surefire.booter.ForkedBooter.invokeProviderInSameClassLoader(ForkedBooter.java:384) ~[surefire-booter-2.22.2.jar:2.22.2]
	at org.apache.maven.surefire.booter.ForkedBooter.runSuitesInProcess(ForkedBooter.java:345) ~[surefire-booter-2.22.2.jar:2.22.2]
	at org.apache.maven.surefire.booter.ForkedBooter.execute(ForkedBooter.java:126) ~[surefire-booter-2.22.2.jar:2.22.2]
	at org.apache.maven.surefire.booter.ForkedBooter.main(ForkedBooter.java:418) ~[surefire-booter-2.22.2.jar:2.22.2]

2023-11-28T22:11:59.131-05:00 DEBUG 27472 --- [           main] org.springframework.test.context.cache   : Spring test ApplicationContext cache statistics: [DefaultContextCache@8caffbd size = 4, maxSize = 32, parentContextCount = 0, hitCount = 495, missCount = 4]
2023-11-28T22:11:59.131-05:00 DEBUG 27472 --- [           main] org.springframework.test.context.cache   : Spring test ApplicationContext cache statistics: [DefaultContextCache@8caffbd size = 4, maxSize = 32, parentContextCount = 0, hitCount = 496, missCount = 4]
2023-11-28T22:11:59.131-05:00 DEBUG 27472 --- [           main] org.springframework.test.context.cache   : Spring test ApplicationContext cache statistics: [DefaultContextCache@8caffbd size = 4, maxSize = 32, parentContextCount = 0, hitCount = 497, missCount = 4]
2023-11-28T22:11:59.132-05:00 DEBUG 27472 --- [           main] org.springframework.test.context.cache   : Spring test ApplicationContext cache statistics: [DefaultContextCache@8caffbd size = 4, maxSize = 32, parentContextCount = 0, hitCount = 498, missCount = 4]
2023-11-28T22:11:59.132-05:00 DEBUG 27472 --- [           main] org.springframework.test.context.cache   : Spring test ApplicationContext cache statistics: [DefaultContextCache@8caffbd size = 4, maxSize = 32, parentContextCount = 0, hitCount = 499, missCount = 4]
2023-11-28T22:11:59.132-05:00 DEBUG 27472 --- [           main] org.springframework.test.context.cache   : Spring test ApplicationContext cache statistics: [DefaultContextCache@8caffbd size = 4, maxSize = 32, parentContextCount = 0, hitCount = 500, missCount = 4]
2023-11-28T22:11:59.132-05:00 DEBUG 27472 --- [           main] org.springframework.test.context.cache   : Spring test ApplicationContext cache statistics: [DefaultContextCache@8caffbd size = 4, maxSize = 32, parentContextCount = 0, hitCount = 501, missCount = 4]
2023-11-28T22:11:59.132-05:00 DEBUG 27472 --- [           main] o.s.orm.jpa.JpaTransactionManager        : Initiating transaction rollback
2023-11-28T22:11:59.132-05:00 DEBUG 27472 --- [           main] o.s.orm.jpa.JpaTransactionManager        : Rolling back JPA transaction on EntityManager [SessionImpl(1490238813<open>)]
2023-11-28T22:11:59.132-05:00 DEBUG 27472 --- [           main] o.h.e.t.internal.TransactionImpl         : rolling back
2023-11-28T22:11:59.132-05:00 DEBUG 27472 --- [           main] org.postgresql.jdbc.PgConnection         : Rollback requested but no transaction in progress
2023-11-28T22:11:59.132-05:00 DEBUG 27472 --- [           main] org.postgresql.jdbc.PgConnection         :   setAutoCommit = true
2023-11-28T22:11:59.132-05:00 DEBUG 27472 --- [           main] o.s.orm.jpa.JpaTransactionManager        : Closing JPA EntityManager [SessionImpl(1490238813<open>)] after transaction
2023-11-28T22:11:59.132-05:00 DEBUG 27472 --- [           main] o.s.t.c.transaction.TransactionContext   : Rolled back transaction (1) for test class [com.cash_flow_app.apicashflow.service.AccountServiceTests]; test method [testDeleteAccount]
2023-11-28T22:11:59.132-05:00 DEBUG 27472 --- [           main] tractDirtiesContextTestExecutionListener : After test method: class [AccountServiceTests], method [testDeleteAccount], class annotated with @DirtiesContext [false] with mode [null], method annotated with @DirtiesContext [false] with mode [null]
]]></system-out>
  </testcase>
</testsuite>