<?xml version="1.0" encoding="UTF-8"?>
<testsuite xmlns:xsi="http://www.w3.org/2001/XMLSchema-instance" xsi:noNamespaceSchemaLocation="https://maven.apache.org/surefire/maven-surefire-plugin/xsd/surefire-test-report.xsd" name="com.cash_flow_app.apicashflow.service.IncomeExpenseServiceTest" time="0.015" tests="8" errors="8" skipped="0" failures="0">
  <properties>
[...]
</properties>
  <testcase name="getIncomeExpense" classname="com.cash_flow_app.apicashflow.service.IncomeExpenseServiceTest" time="0.002">
    <error message="Cannot invoke &quot;org.springframework.security.core.Authentication.getPrincipal()&quot; because the return value of &quot;org.springframework.security.core.context.SecurityContext.getAuthentication()&quot; is null" type="java.lang.NullPointerException">java.lang.NullPointerException: Cannot invoke "org.springframework.security.core.Authentication.getPrincipal()" because the return value of "org.springframework.security.core.context.SecurityContext.getAuthentication()" is null
	at com.cash_flow_app.apicashflow.service.IncomeExpenseServiceTest.setup(IncomeExpenseServiceTest.java:60)
</error>
    <system-out><![CDATA[2023-11-28T22:11:59.541-05:00 DEBUG 27472 --- [           main] .b.t.c.SpringBootTestContextBootstrapper : Neither @ContextConfiguration nor @ContextHierarchy found for test class [IncomeExpenseServiceTest]: using SpringBootContextLoader
2023-11-28T22:11:59.541-05:00 DEBUG 27472 --- [           main] o.s.t.c.support.AbstractContextLoader    : Could not detect default resource locations for test class [com.cash_flow_app.apicashflow.service.IncomeExpenseServiceTest]: no resource found for suffixes {-context.xml, Context.groovy}.
2023-11-28T22:11:59.541-05:00  INFO 27472 --- [           main] t.c.s.AnnotationConfigContextLoaderUtils : Could not detect default configuration classes for test class [com.cash_flow_app.apicashflow.service.IncomeExpenseServiceTest]: IncomeExpenseServiceTest does not declare any static, non-private, non-final, nested classes annotated with @Configuration.
2023-11-28T22:11:59.542-05:00 DEBUG 27472 --- [           main] .b.t.c.SpringBootTestContextBootstrapper : Using ContextCustomizers for test class [IncomeExpenseServiceTest]: [ExcludeFilterContextCustomizer, DuplicateJsonObjectContextCustomizer, MockitoContextCustomizer, TestRestTemplateContextCustomizer, DisableObservabilityContextCustomizer, PropertyMappingContextCustomizer, Customizer]
2023-11-28T22:11:59.542-05:00  INFO 27472 --- [           main] .b.t.c.SpringBootTestContextBootstrapper : Found @SpringBootConfiguration com.cash_flow_app.apicashflow.ApiCashFlowApplication for test class com.cash_flow_app.apicashflow.service.IncomeExpenseServiceTest
2023-11-28T22:11:59.542-05:00 DEBUG 27472 --- [           main] .b.t.c.SpringBootTestContextBootstrapper : Using TestExecutionListeners for test class [IncomeExpenseServiceTest]: [ServletTestExecutionListener, DirtiesContextBeforeModesTestExecutionListener, ApplicationEventsTestExecutionListener, MockitoTestExecutionListener, DependencyInjectionTestExecutionListener, DirtiesContextTestExecutionListener, TransactionalTestExecutionListener, SqlScriptsTestExecutionListener, EventPublishingTestExecutionListener, WithSecurityContextTestExecutionListener, ReactorContextTestExecutionListener, ResetMocksTestExecutionListener, RestDocsTestExecutionListener, MockRestServiceServerResetTestExecutionListener, MockMvcPrintOnlyOnFailureTestExecutionListener, WebDriverTestExecutionListener, MockWebServiceServerTestExecutionListener]
2023-11-28T22:11:59.542-05:00 DEBUG 27472 --- [           main] tractDirtiesContextTestExecutionListener : Before test class: class [IncomeExpenseServiceTest], class annotated with @DirtiesContext [false] with mode [null]
2023-11-28T22:11:59.542-05:00 DEBUG 27472 --- [           main] org.springframework.test.context.cache   : Spring test ApplicationContext cache statistics: [DefaultContextCache@8caffbd size = 5, maxSize = 32, parentContextCount = 0, hitCount = 542, missCount = 5]
2023-11-28T22:11:59.543-05:00 DEBUG 27472 --- [           main] org.springframework.test.context.cache   : Spring test ApplicationContext cache statistics: [DefaultContextCache@8caffbd size = 5, maxSize = 32, parentContextCount = 0, hitCount = 543, missCount = 5]
2023-11-28T22:11:59.543-05:00 DEBUG 27472 --- [           main] o.s.t.c.w.ServletTestExecutionListener   : Setting up MockHttpServletRequest, MockHttpServletResponse, ServletWebRequest, and RequestContextHolder for test class com.cash_flow_app.apicashflow.service.IncomeExpenseServiceTest
2023-11-28T22:11:59.543-05:00 DEBUG 27472 --- [           main] DependencyInjectionTestExecutionListener : Performing dependency injection for test class com.cash_flow_app.apicashflow.service.IncomeExpenseServiceTest
2023-11-28T22:11:59.543-05:00 DEBUG 27472 --- [           main] org.springframework.test.context.cache   : Spring test ApplicationContext cache statistics: [DefaultContextCache@8caffbd size = 5, maxSize = 32, parentContextCount = 0, hitCount = 544, missCount = 5]
2023-11-28T22:11:59.543-05:00 DEBUG 27472 --- [           main] org.springframework.test.context.cache   : Spring test ApplicationContext cache statistics: [DefaultContextCache@8caffbd size = 5, maxSize = 32, parentContextCount = 0, hitCount = 545, missCount = 5]
2023-11-28T22:11:59.543-05:00 DEBUG 27472 --- [           main] tractDirtiesContextTestExecutionListener : Before test method: class [IncomeExpenseServiceTest], method [getIncomeExpense], class annotated with @DirtiesContext [false] with mode [null], method annotated with @DirtiesContext [false] with mode [null]
2023-11-28T22:11:59.543-05:00 DEBUG 27472 --- [           main] t.c.t.TransactionalTestExecutionListener : Explicit transaction definition [PROPAGATION_REQUIRED,ISOLATION_DEFAULT] found for test class [com.cash_flow_app.apicashflow.service.IncomeExpenseServiceTest] and test method [getIncomeExpense]
2023-11-28T22:11:59.543-05:00 DEBUG 27472 --- [           main] org.springframework.test.context.cache   : Spring test ApplicationContext cache statistics: [DefaultContextCache@8caffbd size = 5, maxSize = 32, parentContextCount = 0, hitCount = 546, missCount = 5]
2023-11-28T22:11:59.543-05:00 DEBUG 27472 --- [           main] t.c.t.TransactionalTestExecutionListener : No method-level @Rollback override: using default rollback [true] for test method [void com.cash_flow_app.apicashflow.service.IncomeExpenseServiceTest.getIncomeExpense() throws java.io.IOException]
2023-11-28T22:11:59.543-05:00 DEBUG 27472 --- [           main] o.s.orm.jpa.JpaTransactionManager        : Creating new transaction with name [com.cash_flow_app.apicashflow.service.IncomeExpenseServiceTest.getIncomeExpense]: PROPAGATION_REQUIRED,ISOLATION_DEFAULT
2023-11-28T22:11:59.543-05:00 DEBUG 27472 --- [           main] o.s.orm.jpa.JpaTransactionManager        : Opened new EntityManager [SessionImpl(60642430<open>)] for JPA transaction
2023-11-28T22:11:59.543-05:00 DEBUG 27472 --- [           main] o.h.e.t.internal.TransactionImpl         : On TransactionImpl creation, JpaCompliance#isJpaTransactionComplianceEnabled == false
2023-11-28T22:11:59.543-05:00 DEBUG 27472 --- [           main] o.h.e.t.internal.TransactionImpl         : begin
2023-11-28T22:11:59.543-05:00 DEBUG 27472 --- [           main] org.postgresql.jdbc.PgConnection         :   setAutoCommit = false
2023-11-28T22:11:59.543-05:00 DEBUG 27472 --- [           main] o.s.orm.jpa.JpaTransactionManager        : Exposing JPA transaction as JDBC [org.springframework.orm.jpa.vendor.HibernateJpaDialect$HibernateConnectionHandle@66efaca]
2023-11-28T22:11:59.544-05:00 DEBUG 27472 --- [           main] o.s.t.c.transaction.TransactionContext   : Began transaction (1) for test class [com.cash_flow_app.apicashflow.service.IncomeExpenseServiceTest]; test method [getIncomeExpense]; transaction manager [org.springframework.orm.jpa.JpaTransactionManager@475454ae]; rollback [true]
2023-11-28T22:11:59.544-05:00 DEBUG 27472 --- [           main] org.springframework.test.context.cache   : Spring test ApplicationContext cache statistics: [DefaultContextCache@8caffbd size = 5, maxSize = 32, parentContextCount = 0, hitCount = 547, missCount = 5]
2023-11-28T22:11:59.544-05:00 DEBUG 27472 --- [           main] org.springframework.test.context.cache   : Spring test ApplicationContext cache statistics: [DefaultContextCache@8caffbd size = 5, maxSize = 32, parentContextCount = 0, hitCount = 548, missCount = 5]
2023-11-28T22:11:59.544-05:00 DEBUG 27472 --- [           main] o.s.orm.jpa.JpaTransactionManager        : Found thread-bound EntityManager [SessionImpl(60642430<open>)] for JPA transaction
2023-11-28T22:11:59.544-05:00 DEBUG 27472 --- [           main] o.s.orm.jpa.JpaTransactionManager        : Participating in existing transaction
2023-11-28T22:11:59.544-05:00 DEBUG 27472 --- [           main] o.h.j.internal.PersistenceUnitUtilImpl   : jakarta.persistence.PersistenceUnitUtil.getIdentifier is only intended to work with enhanced entities (although Hibernate also adapts this support to its proxies); however the passed entity was not enhanced (nor a proxy).. may not be able to read identifier
2023-11-28T22:11:59.544-05:00 DEBUG 27472 --- [           main] o.h.e.i.AbstractSaveEventListener        : Generated identifier: e43895c3-3c5b-4d3f-884d-cd5f0422249e, using strategy: org.hibernate.id.UUIDGenerator
2023-11-28T22:11:59.544-05:00 DEBUG 27472 --- [           main] o.s.orm.jpa.JpaTransactionManager        : Found thread-bound EntityManager [SessionImpl(60642430<open>)] for JPA transaction
2023-11-28T22:11:59.544-05:00 DEBUG 27472 --- [           main] o.s.orm.jpa.JpaTransactionManager        : Participating in existing transaction
2023-11-28T22:11:59.544-05:00 DEBUG 27472 --- [           main] o.s.orm.jpa.JpaTransactionManager        : Participating transaction failed - marking existing transaction as rollback-only
2023-11-28T22:11:59.544-05:00 DEBUG 27472 --- [           main] o.s.orm.jpa.JpaTransactionManager        : Setting JPA transaction on EntityManager [SessionImpl(60642430<open>)] rollback-only
2023-11-28T22:11:59.544-05:00 DEBUG 27472 --- [           main] cResourceLocalTransactionCoordinatorImpl : JDBC transaction marked for rollback-only (exception provided for stack trace)

java.lang.Exception: exception just for purpose of providing stack trace
	at org.hibernate.resource.transaction.backend.jdbc.internal.JdbcResourceLocalTransactionCoordinatorImpl$TransactionDriverControlImpl.markRollbackOnly(JdbcResourceLocalTransactionCoordinatorImpl.java:324) ~[hibernate-core-6.1.7.Final.jar:6.1.7.Final]
	at org.hibernate.engine.transaction.internal.TransactionImpl.markRollbackOnly(TransactionImpl.java:203) ~[hibernate-core-6.1.7.Final.jar:6.1.7.Final]
	at org.hibernate.engine.transaction.internal.TransactionImpl.setRollbackOnly(TransactionImpl.java:224) ~[hibernate-core-6.1.7.Final.jar:6.1.7.Final]
	at org.springframework.orm.jpa.JpaTransactionManager$JpaTransactionObject.setRollbackOnly(JpaTransactionManager.java:711) ~[spring-orm-6.0.8.jar:6.0.8]
	at org.springframework.orm.jpa.JpaTransactionManager.doSetRollbackOnly(JpaTransactionManager.java:610) ~[spring-orm-6.0.8.jar:6.0.8]
	at org.springframework.transaction.support.AbstractPlatformTransactionManager.processRollback(AbstractPlatformTransactionManager.java:844) ~[spring-tx-6.0.8.jar:6.0.8]
	at org.springframework.transaction.support.AbstractPlatformTransactionManager.rollback(AbstractPlatformTransactionManager.java:809) ~[spring-tx-6.0.8.jar:6.0.8]
	at org.springframework.transaction.interceptor.TransactionAspectSupport.completeTransactionAfterThrowing(TransactionAspectSupport.java:678) ~[spring-tx-6.0.8.jar:6.0.8]
	at org.springframework.transaction.interceptor.TransactionAspectSupport.invokeWithinTransaction(TransactionAspectSupport.java:395) ~[spring-tx-6.0.8.jar:6.0.8]
	at org.springframework.transaction.interceptor.TransactionInterceptor.invoke(TransactionInterceptor.java:119) ~[spring-tx-6.0.8.jar:6.0.8]
	at org.springframework.aop.framework.ReflectiveMethodInvocation.proceed(ReflectiveMethodInvocation.java:184) ~[spring-aop-6.0.8.jar:6.0.8]
	at org.springframework.aop.framework.CglibAopProxy$CglibMethodInvocation.proceed(CglibAopProxy.java:750) ~[spring-aop-6.0.8.jar:6.0.8]
	at org.springframework.aop.framework.CglibAopProxy$DynamicAdvisedInterceptor.intercept(CglibAopProxy.java:702) ~[spring-aop-6.0.8.jar:6.0.8]
	at com.cash_flow_app.apicashflow.entities_repositories_and_services.base.account.AccountService$$SpringCGLIB$$0.save(<generated>) ~[classes/:na]
	at com.cash_flow_app.apicashflow.service.IncomeExpenseServiceTest.setup(IncomeExpenseServiceTest.java:60) ~[test-classes/:na]
	at java.base/jdk.internal.reflect.DirectMethodHandleAccessor.invoke(DirectMethodHandleAccessor.java:104) ~[na:na]
	at java.base/java.lang.reflect.Method.invoke(Method.java:578) ~[na:na]
	at org.junit.platform.commons.util.ReflectionUtils.invokeMethod(ReflectionUtils.java:727) ~[junit-platform-commons-1.9.2.jar:1.9.2]
	at org.junit.jupiter.engine.execution.MethodInvocation.proceed(MethodInvocation.java:60) ~[junit-jupiter-engine-5.9.2.jar:5.9.2]
	at org.junit.jupiter.engine.execution.InvocationInterceptorChain$ValidatingInvocation.proceed(InvocationInterceptorChain.java:131) ~[junit-jupiter-engine-5.9.2.jar:5.9.2]
	at org.junit.jupiter.engine.extension.TimeoutExtension.intercept(TimeoutExtension.java:156) ~[junit-jupiter-engine-5.9.2.jar:5.9.2]
	at org.junit.jupiter.engine.extension.TimeoutExtension.interceptLifecycleMethod(TimeoutExtension.java:128) ~[junit-jupiter-engine-5.9.2.jar:5.9.2]
	at org.junit.jupiter.engine.extension.TimeoutExtension.interceptBeforeEachMethod(TimeoutExtension.java:78) ~[junit-jupiter-engine-5.9.2.jar:5.9.2]
	at org.junit.jupiter.engine.execution.InterceptingExecutableInvoker$ReflectiveInterceptorCall.lambda$ofVoidMethod$0(InterceptingExecutableInvoker.java:103) ~[junit-jupiter-engine-5.9.2.jar:5.9.2]
	at org.junit.jupiter.engine.execution.InterceptingExecutableInvoker.lambda$invoke$0(InterceptingExecutableInvoker.java:93) ~[junit-jupiter-engine-5.9.2.jar:5.9.2]
	at org.junit.jupiter.engine.execution.InvocationInterceptorChain$InterceptedInvocation.proceed(InvocationInterceptorChain.java:106) ~[junit-jupiter-engine-5.9.2.jar:5.9.2]
	at org.junit.jupiter.engine.execution.InvocationInterceptorChain.proceed(InvocationInterceptorChain.java:64) ~[junit-jupiter-engine-5.9.2.jar:5.9.2]
	at org.junit.jupiter.engine.execution.InvocationInterceptorChain.chainAndInvoke(InvocationInterceptorChain.java:45) ~[junit-jupiter-engine-5.9.2.jar:5.9.2]
	at org.junit.jupiter.engine.execution.InvocationInterceptorChain.invoke(InvocationInterceptorChain.java:37) ~[junit-jupiter-engine-5.9.2.jar:5.9.2]
	at org.junit.jupiter.engine.execution.InterceptingExecutableInvoker.invoke(InterceptingExecutableInvoker.java:92) ~[junit-jupiter-engine-5.9.2.jar:5.9.2]
	at org.junit.jupiter.engine.execution.InterceptingExecutableInvoker.invoke(InterceptingExecutableInvoker.java:86) ~[junit-jupiter-engine-5.9.2.jar:5.9.2]
	at org.junit.jupiter.engine.descriptor.ClassBasedTestDescriptor.invokeMethodInExtensionContext(ClassBasedTestDescriptor.java:520) ~[junit-jupiter-engine-5.9.2.jar:5.9.2]
	at org.junit.jupiter.engine.descriptor.ClassBasedTestDescriptor.lambda$synthesizeBeforeEachMethodAdapter$23(ClassBasedTestDescriptor.java:505) ~[junit-jupiter-engine-5.9.2.jar:5.9.2]
	at org.junit.jupiter.engine.descriptor.TestMethodTestDescriptor.lambda$invokeBeforeEachMethods$3(TestMethodTestDescriptor.java:174) ~[junit-jupiter-engine-5.9.2.jar:5.9.2]
	at org.junit.jupiter.engine.descriptor.TestMethodTestDescriptor.lambda$invokeBeforeMethodsOrCallbacksUntilExceptionOccurs$6(TestMethodTestDescriptor.java:202) ~[junit-jupiter-engine-5.9.2.jar:5.9.2]
	at org.junit.platform.engine.support.hierarchical.ThrowableCollector.execute(ThrowableCollector.java:73) ~[junit-platform-engine-1.9.2.jar:1.9.2]
	at org.junit.jupiter.engine.descriptor.TestMethodTestDescriptor.invokeBeforeMethodsOrCallbacksUntilExceptionOccurs(TestMethodTestDescriptor.java:202) ~[junit-jupiter-engine-5.9.2.jar:5.9.2]
	at org.junit.jupiter.engine.descriptor.TestMethodTestDescriptor.invokeBeforeEachMethods(TestMethodTestDescriptor.java:171) ~[junit-jupiter-engine-5.9.2.jar:5.9.2]
	at org.junit.jupiter.engine.descriptor.TestMethodTestDescriptor.execute(TestMethodTestDescriptor.java:134) ~[junit-jupiter-engine-5.9.2.jar:5.9.2]
	at org.junit.jupiter.engine.descriptor.TestMethodTestDescriptor.execute(TestMethodTestDescriptor.java:68) ~[junit-jupiter-engine-5.9.2.jar:5.9.2]
	at org.junit.platform.engine.support.hierarchical.NodeTestTask.lambda$executeRecursively$6(NodeTestTask.java:151) ~[junit-platform-engine-1.9.2.jar:1.9.2]
	at org.junit.platform.engine.support.hierarchical.ThrowableCollector.execute(ThrowableCollector.java:73) ~[junit-platform-engine-1.9.2.jar:1.9.2]
	at org.junit.platform.engine.support.hierarchical.NodeTestTask.lambda$executeRecursively$8(NodeTestTask.java:141) ~[junit-platform-engine-1.9.2.jar:1.9.2]
	at org.junit.platform.engine.support.hierarchical.Node.around(Node.java:137) ~[junit-platform-engine-1.9.2.jar:1.9.2]
	at org.junit.platform.engine.support.hierarchical.NodeTestTask.lambda$executeRecursively$9(NodeTestTask.java:139) ~[junit-platform-engine-1.9.2.jar:1.9.2]
	at org.junit.platform.engine.support.hierarchical.ThrowableCollector.execute(ThrowableCollector.java:73) ~[junit-platform-engine-1.9.2.jar:1.9.2]
	at org.junit.platform.engine.support.hierarchical.NodeTestTask.executeRecursively(NodeTestTask.java:138) ~[junit-platform-engine-1.9.2.jar:1.9.2]
	at org.junit.platform.engine.support.hierarchical.NodeTestTask.execute(NodeTestTask.java:95) ~[junit-platform-engine-1.9.2.jar:1.9.2]
	at java.base/java.util.ArrayList.forEach(ArrayList.java:1511) ~[na:na]
	at org.junit.platform.engine.support.hierarchical.SameThreadHierarchicalTestExecutorService.invokeAll(SameThreadHierarchicalTestExecutorService.java:41) ~[junit-platform-engine-1.9.2.jar:1.9.2]
	at org.junit.platform.engine.support.hierarchical.NodeTestTask.lambda$executeRecursively$6(NodeTestTask.java:155) ~[junit-platform-engine-1.9.2.jar:1.9.2]
	at org.junit.platform.engine.support.hierarchical.ThrowableCollector.execute(ThrowableCollector.java:73) ~[junit-platform-engine-1.9.2.jar:1.9.2]
	at org.junit.platform.engine.support.hierarchical.NodeTestTask.lambda$executeRecursively$8(NodeTestTask.java:141) ~[junit-platform-engine-1.9.2.jar:1.9.2]
	at org.junit.platform.engine.support.hierarchical.Node.around(Node.java:137) ~[junit-platform-engine-1.9.2.jar:1.9.2]
	at org.junit.platform.engine.support.hierarchical.NodeTestTask.lambda$executeRecursively$9(NodeTestTask.java:139) ~[junit-platform-engine-1.9.2.jar:1.9.2]
	at org.junit.platform.engine.support.hierarchical.ThrowableCollector.execute(ThrowableCollector.java:73) ~[junit-platform-engine-1.9.2.jar:1.9.2]
	at org.junit.platform.engine.support.hierarchical.NodeTestTask.executeRecursively(NodeTestTask.java:138) ~[junit-platform-engine-1.9.2.jar:1.9.2]
	at org.junit.platform.engine.support.hierarchical.NodeTestTask.execute(NodeTestTask.java:95) ~[junit-platform-engine-1.9.2.jar:1.9.2]
	at java.base/java.util.ArrayList.forEach(ArrayList.java:1511) ~[na:na]
	at org.junit.platform.engine.support.hierarchical.SameThreadHierarchicalTestExecutorService.invokeAll(SameThreadHierarchicalTestExecutorService.java:41) ~[junit-platform-engine-1.9.2.jar:1.9.2]
	at org.junit.platform.engine.support.hierarchical.NodeTestTask.lambda$executeRecursively$6(NodeTestTask.java:155) ~[junit-platform-engine-1.9.2.jar:1.9.2]
	at org.junit.platform.engine.support.hierarchical.ThrowableCollector.execute(ThrowableCollector.java:73) ~[junit-platform-engine-1.9.2.jar:1.9.2]
	at org.junit.platform.engine.support.hierarchical.NodeTestTask.lambda$executeRecursively$8(NodeTestTask.java:141) ~[junit-platform-engine-1.9.2.jar:1.9.2]
	at org.junit.platform.engine.support.hierarchical.Node.around(Node.java:137) ~[junit-platform-engine-1.9.2.jar:1.9.2]
	at org.junit.platform.engine.support.hierarchical.NodeTestTask.lambda$executeRecursively$9(NodeTestTask.java:139) ~[junit-platform-engine-1.9.2.jar:1.9.2]
	at org.junit.platform.engine.support.hierarchical.ThrowableCollector.execute(ThrowableCollector.java:73) ~[junit-platform-engine-1.9.2.jar:1.9.2]
	at org.junit.platform.engine.support.hierarchical.NodeTestTask.executeRecursively(NodeTestTask.java:138) ~[junit-platform-engine-1.9.2.jar:1.9.2]
	at org.junit.platform.engine.support.hierarchical.NodeTestTask.execute(NodeTestTask.java:95) ~[junit-platform-engine-1.9.2.jar:1.9.2]
	at org.junit.platform.engine.support.hierarchical.SameThreadHierarchicalTestExecutorService.submit(SameThreadHierarchicalTestExecutorService.java:35) ~[junit-platform-engine-1.9.2.jar:1.9.2]
	at org.junit.platform.engine.support.hierarchical.HierarchicalTestExecutor.execute(HierarchicalTestExecutor.java:57) ~[junit-platform-engine-1.9.2.jar:1.9.2]
	at org.junit.platform.engine.support.hierarchical.HierarchicalTestEngine.execute(HierarchicalTestEngine.java:54) ~[junit-platform-engine-1.9.2.jar:1.9.2]
	at org.junit.platform.launcher.core.DefaultLauncher.execute(DefaultLauncher.java:220) ~[junit-platform-launcher-1.3.1.jar:1.3.1]
	at org.junit.platform.launcher.core.DefaultLauncher.lambda$execute$6(DefaultLauncher.java:188) ~[junit-platform-launcher-1.3.1.jar:1.3.1]
	at org.junit.platform.launcher.core.DefaultLauncher.withInterceptedStreams(DefaultLauncher.java:202) ~[junit-platform-launcher-1.3.1.jar:1.3.1]
	at org.junit.platform.launcher.core.DefaultLauncher.execute(DefaultLauncher.java:181) ~[junit-platform-launcher-1.3.1.jar:1.3.1]
	at org.junit.platform.launcher.core.DefaultLauncher.execute(DefaultLauncher.java:128) ~[junit-platform-launcher-1.3.1.jar:1.3.1]
	at org.apache.maven.surefire.junitplatform.JUnitPlatformProvider.invokeAllTests(JUnitPlatformProvider.java:150) ~[surefire-junit-platform-2.22.2.jar:2.22.2]
	at org.apache.maven.surefire.junitplatform.JUnitPlatformProvider.invoke(JUnitPlatformProvider.java:124) ~[surefire-junit-platform-2.22.2.jar:2.22.2]
	at org.apache.maven.surefire.booter.ForkedBooter.invokeProviderInSameClassLoader(ForkedBooter.java:384) ~[surefire-booter-2.22.2.jar:2.22.2]
	at org.apache.maven.surefire.booter.ForkedBooter.runSuitesInProcess(ForkedBooter.java:345) ~[surefire-booter-2.22.2.jar:2.22.2]
	at org.apache.maven.surefire.booter.ForkedBooter.execute(ForkedBooter.java:126) ~[surefire-booter-2.22.2.jar:2.22.2]
	at org.apache.maven.surefire.booter.ForkedBooter.main(ForkedBooter.java:418) ~[surefire-booter-2.22.2.jar:2.22.2]

2023-11-28T22:11:59.545-05:00 DEBUG 27472 --- [           main] org.springframework.test.context.cache   : Spring test ApplicationContext cache statistics: [DefaultContextCache@8caffbd size = 5, maxSize = 32, parentContextCount = 0, hitCount = 549, missCount = 5]
2023-11-28T22:11:59.545-05:00 DEBUG 27472 --- [           main] org.springframework.test.context.cache   : Spring test ApplicationContext cache statistics: [DefaultContextCache@8caffbd size = 5, maxSize = 32, parentContextCount = 0, hitCount = 550, missCount = 5]
2023-11-28T22:11:59.545-05:00 DEBUG 27472 --- [           main] org.springframework.test.context.cache   : Spring test ApplicationContext cache statistics: [DefaultContextCache@8caffbd size = 5, maxSize = 32, parentContextCount = 0, hitCount = 551, missCount = 5]
2023-11-28T22:11:59.545-05:00 DEBUG 27472 --- [           main] org.springframework.test.context.cache   : Spring test ApplicationContext cache statistics: [DefaultContextCache@8caffbd size = 5, maxSize = 32, parentContextCount = 0, hitCount = 552, missCount = 5]
2023-11-28T22:11:59.545-05:00 DEBUG 27472 --- [           main] org.springframework.test.context.cache   : Spring test ApplicationContext cache statistics: [DefaultContextCache@8caffbd size = 5, maxSize = 32, parentContextCount = 0, hitCount = 553, missCount = 5]
2023-11-28T22:11:59.545-05:00 DEBUG 27472 --- [           main] org.springframework.test.context.cache   : Spring test ApplicationContext cache statistics: [DefaultContextCache@8caffbd size = 5, maxSize = 32, parentContextCount = 0, hitCount = 554, missCount = 5]
2023-11-28T22:11:59.545-05:00 DEBUG 27472 --- [           main] o.s.orm.jpa.JpaTransactionManager        : Initiating transaction rollback
2023-11-28T22:11:59.545-05:00 DEBUG 27472 --- [           main] o.s.orm.jpa.JpaTransactionManager        : Rolling back JPA transaction on EntityManager [SessionImpl(60642430<open>)]
2023-11-28T22:11:59.545-05:00 DEBUG 27472 --- [           main] o.h.e.t.internal.TransactionImpl         : rolling back
2023-11-28T22:11:59.545-05:00 DEBUG 27472 --- [           main] org.postgresql.jdbc.PgConnection         : Rollback requested but no transaction in progress
2023-11-28T22:11:59.545-05:00 DEBUG 27472 --- [           main] org.postgresql.jdbc.PgConnection         :   setAutoCommit = true
2023-11-28T22:11:59.545-05:00 DEBUG 27472 --- [           main] o.s.orm.jpa.JpaTransactionManager        : Closing JPA EntityManager [SessionImpl(60642430<open>)] after transaction
2023-11-28T22:11:59.545-05:00 DEBUG 27472 --- [           main] o.s.t.c.transaction.TransactionContext   : Rolled back transaction (1) for test class [com.cash_flow_app.apicashflow.service.IncomeExpenseServiceTest]; test method [getIncomeExpense]
2023-11-28T22:11:59.545-05:00 DEBUG 27472 --- [           main] tractDirtiesContextTestExecutionListener : After test method: class [IncomeExpenseServiceTest], method [getIncomeExpense], class annotated with @DirtiesContext [false] with mode [null], method annotated with @DirtiesContext [false] with mode [null]
2023-11-28T22:11:59.545-05:00 DEBUG 27472 --- [           main] o.s.t.c.w.ServletTestExecutionListener   : Resetting RequestContextHolder for test class com.cash_flow_app.apicashflow.service.IncomeExpenseServiceTest
]]></system-out>
  </testcase>
  <testcase name="getExpensesByAccountIdAndDate" classname="com.cash_flow_app.apicashflow.service.IncomeExpenseServiceTest" time="0.001">
    <error message="Cannot invoke &quot;org.springframework.security.core.Authentication.getPrincipal()&quot; because the return value of &quot;org.springframework.security.core.context.SecurityContext.getAuthentication()&quot; is null" type="java.lang.NullPointerException">java.lang.NullPointerException: Cannot invoke "org.springframework.security.core.Authentication.getPrincipal()" because the return value of "org.springframework.security.core.context.SecurityContext.getAuthentication()" is null
	at com.cash_flow_app.apicashflow.service.IncomeExpenseServiceTest.setup(IncomeExpenseServiceTest.java:60)
</error>
    <system-out><![CDATA[2023-11-28T22:11:59.545-05:00 DEBUG 27472 --- [           main] org.springframework.test.context.cache   : Spring test ApplicationContext cache statistics: [DefaultContextCache@8caffbd size = 5, maxSize = 32, parentContextCount = 0, hitCount = 555, missCount = 5]
2023-11-28T22:11:59.545-05:00 DEBUG 27472 --- [           main] o.s.t.c.w.ServletTestExecutionListener   : Setting up MockHttpServletRequest, MockHttpServletResponse, ServletWebRequest, and RequestContextHolder for test class com.cash_flow_app.apicashflow.service.IncomeExpenseServiceTest
2023-11-28T22:11:59.545-05:00 DEBUG 27472 --- [           main] DependencyInjectionTestExecutionListener : Performing dependency injection for test class com.cash_flow_app.apicashflow.service.IncomeExpenseServiceTest
2023-11-28T22:11:59.545-05:00 DEBUG 27472 --- [           main] org.springframework.test.context.cache   : Spring test ApplicationContext cache statistics: [DefaultContextCache@8caffbd size = 5, maxSize = 32, parentContextCount = 0, hitCount = 556, missCount = 5]
2023-11-28T22:11:59.545-05:00 DEBUG 27472 --- [           main] org.springframework.test.context.cache   : Spring test ApplicationContext cache statistics: [DefaultContextCache@8caffbd size = 5, maxSize = 32, parentContextCount = 0, hitCount = 557, missCount = 5]
2023-11-28T22:11:59.546-05:00 DEBUG 27472 --- [           main] tractDirtiesContextTestExecutionListener : Before test method: class [IncomeExpenseServiceTest], method [getExpensesByAccountIdAndDate], class annotated with @DirtiesContext [false] with mode [null], method annotated with @DirtiesContext [false] with mode [null]
2023-11-28T22:11:59.546-05:00 DEBUG 27472 --- [           main] t.c.t.TransactionalTestExecutionListener : Explicit transaction definition [PROPAGATION_REQUIRED,ISOLATION_DEFAULT] found for test class [com.cash_flow_app.apicashflow.service.IncomeExpenseServiceTest] and test method [getExpensesByAccountIdAndDate]
2023-11-28T22:11:59.546-05:00 DEBUG 27472 --- [           main] org.springframework.test.context.cache   : Spring test ApplicationContext cache statistics: [DefaultContextCache@8caffbd size = 5, maxSize = 32, parentContextCount = 0, hitCount = 558, missCount = 5]
2023-11-28T22:11:59.546-05:00 DEBUG 27472 --- [           main] t.c.t.TransactionalTestExecutionListener : No method-level @Rollback override: using default rollback [true] for test method [void com.cash_flow_app.apicashflow.service.IncomeExpenseServiceTest.getExpensesByAccountIdAndDate() throws java.io.IOException]
2023-11-28T22:11:59.546-05:00 DEBUG 27472 --- [           main] o.s.orm.jpa.JpaTransactionManager        : Creating new transaction with name [com.cash_flow_app.apicashflow.service.IncomeExpenseServiceTest.getExpensesByAccountIdAndDate]: PROPAGATION_REQUIRED,ISOLATION_DEFAULT
2023-11-28T22:11:59.546-05:00 DEBUG 27472 --- [           main] o.s.orm.jpa.JpaTransactionManager        : Opened new EntityManager [SessionImpl(1498629722<open>)] for JPA transaction
2023-11-28T22:11:59.546-05:00 DEBUG 27472 --- [           main] o.h.e.t.internal.TransactionImpl         : On TransactionImpl creation, JpaCompliance#isJpaTransactionComplianceEnabled == false
2023-11-28T22:11:59.546-05:00 DEBUG 27472 --- [           main] o.h.e.t.internal.TransactionImpl         : begin
2023-11-28T22:11:59.546-05:00 DEBUG 27472 --- [           main] org.postgresql.jdbc.PgConnection         :   setAutoCommit = false
2023-11-28T22:11:59.546-05:00 DEBUG 27472 --- [           main] o.s.orm.jpa.JpaTransactionManager        : Exposing JPA transaction as JDBC [org.springframework.orm.jpa.vendor.HibernateJpaDialect$HibernateConnectionHandle@3703bc7e]
2023-11-28T22:11:59.546-05:00 DEBUG 27472 --- [           main] o.s.t.c.transaction.TransactionContext   : Began transaction (1) for test class [com.cash_flow_app.apicashflow.service.IncomeExpenseServiceTest]; test method [getExpensesByAccountIdAndDate]; transaction manager [org.springframework.orm.jpa.JpaTransactionManager@475454ae]; rollback [true]
2023-11-28T22:11:59.546-05:00 DEBUG 27472 --- [           main] org.springframework.test.context.cache   : Spring test ApplicationContext cache statistics: [DefaultContextCache@8caffbd size = 5, maxSize = 32, parentContextCount = 0, hitCount = 559, missCount = 5]
2023-11-28T22:11:59.546-05:00 DEBUG 27472 --- [           main] org.springframework.test.context.cache   : Spring test ApplicationContext cache statistics: [DefaultContextCache@8caffbd size = 5, maxSize = 32, parentContextCount = 0, hitCount = 560, missCount = 5]
2023-11-28T22:11:59.546-05:00 DEBUG 27472 --- [           main] o.s.orm.jpa.JpaTransactionManager        : Found thread-bound EntityManager [SessionImpl(1498629722<open>)] for JPA transaction
2023-11-28T22:11:59.546-05:00 DEBUG 27472 --- [           main] o.s.orm.jpa.JpaTransactionManager        : Participating in existing transaction
2023-11-28T22:11:59.546-05:00 DEBUG 27472 --- [           main] o.h.j.internal.PersistenceUnitUtilImpl   : jakarta.persistence.PersistenceUnitUtil.getIdentifier is only intended to work with enhanced entities (although Hibernate also adapts this support to its proxies); however the passed entity was not enhanced (nor a proxy).. may not be able to read identifier
2023-11-28T22:11:59.546-05:00 DEBUG 27472 --- [           main] o.h.e.i.AbstractSaveEventListener        : Generated identifier: c0ba4854-fd26-4ddf-9e61-ce078322e562, using strategy: org.hibernate.id.UUIDGenerator
2023-11-28T22:11:59.546-05:00 DEBUG 27472 --- [           main] o.s.orm.jpa.JpaTransactionManager        : Found thread-bound EntityManager [SessionImpl(1498629722<open>)] for JPA transaction
2023-11-28T22:11:59.546-05:00 DEBUG 27472 --- [           main] o.s.orm.jpa.JpaTransactionManager        : Participating in existing transaction
2023-11-28T22:11:59.546-05:00 DEBUG 27472 --- [           main] o.s.orm.jpa.JpaTransactionManager        : Participating transaction failed - marking existing transaction as rollback-only
2023-11-28T22:11:59.546-05:00 DEBUG 27472 --- [           main] o.s.orm.jpa.JpaTransactionManager        : Setting JPA transaction on EntityManager [SessionImpl(1498629722<open>)] rollback-only
2023-11-28T22:11:59.546-05:00 DEBUG 27472 --- [           main] cResourceLocalTransactionCoordinatorImpl : JDBC transaction marked for rollback-only (exception provided for stack trace)

java.lang.Exception: exception just for purpose of providing stack trace
	at org.hibernate.resource.transaction.backend.jdbc.internal.JdbcResourceLocalTransactionCoordinatorImpl$TransactionDriverControlImpl.markRollbackOnly(JdbcResourceLocalTransactionCoordinatorImpl.java:324) ~[hibernate-core-6.1.7.Final.jar:6.1.7.Final]
	at org.hibernate.engine.transaction.internal.TransactionImpl.markRollbackOnly(TransactionImpl.java:203) ~[hibernate-core-6.1.7.Final.jar:6.1.7.Final]
	at org.hibernate.engine.transaction.internal.TransactionImpl.setRollbackOnly(TransactionImpl.java:224) ~[hibernate-core-6.1.7.Final.jar:6.1.7.Final]
	at org.springframework.orm.jpa.JpaTransactionManager$JpaTransactionObject.setRollbackOnly(JpaTransactionManager.java:711) ~[spring-orm-6.0.8.jar:6.0.8]
	at org.springframework.orm.jpa.JpaTransactionManager.doSetRollbackOnly(JpaTransactionManager.java:610) ~[spring-orm-6.0.8.jar:6.0.8]
	at org.springframework.transaction.support.AbstractPlatformTransactionManager.processRollback(AbstractPlatformTransactionManager.java:844) ~[spring-tx-6.0.8.jar:6.0.8]
	at org.springframework.transaction.support.AbstractPlatformTransactionManager.rollback(AbstractPlatformTransactionManager.java:809) ~[spring-tx-6.0.8.jar:6.0.8]
	at org.springframework.transaction.interceptor.TransactionAspectSupport.completeTransactionAfterThrowing(TransactionAspectSupport.java:678) ~[spring-tx-6.0.8.jar:6.0.8]
	at org.springframework.transaction.interceptor.TransactionAspectSupport.invokeWithinTransaction(TransactionAspectSupport.java:395) ~[spring-tx-6.0.8.jar:6.0.8]
	at org.springframework.transaction.interceptor.TransactionInterceptor.invoke(TransactionInterceptor.java:119) ~[spring-tx-6.0.8.jar:6.0.8]
	at org.springframework.aop.framework.ReflectiveMethodInvocation.proceed(ReflectiveMethodInvocation.java:184) ~[spring-aop-6.0.8.jar:6.0.8]
	at org.springframework.aop.framework.CglibAopProxy$CglibMethodInvocation.proceed(CglibAopProxy.java:750) ~[spring-aop-6.0.8.jar:6.0.8]
	at org.springframework.aop.framework.CglibAopProxy$DynamicAdvisedInterceptor.intercept(CglibAopProxy.java:702) ~[spring-aop-6.0.8.jar:6.0.8]
	at com.cash_flow_app.apicashflow.entities_repositories_and_services.base.account.AccountService$$SpringCGLIB$$0.save(<generated>) ~[classes/:na]
	at com.cash_flow_app.apicashflow.service.IncomeExpenseServiceTest.setup(IncomeExpenseServiceTest.java:60) ~[test-classes/:na]
	at java.base/jdk.internal.reflect.DirectMethodHandleAccessor.invoke(DirectMethodHandleAccessor.java:104) ~[na:na]
	at java.base/java.lang.reflect.Method.invoke(Method.java:578) ~[na:na]
	at org.junit.platform.commons.util.ReflectionUtils.invokeMethod(ReflectionUtils.java:727) ~[junit-platform-commons-1.9.2.jar:1.9.2]
	at org.junit.jupiter.engine.execution.MethodInvocation.proceed(MethodInvocation.java:60) ~[junit-jupiter-engine-5.9.2.jar:5.9.2]
	at org.junit.jupiter.engine.execution.InvocationInterceptorChain$ValidatingInvocation.proceed(InvocationInterceptorChain.java:131) ~[junit-jupiter-engine-5.9.2.jar:5.9.2]
	at org.junit.jupiter.engine.extension.TimeoutExtension.intercept(TimeoutExtension.java:156) ~[junit-jupiter-engine-5.9.2.jar:5.9.2]
	at org.junit.jupiter.engine.extension.TimeoutExtension.interceptLifecycleMethod(TimeoutExtension.java:128) ~[junit-jupiter-engine-5.9.2.jar:5.9.2]
	at org.junit.jupiter.engine.extension.TimeoutExtension.interceptBeforeEachMethod(TimeoutExtension.java:78) ~[junit-jupiter-engine-5.9.2.jar:5.9.2]
	at org.junit.jupiter.engine.execution.InterceptingExecutableInvoker$ReflectiveInterceptorCall.lambda$ofVoidMethod$0(InterceptingExecutableInvoker.java:103) ~[junit-jupiter-engine-5.9.2.jar:5.9.2]
	at org.junit.jupiter.engine.execution.InterceptingExecutableInvoker.lambda$invoke$0(InterceptingExecutableInvoker.java:93) ~[junit-jupiter-engine-5.9.2.jar:5.9.2]
	at org.junit.jupiter.engine.execution.InvocationInterceptorChain$InterceptedInvocation.proceed(InvocationInterceptorChain.java:106) ~[junit-jupiter-engine-5.9.2.jar:5.9.2]
	at org.junit.jupiter.engine.execution.InvocationInterceptorChain.proceed(InvocationInterceptorChain.java:64) ~[junit-jupiter-engine-5.9.2.jar:5.9.2]
	at org.junit.jupiter.engine.execution.InvocationInterceptorChain.chainAndInvoke(InvocationInterceptorChain.java:45) ~[junit-jupiter-engine-5.9.2.jar:5.9.2]
	at org.junit.jupiter.engine.execution.InvocationInterceptorChain.invoke(InvocationInterceptorChain.java:37) ~[junit-jupiter-engine-5.9.2.jar:5.9.2]
	at org.junit.jupiter.engine.execution.InterceptingExecutableInvoker.invoke(InterceptingExecutableInvoker.java:92) ~[junit-jupiter-engine-5.9.2.jar:5.9.2]
	at org.junit.jupiter.engine.execution.InterceptingExecutableInvoker.invoke(InterceptingExecutableInvoker.java:86) ~[junit-jupiter-engine-5.9.2.jar:5.9.2]
	at org.junit.jupiter.engine.descriptor.ClassBasedTestDescriptor.invokeMethodInExtensionContext(ClassBasedTestDescriptor.java:520) ~[junit-jupiter-engine-5.9.2.jar:5.9.2]
	at org.junit.jupiter.engine.descriptor.ClassBasedTestDescriptor.lambda$synthesizeBeforeEachMethodAdapter$23(ClassBasedTestDescriptor.java:505) ~[junit-jupiter-engine-5.9.2.jar:5.9.2]
	at org.junit.jupiter.engine.descriptor.TestMethodTestDescriptor.lambda$invokeBeforeEachMethods$3(TestMethodTestDescriptor.java:174) ~[junit-jupiter-engine-5.9.2.jar:5.9.2]
	at org.junit.jupiter.engine.descriptor.TestMethodTestDescriptor.lambda$invokeBeforeMethodsOrCallbacksUntilExceptionOccurs$6(TestMethodTestDescriptor.java:202) ~[junit-jupiter-engine-5.9.2.jar:5.9.2]
	at org.junit.platform.engine.support.hierarchical.ThrowableCollector.execute(ThrowableCollector.java:73) ~[junit-platform-engine-1.9.2.jar:1.9.2]
	at org.junit.jupiter.engine.descriptor.TestMethodTestDescriptor.invokeBeforeMethodsOrCallbacksUntilExceptionOccurs(TestMethodTestDescriptor.java:202) ~[junit-jupiter-engine-5.9.2.jar:5.9.2]
	at org.junit.jupiter.engine.descriptor.TestMethodTestDescriptor.invokeBeforeEachMethods(TestMethodTestDescriptor.java:171) ~[junit-jupiter-engine-5.9.2.jar:5.9.2]
	at org.junit.jupiter.engine.descriptor.TestMethodTestDescriptor.execute(TestMethodTestDescriptor.java:134) ~[junit-jupiter-engine-5.9.2.jar:5.9.2]
	at org.junit.jupiter.engine.descriptor.TestMethodTestDescriptor.execute(TestMethodTestDescriptor.java:68) ~[junit-jupiter-engine-5.9.2.jar:5.9.2]
	at org.junit.platform.engine.support.hierarchical.NodeTestTask.lambda$executeRecursively$6(NodeTestTask.java:151) ~[junit-platform-engine-1.9.2.jar:1.9.2]
	at org.junit.platform.engine.support.hierarchical.ThrowableCollector.execute(ThrowableCollector.java:73) ~[junit-platform-engine-1.9.2.jar:1.9.2]
	at org.junit.platform.engine.support.hierarchical.NodeTestTask.lambda$executeRecursively$8(NodeTestTask.java:141) ~[junit-platform-engine-1.9.2.jar:1.9.2]
	at org.junit.platform.engine.support.hierarchical.Node.around(Node.java:137) ~[junit-platform-engine-1.9.2.jar:1.9.2]
	at org.junit.platform.engine.support.hierarchical.NodeTestTask.lambda$executeRecursively$9(NodeTestTask.java:139) ~[junit-platform-engine-1.9.2.jar:1.9.2]
	at org.junit.platform.engine.support.hierarchical.ThrowableCollector.execute(ThrowableCollector.java:73) ~[junit-platform-engine-1.9.2.jar:1.9.2]
	at org.junit.platform.engine.support.hierarchical.NodeTestTask.executeRecursively(NodeTestTask.java:138) ~[junit-platform-engine-1.9.2.jar:1.9.2]
	at org.junit.platform.engine.support.hierarchical.NodeTestTask.execute(NodeTestTask.java:95) ~[junit-platform-engine-1.9.2.jar:1.9.2]
	at java.base/java.util.ArrayList.forEach(ArrayList.java:1511) ~[na:na]
	at org.junit.platform.engine.support.hierarchical.SameThreadHierarchicalTestExecutorService.invokeAll(SameThreadHierarchicalTestExecutorService.java:41) ~[junit-platform-engine-1.9.2.jar:1.9.2]
	at org.junit.platform.engine.support.hierarchical.NodeTestTask.lambda$executeRecursively$6(NodeTestTask.java:155) ~[junit-platform-engine-1.9.2.jar:1.9.2]
	at org.junit.platform.engine.support.hierarchical.ThrowableCollector.execute(ThrowableCollector.java:73) ~[junit-platform-engine-1.9.2.jar:1.9.2]
	at org.junit.platform.engine.support.hierarchical.NodeTestTask.lambda$executeRecursively$8(NodeTestTask.java:141) ~[junit-platform-engine-1.9.2.jar:1.9.2]
	at org.junit.platform.engine.support.hierarchical.Node.around(Node.java:137) ~[junit-platform-engine-1.9.2.jar:1.9.2]
	at org.junit.platform.engine.support.hierarchical.NodeTestTask.lambda$executeRecursively$9(NodeTestTask.java:139) ~[junit-platform-engine-1.9.2.jar:1.9.2]
	at org.junit.platform.engine.support.hierarchical.ThrowableCollector.execute(ThrowableCollector.java:73) ~[junit-platform-engine-1.9.2.jar:1.9.2]
	at org.junit.platform.engine.support.hierarchical.NodeTestTask.executeRecursively(NodeTestTask.java:138) ~[junit-platform-engine-1.9.2.jar:1.9.2]
	at org.junit.platform.engine.support.hierarchical.NodeTestTask.execute(NodeTestTask.java:95) ~[junit-platform-engine-1.9.2.jar:1.9.2]
	at java.base/java.util.ArrayList.forEach(ArrayList.java:1511) ~[na:na]
	at org.junit.platform.engine.support.hierarchical.SameThreadHierarchicalTestExecutorService.invokeAll(SameThreadHierarchicalTestExecutorService.java:41) ~[junit-platform-engine-1.9.2.jar:1.9.2]
	at org.junit.platform.engine.support.hierarchical.NodeTestTask.lambda$executeRecursively$6(NodeTestTask.java:155) ~[junit-platform-engine-1.9.2.jar:1.9.2]
	at org.junit.platform.engine.support.hierarchical.ThrowableCollector.execute(ThrowableCollector.java:73) ~[junit-platform-engine-1.9.2.jar:1.9.2]
	at org.junit.platform.engine.support.hierarchical.NodeTestTask.lambda$executeRecursively$8(NodeTestTask.java:141) ~[junit-platform-engine-1.9.2.jar:1.9.2]
	at org.junit.platform.engine.support.hierarchical.Node.around(Node.java:137) ~[junit-platform-engine-1.9.2.jar:1.9.2]
	at org.junit.platform.engine.support.hierarchical.NodeTestTask.lambda$executeRecursively$9(NodeTestTask.java:139) ~[junit-platform-engine-1.9.2.jar:1.9.2]
	at org.junit.platform.engine.support.hierarchical.ThrowableCollector.execute(ThrowableCollector.java:73) ~[junit-platform-engine-1.9.2.jar:1.9.2]
	at org.junit.platform.engine.support.hierarchical.NodeTestTask.executeRecursively(NodeTestTask.java:138) ~[junit-platform-engine-1.9.2.jar:1.9.2]
	at org.junit.platform.engine.support.hierarchical.NodeTestTask.execute(NodeTestTask.java:95) ~[junit-platform-engine-1.9.2.jar:1.9.2]
	at org.junit.platform.engine.support.hierarchical.SameThreadHierarchicalTestExecutorService.submit(SameThreadHierarchicalTestExecutorService.java:35) ~[junit-platform-engine-1.9.2.jar:1.9.2]
	at org.junit.platform.engine.support.hierarchical.HierarchicalTestExecutor.execute(HierarchicalTestExecutor.java:57) ~[junit-platform-engine-1.9.2.jar:1.9.2]
	at org.junit.platform.engine.support.hierarchical.HierarchicalTestEngine.execute(HierarchicalTestEngine.java:54) ~[junit-platform-engine-1.9.2.jar:1.9.2]
	at org.junit.platform.launcher.core.DefaultLauncher.execute(DefaultLauncher.java:220) ~[junit-platform-launcher-1.3.1.jar:1.3.1]
	at org.junit.platform.launcher.core.DefaultLauncher.lambda$execute$6(DefaultLauncher.java:188) ~[junit-platform-launcher-1.3.1.jar:1.3.1]
	at org.junit.platform.launcher.core.DefaultLauncher.withInterceptedStreams(DefaultLauncher.java:202) ~[junit-platform-launcher-1.3.1.jar:1.3.1]
	at org.junit.platform.launcher.core.DefaultLauncher.execute(DefaultLauncher.java:181) ~[junit-platform-launcher-1.3.1.jar:1.3.1]
	at org.junit.platform.launcher.core.DefaultLauncher.execute(DefaultLauncher.java:128) ~[junit-platform-launcher-1.3.1.jar:1.3.1]
	at org.apache.maven.surefire.junitplatform.JUnitPlatformProvider.invokeAllTests(JUnitPlatformProvider.java:150) ~[surefire-junit-platform-2.22.2.jar:2.22.2]
	at org.apache.maven.surefire.junitplatform.JUnitPlatformProvider.invoke(JUnitPlatformProvider.java:124) ~[surefire-junit-platform-2.22.2.jar:2.22.2]
	at org.apache.maven.surefire.booter.ForkedBooter.invokeProviderInSameClassLoader(ForkedBooter.java:384) ~[surefire-booter-2.22.2.jar:2.22.2]
	at org.apache.maven.surefire.booter.ForkedBooter.runSuitesInProcess(ForkedBooter.java:345) ~[surefire-booter-2.22.2.jar:2.22.2]
	at org.apache.maven.surefire.booter.ForkedBooter.execute(ForkedBooter.java:126) ~[surefire-booter-2.22.2.jar:2.22.2]
	at org.apache.maven.surefire.booter.ForkedBooter.main(ForkedBooter.java:418) ~[surefire-booter-2.22.2.jar:2.22.2]

2023-11-28T22:11:59.546-05:00 DEBUG 27472 --- [           main] org.springframework.test.context.cache   : Spring test ApplicationContext cache statistics: [DefaultContextCache@8caffbd size = 5, maxSize = 32, parentContextCount = 0, hitCount = 561, missCount = 5]
2023-11-28T22:11:59.546-05:00 DEBUG 27472 --- [           main] org.springframework.test.context.cache   : Spring test ApplicationContext cache statistics: [DefaultContextCache@8caffbd size = 5, maxSize = 32, parentContextCount = 0, hitCount = 562, missCount = 5]
2023-11-28T22:11:59.546-05:00 DEBUG 27472 --- [           main] org.springframework.test.context.cache   : Spring test ApplicationContext cache statistics: [DefaultContextCache@8caffbd size = 5, maxSize = 32, parentContextCount = 0, hitCount = 563, missCount = 5]
2023-11-28T22:11:59.547-05:00 DEBUG 27472 --- [           main] org.springframework.test.context.cache   : Spring test ApplicationContext cache statistics: [DefaultContextCache@8caffbd size = 5, maxSize = 32, parentContextCount = 0, hitCount = 564, missCount = 5]
2023-11-28T22:11:59.547-05:00 DEBUG 27472 --- [           main] org.springframework.test.context.cache   : Spring test ApplicationContext cache statistics: [DefaultContextCache@8caffbd size = 5, maxSize = 32, parentContextCount = 0, hitCount = 565, missCount = 5]
2023-11-28T22:11:59.547-05:00 DEBUG 27472 --- [           main] org.springframework.test.context.cache   : Spring test ApplicationContext cache statistics: [DefaultContextCache@8caffbd size = 5, maxSize = 32, parentContextCount = 0, hitCount = 566, missCount = 5]
2023-11-28T22:11:59.547-05:00 DEBUG 27472 --- [           main] o.s.orm.jpa.JpaTransactionManager        : Initiating transaction rollback
2023-11-28T22:11:59.547-05:00 DEBUG 27472 --- [           main] o.s.orm.jpa.JpaTransactionManager        : Rolling back JPA transaction on EntityManager [SessionImpl(1498629722<open>)]
2023-11-28T22:11:59.547-05:00 DEBUG 27472 --- [           main] o.h.e.t.internal.TransactionImpl         : rolling back
2023-11-28T22:11:59.547-05:00 DEBUG 27472 --- [           main] org.postgresql.jdbc.PgConnection         : Rollback requested but no transaction in progress
2023-11-28T22:11:59.547-05:00 DEBUG 27472 --- [           main] org.postgresql.jdbc.PgConnection         :   setAutoCommit = true
2023-11-28T22:11:59.547-05:00 DEBUG 27472 --- [           main] o.s.orm.jpa.JpaTransactionManager        : Closing JPA EntityManager [SessionImpl(1498629722<open>)] after transaction
2023-11-28T22:11:59.547-05:00 DEBUG 27472 --- [           main] o.s.t.c.transaction.TransactionContext   : Rolled back transaction (1) for test class [com.cash_flow_app.apicashflow.service.IncomeExpenseServiceTest]; test method [getExpensesByAccountIdAndDate]
2023-11-28T22:11:59.547-05:00 DEBUG 27472 --- [           main] tractDirtiesContextTestExecutionListener : After test method: class [IncomeExpenseServiceTest], method [getExpensesByAccountIdAndDate], class annotated with @DirtiesContext [false] with mode [null], method annotated with @DirtiesContext [false] with mode [null]
2023-11-28T22:11:59.547-05:00 DEBUG 27472 --- [           main] o.s.t.c.w.ServletTestExecutionListener   : Resetting RequestContextHolder for test class com.cash_flow_app.apicashflow.service.IncomeExpenseServiceTest
]]></system-out>
  </testcase>
  <testcase name="delete" classname="com.cash_flow_app.apicashflow.service.IncomeExpenseServiceTest" time="0.002">
    <error message="Cannot invoke &quot;org.springframework.security.core.Authentication.getPrincipal()&quot; because the return value of &quot;org.springframework.security.core.context.SecurityContext.getAuthentication()&quot; is null" type="java.lang.NullPointerException">java.lang.NullPointerException: Cannot invoke "org.springframework.security.core.Authentication.getPrincipal()" because the return value of "org.springframework.security.core.context.SecurityContext.getAuthentication()" is null
	at com.cash_flow_app.apicashflow.service.IncomeExpenseServiceTest.setup(IncomeExpenseServiceTest.java:60)
</error>
    <system-out><![CDATA[2023-11-28T22:11:59.547-05:00 DEBUG 27472 --- [           main] org.springframework.test.context.cache   : Spring test ApplicationContext cache statistics: [DefaultContextCache@8caffbd size = 5, maxSize = 32, parentContextCount = 0, hitCount = 567, missCount = 5]
2023-11-28T22:11:59.547-05:00 DEBUG 27472 --- [           main] o.s.t.c.w.ServletTestExecutionListener   : Setting up MockHttpServletRequest, MockHttpServletResponse, ServletWebRequest, and RequestContextHolder for test class com.cash_flow_app.apicashflow.service.IncomeExpenseServiceTest
2023-11-28T22:11:59.547-05:00 DEBUG 27472 --- [           main] DependencyInjectionTestExecutionListener : Performing dependency injection for test class com.cash_flow_app.apicashflow.service.IncomeExpenseServiceTest
2023-11-28T22:11:59.547-05:00 DEBUG 27472 --- [           main] org.springframework.test.context.cache   : Spring test ApplicationContext cache statistics: [DefaultContextCache@8caffbd size = 5, maxSize = 32, parentContextCount = 0, hitCount = 568, missCount = 5]
2023-11-28T22:11:59.547-05:00 DEBUG 27472 --- [           main] org.springframework.test.context.cache   : Spring test ApplicationContext cache statistics: [DefaultContextCache@8caffbd size = 5, maxSize = 32, parentContextCount = 0, hitCount = 569, missCount = 5]
2023-11-28T22:11:59.547-05:00 DEBUG 27472 --- [           main] tractDirtiesContextTestExecutionListener : Before test method: class [IncomeExpenseServiceTest], method [delete], class annotated with @DirtiesContext [false] with mode [null], method annotated with @DirtiesContext [false] with mode [null]
2023-11-28T22:11:59.547-05:00 DEBUG 27472 --- [           main] t.c.t.TransactionalTestExecutionListener : Explicit transaction definition [PROPAGATION_REQUIRED,ISOLATION_DEFAULT] found for test class [com.cash_flow_app.apicashflow.service.IncomeExpenseServiceTest] and test method [delete]
2023-11-28T22:11:59.547-05:00 DEBUG 27472 --- [           main] org.springframework.test.context.cache   : Spring test ApplicationContext cache statistics: [DefaultContextCache@8caffbd size = 5, maxSize = 32, parentContextCount = 0, hitCount = 570, missCount = 5]
2023-11-28T22:11:59.547-05:00 DEBUG 27472 --- [           main] t.c.t.TransactionalTestExecutionListener : No method-level @Rollback override: using default rollback [true] for test method [void com.cash_flow_app.apicashflow.service.IncomeExpenseServiceTest.delete() throws java.io.IOException]
2023-11-28T22:11:59.547-05:00 DEBUG 27472 --- [           main] o.s.orm.jpa.JpaTransactionManager        : Creating new transaction with name [com.cash_flow_app.apicashflow.service.IncomeExpenseServiceTest.delete]: PROPAGATION_REQUIRED,ISOLATION_DEFAULT
2023-11-28T22:11:59.547-05:00 DEBUG 27472 --- [           main] o.s.orm.jpa.JpaTransactionManager        : Opened new EntityManager [SessionImpl(192815346<open>)] for JPA transaction
2023-11-28T22:11:59.547-05:00 DEBUG 27472 --- [           main] o.h.e.t.internal.TransactionImpl         : On TransactionImpl creation, JpaCompliance#isJpaTransactionComplianceEnabled == false
2023-11-28T22:11:59.547-05:00 DEBUG 27472 --- [           main] o.h.e.t.internal.TransactionImpl         : begin
2023-11-28T22:11:59.547-05:00 DEBUG 27472 --- [           main] org.postgresql.jdbc.PgConnection         :   setAutoCommit = false
2023-11-28T22:11:59.547-05:00 DEBUG 27472 --- [           main] o.s.orm.jpa.JpaTransactionManager        : Exposing JPA transaction as JDBC [org.springframework.orm.jpa.vendor.HibernateJpaDialect$HibernateConnectionHandle@68344a08]
2023-11-28T22:11:59.547-05:00 DEBUG 27472 --- [           main] o.s.t.c.transaction.TransactionContext   : Began transaction (1) for test class [com.cash_flow_app.apicashflow.service.IncomeExpenseServiceTest]; test method [delete]; transaction manager [org.springframework.orm.jpa.JpaTransactionManager@475454ae]; rollback [true]
2023-11-28T22:11:59.547-05:00 DEBUG 27472 --- [           main] org.springframework.test.context.cache   : Spring test ApplicationContext cache statistics: [DefaultContextCache@8caffbd size = 5, maxSize = 32, parentContextCount = 0, hitCount = 571, missCount = 5]
2023-11-28T22:11:59.547-05:00 DEBUG 27472 --- [           main] org.springframework.test.context.cache   : Spring test ApplicationContext cache statistics: [DefaultContextCache@8caffbd size = 5, maxSize = 32, parentContextCount = 0, hitCount = 572, missCount = 5]
2023-11-28T22:11:59.548-05:00 DEBUG 27472 --- [           main] o.s.orm.jpa.JpaTransactionManager        : Found thread-bound EntityManager [SessionImpl(192815346<open>)] for JPA transaction
2023-11-28T22:11:59.548-05:00 DEBUG 27472 --- [           main] o.s.orm.jpa.JpaTransactionManager        : Participating in existing transaction
2023-11-28T22:11:59.548-05:00 DEBUG 27472 --- [           main] o.h.j.internal.PersistenceUnitUtilImpl   : jakarta.persistence.PersistenceUnitUtil.getIdentifier is only intended to work with enhanced entities (although Hibernate also adapts this support to its proxies); however the passed entity was not enhanced (nor a proxy).. may not be able to read identifier
2023-11-28T22:11:59.548-05:00 DEBUG 27472 --- [           main] o.h.e.i.AbstractSaveEventListener        : Generated identifier: 5eeafafa-8abe-4100-bebc-c27ef936a694, using strategy: org.hibernate.id.UUIDGenerator
2023-11-28T22:11:59.548-05:00 DEBUG 27472 --- [           main] o.s.orm.jpa.JpaTransactionManager        : Found thread-bound EntityManager [SessionImpl(192815346<open>)] for JPA transaction
2023-11-28T22:11:59.548-05:00 DEBUG 27472 --- [           main] o.s.orm.jpa.JpaTransactionManager        : Participating in existing transaction
2023-11-28T22:11:59.548-05:00 DEBUG 27472 --- [           main] o.s.orm.jpa.JpaTransactionManager        : Participating transaction failed - marking existing transaction as rollback-only
2023-11-28T22:11:59.548-05:00 DEBUG 27472 --- [           main] o.s.orm.jpa.JpaTransactionManager        : Setting JPA transaction on EntityManager [SessionImpl(192815346<open>)] rollback-only
2023-11-28T22:11:59.548-05:00 DEBUG 27472 --- [           main] cResourceLocalTransactionCoordinatorImpl : JDBC transaction marked for rollback-only (exception provided for stack trace)

java.lang.Exception: exception just for purpose of providing stack trace
	at org.hibernate.resource.transaction.backend.jdbc.internal.JdbcResourceLocalTransactionCoordinatorImpl$TransactionDriverControlImpl.markRollbackOnly(JdbcResourceLocalTransactionCoordinatorImpl.java:324) ~[hibernate-core-6.1.7.Final.jar:6.1.7.Final]
	at org.hibernate.engine.transaction.internal.TransactionImpl.markRollbackOnly(TransactionImpl.java:203) ~[hibernate-core-6.1.7.Final.jar:6.1.7.Final]
	at org.hibernate.engine.transaction.internal.TransactionImpl.setRollbackOnly(TransactionImpl.java:224) ~[hibernate-core-6.1.7.Final.jar:6.1.7.Final]
	at org.springframework.orm.jpa.JpaTransactionManager$JpaTransactionObject.setRollbackOnly(JpaTransactionManager.java:711) ~[spring-orm-6.0.8.jar:6.0.8]
	at org.springframework.orm.jpa.JpaTransactionManager.doSetRollbackOnly(JpaTransactionManager.java:610) ~[spring-orm-6.0.8.jar:6.0.8]
	at org.springframework.transaction.support.AbstractPlatformTransactionManager.processRollback(AbstractPlatformTransactionManager.java:844) ~[spring-tx-6.0.8.jar:6.0.8]
	at org.springframework.transaction.support.AbstractPlatformTransactionManager.rollback(AbstractPlatformTransactionManager.java:809) ~[spring-tx-6.0.8.jar:6.0.8]
	at org.springframework.transaction.interceptor.TransactionAspectSupport.completeTransactionAfterThrowing(TransactionAspectSupport.java:678) ~[spring-tx-6.0.8.jar:6.0.8]
	at org.springframework.transaction.interceptor.TransactionAspectSupport.invokeWithinTransaction(TransactionAspectSupport.java:395) ~[spring-tx-6.0.8.jar:6.0.8]
	at org.springframework.transaction.interceptor.TransactionInterceptor.invoke(TransactionInterceptor.java:119) ~[spring-tx-6.0.8.jar:6.0.8]
	at org.springframework.aop.framework.ReflectiveMethodInvocation.proceed(ReflectiveMethodInvocation.java:184) ~[spring-aop-6.0.8.jar:6.0.8]
	at org.springframework.aop.framework.CglibAopProxy$CglibMethodInvocation.proceed(CglibAopProxy.java:750) ~[spring-aop-6.0.8.jar:6.0.8]
	at org.springframework.aop.framework.CglibAopProxy$DynamicAdvisedInterceptor.intercept(CglibAopProxy.java:702) ~[spring-aop-6.0.8.jar:6.0.8]
	at com.cash_flow_app.apicashflow.entities_repositories_and_services.base.account.AccountService$$SpringCGLIB$$0.save(<generated>) ~[classes/:na]
	at com.cash_flow_app.apicashflow.service.IncomeExpenseServiceTest.setup(IncomeExpenseServiceTest.java:60) ~[test-classes/:na]
	at java.base/jdk.internal.reflect.DirectMethodHandleAccessor.invoke(DirectMethodHandleAccessor.java:104) ~[na:na]
	at java.base/java.lang.reflect.Method.invoke(Method.java:578) ~[na:na]
	at org.junit.platform.commons.util.ReflectionUtils.invokeMethod(ReflectionUtils.java:727) ~[junit-platform-commons-1.9.2.jar:1.9.2]
	at org.junit.jupiter.engine.execution.MethodInvocation.proceed(MethodInvocation.java:60) ~[junit-jupiter-engine-5.9.2.jar:5.9.2]
	at org.junit.jupiter.engine.execution.InvocationInterceptorChain$ValidatingInvocation.proceed(InvocationInterceptorChain.java:131) ~[junit-jupiter-engine-5.9.2.jar:5.9.2]
	at org.junit.jupiter.engine.extension.TimeoutExtension.intercept(TimeoutExtension.java:156) ~[junit-jupiter-engine-5.9.2.jar:5.9.2]
	at org.junit.jupiter.engine.extension.TimeoutExtension.interceptLifecycleMethod(TimeoutExtension.java:128) ~[junit-jupiter-engine-5.9.2.jar:5.9.2]
	at org.junit.jupiter.engine.extension.TimeoutExtension.interceptBeforeEachMethod(TimeoutExtension.java:78) ~[junit-jupiter-engine-5.9.2.jar:5.9.2]
	at org.junit.jupiter.engine.execution.InterceptingExecutableInvoker$ReflectiveInterceptorCall.lambda$ofVoidMethod$0(InterceptingExecutableInvoker.java:103) ~[junit-jupiter-engine-5.9.2.jar:5.9.2]
	at org.junit.jupiter.engine.execution.InterceptingExecutableInvoker.lambda$invoke$0(InterceptingExecutableInvoker.java:93) ~[junit-jupiter-engine-5.9.2.jar:5.9.2]
	at org.junit.jupiter.engine.execution.InvocationInterceptorChain$InterceptedInvocation.proceed(InvocationInterceptorChain.java:106) ~[junit-jupiter-engine-5.9.2.jar:5.9.2]
	at org.junit.jupiter.engine.execution.InvocationInterceptorChain.proceed(InvocationInterceptorChain.java:64) ~[junit-jupiter-engine-5.9.2.jar:5.9.2]
	at org.junit.jupiter.engine.execution.InvocationInterceptorChain.chainAndInvoke(InvocationInterceptorChain.java:45) ~[junit-jupiter-engine-5.9.2.jar:5.9.2]
	at org.junit.jupiter.engine.execution.InvocationInterceptorChain.invoke(InvocationInterceptorChain.java:37) ~[junit-jupiter-engine-5.9.2.jar:5.9.2]
	at org.junit.jupiter.engine.execution.InterceptingExecutableInvoker.invoke(InterceptingExecutableInvoker.java:92) ~[junit-jupiter-engine-5.9.2.jar:5.9.2]
	at org.junit.jupiter.engine.execution.InterceptingExecutableInvoker.invoke(InterceptingExecutableInvoker.java:86) ~[junit-jupiter-engine-5.9.2.jar:5.9.2]
	at org.junit.jupiter.engine.descriptor.ClassBasedTestDescriptor.invokeMethodInExtensionContext(ClassBasedTestDescriptor.java:520) ~[junit-jupiter-engine-5.9.2.jar:5.9.2]
	at org.junit.jupiter.engine.descriptor.ClassBasedTestDescriptor.lambda$synthesizeBeforeEachMethodAdapter$23(ClassBasedTestDescriptor.java:505) ~[junit-jupiter-engine-5.9.2.jar:5.9.2]
	at org.junit.jupiter.engine.descriptor.TestMethodTestDescriptor.lambda$invokeBeforeEachMethods$3(TestMethodTestDescriptor.java:174) ~[junit-jupiter-engine-5.9.2.jar:5.9.2]
	at org.junit.jupiter.engine.descriptor.TestMethodTestDescriptor.lambda$invokeBeforeMethodsOrCallbacksUntilExceptionOccurs$6(TestMethodTestDescriptor.java:202) ~[junit-jupiter-engine-5.9.2.jar:5.9.2]
	at org.junit.platform.engine.support.hierarchical.ThrowableCollector.execute(ThrowableCollector.java:73) ~[junit-platform-engine-1.9.2.jar:1.9.2]
	at org.junit.jupiter.engine.descriptor.TestMethodTestDescriptor.invokeBeforeMethodsOrCallbacksUntilExceptionOccurs(TestMethodTestDescriptor.java:202) ~[junit-jupiter-engine-5.9.2.jar:5.9.2]
	at org.junit.jupiter.engine.descriptor.TestMethodTestDescriptor.invokeBeforeEachMethods(TestMethodTestDescriptor.java:171) ~[junit-jupiter-engine-5.9.2.jar:5.9.2]
	at org.junit.jupiter.engine.descriptor.TestMethodTestDescriptor.execute(TestMethodTestDescriptor.java:134) ~[junit-jupiter-engine-5.9.2.jar:5.9.2]
	at org.junit.jupiter.engine.descriptor.TestMethodTestDescriptor.execute(TestMethodTestDescriptor.java:68) ~[junit-jupiter-engine-5.9.2.jar:5.9.2]
	at org.junit.platform.engine.support.hierarchical.NodeTestTask.lambda$executeRecursively$6(NodeTestTask.java:151) ~[junit-platform-engine-1.9.2.jar:1.9.2]
	at org.junit.platform.engine.support.hierarchical.ThrowableCollector.execute(ThrowableCollector.java:73) ~[junit-platform-engine-1.9.2.jar:1.9.2]
	at org.junit.platform.engine.support.hierarchical.NodeTestTask.lambda$executeRecursively$8(NodeTestTask.java:141) ~[junit-platform-engine-1.9.2.jar:1.9.2]
	at org.junit.platform.engine.support.hierarchical.Node.around(Node.java:137) ~[junit-platform-engine-1.9.2.jar:1.9.2]
	at org.junit.platform.engine.support.hierarchical.NodeTestTask.lambda$executeRecursively$9(NodeTestTask.java:139) ~[junit-platform-engine-1.9.2.jar:1.9.2]
	at org.junit.platform.engine.support.hierarchical.ThrowableCollector.execute(ThrowableCollector.java:73) ~[junit-platform-engine-1.9.2.jar:1.9.2]
	at org.junit.platform.engine.support.hierarchical.NodeTestTask.executeRecursively(NodeTestTask.java:138) ~[junit-platform-engine-1.9.2.jar:1.9.2]
	at org.junit.platform.engine.support.hierarchical.NodeTestTask.execute(NodeTestTask.java:95) ~[junit-platform-engine-1.9.2.jar:1.9.2]
	at java.base/java.util.ArrayList.forEach(ArrayList.java:1511) ~[na:na]
	at org.junit.platform.engine.support.hierarchical.SameThreadHierarchicalTestExecutorService.invokeAll(SameThreadHierarchicalTestExecutorService.java:41) ~[junit-platform-engine-1.9.2.jar:1.9.2]
	at org.junit.platform.engine.support.hierarchical.NodeTestTask.lambda$executeRecursively$6(NodeTestTask.java:155) ~[junit-platform-engine-1.9.2.jar:1.9.2]
	at org.junit.platform.engine.support.hierarchical.ThrowableCollector.execute(ThrowableCollector.java:73) ~[junit-platform-engine-1.9.2.jar:1.9.2]
	at org.junit.platform.engine.support.hierarchical.NodeTestTask.lambda$executeRecursively$8(NodeTestTask.java:141) ~[junit-platform-engine-1.9.2.jar:1.9.2]
	at org.junit.platform.engine.support.hierarchical.Node.around(Node.java:137) ~[junit-platform-engine-1.9.2.jar:1.9.2]
	at org.junit.platform.engine.support.hierarchical.NodeTestTask.lambda$executeRecursively$9(NodeTestTask.java:139) ~[junit-platform-engine-1.9.2.jar:1.9.2]
	at org.junit.platform.engine.support.hierarchical.ThrowableCollector.execute(ThrowableCollector.java:73) ~[junit-platform-engine-1.9.2.jar:1.9.2]
	at org.junit.platform.engine.support.hierarchical.NodeTestTask.executeRecursively(NodeTestTask.java:138) ~[junit-platform-engine-1.9.2.jar:1.9.2]
	at org.junit.platform.engine.support.hierarchical.NodeTestTask.execute(NodeTestTask.java:95) ~[junit-platform-engine-1.9.2.jar:1.9.2]
	at java.base/java.util.ArrayList.forEach(ArrayList.java:1511) ~[na:na]
	at org.junit.platform.engine.support.hierarchical.SameThreadHierarchicalTestExecutorService.invokeAll(SameThreadHierarchicalTestExecutorService.java:41) ~[junit-platform-engine-1.9.2.jar:1.9.2]
	at org.junit.platform.engine.support.hierarchical.NodeTestTask.lambda$executeRecursively$6(NodeTestTask.java:155) ~[junit-platform-engine-1.9.2.jar:1.9.2]
	at org.junit.platform.engine.support.hierarchical.ThrowableCollector.execute(ThrowableCollector.java:73) ~[junit-platform-engine-1.9.2.jar:1.9.2]
	at org.junit.platform.engine.support.hierarchical.NodeTestTask.lambda$executeRecursively$8(NodeTestTask.java:141) ~[junit-platform-engine-1.9.2.jar:1.9.2]
	at org.junit.platform.engine.support.hierarchical.Node.around(Node.java:137) ~[junit-platform-engine-1.9.2.jar:1.9.2]
	at org.junit.platform.engine.support.hierarchical.NodeTestTask.lambda$executeRecursively$9(NodeTestTask.java:139) ~[junit-platform-engine-1.9.2.jar:1.9.2]
	at org.junit.platform.engine.support.hierarchical.ThrowableCollector.execute(ThrowableCollector.java:73) ~[junit-platform-engine-1.9.2.jar:1.9.2]
	at org.junit.platform.engine.support.hierarchical.NodeTestTask.executeRecursively(NodeTestTask.java:138) ~[junit-platform-engine-1.9.2.jar:1.9.2]
	at org.junit.platform.engine.support.hierarchical.NodeTestTask.execute(NodeTestTask.java:95) ~[junit-platform-engine-1.9.2.jar:1.9.2]
	at org.junit.platform.engine.support.hierarchical.SameThreadHierarchicalTestExecutorService.submit(SameThreadHierarchicalTestExecutorService.java:35) ~[junit-platform-engine-1.9.2.jar:1.9.2]
	at org.junit.platform.engine.support.hierarchical.HierarchicalTestExecutor.execute(HierarchicalTestExecutor.java:57) ~[junit-platform-engine-1.9.2.jar:1.9.2]
	at org.junit.platform.engine.support.hierarchical.HierarchicalTestEngine.execute(HierarchicalTestEngine.java:54) ~[junit-platform-engine-1.9.2.jar:1.9.2]
	at org.junit.platform.launcher.core.DefaultLauncher.execute(DefaultLauncher.java:220) ~[junit-platform-launcher-1.3.1.jar:1.3.1]
	at org.junit.platform.launcher.core.DefaultLauncher.lambda$execute$6(DefaultLauncher.java:188) ~[junit-platform-launcher-1.3.1.jar:1.3.1]
	at org.junit.platform.launcher.core.DefaultLauncher.withInterceptedStreams(DefaultLauncher.java:202) ~[junit-platform-launcher-1.3.1.jar:1.3.1]
	at org.junit.platform.launcher.core.DefaultLauncher.execute(DefaultLauncher.java:181) ~[junit-platform-launcher-1.3.1.jar:1.3.1]
	at org.junit.platform.launcher.core.DefaultLauncher.execute(DefaultLauncher.java:128) ~[junit-platform-launcher-1.3.1.jar:1.3.1]
	at org.apache.maven.surefire.junitplatform.JUnitPlatformProvider.invokeAllTests(JUnitPlatformProvider.java:150) ~[surefire-junit-platform-2.22.2.jar:2.22.2]
	at org.apache.maven.surefire.junitplatform.JUnitPlatformProvider.invoke(JUnitPlatformProvider.java:124) ~[surefire-junit-platform-2.22.2.jar:2.22.2]
	at org.apache.maven.surefire.booter.ForkedBooter.invokeProviderInSameClassLoader(ForkedBooter.java:384) ~[surefire-booter-2.22.2.jar:2.22.2]
	at org.apache.maven.surefire.booter.ForkedBooter.runSuitesInProcess(ForkedBooter.java:345) ~[surefire-booter-2.22.2.jar:2.22.2]
	at org.apache.maven.surefire.booter.ForkedBooter.execute(ForkedBooter.java:126) ~[surefire-booter-2.22.2.jar:2.22.2]
	at org.apache.maven.surefire.booter.ForkedBooter.main(ForkedBooter.java:418) ~[surefire-booter-2.22.2.jar:2.22.2]

2023-11-28T22:11:59.548-05:00 DEBUG 27472 --- [           main] org.springframework.test.context.cache   : Spring test ApplicationContext cache statistics: [DefaultContextCache@8caffbd size = 5, maxSize = 32, parentContextCount = 0, hitCount = 573, missCount = 5]
2023-11-28T22:11:59.548-05:00 DEBUG 27472 --- [           main] org.springframework.test.context.cache   : Spring test ApplicationContext cache statistics: [DefaultContextCache@8caffbd size = 5, maxSize = 32, parentContextCount = 0, hitCount = 574, missCount = 5]
2023-11-28T22:11:59.548-05:00 DEBUG 27472 --- [           main] org.springframework.test.context.cache   : Spring test ApplicationContext cache statistics: [DefaultContextCache@8caffbd size = 5, maxSize = 32, parentContextCount = 0, hitCount = 575, missCount = 5]
2023-11-28T22:11:59.548-05:00 DEBUG 27472 --- [           main] org.springframework.test.context.cache   : Spring test ApplicationContext cache statistics: [DefaultContextCache@8caffbd size = 5, maxSize = 32, parentContextCount = 0, hitCount = 576, missCount = 5]
2023-11-28T22:11:59.549-05:00 DEBUG 27472 --- [           main] org.springframework.test.context.cache   : Spring test ApplicationContext cache statistics: [DefaultContextCache@8caffbd size = 5, maxSize = 32, parentContextCount = 0, hitCount = 577, missCount = 5]
2023-11-28T22:11:59.549-05:00 DEBUG 27472 --- [           main] org.springframework.test.context.cache   : Spring test ApplicationContext cache statistics: [DefaultContextCache@8caffbd size = 5, maxSize = 32, parentContextCount = 0, hitCount = 578, missCount = 5]
2023-11-28T22:11:59.549-05:00 DEBUG 27472 --- [           main] o.s.orm.jpa.JpaTransactionManager        : Initiating transaction rollback
2023-11-28T22:11:59.549-05:00 DEBUG 27472 --- [           main] o.s.orm.jpa.JpaTransactionManager        : Rolling back JPA transaction on EntityManager [SessionImpl(192815346<open>)]
2023-11-28T22:11:59.549-05:00 DEBUG 27472 --- [           main] o.h.e.t.internal.TransactionImpl         : rolling back
2023-11-28T22:11:59.549-05:00 DEBUG 27472 --- [           main] org.postgresql.jdbc.PgConnection         : Rollback requested but no transaction in progress
2023-11-28T22:11:59.549-05:00 DEBUG 27472 --- [           main] org.postgresql.jdbc.PgConnection         :   setAutoCommit = true
2023-11-28T22:11:59.549-05:00 DEBUG 27472 --- [           main] o.s.orm.jpa.JpaTransactionManager        : Closing JPA EntityManager [SessionImpl(192815346<open>)] after transaction
2023-11-28T22:11:59.549-05:00 DEBUG 27472 --- [           main] o.s.t.c.transaction.TransactionContext   : Rolled back transaction (1) for test class [com.cash_flow_app.apicashflow.service.IncomeExpenseServiceTest]; test method [delete]
2023-11-28T22:11:59.549-05:00 DEBUG 27472 --- [           main] tractDirtiesContextTestExecutionListener : After test method: class [IncomeExpenseServiceTest], method [delete], class annotated with @DirtiesContext [false] with mode [null], method annotated with @DirtiesContext [false] with mode [null]
2023-11-28T22:11:59.549-05:00 DEBUG 27472 --- [           main] o.s.t.c.w.ServletTestExecutionListener   : Resetting RequestContextHolder for test class com.cash_flow_app.apicashflow.service.IncomeExpenseServiceTest
]]></system-out>
  </testcase>
  <testcase name="getTotalIncomesExpenses" classname="com.cash_flow_app.apicashflow.service.IncomeExpenseServiceTest" time="0.002">
    <error message="Cannot invoke &quot;org.springframework.security.core.Authentication.getPrincipal()&quot; because the return value of &quot;org.springframework.security.core.context.SecurityContext.getAuthentication()&quot; is null" type="java.lang.NullPointerException">java.lang.NullPointerException: Cannot invoke "org.springframework.security.core.Authentication.getPrincipal()" because the return value of "org.springframework.security.core.context.SecurityContext.getAuthentication()" is null
	at com.cash_flow_app.apicashflow.service.IncomeExpenseServiceTest.setup(IncomeExpenseServiceTest.java:60)
</error>
    <system-out><![CDATA[2023-11-28T22:11:59.549-05:00 DEBUG 27472 --- [           main] org.springframework.test.context.cache   : Spring test ApplicationContext cache statistics: [DefaultContextCache@8caffbd size = 5, maxSize = 32, parentContextCount = 0, hitCount = 579, missCount = 5]
2023-11-28T22:11:59.549-05:00 DEBUG 27472 --- [           main] o.s.t.c.w.ServletTestExecutionListener   : Setting up MockHttpServletRequest, MockHttpServletResponse, ServletWebRequest, and RequestContextHolder for test class com.cash_flow_app.apicashflow.service.IncomeExpenseServiceTest
2023-11-28T22:11:59.549-05:00 DEBUG 27472 --- [           main] DependencyInjectionTestExecutionListener : Performing dependency injection for test class com.cash_flow_app.apicashflow.service.IncomeExpenseServiceTest
2023-11-28T22:11:59.549-05:00 DEBUG 27472 --- [           main] org.springframework.test.context.cache   : Spring test ApplicationContext cache statistics: [DefaultContextCache@8caffbd size = 5, maxSize = 32, parentContextCount = 0, hitCount = 580, missCount = 5]
2023-11-28T22:11:59.549-05:00 DEBUG 27472 --- [           main] org.springframework.test.context.cache   : Spring test ApplicationContext cache statistics: [DefaultContextCache@8caffbd size = 5, maxSize = 32, parentContextCount = 0, hitCount = 581, missCount = 5]
2023-11-28T22:11:59.549-05:00 DEBUG 27472 --- [           main] tractDirtiesContextTestExecutionListener : Before test method: class [IncomeExpenseServiceTest], method [getTotalIncomesExpenses], class annotated with @DirtiesContext [false] with mode [null], method annotated with @DirtiesContext [false] with mode [null]
2023-11-28T22:11:59.549-05:00 DEBUG 27472 --- [           main] t.c.t.TransactionalTestExecutionListener : Explicit transaction definition [PROPAGATION_REQUIRED,ISOLATION_DEFAULT] found for test class [com.cash_flow_app.apicashflow.service.IncomeExpenseServiceTest] and test method [getTotalIncomesExpenses]
2023-11-28T22:11:59.549-05:00 DEBUG 27472 --- [           main] org.springframework.test.context.cache   : Spring test ApplicationContext cache statistics: [DefaultContextCache@8caffbd size = 5, maxSize = 32, parentContextCount = 0, hitCount = 582, missCount = 5]
2023-11-28T22:11:59.549-05:00 DEBUG 27472 --- [           main] t.c.t.TransactionalTestExecutionListener : No method-level @Rollback override: using default rollback [true] for test method [void com.cash_flow_app.apicashflow.service.IncomeExpenseServiceTest.getTotalIncomesExpenses() throws java.io.IOException]
2023-11-28T22:11:59.549-05:00 DEBUG 27472 --- [           main] o.s.orm.jpa.JpaTransactionManager        : Creating new transaction with name [com.cash_flow_app.apicashflow.service.IncomeExpenseServiceTest.getTotalIncomesExpenses]: PROPAGATION_REQUIRED,ISOLATION_DEFAULT
2023-11-28T22:11:59.549-05:00 DEBUG 27472 --- [           main] o.s.orm.jpa.JpaTransactionManager        : Opened new EntityManager [SessionImpl(213093670<open>)] for JPA transaction
2023-11-28T22:11:59.549-05:00 DEBUG 27472 --- [           main] o.h.e.t.internal.TransactionImpl         : On TransactionImpl creation, JpaCompliance#isJpaTransactionComplianceEnabled == false
2023-11-28T22:11:59.549-05:00 DEBUG 27472 --- [           main] o.h.e.t.internal.TransactionImpl         : begin
2023-11-28T22:11:59.549-05:00 DEBUG 27472 --- [           main] org.postgresql.jdbc.PgConnection         :   setAutoCommit = false
2023-11-28T22:11:59.549-05:00 DEBUG 27472 --- [           main] o.s.orm.jpa.JpaTransactionManager        : Exposing JPA transaction as JDBC [org.springframework.orm.jpa.vendor.HibernateJpaDialect$HibernateConnectionHandle@72efffa4]
2023-11-28T22:11:59.549-05:00 DEBUG 27472 --- [           main] o.s.t.c.transaction.TransactionContext   : Began transaction (1) for test class [com.cash_flow_app.apicashflow.service.IncomeExpenseServiceTest]; test method [getTotalIncomesExpenses]; transaction manager [org.springframework.orm.jpa.JpaTransactionManager@475454ae]; rollback [true]
2023-11-28T22:11:59.549-05:00 DEBUG 27472 --- [           main] org.springframework.test.context.cache   : Spring test ApplicationContext cache statistics: [DefaultContextCache@8caffbd size = 5, maxSize = 32, parentContextCount = 0, hitCount = 583, missCount = 5]
2023-11-28T22:11:59.549-05:00 DEBUG 27472 --- [           main] org.springframework.test.context.cache   : Spring test ApplicationContext cache statistics: [DefaultContextCache@8caffbd size = 5, maxSize = 32, parentContextCount = 0, hitCount = 584, missCount = 5]
2023-11-28T22:11:59.550-05:00 DEBUG 27472 --- [           main] o.s.orm.jpa.JpaTransactionManager        : Found thread-bound EntityManager [SessionImpl(213093670<open>)] for JPA transaction
2023-11-28T22:11:59.550-05:00 DEBUG 27472 --- [           main] o.s.orm.jpa.JpaTransactionManager        : Participating in existing transaction
2023-11-28T22:11:59.550-05:00 DEBUG 27472 --- [           main] o.h.j.internal.PersistenceUnitUtilImpl   : jakarta.persistence.PersistenceUnitUtil.getIdentifier is only intended to work with enhanced entities (although Hibernate also adapts this support to its proxies); however the passed entity was not enhanced (nor a proxy).. may not be able to read identifier
2023-11-28T22:11:59.550-05:00 DEBUG 27472 --- [           main] o.h.e.i.AbstractSaveEventListener        : Generated identifier: e851b3e6-227f-41e0-ac7b-5b5e0c2e9473, using strategy: org.hibernate.id.UUIDGenerator
2023-11-28T22:11:59.550-05:00 DEBUG 27472 --- [           main] o.s.orm.jpa.JpaTransactionManager        : Found thread-bound EntityManager [SessionImpl(213093670<open>)] for JPA transaction
2023-11-28T22:11:59.550-05:00 DEBUG 27472 --- [           main] o.s.orm.jpa.JpaTransactionManager        : Participating in existing transaction
2023-11-28T22:11:59.550-05:00 DEBUG 27472 --- [           main] o.s.orm.jpa.JpaTransactionManager        : Participating transaction failed - marking existing transaction as rollback-only
2023-11-28T22:11:59.550-05:00 DEBUG 27472 --- [           main] o.s.orm.jpa.JpaTransactionManager        : Setting JPA transaction on EntityManager [SessionImpl(213093670<open>)] rollback-only
2023-11-28T22:11:59.550-05:00 DEBUG 27472 --- [           main] cResourceLocalTransactionCoordinatorImpl : JDBC transaction marked for rollback-only (exception provided for stack trace)

java.lang.Exception: exception just for purpose of providing stack trace
	at org.hibernate.resource.transaction.backend.jdbc.internal.JdbcResourceLocalTransactionCoordinatorImpl$TransactionDriverControlImpl.markRollbackOnly(JdbcResourceLocalTransactionCoordinatorImpl.java:324) ~[hibernate-core-6.1.7.Final.jar:6.1.7.Final]
	at org.hibernate.engine.transaction.internal.TransactionImpl.markRollbackOnly(TransactionImpl.java:203) ~[hibernate-core-6.1.7.Final.jar:6.1.7.Final]
	at org.hibernate.engine.transaction.internal.TransactionImpl.setRollbackOnly(TransactionImpl.java:224) ~[hibernate-core-6.1.7.Final.jar:6.1.7.Final]
	at org.springframework.orm.jpa.JpaTransactionManager$JpaTransactionObject.setRollbackOnly(JpaTransactionManager.java:711) ~[spring-orm-6.0.8.jar:6.0.8]
	at org.springframework.orm.jpa.JpaTransactionManager.doSetRollbackOnly(JpaTransactionManager.java:610) ~[spring-orm-6.0.8.jar:6.0.8]
	at org.springframework.transaction.support.AbstractPlatformTransactionManager.processRollback(AbstractPlatformTransactionManager.java:844) ~[spring-tx-6.0.8.jar:6.0.8]
	at org.springframework.transaction.support.AbstractPlatformTransactionManager.rollback(AbstractPlatformTransactionManager.java:809) ~[spring-tx-6.0.8.jar:6.0.8]
	at org.springframework.transaction.interceptor.TransactionAspectSupport.completeTransactionAfterThrowing(TransactionAspectSupport.java:678) ~[spring-tx-6.0.8.jar:6.0.8]
	at org.springframework.transaction.interceptor.TransactionAspectSupport.invokeWithinTransaction(TransactionAspectSupport.java:395) ~[spring-tx-6.0.8.jar:6.0.8]
[...]
2023-11-28T22:11:59.556-05:00 DEBUG 27472 --- [           main] t.c.t.TransactionalTestExecutionListener : No method-level @Rollback override: using default rollback [true] for test method [void com.cash_flow_app.apicashflow.service.IncomeExpenseServiceTest.getIncomesByAccountIdAndDate() throws java.io.IOException]
2023-11-28T22:11:59.556-05:00 DEBUG 27472 --- [           main] o.s.orm.jpa.JpaTransactionManager        : Creating new transaction with name [com.cash_flow_app.apicashflow.service.IncomeExpenseServiceTest.getIncomesByAccountIdAndDate]: PROPAGATION_REQUIRED,ISOLATION_DEFAULT
2023-11-28T22:11:59.556-05:00 DEBUG 27472 --- [           main] o.s.orm.jpa.JpaTransactionManager        : Opened new EntityManager [SessionImpl(309711131<open>)] for JPA transaction
2023-11-28T22:11:59.556-05:00 DEBUG 27472 --- [           main] o.h.e.t.internal.TransactionImpl         : On TransactionImpl creation, JpaCompliance#isJpaTransactionComplianceEnabled == false
2023-11-28T22:11:59.556-05:00 DEBUG 27472 --- [           main] o.h.e.t.internal.TransactionImpl         : begin
2023-11-28T22:11:59.556-05:00 DEBUG 27472 --- [           main] org.postgresql.jdbc.PgConnection         :   setAutoCommit = false
2023-11-28T22:11:59.556-05:00 DEBUG 27472 --- [           main] o.s.orm.jpa.JpaTransactionManager        : Exposing JPA transaction as JDBC [org.springframework.orm.jpa.vendor.HibernateJpaDialect$HibernateConnectionHandle@796ca104]
2023-11-28T22:11:59.556-05:00 DEBUG 27472 --- [           main] o.s.t.c.transaction.TransactionContext   : Began transaction (1) for test class [com.cash_flow_app.apicashflow.service.IncomeExpenseServiceTest]; test method [getIncomesByAccountIdAndDate]; transaction manager [org.springframework.orm.jpa.JpaTransactionManager@475454ae]; rollback [true]
2023-11-28T22:11:59.556-05:00 DEBUG 27472 --- [           main] org.springframework.test.context.cache   : Spring test ApplicationContext cache statistics: [DefaultContextCache@8caffbd size = 5, maxSize = 32, parentContextCount = 0, hitCount = 631, missCount = 5]
2023-11-28T22:11:59.556-05:00 DEBUG 27472 --- [           main] org.springframework.test.context.cache   : Spring test ApplicationContext cache statistics: [DefaultContextCache@8caffbd size = 5, maxSize = 32, parentContextCount = 0, hitCount = 632, missCount = 5]
2023-11-28T22:11:59.556-05:00 DEBUG 27472 --- [           main] o.s.orm.jpa.JpaTransactionManager        : Found thread-bound EntityManager [SessionImpl(309711131<open>)] for JPA transaction
2023-11-28T22:11:59.556-05:00 DEBUG 27472 --- [           main] o.s.orm.jpa.JpaTransactionManager        : Participating in existing transaction
2023-11-28T22:11:59.556-05:00 DEBUG 27472 --- [           main] o.h.j.internal.PersistenceUnitUtilImpl   : jakarta.persistence.PersistenceUnitUtil.getIdentifier is only intended to work with enhanced entities (although Hibernate also adapts this support to its proxies); however the passed entity was not enhanced (nor a proxy).. may not be able to read identifier
2023-11-28T22:11:59.556-05:00 DEBUG 27472 --- [           main] o.h.e.i.AbstractSaveEventListener        : Generated identifier: 429f31c2-ecbe-45be-81ef-5bf4eb6080e0, using strategy: org.hibernate.id.UUIDGenerator
2023-11-28T22:11:59.556-05:00 DEBUG 27472 --- [           main] o.s.orm.jpa.JpaTransactionManager        : Found thread-bound EntityManager [SessionImpl(309711131<open>)] for JPA transaction
2023-11-28T22:11:59.556-05:00 DEBUG 27472 --- [           main] o.s.orm.jpa.JpaTransactionManager        : Participating in existing transaction
2023-11-28T22:11:59.557-05:00 DEBUG 27472 --- [           main] o.s.orm.jpa.JpaTransactionManager        : Participating transaction failed - marking existing transaction as rollback-only
2023-11-28T22:11:59.557-05:00 DEBUG 27472 --- [           main] o.s.orm.jpa.JpaTransactionManager        : Setting JPA transaction on EntityManager [SessionImpl(309711131<open>)] rollback-only
2023-11-28T22:11:59.557-05:00 DEBUG 27472 --- [           main] cResourceLocalTransactionCoordinatorImpl : JDBC transaction marked for rollback-only (exception provided for stack trace)

java.lang.Exception: exception just for purpose of providing stack trace
	at org.hibernate.resource.transaction.backend.jdbc.internal.JdbcResourceLocalTransactionCoordinatorImpl$TransactionDriverControlImpl.markRollbackOnly(JdbcResourceLocalTransactionCoordinatorImpl.java:324) ~[hibernate-core-6.1.7.Final.jar:6.1.7.Final]
	at org.hibernate.engine.transaction.internal.TransactionImpl.markRollbackOnly(TransactionImpl.java:203) ~[hibernate-core-6.1.7.Final.jar:6.1.7.Final]
	at org.hibernate.engine.transaction.internal.TransactionImpl.setRollbackOnly(TransactionImpl.java:224) ~[hibernate-core-6.1.7.Final.jar:6.1.7.Final]
	at org.springframework.orm.jpa.JpaTransactionManager$JpaTransactionObject.setRollbackOnly(JpaTransactionManager.java:711) ~[spring-orm-6.0.8.jar:6.0.8]
	at org.springframework.orm.jpa.JpaTransactionManager.doSetRollbackOnly(JpaTransactionManager.java:610) ~[spring-orm-6.0.8.jar:6.0.8]
	at org.springframework.transaction.support.AbstractPlatformTransactionManager.processRollback(AbstractPlatformTransactionManager.java:844) ~[spring-tx-6.0.8.jar:6.0.8]
	at org.springframework.transaction.support.AbstractPlatformTransactionManager.rollback(AbstractPlatformTransactionManager.java:809) ~[spring-tx-6.0.8.jar:6.0.8]
	at org.springframework.transaction.interceptor.TransactionAspectSupport.completeTransactionAfterThrowing(TransactionAspectSupport.java:678) ~[spring-tx-6.0.8.jar:6.0.8]
	at org.springframework.transaction.interceptor.TransactionAspectSupport.invokeWithinTransaction(TransactionAspectSupport.java:395) ~[spring-tx-6.0.8.jar:6.0.8]
	at org.springframework.transaction.interceptor.TransactionInterceptor.invoke(TransactionInterceptor.java:119) ~[spring-tx-6.0.8.jar:6.0.8]
	at org.springframework.aop.framework.ReflectiveMethodInvocation.proceed(ReflectiveMethodInvocation.java:184) ~[spring-aop-6.0.8.jar:6.0.8]
	at org.springframework.aop.framework.CglibAopProxy$CglibMethodInvocation.proceed(CglibAopProxy.java:750) ~[spring-aop-6.0.8.jar:6.0.8]
	at org.springframework.aop.framework.CglibAopProxy$DynamicAdvisedInterceptor.intercept(CglibAopProxy.java:702) ~[spring-aop-6.0.8.jar:6.0.8]
	at com.cash_flow_app.apicashflow.entities_repositories_and_services.base.account.AccountService$$SpringCGLIB$$0.save(<generated>) ~[classes/:na]
	at com.cash_flow_app.apicashflow.service.IncomeExpenseServiceTest.setup(IncomeExpenseServiceTest.java:60) ~[test-classes/:na]
	at java.base/jdk.internal.reflect.DirectMethodHandleAccessor.invoke(DirectMethodHandleAccessor.java:104) ~[na:na]
	at java.base/java.lang.reflect.Method.invoke(Method.java:578) ~[na:na]
	at org.junit.platform.commons.util.ReflectionUtils.invokeMethod(ReflectionUtils.java:727) ~[junit-platform-commons-1.9.2.jar:1.9.2]
	at org.junit.jupiter.engine.execution.MethodInvocation.proceed(MethodInvocation.java:60) ~[junit-jupiter-engine-5.9.2.jar:5.9.2]
	at org.junit.jupiter.engine.execution.InvocationInterceptorChain$ValidatingInvocation.proceed(InvocationInterceptorChain.java:131) ~[junit-jupiter-engine-5.9.2.jar:5.9.2]
	at org.junit.jupiter.engine.extension.TimeoutExtension.intercept(TimeoutExtension.java:156) ~[junit-jupiter-engine-5.9.2.jar:5.9.2]
	at org.junit.jupiter.engine.extension.TimeoutExtension.interceptLifecycleMethod(TimeoutExtension.java:128) ~[junit-jupiter-engine-5.9.2.jar:5.9.2]
	at org.junit.jupiter.engine.extension.TimeoutExtension.interceptBeforeEachMethod(TimeoutExtension.java:78) ~[junit-jupiter-engine-5.9.2.jar:5.9.2]
	at org.junit.jupiter.engine.execution.InterceptingExecutableInvoker$ReflectiveInterceptorCall.lambda$ofVoidMethod$0(InterceptingExecutableInvoker.java:103) ~[junit-jupiter-engine-5.9.2.jar:5.9.2]
	at org.junit.jupiter.engine.execution.InterceptingExecutableInvoker.lambda$invoke$0(InterceptingExecutableInvoker.java:93) ~[junit-jupiter-engine-5.9.2.jar:5.9.2]
	at org.junit.jupiter.engine.execution.InvocationInterceptorChain$InterceptedInvocation.proceed(InvocationInterceptorChain.java:106) ~[junit-jupiter-engine-5.9.2.jar:5.9.2]
	at org.junit.jupiter.engine.execution.InvocationInterceptorChain.proceed(InvocationInterceptorChain.java:64) ~[junit-jupiter-engine-5.9.2.jar:5.9.2]
	at org.junit.jupiter.engine.execution.InvocationInterceptorChain.chainAndInvoke(InvocationInterceptorChain.java:45) ~[junit-jupiter-engine-5.9.2.jar:5.9.2]
	at org.junit.jupiter.engine.execution.InvocationInterceptorChain.invoke(InvocationInterceptorChain.java:37) ~[junit-jupiter-engine-5.9.2.jar:5.9.2]
	at org.junit.jupiter.engine.execution.InterceptingExecutableInvoker.invoke(InterceptingExecutableInvoker.java:92) ~[junit-jupiter-engine-5.9.2.jar:5.9.2]
	at org.junit.jupiter.engine.execution.InterceptingExecutableInvoker.invoke(InterceptingExecutableInvoker.java:86) ~[junit-jupiter-engine-5.9.2.jar:5.9.2]
	at org.junit.jupiter.engine.descriptor.ClassBasedTestDescriptor.invokeMethodInExtensionContext(ClassBasedTestDescriptor.java:520) ~[junit-jupiter-engine-5.9.2.jar:5.9.2]
	at org.junit.jupiter.engine.descriptor.ClassBasedTestDescriptor.lambda$synthesizeBeforeEachMethodAdapter$23(ClassBasedTestDescriptor.java:505) ~[junit-jupiter-engine-5.9.2.jar:5.9.2]
	at org.junit.jupiter.engine.descriptor.TestMethodTestDescriptor.lambda$invokeBeforeEachMethods$3(TestMethodTestDescriptor.java:174) ~[junit-jupiter-engine-5.9.2.jar:5.9.2]
	at org.junit.jupiter.engine.descriptor.TestMethodTestDescriptor.lambda$invokeBeforeMethodsOrCallbacksUntilExceptionOccurs$6(TestMethodTestDescriptor.java:202) ~[junit-jupiter-engine-5.9.2.jar:5.9.2]
	at org.junit.platform.engine.support.hierarchical.ThrowableCollector.execute(ThrowableCollector.java:73) ~[junit-platform-engine-1.9.2.jar:1.9.2]
	at org.junit.jupiter.engine.descriptor.TestMethodTestDescriptor.invokeBeforeMethodsOrCallbacksUntilExceptionOccurs(TestMethodTestDescriptor.java:202) ~[junit-jupiter-engine-5.9.2.jar:5.9.2]
	at org.junit.jupiter.engine.descriptor.TestMethodTestDescriptor.invokeBeforeEachMethods(TestMethodTestDescriptor.java:171) ~[junit-jupiter-engine-5.9.2.jar:5.9.2]
	at org.junit.jupiter.engine.descriptor.TestMethodTestDescriptor.execute(TestMethodTestDescriptor.java:134) ~[junit-jupiter-engine-5.9.2.jar:5.9.2]
	at org.junit.jupiter.engine.descriptor.TestMethodTestDescriptor.execute(TestMethodTestDescriptor.java:68) ~[junit-jupiter-engine-5.9.2.jar:5.9.2]
	at org.junit.platform.engine.support.hierarchical.NodeTestTask.lambda$executeRecursively$6(NodeTestTask.java:151) ~[junit-platform-engine-1.9.2.jar:1.9.2]
	at org.junit.platform.engine.support.hierarchical.ThrowableCollector.execute(ThrowableCollector.java:73) ~[junit-platform-engine-1.9.2.jar:1.9.2]
	at org.junit.platform.engine.support.hierarchical.NodeTestTask.lambda$executeRecursively$8(NodeTestTask.java:141) ~[junit-platform-engine-1.9.2.jar:1.9.2]
	at org.junit.platform.engine.support.hierarchical.Node.around(Node.java:137) ~[junit-platform-engine-1.9.2.jar:1.9.2]
	at org.junit.platform.engine.support.hierarchical.NodeTestTask.lambda$executeRecursively$9(NodeTestTask.java:139) ~[junit-platform-engine-1.9.2.jar:1.9.2]
	at org.junit.platform.engine.support.hierarchical.ThrowableCollector.execute(ThrowableCollector.java:73) ~[junit-platform-engine-1.9.2.jar:1.9.2]
	at org.junit.platform.engine.support.hierarchical.NodeTestTask.executeRecursively(NodeTestTask.java:138) ~[junit-platform-engine-1.9.2.jar:1.9.2]
	at org.junit.platform.engine.support.hierarchical.NodeTestTask.execute(NodeTestTask.java:95) ~[junit-platform-engine-1.9.2.jar:1.9.2]
	at java.base/java.util.ArrayList.forEach(ArrayList.java:1511) ~[na:na]
	at org.junit.platform.engine.support.hierarchical.SameThreadHierarchicalTestExecutorService.invokeAll(SameThreadHierarchicalTestExecutorService.java:41) ~[junit-platform-engine-1.9.2.jar:1.9.2]
	at org.junit.platform.engine.support.hierarchical.NodeTestTask.lambda$executeRecursively$6(NodeTestTask.java:155) ~[junit-platform-engine-1.9.2.jar:1.9.2]
	at org.junit.platform.engine.support.hierarchical.ThrowableCollector.execute(ThrowableCollector.java:73) ~[junit-platform-engine-1.9.2.jar:1.9.2]
	at org.junit.platform.engine.support.hierarchical.NodeTestTask.lambda$executeRecursively$8(NodeTestTask.java:141) ~[junit-platform-engine-1.9.2.jar:1.9.2]
	at org.junit.platform.engine.support.hierarchical.Node.around(Node.java:137) ~[junit-platform-engine-1.9.2.jar:1.9.2]
	at org.junit.platform.engine.support.hierarchical.NodeTestTask.lambda$executeRecursively$9(NodeTestTask.java:139) ~[junit-platform-engine-1.9.2.jar:1.9.2]
	at org.junit.platform.engine.support.hierarchical.ThrowableCollector.execute(ThrowableCollector.java:73) ~[junit-platform-engine-1.9.2.jar:1.9.2]
	at org.junit.platform.engine.support.hierarchical.NodeTestTask.executeRecursively(NodeTestTask.java:138) ~[junit-platform-engine-1.9.2.jar:1.9.2]
	at org.junit.platform.engine.support.hierarchical.NodeTestTask.execute(NodeTestTask.java:95) ~[junit-platform-engine-1.9.2.jar:1.9.2]
	at java.base/java.util.ArrayList.forEach(ArrayList.java:1511) ~[na:na]
	at org.junit.platform.engine.support.hierarchical.SameThreadHierarchicalTestExecutorService.invokeAll(SameThreadHierarchicalTestExecutorService.java:41) ~[junit-platform-engine-1.9.2.jar:1.9.2]
	at org.junit.platform.engine.support.hierarchical.NodeTestTask.lambda$executeRecursively$6(NodeTestTask.java:155) ~[junit-platform-engine-1.9.2.jar:1.9.2]
	at org.junit.platform.engine.support.hierarchical.ThrowableCollector.execute(ThrowableCollector.java:73) ~[junit-platform-engine-1.9.2.jar:1.9.2]
	at org.junit.platform.engine.support.hierarchical.NodeTestTask.lambda$executeRecursively$8(NodeTestTask.java:141) ~[junit-platform-engine-1.9.2.jar:1.9.2]
	at org.junit.platform.engine.support.hierarchical.Node.around(Node.java:137) ~[junit-platform-engine-1.9.2.jar:1.9.2]
	at org.junit.platform.engine.support.hierarchical.NodeTestTask.lambda$executeRecursively$9(NodeTestTask.java:139) ~[junit-platform-engine-1.9.2.jar:1.9.2]
	at org.junit.platform.engine.support.hierarchical.ThrowableCollector.execute(ThrowableCollector.java:73) ~[junit-platform-engine-1.9.2.jar:1.9.2]
	at org.junit.platform.engine.support.hierarchical.NodeTestTask.executeRecursively(NodeTestTask.java:138) ~[junit-platform-engine-1.9.2.jar:1.9.2]
	at org.junit.platform.engine.support.hierarchical.NodeTestTask.execute(NodeTestTask.java:95) ~[junit-platform-engine-1.9.2.jar:1.9.2]
	at org.junit.platform.engine.support.hierarchical.SameThreadHierarchicalTestExecutorService.submit(SameThreadHierarchicalTestExecutorService.java:35) ~[junit-platform-engine-1.9.2.jar:1.9.2]
	at org.junit.platform.engine.support.hierarchical.HierarchicalTestExecutor.execute(HierarchicalTestExecutor.java:57) ~[junit-platform-engine-1.9.2.jar:1.9.2]
	at org.junit.platform.engine.support.hierarchical.HierarchicalTestEngine.execute(HierarchicalTestEngine.java:54) ~[junit-platform-engine-1.9.2.jar:1.9.2]
	at org.junit.platform.launcher.core.DefaultLauncher.execute(DefaultLauncher.java:220) ~[junit-platform-launcher-1.3.1.jar:1.3.1]
	at org.junit.platform.launcher.core.DefaultLauncher.lambda$execute$6(DefaultLauncher.java:188) ~[junit-platform-launcher-1.3.1.jar:1.3.1]
	at org.junit.platform.launcher.core.DefaultLauncher.withInterceptedStreams(DefaultLauncher.java:202) ~[junit-platform-launcher-1.3.1.jar:1.3.1]
	at org.junit.platform.launcher.core.DefaultLauncher.execute(DefaultLauncher.java:181) ~[junit-platform-launcher-1.3.1.jar:1.3.1]
	at org.junit.platform.launcher.core.DefaultLauncher.execute(DefaultLauncher.java:128) ~[junit-platform-launcher-1.3.1.jar:1.3.1]
	at org.apache.maven.surefire.junitplatform.JUnitPlatformProvider.invokeAllTests(JUnitPlatformProvider.java:150) ~[surefire-junit-platform-2.22.2.jar:2.22.2]
	at org.apache.maven.surefire.junitplatform.JUnitPlatformProvider.invoke(JUnitPlatformProvider.java:124) ~[surefire-junit-platform-2.22.2.jar:2.22.2]
	at org.apache.maven.surefire.booter.ForkedBooter.invokeProviderInSameClassLoader(ForkedBooter.java:384) ~[surefire-booter-2.22.2.jar:2.22.2]
	at org.apache.maven.surefire.booter.ForkedBooter.runSuitesInProcess(ForkedBooter.java:345) ~[surefire-booter-2.22.2.jar:2.22.2]
	at org.apache.maven.surefire.booter.ForkedBooter.execute(ForkedBooter.java:126) ~[surefire-booter-2.22.2.jar:2.22.2]
	at org.apache.maven.surefire.booter.ForkedBooter.main(ForkedBooter.java:418) ~[surefire-booter-2.22.2.jar:2.22.2]

2023-11-28T22:11:59.557-05:00 DEBUG 27472 --- [           main] org.springframework.test.context.cache   : Spring test ApplicationContext cache statistics: [DefaultContextCache@8caffbd size = 5, maxSize = 32, parentContextCount = 0, hitCount = 633, missCount = 5]
2023-11-28T22:11:59.557-05:00 DEBUG 27472 --- [           main] org.springframework.test.context.cache   : Spring test ApplicationContext cache statistics: [DefaultContextCache@8caffbd size = 5, maxSize = 32, parentContextCount = 0, hitCount = 634, missCount = 5]
2023-11-28T22:11:59.557-05:00 DEBUG 27472 --- [           main] org.springframework.test.context.cache   : Spring test ApplicationContext cache statistics: [DefaultContextCache@8caffbd size = 5, maxSize = 32, parentContextCount = 0, hitCount = 635, missCount = 5]
2023-11-28T22:11:59.557-05:00 DEBUG 27472 --- [           main] org.springframework.test.context.cache   : Spring test ApplicationContext cache statistics: [DefaultContextCache@8caffbd size = 5, maxSize = 32, parentContextCount = 0, hitCount = 636, missCount = 5]
2023-11-28T22:11:59.557-05:00 DEBUG 27472 --- [           main] org.springframework.test.context.cache   : Spring test ApplicationContext cache statistics: [DefaultContextCache@8caffbd size = 5, maxSize = 32, parentContextCount = 0, hitCount = 637, missCount = 5]
2023-11-28T22:11:59.557-05:00 DEBUG 27472 --- [           main] org.springframework.test.context.cache   : Spring test ApplicationContext cache statistics: [DefaultContextCache@8caffbd size = 5, maxSize = 32, parentContextCount = 0, hitCount = 638, missCount = 5]
2023-11-28T22:11:59.557-05:00 DEBUG 27472 --- [           main] o.s.orm.jpa.JpaTransactionManager        : Initiating transaction rollback
2023-11-28T22:11:59.557-05:00 DEBUG 27472 --- [           main] o.s.orm.jpa.JpaTransactionManager        : Rolling back JPA transaction on EntityManager [SessionImpl(309711131<open>)]
2023-11-28T22:11:59.557-05:00 DEBUG 27472 --- [           main] o.h.e.t.internal.TransactionImpl         : rolling back
2023-11-28T22:11:59.557-05:00 DEBUG 27472 --- [           main] org.postgresql.jdbc.PgConnection         : Rollback requested but no transaction in progress
2023-11-28T22:11:59.557-05:00 DEBUG 27472 --- [           main] org.postgresql.jdbc.PgConnection         :   setAutoCommit = true
2023-11-28T22:11:59.557-05:00 DEBUG 27472 --- [           main] o.s.orm.jpa.JpaTransactionManager        : Closing JPA EntityManager [SessionImpl(309711131<open>)] after transaction
2023-11-28T22:11:59.557-05:00 DEBUG 27472 --- [           main] o.s.t.c.transaction.TransactionContext   : Rolled back transaction (1) for test class [com.cash_flow_app.apicashflow.service.IncomeExpenseServiceTest]; test method [getIncomesByAccountIdAndDate]
2023-11-28T22:11:59.557-05:00 DEBUG 27472 --- [           main] tractDirtiesContextTestExecutionListener : After test method: class [IncomeExpenseServiceTest], method [getIncomesByAccountIdAndDate], class annotated with @DirtiesContext [false] with mode [null], method annotated with @DirtiesContext [false] with mode [null]
2023-11-28T22:11:59.557-05:00 DEBUG 27472 --- [           main] o.s.t.c.w.ServletTestExecutionListener   : Resetting RequestContextHolder for test class com.cash_flow_app.apicashflow.service.IncomeExpenseServiceTest
]]></system-out>
  </testcase>
</testsuite>