<?xml version="1.0" encoding="UTF-8"?>
<testsuite xmlns:xsi="http://www.w3.org/2001/XMLSchema-instance" xsi:noNamespaceSchemaLocation="https://maven.apache.org/surefire/maven-surefire-plugin/xsd/surefire-test-report.xsd" name="com.cash_flow_app.apicashflow.controller.IncomeExpenseControllerTest" time="0.767" tests="4" errors="4" skipped="0" failures="0">
  <properties>
[...]
</properties>
  <testcase name="getIncomeExpense" classname="com.cash_flow_app.apicashflow.controller.IncomeExpenseControllerTest" time="0.184">
    <error message="could not execute statement; SQL [n/a]; constraint [user_account_pkey]" type="org.springframework.dao.DataIntegrityViolationException">org.springframework.dao.DataIntegrityViolationException: could not execute statement; SQL [n/a]; constraint [user_account_pkey]
	at com.cash_flow_app.apicashflow.controller.IncomeExpenseControllerTest.createIncomeExpenseResult(IncomeExpenseControllerTest.java:250)
	at com.cash_flow_app.apicashflow.controller.IncomeExpenseControllerTest.getIncomeExpense(IncomeExpenseControllerTest.java:149)
Caused by: org.hibernate.exception.ConstraintViolationException: could not execute statement
	at com.cash_flow_app.apicashflow.controller.IncomeExpenseControllerTest.createIncomeExpenseResult(IncomeExpenseControllerTest.java:250)
	at com.cash_flow_app.apicashflow.controller.IncomeExpenseControllerTest.getIncomeExpense(IncomeExpenseControllerTest.java:149)
Caused by: org.postgresql.util.PSQLException: 
ERROR: duplicate key value violates unique constraint "user_account_pkey"
  Detail: Key (user_id, account_id)=(acb86be0-dc3e-475a-a21d-762ea39ada72, 760aa2e6-e2e7-4c46-b9d8-f688bc1cab6e) already exists.
	at com.cash_flow_app.apicashflow.controller.IncomeExpenseControllerTest.createIncomeExpenseResult(IncomeExpenseControllerTest.java:250)
	at com.cash_flow_app.apicashflow.controller.IncomeExpenseControllerTest.getIncomeExpense(IncomeExpenseControllerTest.java:149)
</error>
    <system-out><![CDATA[2023-11-28T22:11:58.120-05:00 DEBUG 27472 --- [           main] .b.t.c.SpringBootTestContextBootstrapper : Neither @ContextConfiguration nor @ContextHierarchy found for test class [IncomeExpenseControllerTest]: using SpringBootContextLoader
2023-11-28T22:11:58.121-05:00 DEBUG 27472 --- [           main] o.s.t.c.support.AbstractContextLoader    : Could not detect default resource locations for test class [com.cash_flow_app.apicashflow.controller.IncomeExpenseControllerTest]: no resource found for suffixes {-context.xml, Context.groovy}.
2023-11-28T22:11:58.121-05:00  INFO 27472 --- [           main] t.c.s.AnnotationConfigContextLoaderUtils : Could not detect default configuration classes for test class [com.cash_flow_app.apicashflow.controller.IncomeExpenseControllerTest]: IncomeExpenseControllerTest does not declare any static, non-private, non-final, nested classes annotated with @Configuration.
2023-11-28T22:11:58.121-05:00 DEBUG 27472 --- [           main] .b.t.c.SpringBootTestContextBootstrapper : Using ContextCustomizers for test class [IncomeExpenseControllerTest]: [ImportsContextCustomizer, ExcludeFilterContextCustomizer, DuplicateJsonObjectContextCustomizer, MockitoContextCustomizer, TestRestTemplateContextCustomizer, DisableObservabilityContextCustomizer, PropertyMappingContextCustomizer, Customizer]
2023-11-28T22:11:58.122-05:00  INFO 27472 --- [           main] .b.t.c.SpringBootTestContextBootstrapper : Found @SpringBootConfiguration com.cash_flow_app.apicashflow.ApiCashFlowApplication for test class com.cash_flow_app.apicashflow.controller.IncomeExpenseControllerTest
2023-11-28T22:11:58.122-05:00 DEBUG 27472 --- [           main] .b.t.c.SpringBootTestContextBootstrapper : Using TestExecutionListeners for test class [IncomeExpenseControllerTest]: [ServletTestExecutionListener, DirtiesContextBeforeModesTestExecutionListener, ApplicationEventsTestExecutionListener, MockitoTestExecutionListener, DependencyInjectionTestExecutionListener, DirtiesContextTestExecutionListener, TransactionalTestExecutionListener, SqlScriptsTestExecutionListener, EventPublishingTestExecutionListener, WithSecurityContextTestExecutionListener, ReactorContextTestExecutionListener, ResetMocksTestExecutionListener, RestDocsTestExecutionListener, MockRestServiceServerResetTestExecutionListener, MockMvcPrintOnlyOnFailureTestExecutionListener, WebDriverTestExecutionListener, MockWebServiceServerTestExecutionListener]
2023-11-28T22:11:58.122-05:00 DEBUG 27472 --- [           main] tractDirtiesContextTestExecutionListener : Before test class: class [IncomeExpenseControllerTest], class annotated with @DirtiesContext [false] with mode [null]
2023-11-28T22:11:58.122-05:00 DEBUG 27472 --- [           main] org.springframework.test.context.cache   : Spring test ApplicationContext cache statistics: [DefaultContextCache@8caffbd size = 3, maxSize = 32, parentContextCount = 0, hitCount = 356, missCount = 3]
2023-11-28T22:11:58.122-05:00 DEBUG 27472 --- [           main] org.springframework.test.context.cache   : Spring test ApplicationContext cache statistics: [DefaultContextCache@8caffbd size = 3, maxSize = 32, parentContextCount = 0, hitCount = 357, missCount = 3]
2023-11-28T22:11:58.122-05:00 DEBUG 27472 --- [           main] o.s.t.c.w.ServletTestExecutionListener   : Setting up MockHttpServletRequest, MockHttpServletResponse, ServletWebRequest, and RequestContextHolder for test class com.cash_flow_app.apicashflow.controller.IncomeExpenseControllerTest
2023-11-28T22:11:58.122-05:00 DEBUG 27472 --- [           main] DependencyInjectionTestExecutionListener : Performing dependency injection for test class com.cash_flow_app.apicashflow.controller.IncomeExpenseControllerTest
2023-11-28T22:11:58.122-05:00 DEBUG 27472 --- [           main] org.springframework.test.context.cache   : Spring test ApplicationContext cache statistics: [DefaultContextCache@8caffbd size = 3, maxSize = 32, parentContextCount = 0, hitCount = 358, missCount = 3]
2023-11-28T22:11:58.123-05:00 DEBUG 27472 --- [           main] org.springframework.test.context.cache   : Spring test ApplicationContext cache statistics: [DefaultContextCache@8caffbd size = 3, maxSize = 32, parentContextCount = 0, hitCount = 359, missCount = 3]
2023-11-28T22:11:58.123-05:00 DEBUG 27472 --- [           main] tractDirtiesContextTestExecutionListener : Before test method: class [IncomeExpenseControllerTest], method [getIncomeExpense], class annotated with @DirtiesContext [false] with mode [null], method annotated with @DirtiesContext [false] with mode [null]
2023-11-28T22:11:58.123-05:00 DEBUG 27472 --- [           main] t.c.t.TransactionalTestExecutionListener : Explicit transaction definition [PROPAGATION_REQUIRED,ISOLATION_DEFAULT] found for test class [com.cash_flow_app.apicashflow.controller.IncomeExpenseControllerTest] and test method [getIncomeExpense]
2023-11-28T22:11:58.123-05:00 DEBUG 27472 --- [           main] org.springframework.test.context.cache   : Spring test ApplicationContext cache statistics: [DefaultContextCache@8caffbd size = 3, maxSize = 32, parentContextCount = 0, hitCount = 360, missCount = 3]
2023-11-28T22:11:58.123-05:00 DEBUG 27472 --- [           main] t.c.t.TransactionalTestExecutionListener : No method-level @Rollback override: using default rollback [true] for test method [void com.cash_flow_app.apicashflow.controller.IncomeExpenseControllerTest.getIncomeExpense() throws java.lang.Exception]
2023-11-28T22:11:58.123-05:00 DEBUG 27472 --- [           main] o.s.orm.jpa.JpaTransactionManager        : Creating new transaction with name [com.cash_flow_app.apicashflow.controller.IncomeExpenseControllerTest.getIncomeExpense]: PROPAGATION_REQUIRED,ISOLATION_DEFAULT
2023-11-28T22:11:58.123-05:00 DEBUG 27472 --- [           main] o.s.orm.jpa.JpaTransactionManager        : Opened new EntityManager [SessionImpl(114970877<open>)] for JPA transaction
2023-11-28T22:11:58.123-05:00 DEBUG 27472 --- [           main] o.h.e.t.internal.TransactionImpl         : On TransactionImpl creation, JpaCompliance#isJpaTransactionComplianceEnabled == false
2023-11-28T22:11:58.123-05:00 DEBUG 27472 --- [           main] o.h.e.t.internal.TransactionImpl         : begin
2023-11-28T22:11:58.123-05:00 DEBUG 27472 --- [           main] org.postgresql.jdbc.PgConnection         :   setAutoCommit = false
2023-11-28T22:11:58.123-05:00 DEBUG 27472 --- [           main] o.s.orm.jpa.JpaTransactionManager        : Exposing JPA transaction as JDBC [org.springframework.orm.jpa.vendor.HibernateJpaDialect$HibernateConnectionHandle@69e91f2b]
2023-11-28T22:11:58.123-05:00 DEBUG 27472 --- [           main] o.s.t.c.transaction.TransactionContext   : Began transaction (1) for test class [com.cash_flow_app.apicashflow.controller.IncomeExpenseControllerTest]; test method [getIncomeExpense]; transaction manager [org.springframework.orm.jpa.JpaTransactionManager@6448679f]; rollback [true]
2023-11-28T22:11:58.123-05:00 DEBUG 27472 --- [           main] org.springframework.test.context.cache   : Spring test ApplicationContext cache statistics: [DefaultContextCache@8caffbd size = 3, maxSize = 32, parentContextCount = 0, hitCount = 361, missCount = 3]
2023-11-28T22:11:58.123-05:00 DEBUG 27472 --- [           main] org.springframework.test.context.cache   : Spring test ApplicationContext cache statistics: [DefaultContextCache@8caffbd size = 3, maxSize = 32, parentContextCount = 0, hitCount = 362, missCount = 3]
2023-11-28T22:11:58.124-05:00 DEBUG 27472 --- [           main] o.s.test.util.ReflectionTestUtils        : Invoking method 'getFilters' on target object [FilterChainProxy[Filter Chains: [DefaultSecurityFilterChain [RequestMatcher=any request, Filters=[org.springframework.security.web.session.DisableEncodeUrlFilter@120e3ebb, org.springframework.security.web.session.ForceEagerSessionCreationFilter@753f1c3e, org.springframework.security.web.context.request.async.WebAsyncManagerIntegrationFilter@5e9af5d4, org.springframework.security.web.context.SecurityContextHolderFilter@1d18e5ad, org.springframework.security.web.header.HeaderWriterFilter@73b68d98, org.springframework.web.filter.CorsFilter@7863e6b2, org.springframework.security.web.authentication.logout.LogoutFilter@1e5a8278, JWTAuthorizationFilter(loginService=com.cash_flow_app.apicashflow.entities_repositories_and_services.base.security.LoginService@508b9c16), com.cash_flow_app.apicashflow.entities_repositories_and_services.base.security.JWTAuthenticationFilter@6fd2b939, org.springframework.security.web.savedrequest.RequestCacheAwareFilter@11def039, org.springframework.security.web.servletapi.SecurityContextHolderAwareRequestFilter@564375d7, org.springframework.security.web.authentication.AnonymousAuthenticationFilter@c4aa99e, org.springframework.security.web.session.SessionManagementFilter@69af6978, org.springframework.security.web.access.ExceptionTranslationFilter@4469046b, org.springframework.security.web.access.intercept.AuthorizationFilter@588d2e90]]]]] or target class [null] with arguments {org.springframework.mock.web.MockHttpServletRequest@21282fc6}
2023-11-28T22:11:58.124-05:00 DEBUG 27472 --- [           main] o.s.test.util.ReflectionTestUtils        : Invoking method 'getFilters' on target object [FilterChainProxy[Filter Chains: [DefaultSecurityFilterChain [RequestMatcher=any request, Filters=[org.springframework.security.web.session.DisableEncodeUrlFilter@120e3ebb, org.springframework.security.web.session.ForceEagerSessionCreationFilter@753f1c3e, org.springframework.security.web.context.request.async.WebAsyncManagerIntegrationFilter@5e9af5d4, org.springframework.security.web.context.SecurityContextHolderFilter@1d18e5ad, org.springframework.security.web.header.HeaderWriterFilter@73b68d98, org.springframework.web.filter.CorsFilter@7863e6b2, org.springframework.security.web.authentication.logout.LogoutFilter@1e5a8278, JWTAuthorizationFilter(loginService=com.cash_flow_app.apicashflow.entities_repositories_and_services.base.security.LoginService@508b9c16), com.cash_flow_app.apicashflow.entities_repositories_and_services.base.security.JWTAuthenticationFilter@6fd2b939, org.springframework.security.web.savedrequest.RequestCacheAwareFilter@11def039, org.springframework.security.web.servletapi.SecurityContextHolderAwareRequestFilter@564375d7, org.springframework.security.web.authentication.AnonymousAuthenticationFilter@c4aa99e, org.springframework.security.web.session.SessionManagementFilter@69af6978, org.springframework.security.web.access.ExceptionTranslationFilter@4469046b, org.springframework.security.web.access.intercept.AuthorizationFilter@588d2e90]]]]] or target class [null] with arguments {org.springframework.mock.web.MockHttpServletRequest@21282fc6}
2023-11-28T22:11:58.124-05:00 DEBUG 27472 --- [           main] o.s.test.util.ReflectionTestUtils        : Invoking method 'getFilters' on target object [FilterChainProxy[Filter Chains: [DefaultSecurityFilterChain [RequestMatcher=any request, Filters=[org.springframework.security.web.session.DisableEncodeUrlFilter@120e3ebb, org.springframework.security.web.session.ForceEagerSessionCreationFilter@753f1c3e, org.springframework.security.web.context.request.async.WebAsyncManagerIntegrationFilter@5e9af5d4, org.springframework.security.web.context.SecurityContextHolderFilter@1d18e5ad, org.springframework.security.web.header.HeaderWriterFilter@73b68d98, org.springframework.web.filter.CorsFilter@7863e6b2, org.springframework.security.web.authentication.logout.LogoutFilter@1e5a8278, JWTAuthorizationFilter(loginService=com.cash_flow_app.apicashflow.entities_repositories_and_services.base.security.LoginService@508b9c16), com.cash_flow_app.apicashflow.entities_repositories_and_services.base.security.JWTAuthenticationFilter@6fd2b939, org.springframework.security.web.savedrequest.RequestCacheAwareFilter@11def039, org.springframework.security.web.servletapi.SecurityContextHolderAwareRequestFilter@564375d7, org.springframework.security.web.authentication.AnonymousAuthenticationFilter@c4aa99e, org.springframework.security.web.session.SessionManagementFilter@69af6978, org.springframework.security.web.access.ExceptionTranslationFilter@4469046b, org.springframework.security.web.access.intercept.AuthorizationFilter@588d2e90]]]]] or target class [null] with arguments {org.springframework.mock.web.MockHttpServletRequest@21282fc6}
2023-11-28T22:11:58.124-05:00 DEBUG 27472 --- [           main] o.s.security.web.FilterChainProxy        : Securing POST /api/v1/user/signup
2023-11-28T22:11:58.124-05:00 DEBUG 27472 --- [           main] .s.s.w.s.ForceEagerSessionCreationFilter : Created session eagerly
2023-11-28T22:11:58.124-05:00 DEBUG 27472 --- [           main] o.s.s.w.a.AnonymousAuthenticationFilter  : Set SecurityContextHolder to anonymous SecurityContext
2023-11-28T22:11:58.124-05:00 DEBUG 27472 --- [           main] s.w.s.m.m.a.RequestMappingHandlerMapping : Mapped to com.cash_flow_app.apicashflow.controller.UserController#signup(UserDto)
2023-11-28T22:11:58.124-05:00 DEBUG 27472 --- [           main] s.w.s.m.m.a.RequestMappingHandlerMapping : Mapped to com.cash_flow_app.apicashflow.controller.UserController#signup(UserDto)
2023-11-28T22:11:58.124-05:00 DEBUG 27472 --- [           main] s.w.s.m.m.a.RequestMappingHandlerMapping : Mapped to com.cash_flow_app.apicashflow.controller.UserController#signup(UserDto)
2023-11-28T22:11:58.124-05:00 DEBUG 27472 --- [           main] s.w.s.m.m.a.RequestMappingHandlerMapping : Mapped to com.cash_flow_app.apicashflow.controller.UserController#signup(UserDto)
2023-11-28T22:11:58.124-05:00 DEBUG 27472 --- [           main] s.w.s.m.m.a.RequestMappingHandlerMapping : Mapped to com.cash_flow_app.apicashflow.controller.UserController#signup(UserDto)
2023-11-28T22:11:58.124-05:00 DEBUG 27472 --- [           main] s.w.s.m.m.a.RequestMappingHandlerMapping : Mapped to com.cash_flow_app.apicashflow.controller.UserController#signup(UserDto)
2023-11-28T22:11:58.124-05:00 DEBUG 27472 --- [           main] s.w.s.m.m.a.RequestMappingHandlerMapping : Mapped to com.cash_flow_app.apicashflow.controller.UserController#signup(UserDto)
2023-11-28T22:11:58.124-05:00 DEBUG 27472 --- [           main] o.s.security.web.FilterChainProxy        : Secured POST /api/v1/user/signup
2023-11-28T22:11:58.124-05:00 DEBUG 27472 --- [           main] o.s.t.web.servlet.TestDispatcherServlet  : POST "/api/v1/user/signup", parameters={masked}
2023-11-28T22:11:58.124-05:00 DEBUG 27472 --- [           main] s.w.s.m.m.a.RequestMappingHandlerMapping : Mapped to com.cash_flow_app.apicashflow.controller.UserController#signup(UserDto)
2023-11-28T22:11:58.125-05:00 DEBUG 27472 --- [           main] m.m.a.RequestResponseBodyMethodProcessor : Read "application/json;charset=UTF-8" to [UserDto(username=usuario_test, password=123456, authorities=[{endpoint=Account, actions=[CREATE, REA (truncated)...]
2023-11-28T22:11:58.125-05:00 DEBUG 27472 --- [           main] org.hibernate.orm.sql.ast.create         : Created new SQL alias : a1_0
2023-11-28T22:11:58.125-05:00 DEBUG 27472 --- [           main] org.hibernate.orm.sql.ast.create         : Registration of TableGroup [StandardTableGroup(com.cash_flow_app.apicashflow.entities_repositories_and_services.base.authority.Authority(35202161494041))] with identifierForTableGroup [com.cash_flow_app.apicashflow.entities_repositories_and_services.base.authority.Authority] for NavigablePath [com.cash_flow_app.apicashflow.entities_repositories_and_services.base.authority.Authority] 
2023-11-28T22:11:58.125-05:00 DEBUG 27472 --- [           main] o.h.q.sqm.sql.BaseSqmToSqlAstConverter   : Determining mapping-model type for SqmParameter : org.hibernate.query.sqm.tree.expression.SqmJpaCriteriaParameterWrapper@5fc88c91
2023-11-28T22:11:58.125-05:00 DEBUG 27472 --- [           main] o.h.q.sqm.sql.BaseSqmToSqlAstConverter   : Determining mapping-model type for SqmPath : SqmBasicValuedSimplePath(com.cash_flow_app.apicashflow.entities_repositories_and_services.base.authority.Authority(35202161494041).permission) 
2023-11-28T22:11:58.125-05:00 DEBUG 27472 --- [           main] o.h.q.sqm.sql.BaseSqmToSqlAstConverter   : Determining mapping-model type for SqmParameter : org.hibernate.query.sqm.tree.expression.SqmJpaCriteriaParameterWrapper@7ef9d004
2023-11-28T22:11:58.125-05:00 DEBUG 27472 --- [           main] o.h.q.sqm.sql.BaseSqmToSqlAstConverter   : Determining mapping-model type for SqmPath : SqmBasicValuedSimplePath(com.cash_flow_app.apicashflow.entities_repositories_and_services.base.authority.Authority(35202161494041).endpoint) 
2023-11-28T22:11:58.125-05:00 DEBUG 27472 --- [           main] org.hibernate.orm.results.graph.AST      : DomainResult Graph:
 \-EntityResultImpl [com.cash_flow_app.apicashflow.entities_repositories_and_services.base.authority.Authority(35202161494041)]
 |  +-BasicFetch [com.cash_flow_app.apicashflow.entities_repositories_and_services.base.authority.Authority(35202161494041).endpoint]
 |  \-BasicFetch [com.cash_flow_app.apicashflow.entities_repositories_and_services.base.authority.Authority(35202161494041).permission]

2023-11-28T22:11:58.125-05:00 DEBUG 27472 --- [           main] org.hibernate.orm.sql.ast.tree           : SQL AST Tree:
    SelectStatement {
      FromClause {
        StandardTableGroup (a1 : com.cash_flow_app.apicashflow.entities_repositories_and_services.base.authority.Authority(35202161494041)) {
          primaryTableReference : authorities as a1_0
        }
      }
    }

2023-11-28T22:11:58.125-05:00 DEBUG 27472 --- [           main] org.hibernate.orm.sql.exec               : Skipping reading Query result cache data: cache-enabled = false, cache-mode = NORMAL
2023-11-28T22:11:58.125-05:00 DEBUG 27472 --- [           main] org.hibernate.orm.results                : Initializer list
2023-11-28T22:11:58.125-05:00 DEBUG 27472 --- [           main] org.hibernate.orm.results                :     com.cash_flow_app.apicashflow.entities_repositories_and_services.base.authority.Authority(35202161494041) -> EntityResultInitializer(com.cash_flow_app.apicashflow.entities_repositories_and_services.base.authority.Authority(35202161494041))@892681064 (SingleTableEntityPersister(com.cash_flow_app.apicashflow.entities_repositories_and_services.base.authority.Authority))
2023-11-28T22:11:58.126-05:00 DEBUG 27472 --- [           main] org.hibernate.SQL                        : 
    select
        a1_0.id,
        a1_0.endpoint,
        a1_0.permission 
    from
        authorities a1_0 
    where
        a1_0.permission=? 
        and a1_0.endpoint=?
2023-11-28T22:11:58.127-05:00 DEBUG 27472 --- [           main] org.hibernate.orm.results                : Extracted JDBC value [0] - [9aaf7d40-45f6-4ab6-90a9-a23f4c1b5f2f]
2023-11-28T22:11:58.127-05:00 DEBUG 27472 --- [           main] o.hibernate.orm.results.loading.entity   : (EntityResultInitializer) Hydrated EntityKey (com.cash_flow_app.apicashflow.entities_repositories_and_services.base.authority.Authority(35202161494041)): 9aaf7d40-45f6-4ab6-90a9-a23f4c1b5f2f
2023-11-28T22:11:58.127-05:00 DEBUG 27472 --- [           main] o.hibernate.orm.results.loading.entity   : (EntityResultInitializer) Created new entity instance [com.cash_flow_app.apicashflow.entities_repositories_and_services.base.authority.Authority(35202161494041)#9aaf7d40-45f6-4ab6-90a9-a23f4c1b5f2f] : com.cash_flow_app.apicashflow.entities_repositories_and_services.base.authority.Authority@71637a85
2023-11-28T22:11:58.127-05:00 DEBUG 27472 --- [           main] org.hibernate.orm.results                : Extracted JDBC value [1] - [Account]
2023-11-28T22:11:58.127-05:00 DEBUG 27472 --- [           main] org.hibernate.orm.results                : Extracted JDBC value [2] - [CREATE]
2023-11-28T22:11:58.127-05:00 DEBUG 27472 --- [           main] o.hibernate.orm.results.loading.entity   : (EntityResultInitializer) Done materializing entityInstance : com.cash_flow_app.apicashflow.entities_repositories_and_services.base.authority.Authority(35202161494041)#9aaf7d40-45f6-4ab6-90a9-a23f4c1b5f2f
2023-11-28T22:11:58.127-05:00 DEBUG 27472 --- [           main] org.hibernate.orm.results.loading        : Calling top-level assembler (0 / 1) : org.hibernate.sql.results.graph.entity.internal.EntityAssembler@6d91e1ba
2023-11-28T22:11:58.127-05:00 DEBUG 27472 --- [           main] org.hibernate.orm.sql.ast.create         : Created new SQL alias : a1_0
2023-11-28T22:11:58.127-05:00 DEBUG 27472 --- [           main] org.hibernate.orm.sql.ast.create         : Registration of TableGroup [StandardTableGroup(com.cash_flow_app.apicashflow.entities_repositories_and_services.base.authority.Authority(35202161494041))] with identifierForTableGroup [com.cash_flow_app.apicashflow.entities_repositories_and_services.base.authority.Authority] for NavigablePath [com.cash_flow_app.apicashflow.entities_repositories_and_services.base.authority.Authority] 
2023-11-28T22:11:58.127-05:00 DEBUG 27472 --- [           main] o.h.q.sqm.sql.BaseSqmToSqlAstConverter   : Determining mapping-model type for SqmParameter : org.hibernate.query.sqm.tree.expression.SqmJpaCriteriaParameterWrapper@7c8ae2c6
2023-11-28T22:11:58.127-05:00 DEBUG 27472 --- [           main] o.h.q.sqm.sql.BaseSqmToSqlAstConverter   : Determining mapping-model type for SqmPath : SqmBasicValuedSimplePath(com.cash_flow_app.apicashflow.entities_repositories_and_services.base.authority.Authority(35202161494041).permission) 
2023-11-28T22:11:58.127-05:00 DEBUG 27472 --- [           main] o.h.q.sqm.sql.BaseSqmToSqlAstConverter   : Determining mapping-model type for SqmParameter : org.hibernate.query.sqm.tree.expression.SqmJpaCriteriaParameterWrapper@18f94d41
2023-11-28T22:11:58.127-05:00 DEBUG 27472 --- [           main] o.h.q.sqm.sql.BaseSqmToSqlAstConverter   : Determining mapping-model type for SqmPath : SqmBasicValuedSimplePath(com.cash_flow_app.apicashflow.entities_repositories_and_services.base.authority.Authority(35202161494041).endpoint) 
2023-11-28T22:11:58.127-05:00 DEBUG 27472 --- [           main] org.hibernate.orm.results.graph.AST      : DomainResult Graph:
 \-EntityResultImpl [com.cash_flow_app.apicashflow.entities_repositories_and_services.base.authority.Authority(35202161494041)]
 |  +-BasicFetch [com.cash_flow_app.apicashflow.entities_repositories_and_services.base.authority.Authority(35202161494041).endpoint]
 |  \-BasicFetch [com.cash_flow_app.apicashflow.entities_repositories_and_services.base.authority.Authority(35202161494041).permission]

2023-11-28T22:11:58.127-05:00 DEBUG 27472 --- [           main] org.hibernate.orm.sql.ast.tree           : SQL AST Tree:
    SelectStatement {
      FromClause {
        StandardTableGroup (a1 : com.cash_flow_app.apicashflow.entities_repositories_and_services.base.authority.Authority(35202161494041)) {
          primaryTableReference : authorities as a1_0
        }
      }
    }

2023-11-28T22:11:58.127-05:00 DEBUG 27472 --- [           main] o.h.e.i.AbstractFlushingEventListener    : Processing flush-time cascades
2023-11-28T22:11:58.127-05:00 DEBUG 27472 --- [           main] o.h.e.i.AbstractFlushingEventListener    : Dirty checking collections
2023-11-28T22:11:58.127-05:00 DEBUG 27472 --- [           main] o.h.e.i.AbstractFlushingEventListener    : Flushed: 0 insertions, 0 updates, 0 deletions to 1 objects
2023-11-28T22:11:58.127-05:00 DEBUG 27472 --- [           main] o.h.e.i.AbstractFlushingEventListener    : Flushed: 0 (re)creations, 0 updates, 0 removals to 0 collections
2023-11-28T22:11:58.127-05:00 DEBUG 27472 --- [           main] o.hibernate.internal.util.EntityPrinter  : Listing entities:
2023-11-28T22:11:58.127-05:00 DEBUG 27472 --- [           main] o.hibernate.internal.util.EntityPrinter  : com.cash_flow_app.apicashflow.entities_repositories_and_services.base.authority.Authority{endpoint=Account, permission=CREATE, id=9aaf7d40-45f6-4ab6-90a9-a23f4c1b5f2f}
2023-11-28T22:11:58.127-05:00 DEBUG 27472 --- [           main] org.hibernate.orm.sql.exec               : Skipping reading Query result cache data: cache-enabled = false, cache-mode = NORMAL
2023-11-28T22:11:58.127-05:00 DEBUG 27472 --- [           main] org.hibernate.orm.results                : Initializer list
2023-11-28T22:11:58.127-05:00 DEBUG 27472 --- [           main] org.hibernate.orm.results                :     com.cash_flow_app.apicashflow.entities_repositories_and_services.base.authority.Authority(35202161494041) -> EntityResultInitializer(com.cash_flow_app.apicashflow.entities_repositories_and_services.base.authority.Authority(35202161494041))@1764525360 (SingleTableEntityPersister(com.cash_flow_app.apicashflow.entities_repositories_and_services.base.authority.Authority))
2023-11-28T22:11:58.127-05:00 DEBUG 27472 --- [           main] org.hibernate.SQL                        : 
    select
        a1_0.id,
        a1_0.endpoint,
        a1_0.permission 
    from
        authorities a1_0 
    where
        a1_0.permission=? 
        and a1_0.endpoint=?
2023-11-28T22:11:58.127-05:00 DEBUG 27472 --- [           main] org.hibernate.orm.results                : Extracted JDBC value [0] - [b14a62f4-d04f-422a-a2a3-1f80e2635352]
2023-11-28T22:11:58.127-05:00 DEBUG 27472 --- [           main] o.hibernate.orm.results.loading.entity   : (EntityResultInitializer) Hydrated EntityKey (com.cash_flow_app.apicashflow.entities_repositories_and_services.base.authority.Authority(35202161494041)): b14a62f4-d04f-422a-a2a3-1f80e2635352
2023-11-28T22:11:58.127-05:00 DEBUG 27472 --- [           main] o.hibernate.orm.results.loading.entity   : (EntityResultInitializer) Created new entity instance [com.cash_flow_app.apicashflow.entities_repositories_and_services.base.authority.Authority(35202161494041)#b14a62f4-d04f-422a-a2a3-1f80e2635352] : com.cash_flow_app.apicashflow.entities_repositories_and_services.base.authority.Authority@2fc578cf
2023-11-28T22:11:58.127-05:00 DEBUG 27472 --- [           main] org.hibernate.orm.results                : Extracted JDBC value [1] - [Account]
2023-11-28T22:11:58.127-05:00 DEBUG 27472 --- [           main] org.hibernate.orm.results                : Extracted JDBC value [2] - [READ]
2023-11-28T22:11:58.128-05:00 DEBUG 27472 --- [           main] o.hibernate.orm.results.loading.entity   : (EntityResultInitializer) Done materializing entityInstance : com.cash_flow_app.apicashflow.entities_repositories_and_services.base.authority.Authority(35202161494041)#b14a62f4-d04f-422a-a2a3-1f80e2635352
2023-11-28T22:11:58.128-05:00 DEBUG 27472 --- [           main] org.hibernate.orm.results.loading        : Calling top-level assembler (0 / 1) : org.hibernate.sql.results.graph.entity.internal.EntityAssembler@224d6d02
2023-11-28T22:11:58.128-05:00 DEBUG 27472 --- [           main] org.hibernate.orm.sql.ast.create         : Created new SQL alias : a1_0
2023-11-28T22:11:58.128-05:00 DEBUG 27472 --- [           main] org.hibernate.orm.sql.ast.create         : Registration of TableGroup [StandardTableGroup(com.cash_flow_app.apicashflow.entities_repositories_and_services.base.authority.Authority(35202161494041))] with identifierForTableGroup [com.cash_flow_app.apicashflow.entities_repositories_and_services.base.authority.Authority] for NavigablePath [com.cash_flow_app.apicashflow.entities_repositories_and_services.base.authority.Authority] 
2023-11-28T22:11:58.128-05:00 DEBUG 27472 --- [           main] o.h.q.sqm.sql.BaseSqmToSqlAstConverter   : Determining mapping-model type for SqmParameter : org.hibernate.query.sqm.tree.expression.SqmJpaCriteriaParameterWrapper@4f38acf
2023-11-28T22:11:58.128-05:00 DEBUG 27472 --- [           main] o.h.q.sqm.sql.BaseSqmToSqlAstConverter   : Determining mapping-model type for SqmPath : SqmBasicValuedSimplePath(com.cash_flow_app.apicashflow.entities_repositories_and_services.base.authority.Authority(35202161494041).permission) 
2023-11-28T22:11:58.128-05:00 DEBUG 27472 --- [           main] o.h.q.sqm.sql.BaseSqmToSqlAstConverter   : Determining mapping-model type for SqmParameter : org.hibernate.query.sqm.tree.expression.SqmJpaCriteriaParameterWrapper@23295bac
2023-11-28T22:11:58.128-05:00 DEBUG 27472 --- [           main] o.h.q.sqm.sql.BaseSqmToSqlAstConverter   : Determining mapping-model type for SqmPath : SqmBasicValuedSimplePath(com.cash_flow_app.apicashflow.entities_repositories_and_services.base.authority.Authority(35202161494041).endpoint) 
2023-11-28T22:11:58.128-05:00 DEBUG 27472 --- [           main] org.hibernate.orm.results.graph.AST      : DomainResult Graph:
 \-EntityResultImpl [com.cash_flow_app.apicashflow.entities_repositories_and_services.base.authority.Authority(35202161494041)]
 |  +-BasicFetch [com.cash_flow_app.apicashflow.entities_repositories_and_services.base.authority.Authority(35202161494041).endpoint]
 |  \-BasicFetch [com.cash_flow_app.apicashflow.entities_repositories_and_services.base.authority.Authority(35202161494041).permission]

2023-11-28T22:11:58.128-05:00 DEBUG 27472 --- [           main] org.hibernate.orm.sql.ast.tree           : SQL AST Tree:
    SelectStatement {
      FromClause {
        StandardTableGroup (a1 : com.cash_flow_app.apicashflow.entities_repositories_and_services.base.authority.Authority(35202161494041)) {
          primaryTableReference : authorities as a1_0
        }
      }
    }

2023-11-28T22:11:58.128-05:00 DEBUG 27472 --- [           main] o.h.e.i.AbstractFlushingEventListener    : Processing flush-time cascades
2023-11-28T22:11:58.128-05:00 DEBUG 27472 --- [           main] o.h.e.i.AbstractFlushingEventListener    : Dirty checking collections
2023-11-28T22:11:58.128-05:00 DEBUG 27472 --- [           main] o.h.e.i.AbstractFlushingEventListener    : Flushed: 0 insertions, 0 updates, 0 deletions to 2 objects
2023-11-28T22:11:58.128-05:00 DEBUG 27472 --- [           main] o.h.e.i.AbstractFlushingEventListener    : Flushed: 0 (re)creations, 0 updates, 0 removals to 0 collections
2023-11-28T22:11:58.128-05:00 DEBUG 27472 --- [           main] o.hibernate.internal.util.EntityPrinter  : Listing entities:
2023-11-28T22:11:58.128-05:00 DEBUG 27472 --- [           main] o.hibernate.internal.util.EntityPrinter  : com.cash_flow_app.apicashflow.entities_repositories_and_services.base.authority.Authority{endpoint=Account, permission=CREATE, id=9aaf7d40-45f6-4ab6-90a9-a23f4c1b5f2f}
2023-11-28T22:11:58.128-05:00 DEBUG 27472 --- [           main] o.hibernate.internal.util.EntityPrinter  : com.cash_flow_app.apicashflow.entities_repositories_and_services.base.authority.Authority{endpoint=Account, permission=READ, id=b14a62f4-d04f-422a-a2a3-1f80e2635352}
2023-11-28T22:11:58.128-05:00 DEBUG 27472 --- [           main] org.hibernate.orm.sql.exec               : Skipping reading Query result cache data: cache-enabled = false, cache-mode = NORMAL
2023-11-28T22:11:58.128-05:00 DEBUG 27472 --- [           main] org.hibernate.orm.results                : Initializer list
2023-11-28T22:11:58.128-05:00 DEBUG 27472 --- [           main] org.hibernate.orm.results                :     com.cash_flow_app.apicashflow.entities_repositories_and_services.base.authority.Authority(35202161494041) -> EntityResultInitializer(com.cash_flow_app.apicashflow.entities_repositories_and_services.base.authority.Authority(35202161494041))@526551857 (SingleTableEntityPersister(com.cash_flow_app.apicashflow.entities_repositories_and_services.base.authority.Authority))
2023-11-28T22:11:58.128-05:00 DEBUG 27472 --- [           main] org.hibernate.SQL                        : 
    select
        a1_0.id,
        a1_0.endpoint,
        a1_0.permission 
    from
        authorities a1_0 
    where
        a1_0.permission=? 
        and a1_0.endpoint=?
2023-11-28T22:11:58.128-05:00 DEBUG 27472 --- [           main] org.hibernate.orm.results                : Extracted JDBC value [0] - [363894b3-8bdc-4764-ad13-d91f872e1a95]
2023-11-28T22:11:58.128-05:00 DEBUG 27472 --- [           main] o.hibernate.orm.results.loading.entity   : (EntityResultInitializer) Hydrated EntityKey (com.cash_flow_app.apicashflow.entities_repositories_and_services.base.authority.Authority(35202161494041)): 363894b3-8bdc-4764-ad13-d91f872e1a95
2023-11-28T22:11:58.128-05:00 DEBUG 27472 --- [           main] o.hibernate.orm.results.loading.entity   : (EntityResultInitializer) Created new entity instance [com.cash_flow_app.apicashflow.entities_repositories_and_services.base.authority.Authority(35202161494041)#363894b3-8bdc-4764-ad13-d91f872e1a95] : com.cash_flow_app.apicashflow.entities_repositories_and_services.base.authority.Authority@38613df7
2023-11-28T22:11:58.128-05:00 DEBUG 27472 --- [           main] org.hibernate.orm.results                : Extracted JDBC value [1] - [Account]
2023-11-28T22:11:58.128-05:00 DEBUG 27472 --- [           main] org.hibernate.orm.results                : Extracted JDBC value [2] - [DELETE]
2023-11-28T22:11:58.128-05:00 DEBUG 27472 --- [           main] o.hibernate.orm.results.loading.entity   : (EntityResultInitializer) Done materializing entityInstance : com.cash_flow_app.apicashflow.entities_repositories_and_services.base.authority.Authority(35202161494041)#363894b3-8bdc-4764-ad13-d91f872e1a95
2023-11-28T22:11:58.128-05:00 DEBUG 27472 --- [           main] org.hibernate.orm.results.loading        : Calling top-level assembler (0 / 1) : org.hibernate.sql.results.graph.entity.internal.EntityAssembler@33d102c9
2023-11-28T22:11:58.128-05:00 DEBUG 27472 --- [           main] org.hibernate.orm.sql.ast.create         : Created new SQL alias : a1_0
2023-11-28T22:11:58.128-05:00 DEBUG 27472 --- [           main] org.hibernate.orm.sql.ast.create         : Registration of TableGroup [StandardTableGroup(com.cash_flow_app.apicashflow.entities_repositories_and_services.base.authority.Authority(35202161494041))] with identifierForTableGroup [com.cash_flow_app.apicashflow.entities_repositories_and_services.base.authority.Authority] for NavigablePath [com.cash_flow_app.apicashflow.entities_repositories_and_services.base.authority.Authority] 
2023-11-28T22:11:58.128-05:00 DEBUG 27472 --- [           main] o.h.q.sqm.sql.BaseSqmToSqlAstConverter   : Determining mapping-model type for SqmParameter : org.hibernate.query.sqm.tree.expression.SqmJpaCriteriaParameterWrapper@307eaa06
2023-11-28T22:11:58.128-05:00 DEBUG 27472 --- [           main] o.h.q.sqm.sql.BaseSqmToSqlAstConverter   : Determining mapping-model type for SqmPath : SqmBasicValuedSimplePath(com.cash_flow_app.apicashflow.entities_repositories_and_services.base.authority.Authority(35202161494041).permission) 
2023-11-28T22:11:58.128-05:00 DEBUG 27472 --- [           main] o.h.q.sqm.sql.BaseSqmToSqlAstConverter   : Determining mapping-model type for SqmParameter : org.hibernate.query.sqm.tree.expression.SqmJpaCriteriaParameterWrapper@c2b7028
2023-11-28T22:11:58.129-05:00 DEBUG 27472 --- [           main] o.h.q.sqm.sql.BaseSqmToSqlAstConverter   : Determining mapping-model type for SqmPath : SqmBasicValuedSimplePath(com.cash_flow_app.apicashflow.entities_repositories_and_services.base.authority.Authority(35202161494041).endpoint) 
2023-11-28T22:11:58.129-05:00 DEBUG 27472 --- [           main] org.hibernate.orm.results.graph.AST      : DomainResult Graph:
 \-EntityResultImpl [com.cash_flow_app.apicashflow.entities_repositories_and_services.base.authority.Authority(35202161494041)]
 |  +-BasicFetch [com.cash_flow_app.apicashflow.entities_repositories_and_services.base.authority.Authority(35202161494041).endpoint]
 |  \-BasicFetch [com.cash_flow_app.apicashflow.entities_repositories_and_services.base.authority.Authority(35202161494041).permission]

2023-11-28T22:11:58.129-05:00 DEBUG 27472 --- [           main] org.hibernate.orm.sql.ast.tree           : SQL AST Tree:
    SelectStatement {
      FromClause {
        StandardTableGroup (a1 : com.cash_flow_app.apicashflow.entities_repositories_and_services.base.authority.Authority(35202161494041)) {
          primaryTableReference : authorities as a1_0
        }
      }
    }

2023-11-28T22:11:58.129-05:00 DEBUG 27472 --- [           main] o.h.e.i.AbstractFlushingEventListener    : Processing flush-time cascades
2023-11-28T22:11:58.129-05:00 DEBUG 27472 --- [           main] o.h.e.i.AbstractFlushingEventListener    : Dirty checking collections
2023-11-28T22:11:58.129-05:00 DEBUG 27472 --- [           main] o.h.e.i.AbstractFlushingEventListener    : Flushed: 0 insertions, 0 updates, 0 deletions to 3 objects
2023-11-28T22:11:58.129-05:00 DEBUG 27472 --- [           main] o.h.e.i.AbstractFlushingEventListener    : Flushed: 0 (re)creations, 0 updates, 0 removals to 0 collections
2023-11-28T22:11:58.129-05:00 DEBUG 27472 --- [           main] o.hibernate.internal.util.EntityPrinter  : Listing entities:
2023-11-28T22:11:58.129-05:00 DEBUG 27472 --- [           main] o.hibernate.internal.util.EntityPrinter  : com.cash_flow_app.apicashflow.entities_repositories_and_services.base.authority.Authority{endpoint=Account, permission=DELETE, id=363894b3-8bdc-4764-ad13-d91f872e1a95}
2023-11-28T22:11:58.129-05:00 DEBUG 27472 --- [           main] o.hibernate.internal.util.EntityPrinter  : com.cash_flow_app.apicashflow.entities_repositories_and_services.base.authority.Authority{endpoint=Account, permission=CREATE, id=9aaf7d40-45f6-4ab6-90a9-a23f4c1b5f2f}
2023-11-28T22:11:58.129-05:00 DEBUG 27472 --- [           main] o.hibernate.internal.util.EntityPrinter  : com.cash_flow_app.apicashflow.entities_repositories_and_services.base.authority.Authority{endpoint=Account, permission=READ, id=b14a62f4-d04f-422a-a2a3-1f80e2635352}
2023-11-28T22:11:58.129-05:00 DEBUG 27472 --- [           main] org.hibernate.orm.sql.exec               : Skipping reading Query result cache data: cache-enabled = false, cache-mode = NORMAL
2023-11-28T22:11:58.129-05:00 DEBUG 27472 --- [           main] org.hibernate.orm.results                : Initializer list
2023-11-28T22:11:58.129-05:00 DEBUG 27472 --- [           main] org.hibernate.orm.results                :     com.cash_flow_app.apicashflow.entities_repositories_and_services.base.authority.Authority(35202161494041) -> EntityResultInitializer(com.cash_flow_app.apicashflow.entities_repositories_and_services.base.authority.Authority(35202161494041))@352245447 (SingleTableEntityPersister(com.cash_flow_app.apicashflow.entities_repositories_and_services.base.authority.Authority))
2023-11-28T22:11:58.129-05:00 DEBUG 27472 --- [           main] org.hibernate.SQL                        : 
    select
        a1_0.id,
        a1_0.endpoint,
        a1_0.permission 
    from
        authorities a1_0 
    where
        a1_0.permission=? 
        and a1_0.endpoint=?
2023-11-28T22:11:58.129-05:00 DEBUG 27472 --- [           main] org.hibernate.orm.results                : Extracted JDBC value [0] - [f4f135be-a2b5-48d1-a9d0-2b14e82cc373]
2023-11-28T22:11:58.129-05:00 DEBUG 27472 --- [           main] o.hibernate.orm.results.loading.entity   : (EntityResultInitializer) Hydrated EntityKey (com.cash_flow_app.apicashflow.entities_repositories_and_services.base.authority.Authority(35202161494041)): f4f135be-a2b5-48d1-a9d0-2b14e82cc373
2023-11-28T22:11:58.129-05:00 DEBUG 27472 --- [           main] o.hibernate.orm.results.loading.entity   : (EntityResultInitializer) Created new entity instance [com.cash_flow_app.apicashflow.entities_repositories_and_services.base.authority.Authority(35202161494041)#f4f135be-a2b5-48d1-a9d0-2b14e82cc373] : com.cash_flow_app.apicashflow.entities_repositories_and_services.base.authority.Authority@12f3e95d
2023-11-28T22:11:58.129-05:00 DEBUG 27472 --- [           main] org.hibernate.orm.results                : Extracted JDBC value [1] - [User]
2023-11-28T22:11:58.129-05:00 DEBUG 27472 --- [           main] org.hibernate.orm.results                : Extracted JDBC value [2] - [CREATE]
2023-11-28T22:11:58.129-05:00 DEBUG 27472 --- [           main] o.hibernate.orm.results.loading.entity   : (EntityResultInitializer) Done materializing entityInstance : com.cash_flow_app.apicashflow.entities_repositories_and_services.base.authority.Authority(35202161494041)#f4f135be-a2b5-48d1-a9d0-2b14e82cc373
2023-11-28T22:11:58.129-05:00 DEBUG 27472 --- [           main] org.hibernate.orm.results.loading        : Calling top-level assembler (0 / 1) : org.hibernate.sql.results.graph.entity.internal.EntityAssembler@70595d2a
2023-11-28T22:11:58.129-05:00 DEBUG 27472 --- [           main] org.hibernate.orm.sql.ast.create         : Created new SQL alias : a1_0
2023-11-28T22:11:58.129-05:00 DEBUG 27472 --- [           main] org.hibernate.orm.sql.ast.create         : Registration of TableGroup [StandardTableGroup(com.cash_flow_app.apicashflow.entities_repositories_and_services.base.authority.Authority(35202161494041))] with identifierForTableGroup [com.cash_flow_app.apicashflow.entities_repositories_and_services.base.authority.Authority] for NavigablePath [com.cash_flow_app.apicashflow.entities_repositories_and_services.base.authority.Authority] 
2023-11-28T22:11:58.129-05:00 DEBUG 27472 --- [           main] o.h.q.sqm.sql.BaseSqmToSqlAstConverter   : Determining mapping-model type for SqmParameter : org.hibernate.query.sqm.tree.expression.SqmJpaCriteriaParameterWrapper@6a41ed18
2023-11-28T22:11:58.129-05:00 DEBUG 27472 --- [           main] o.h.q.sqm.sql.BaseSqmToSqlAstConverter   : Determining mapping-model type for SqmPath : SqmBasicValuedSimplePath(com.cash_flow_app.apicashflow.entities_repositories_and_services.base.authority.Authority(35202161494041).permission) 
2023-11-28T22:11:58.129-05:00 DEBUG 27472 --- [           main] o.h.q.sqm.sql.BaseSqmToSqlAstConverter   : Determining mapping-model type for SqmParameter : org.hibernate.query.sqm.tree.expression.SqmJpaCriteriaParameterWrapper@42343f6d
2023-11-28T22:11:58.129-05:00 DEBUG 27472 --- [           main] o.h.q.sqm.sql.BaseSqmToSqlAstConverter   : Determining mapping-model type for SqmPath : SqmBasicValuedSimplePath(com.cash_flow_app.apicashflow.entities_repositories_and_services.base.authority.Authority(35202161494041).endpoint) 
2023-11-28T22:11:58.129-05:00 DEBUG 27472 --- [           main] org.hibernate.orm.results.graph.AST      : DomainResult Graph:
 \-EntityResultImpl [com.cash_flow_app.apicashflow.entities_repositories_and_services.base.authority.Authority(35202161494041)]
 |  +-BasicFetch [com.cash_flow_app.apicashflow.entities_repositories_and_services.base.authority.Authority(35202161494041).endpoint]
 |  \-BasicFetch [com.cash_flow_app.apicashflow.entities_repositories_and_services.base.authority.Authority(35202161494041).permission]

2023-11-28T22:11:58.129-05:00 DEBUG 27472 --- [           main] org.hibernate.orm.sql.ast.tree           : SQL AST Tree:
    SelectStatement {
      FromClause {
        StandardTableGroup (a1 : com.cash_flow_app.apicashflow.entities_repositories_and_services.base.authority.Authority(35202161494041)) {
          primaryTableReference : authorities as a1_0
        }
      }
    }

2023-11-28T22:11:58.129-05:00 DEBUG 27472 --- [           main] o.h.e.i.AbstractFlushingEventListener    : Processing flush-time cascades
2023-11-28T22:11:58.129-05:00 DEBUG 27472 --- [           main] o.h.e.i.AbstractFlushingEventListener    : Dirty checking collections
2023-11-28T22:11:58.129-05:00 DEBUG 27472 --- [           main] o.h.e.i.AbstractFlushingEventListener    : Flushed: 0 insertions, 0 updates, 0 deletions to 4 objects
2023-11-28T22:11:58.129-05:00 DEBUG 27472 --- [           main] o.h.e.i.AbstractFlushingEventListener    : Flushed: 0 (re)creations, 0 updates, 0 removals to 0 collections
2023-11-28T22:11:58.129-05:00 DEBUG 27472 --- [           main] o.hibernate.internal.util.EntityPrinter  : Listing entities:
2023-11-28T22:11:58.129-05:00 DEBUG 27472 --- [           main] o.hibernate.internal.util.EntityPrinter  : com.cash_flow_app.apicashflow.entities_repositories_and_services.base.authority.Authority{endpoint=User, permission=CREATE, id=f4f135be-a2b5-48d1-a9d0-2b14e82cc373}
2023-11-28T22:11:58.129-05:00 DEBUG 27472 --- [           main] o.hibernate.internal.util.EntityPrinter  : com.cash_flow_app.apicashflow.entities_repositories_and_services.base.authority.Authority{endpoint=Account, permission=DELETE, id=363894b3-8bdc-4764-ad13-d91f872e1a95}
2023-11-28T22:11:58.129-05:00 DEBUG 27472 --- [           main] o.hibernate.internal.util.EntityPrinter  : com.cash_flow_app.apicashflow.entities_repositories_and_services.base.authority.Authority{endpoint=Account, permission=CREATE, id=9aaf7d40-45f6-4ab6-90a9-a23f4c1b5f2f}
2023-11-28T22:11:58.129-05:00 DEBUG 27472 --- [           main] o.hibernate.internal.util.EntityPrinter  : com.cash_flow_app.apicashflow.entities_repositories_and_services.base.authority.Authority{endpoint=Account, permission=READ, id=b14a62f4-d04f-422a-a2a3-1f80e2635352}
2023-11-28T22:11:58.129-05:00 DEBUG 27472 --- [           main] org.hibernate.orm.sql.exec               : Skipping reading Query result cache data: cache-enabled = false, cache-mode = NORMAL
2023-11-28T22:11:58.129-05:00 DEBUG 27472 --- [           main] org.hibernate.orm.results                : Initializer list
2023-11-28T22:11:58.129-05:00 DEBUG 27472 --- [           main] org.hibernate.orm.results                :     com.cash_flow_app.apicashflow.entities_repositories_and_services.base.authority.Authority(35202161494041) -> EntityResultInitializer(com.cash_flow_app.apicashflow.entities_repositories_and_services.base.authority.Authority(35202161494041))@1936374550 (SingleTableEntityPersister(com.cash_flow_app.apicashflow.entities_repositories_and_services.base.authority.Authority))
2023-11-28T22:11:58.129-05:00 DEBUG 27472 --- [           main] org.hibernate.SQL                        : 
    select
        a1_0.id,
        a1_0.endpoint,
        a1_0.permission 
    from
        authorities a1_0 
    where
        a1_0.permission=? 
        and a1_0.endpoint=?
2023-11-28T22:11:58.130-05:00 DEBUG 27472 --- [           main] org.hibernate.orm.results                : Extracted JDBC value [0] - [35481739-2447-454f-8ec3-daf467bb2ae5]
2023-11-28T22:11:58.130-05:00 DEBUG 27472 --- [           main] o.hibernate.orm.results.loading.entity   : (EntityResultInitializer) Hydrated EntityKey (com.cash_flow_app.apicashflow.entities_repositories_and_services.base.authority.Authority(35202161494041)): 35481739-2447-454f-8ec3-daf467bb2ae5
2023-11-28T22:11:58.130-05:00 DEBUG 27472 --- [           main] o.hibernate.orm.results.loading.entity   : (EntityResultInitializer) Created new entity instance [com.cash_flow_app.apicashflow.entities_repositories_and_services.base.authority.Authority(35202161494041)#35481739-2447-454f-8ec3-daf467bb2ae5] : com.cash_flow_app.apicashflow.entities_repositories_and_services.base.authority.Authority@3d475f1b
2023-11-28T22:11:58.130-05:00 DEBUG 27472 --- [           main] org.hibernate.orm.results                : Extracted JDBC value [1] - [User]
2023-11-28T22:11:58.130-05:00 DEBUG 27472 --- [           main] org.hibernate.orm.results                : Extracted JDBC value [2] - [READ]
2023-11-28T22:11:58.130-05:00 DEBUG 27472 --- [           main] o.hibernate.orm.results.loading.entity   : (EntityResultInitializer) Done materializing entityInstance : com.cash_flow_app.apicashflow.entities_repositories_and_services.base.authority.Authority(35202161494041)#35481739-2447-454f-8ec3-daf467bb2ae5
2023-11-28T22:11:58.130-05:00 DEBUG 27472 --- [           main] org.hibernate.orm.results.loading        : Calling top-level assembler (0 / 1) : org.hibernate.sql.results.graph.entity.internal.EntityAssembler@1b53e1ae
2023-11-28T22:11:58.130-05:00 DEBUG 27472 --- [           main] org.hibernate.orm.sql.ast.create         : Created new SQL alias : a1_0
2023-11-28T22:11:58.130-05:00 DEBUG 27472 --- [           main] org.hibernate.orm.sql.ast.create         : Registration of TableGroup [StandardTableGroup(com.cash_flow_app.apicashflow.entities_repositories_and_services.base.authority.Authority(35202161494041))] with identifierForTableGroup [com.cash_flow_app.apicashflow.entities_repositories_and_services.base.authority.Authority] for NavigablePath [com.cash_flow_app.apicashflow.entities_repositories_and_services.base.authority.Authority] 
2023-11-28T22:11:58.130-05:00 DEBUG 27472 --- [           main] o.h.q.sqm.sql.BaseSqmToSqlAstConverter   : Determining mapping-model type for SqmParameter : org.hibernate.query.sqm.tree.expression.SqmJpaCriteriaParameterWrapper@70abd04e
2023-11-28T22:11:58.130-05:00 DEBUG 27472 --- [           main] o.h.q.sqm.sql.BaseSqmToSqlAstConverter   : Determining mapping-model type for SqmPath : SqmBasicValuedSimplePath(com.cash_flow_app.apicashflow.entities_repositories_and_services.base.authority.Authority(35202161494041).permission) 
2023-11-28T22:11:58.130-05:00 DEBUG 27472 --- [           main] o.h.q.sqm.sql.BaseSqmToSqlAstConverter   : Determining mapping-model type for SqmParameter : org.hibernate.query.sqm.tree.expression.SqmJpaCriteriaParameterWrapper@2443b82a
2023-11-28T22:11:58.130-05:00 DEBUG 27472 --- [           main] o.h.q.sqm.sql.BaseSqmToSqlAstConverter   : Determining mapping-model type for SqmPath : SqmBasicValuedSimplePath(com.cash_flow_app.apicashflow.entities_repositories_and_services.base.authority.Authority(35202161494041).endpoint) 
2023-11-28T22:11:58.130-05:00 DEBUG 27472 --- [           main] org.hibernate.orm.results.graph.AST      : DomainResult Graph:
 \-EntityResultImpl [com.cash_flow_app.apicashflow.entities_repositories_and_services.base.authority.Authority(35202161494041)]
 |  +-BasicFetch [com.cash_flow_app.apicashflow.entities_repositories_and_services.base.authority.Authority(35202161494041).endpoint]
 |  \-BasicFetch [com.cash_flow_app.apicashflow.entities_repositories_and_services.base.authority.Authority(35202161494041).permission]

2023-11-28T22:11:58.130-05:00 DEBUG 27472 --- [           main] org.hibernate.orm.sql.ast.tree           : SQL AST Tree:
    SelectStatement {
      FromClause {
        StandardTableGroup (a1 : com.cash_flow_app.apicashflow.entities_repositories_and_services.base.authority.Authority(35202161494041)) {
          primaryTableReference : authorities as a1_0
        }
      }
    }

2023-11-28T22:11:58.130-05:00 DEBUG 27472 --- [           main] o.h.e.i.AbstractFlushingEventListener    : Processing flush-time cascades
2023-11-28T22:11:58.130-05:00 DEBUG 27472 --- [           main] o.h.e.i.AbstractFlushingEventListener    : Dirty checking collections
2023-11-28T22:11:58.130-05:00 DEBUG 27472 --- [           main] o.h.e.i.AbstractFlushingEventListener    : Flushed: 0 insertions, 0 updates, 0 deletions to 5 objects
2023-11-28T22:11:58.130-05:00 DEBUG 27472 --- [           main] o.h.e.i.AbstractFlushingEventListener    : Flushed: 0 (re)creations, 0 updates, 0 removals to 0 collections
2023-11-28T22:11:58.130-05:00 DEBUG 27472 --- [           main] o.hibernate.internal.util.EntityPrinter  : Listing entities:
2023-11-28T22:11:58.130-05:00 DEBUG 27472 --- [           main] o.hibernate.internal.util.EntityPrinter  : com.cash_flow_app.apicashflow.entities_repositories_and_services.base.authority.Authority{endpoint=User, permission=CREATE, id=f4f135be-a2b5-48d1-a9d0-2b14e82cc373}
2023-11-28T22:11:58.130-05:00 DEBUG 27472 --- [           main] o.hibernate.internal.util.EntityPrinter  : com.cash_flow_app.apicashflow.entities_repositories_and_services.base.authority.Authority{endpoint=User, permission=READ, id=35481739-2447-454f-8ec3-daf467bb2ae5}
2023-11-28T22:11:58.130-05:00 DEBUG 27472 --- [           main] o.hibernate.internal.util.EntityPrinter  : com.cash_flow_app.apicashflow.entities_repositories_and_services.base.authority.Authority{endpoint=Account, permission=DELETE, id=363894b3-8bdc-4764-ad13-d91f872e1a95}
2023-11-28T22:11:58.130-05:00 DEBUG 27472 --- [           main] o.hibernate.internal.util.EntityPrinter  : com.cash_flow_app.apicashflow.entities_repositories_and_services.base.authority.Authority{endpoint=Account, permission=CREATE, id=9aaf7d40-45f6-4ab6-90a9-a23f4c1b5f2f}
2023-11-28T22:11:58.130-05:00 DEBUG 27472 --- [           main] o.hibernate.internal.util.EntityPrinter  : com.cash_flow_app.apicashflow.entities_repositories_and_services.base.authority.Authority{endpoint=Account, permission=READ, id=b14a62f4-d04f-422a-a2a3-1f80e2635352}
2023-11-28T22:11:58.130-05:00 DEBUG 27472 --- [           main] org.hibernate.orm.sql.exec               : Skipping reading Query result cache data: cache-enabled = false, cache-mode = NORMAL
2023-11-28T22:11:58.130-05:00 DEBUG 27472 --- [           main] org.hibernate.orm.results                : Initializer list
2023-11-28T22:11:58.130-05:00 DEBUG 27472 --- [           main] org.hibernate.orm.results                :     com.cash_flow_app.apicashflow.entities_repositories_and_services.base.authority.Authority(35202161494041) -> EntityResultInitializer(com.cash_flow_app.apicashflow.entities_repositories_and_services.base.authority.Authority(35202161494041))@807254402 (SingleTableEntityPersister(com.cash_flow_app.apicashflow.entities_repositories_and_services.base.authority.Authority))
2023-11-28T22:11:58.130-05:00 DEBUG 27472 --- [           main] org.hibernate.SQL                        : 
    select
        a1_0.id,
        a1_0.endpoint,
        a1_0.permission 
    from
        authorities a1_0 
    where
        a1_0.permission=? 
        and a1_0.endpoint=?
2023-11-28T22:11:58.131-05:00 DEBUG 27472 --- [           main] org.hibernate.orm.results                : Extracted JDBC value [0] - [4de61a19-9cab-469d-856c-169a503a3f70]
2023-11-28T22:11:58.131-05:00 DEBUG 27472 --- [           main] o.hibernate.orm.results.loading.entity   : (EntityResultInitializer) Hydrated EntityKey (com.cash_flow_app.apicashflow.entities_repositories_and_services.base.authority.Authority(35202161494041)): 4de61a19-9cab-469d-856c-169a503a3f70
2023-11-28T22:11:58.131-05:00 DEBUG 27472 --- [           main] o.hibernate.orm.results.loading.entity   : (EntityResultInitializer) Created new entity instance [com.cash_flow_app.apicashflow.entities_repositories_and_services.base.authority.Authority(35202161494041)#4de61a19-9cab-469d-856c-169a503a3f70] : com.cash_flow_app.apicashflow.entities_repositories_and_services.base.authority.Authority@5dc5a622
2023-11-28T22:11:58.131-05:00 DEBUG 27472 --- [           main] org.hibernate.orm.results                : Extracted JDBC value [1] - [IncomeExpense]
2023-11-28T22:11:58.131-05:00 DEBUG 27472 --- [           main] org.hibernate.orm.results                : Extracted JDBC value [2] - [CREATE]
2023-11-28T22:11:58.131-05:00 DEBUG 27472 --- [           main] o.hibernate.orm.results.loading.entity   : (EntityResultInitializer) Done materializing entityInstance : com.cash_flow_app.apicashflow.entities_repositories_and_services.base.authority.Authority(35202161494041)#4de61a19-9cab-469d-856c-169a503a3f70
2023-11-28T22:11:58.131-05:00 DEBUG 27472 --- [           main] org.hibernate.orm.results.loading        : Calling top-level assembler (0 / 1) : org.hibernate.sql.results.graph.entity.internal.EntityAssembler@49d5b1
2023-11-28T22:11:58.131-05:00 DEBUG 27472 --- [           main] org.hibernate.orm.sql.ast.create         : Created new SQL alias : a1_0
2023-11-28T22:11:58.131-05:00 DEBUG 27472 --- [           main] org.hibernate.orm.sql.ast.create         : Registration of TableGroup [StandardTableGroup(com.cash_flow_app.apicashflow.entities_repositories_and_services.base.authority.Authority(35202161494041))] with identifierForTableGroup [com.cash_flow_app.apicashflow.entities_repositories_and_services.base.authority.Authority] for NavigablePath [com.cash_flow_app.apicashflow.entities_repositories_and_services.base.authority.Authority] 
2023-11-28T22:11:58.131-05:00 DEBUG 27472 --- [           main] o.h.q.sqm.sql.BaseSqmToSqlAstConverter   : Determining mapping-model type for SqmParameter : org.hibernate.query.sqm.tree.expression.SqmJpaCriteriaParameterWrapper@bf42a2a
2023-11-28T22:11:58.131-05:00 DEBUG 27472 --- [           main] o.h.q.sqm.sql.BaseSqmToSqlAstConverter   : Determining mapping-model type for SqmPath : SqmBasicValuedSimplePath(com.cash_flow_app.apicashflow.entities_repositories_and_services.base.authority.Authority(35202161494041).permission) 
2023-11-28T22:11:58.131-05:00 DEBUG 27472 --- [           main] o.h.q.sqm.sql.BaseSqmToSqlAstConverter   : Determining mapping-model type for SqmParameter : org.hibernate.query.sqm.tree.expression.SqmJpaCriteriaParameterWrapper@16c90eac
2023-11-28T22:11:58.131-05:00 DEBUG 27472 --- [           main] o.h.q.sqm.sql.BaseSqmToSqlAstConverter   : Determining mapping-model type for SqmPath : SqmBasicValuedSimplePath(com.cash_flow_app.apicashflow.entities_repositories_and_services.base.authority.Authority(35202161494041).endpoint) 
2023-11-28T22:11:58.131-05:00 DEBUG 27472 --- [           main] org.hibernate.orm.results.graph.AST      : DomainResult Graph:
 \-EntityResultImpl [com.cash_flow_app.apicashflow.entities_repositories_and_services.base.authority.Authority(35202161494041)]
 |  +-BasicFetch [com.cash_flow_app.apicashflow.entities_repositories_and_services.base.authority.Authority(35202161494041).endpoint]
 |  \-BasicFetch [com.cash_flow_app.apicashflow.entities_repositories_and_services.base.authority.Authority(35202161494041).permission]

2023-11-28T22:11:58.131-05:00 DEBUG 27472 --- [           main] org.hibernate.orm.sql.ast.tree           : SQL AST Tree:
    SelectStatement {
      FromClause {
        StandardTableGroup (a1 : com.cash_flow_app.apicashflow.entities_repositories_and_services.base.authority.Authority(35202161494041)) {
          primaryTableReference : authorities as a1_0
        }
      }
    }

2023-11-28T22:11:58.131-05:00 DEBUG 27472 --- [           main] o.h.e.i.AbstractFlushingEventListener    : Processing flush-time cascades
2023-11-28T22:11:58.131-05:00 DEBUG 27472 --- [           main] o.h.e.i.AbstractFlushingEventListener    : Dirty checking collections
2023-11-28T22:11:58.131-05:00 DEBUG 27472 --- [           main] o.h.e.i.AbstractFlushingEventListener    : Flushed: 0 insertions, 0 updates, 0 deletions to 6 objects
2023-11-28T22:11:58.131-05:00 DEBUG 27472 --- [           main] o.h.e.i.AbstractFlushingEventListener    : Flushed: 0 (re)creations, 0 updates, 0 removals to 0 collections
2023-11-28T22:11:58.131-05:00 DEBUG 27472 --- [           main] o.hibernate.internal.util.EntityPrinter  : Listing entities:
2023-11-28T22:11:58.132-05:00 DEBUG 27472 --- [           main] o.hibernate.internal.util.EntityPrinter  : com.cash_flow_app.apicashflow.entities_repositories_and_services.base.authority.Authority{endpoint=User, permission=CREATE, id=f4f135be-a2b5-48d1-a9d0-2b14e82cc373}
2023-11-28T22:11:58.132-05:00 DEBUG 27472 --- [           main] o.hibernate.internal.util.EntityPrinter  : com.cash_flow_app.apicashflow.entities_repositories_and_services.base.authority.Authority{endpoint=User, permission=READ, id=35481739-2447-454f-8ec3-daf467bb2ae5}
2023-11-28T22:11:58.132-05:00 DEBUG 27472 --- [           main] o.hibernate.internal.util.EntityPrinter  : com.cash_flow_app.apicashflow.entities_repositories_and_services.base.authority.Authority{endpoint=IncomeExpense, permission=CREATE, id=4de61a19-9cab-469d-856c-169a503a3f70}
2023-11-28T22:11:58.132-05:00 DEBUG 27472 --- [           main] o.hibernate.internal.util.EntityPrinter  : com.cash_flow_app.apicashflow.entities_repositories_and_services.base.authority.Authority{endpoint=Account, permission=DELETE, id=363894b3-8bdc-4764-ad13-d91f872e1a95}
2023-11-28T22:11:58.132-05:00 DEBUG 27472 --- [           main] o.hibernate.internal.util.EntityPrinter  : com.cash_flow_app.apicashflow.entities_repositories_and_services.base.authority.Authority{endpoint=Account, permission=CREATE, id=9aaf7d40-45f6-4ab6-90a9-a23f4c1b5f2f}
2023-11-28T22:11:58.132-05:00 DEBUG 27472 --- [           main] o.hibernate.internal.util.EntityPrinter  : com.cash_flow_app.apicashflow.entities_repositories_and_services.base.authority.Authority{endpoint=Account, permission=READ, id=b14a62f4-d04f-422a-a2a3-1f80e2635352}
2023-11-28T22:11:58.132-05:00 DEBUG 27472 --- [           main] org.hibernate.orm.sql.exec               : Skipping reading Query result cache data: cache-enabled = false, cache-mode = NORMAL
2023-11-28T22:11:58.132-05:00 DEBUG 27472 --- [           main] org.hibernate.orm.results                : Initializer list
2023-11-28T22:11:58.132-05:00 DEBUG 27472 --- [           main] org.hibernate.orm.results                :     com.cash_flow_app.apicashflow.entities_repositories_and_services.base.authority.Authority(35202161494041) -> EntityResultInitializer(com.cash_flow_app.apicashflow.entities_repositories_and_services.base.authority.Authority(35202161494041))@1544217367 (SingleTableEntityPersister(com.cash_flow_app.apicashflow.entities_repositories_and_services.base.authority.Authority))
2023-11-28T22:11:58.132-05:00 DEBUG 27472 --- [           main] org.hibernate.SQL                        : 
    select
        a1_0.id,
        a1_0.endpoint,
        a1_0.permission 
    from
        authorities a1_0 
    where
        a1_0.permission=? 
        and a1_0.endpoint=?
2023-11-28T22:11:58.132-05:00 DEBUG 27472 --- [           main] org.hibernate.orm.results                : Extracted JDBC value [0] - [af9e383e-4459-4719-802e-94a22944b4b7]
2023-11-28T22:11:58.132-05:00 DEBUG 27472 --- [           main] o.hibernate.orm.results.loading.entity   : (EntityResultInitializer) Hydrated EntityKey (com.cash_flow_app.apicashflow.entities_repositories_and_services.base.authority.Authority(35202161494041)): af9e383e-4459-4719-802e-94a22944b4b7
2023-11-28T22:11:58.132-05:00 DEBUG 27472 --- [           main] o.hibernate.orm.results.loading.entity   : (EntityResultInitializer) Created new entity instance [com.cash_flow_app.apicashflow.entities_repositories_and_services.base.authority.Authority(35202161494041)#af9e383e-4459-4719-802e-94a22944b4b7] : com.cash_flow_app.apicashflow.entities_repositories_and_services.base.authority.Authority@435e122
2023-11-28T22:11:58.132-05:00 DEBUG 27472 --- [           main] org.hibernate.orm.results                : Extracted JDBC value [1] - [IncomeExpense]
2023-11-28T22:11:58.132-05:00 DEBUG 27472 --- [           main] org.hibernate.orm.results                : Extracted JDBC value [2] - [READ]
2023-11-28T22:11:58.132-05:00 DEBUG 27472 --- [           main] o.hibernate.orm.results.loading.entity   : (EntityResultInitializer) Done materializing entityInstance : com.cash_flow_app.apicashflow.entities_repositories_and_services.base.authority.Authority(35202161494041)#af9e383e-4459-4719-802e-94a22944b4b7
2023-11-28T22:11:58.132-05:00 DEBUG 27472 --- [           main] org.hibernate.orm.results.loading        : Calling top-level assembler (0 / 1) : org.hibernate.sql.results.graph.entity.internal.EntityAssembler@faca8e8
2023-11-28T22:11:58.132-05:00 DEBUG 27472 --- [           main] org.hibernate.orm.sql.ast.create         : Created new SQL alias : a1_0
2023-11-28T22:11:58.132-05:00 DEBUG 27472 --- [           main] org.hibernate.orm.sql.ast.create         : Registration of TableGroup [StandardTableGroup(com.cash_flow_app.apicashflow.entities_repositories_and_services.base.authority.Authority(35202161494041))] with identifierForTableGroup [com.cash_flow_app.apicashflow.entities_repositories_and_services.base.authority.Authority] for NavigablePath [com.cash_flow_app.apicashflow.entities_repositories_and_services.base.authority.Authority] 
2023-11-28T22:11:58.132-05:00 DEBUG 27472 --- [           main] o.h.q.sqm.sql.BaseSqmToSqlAstConverter   : Determining mapping-model type for SqmParameter : org.hibernate.query.sqm.tree.expression.SqmJpaCriteriaParameterWrapper@3b85a820
2023-11-28T22:11:58.132-05:00 DEBUG 27472 --- [           main] o.h.q.sqm.sql.BaseSqmToSqlAstConverter   : Determining mapping-model type for SqmPath : SqmBasicValuedSimplePath(com.cash_flow_app.apicashflow.entities_repositories_and_services.base.authority.Authority(35202161494041).permission) 
2023-11-28T22:11:58.132-05:00 DEBUG 27472 --- [           main] o.h.q.sqm.sql.BaseSqmToSqlAstConverter   : Determining mapping-model type for SqmParameter : org.hibernate.query.sqm.tree.expression.SqmJpaCriteriaParameterWrapper@6f22784d
2023-11-28T22:11:58.132-05:00 DEBUG 27472 --- [           main] o.h.q.sqm.sql.BaseSqmToSqlAstConverter   : Determining mapping-model type for SqmPath : SqmBasicValuedSimplePath(com.cash_flow_app.apicashflow.entities_repositories_and_services.base.authority.Authority(35202161494041).endpoint) 
2023-11-28T22:11:58.132-05:00 DEBUG 27472 --- [           main] org.hibernate.orm.results.graph.AST      : DomainResult Graph:
 \-EntityResultImpl [com.cash_flow_app.apicashflow.entities_repositories_and_services.base.authority.Authority(35202161494041)]
 |  +-BasicFetch [com.cash_flow_app.apicashflow.entities_repositories_and_services.base.authority.Authority(35202161494041).endpoint]
 |  \-BasicFetch [com.cash_flow_app.apicashflow.entities_repositories_and_services.base.authority.Authority(35202161494041).permission]

2023-11-28T22:11:58.132-05:00 DEBUG 27472 --- [           main] org.hibernate.orm.sql.ast.tree           : SQL AST Tree:
    SelectStatement {
      FromClause {
        StandardTableGroup (a1 : com.cash_flow_app.apicashflow.entities_repositories_and_services.base.authority.Authority(35202161494041)) {
          primaryTableReference : authorities as a1_0
        }
      }
    }

2023-11-28T22:11:58.132-05:00 DEBUG 27472 --- [           main] o.h.e.i.AbstractFlushingEventListener    : Processing flush-time cascades
2023-11-28T22:11:58.132-05:00 DEBUG 27472 --- [           main] o.h.e.i.AbstractFlushingEventListener    : Dirty checking collections
2023-11-28T22:11:58.132-05:00 DEBUG 27472 --- [           main] o.h.e.i.AbstractFlushingEventListener    : Flushed: 0 insertions, 0 updates, 0 deletions to 7 objects
2023-11-28T22:11:58.132-05:00 DEBUG 27472 --- [           main] o.h.e.i.AbstractFlushingEventListener    : Flushed: 0 (re)creations, 0 updates, 0 removals to 0 collections
2023-11-28T22:11:58.132-05:00 DEBUG 27472 --- [           main] o.hibernate.internal.util.EntityPrinter  : Listing entities:
2023-11-28T22:11:58.132-05:00 DEBUG 27472 --- [           main] o.hibernate.internal.util.EntityPrinter  : com.cash_flow_app.apicashflow.entities_repositories_and_services.base.authority.Authority{endpoint=User, permission=CREATE, id=f4f135be-a2b5-48d1-a9d0-2b14e82cc373}
2023-11-28T22:11:58.132-05:00 DEBUG 27472 --- [           main] o.hibernate.internal.util.EntityPrinter  : com.cash_flow_app.apicashflow.entities_repositories_and_services.base.authority.Authority{endpoint=User, permission=READ, id=35481739-2447-454f-8ec3-daf467bb2ae5}
2023-11-28T22:11:58.132-05:00 DEBUG 27472 --- [           main] o.hibernate.internal.util.EntityPrinter  : com.cash_flow_app.apicashflow.entities_repositories_and_services.base.authority.Authority{endpoint=IncomeExpense, permission=CREATE, id=4de61a19-9cab-469d-856c-169a503a3f70}
2023-11-28T22:11:58.132-05:00 DEBUG 27472 --- [           main] o.hibernate.internal.util.EntityPrinter  : com.cash_flow_app.apicashflow.entities_repositories_and_services.base.authority.Authority{endpoint=Account, permission=DELETE, id=363894b3-8bdc-4764-ad13-d91f872e1a95}
2023-11-28T22:11:58.132-05:00 DEBUG 27472 --- [           main] o.hibernate.internal.util.EntityPrinter  : com.cash_flow_app.apicashflow.entities_repositories_and_services.base.authority.Authority{endpoint=Account, permission=CREATE, id=9aaf7d40-45f6-4ab6-90a9-a23f4c1b5f2f}
2023-11-28T22:11:58.132-05:00 DEBUG 27472 --- [           main] o.hibernate.internal.util.EntityPrinter  : com.cash_flow_app.apicashflow.entities_repositories_and_services.base.authority.Authority{endpoint=Account, permission=READ, id=b14a62f4-d04f-422a-a2a3-1f80e2635352}
2023-11-28T22:11:58.132-05:00 DEBUG 27472 --- [           main] o.hibernate.internal.util.EntityPrinter  : com.cash_flow_app.apicashflow.entities_repositories_and_services.base.authority.Authority{endpoint=IncomeExpense, permission=READ, id=af9e383e-4459-4719-802e-94a22944b4b7}
2023-11-28T22:11:58.133-05:00 DEBUG 27472 --- [           main] org.hibernate.orm.sql.exec               : Skipping reading Query result cache data: cache-enabled = false, cache-mode = NORMAL
2023-11-28T22:11:58.133-05:00 DEBUG 27472 --- [           main] org.hibernate.orm.results                : Initializer list
2023-11-28T22:11:58.133-05:00 DEBUG 27472 --- [           main] org.hibernate.orm.results                :     com.cash_flow_app.apicashflow.entities_repositories_and_services.base.authority.Authority(35202161494041) -> EntityResultInitializer(com.cash_flow_app.apicashflow.entities_repositories_and_services.base.authority.Authority(35202161494041))@1157246451 (SingleTableEntityPersister(com.cash_flow_app.apicashflow.entities_repositories_and_services.base.authority.Authority))
2023-11-28T22:11:58.133-05:00 DEBUG 27472 --- [           main] org.hibernate.SQL                        : 
    select
        a1_0.id,
        a1_0.endpoint,
        a1_0.permission 
    from
        authorities a1_0 
    where
        a1_0.permission=? 
        and a1_0.endpoint=?
2023-11-28T22:11:58.143-05:00 DEBUG 27472 --- [           main] org.hibernate.orm.results                : Extracted JDBC value [0] - [51c645c0-dc8a-45f9-88d1-533e63701dbe]
2023-11-28T22:11:58.143-05:00 DEBUG 27472 --- [           main] o.hibernate.orm.results.loading.entity   : (EntityResultInitializer) Hydrated EntityKey (com.cash_flow_app.apicashflow.entities_repositories_and_services.base.authority.Authority(35202161494041)): 51c645c0-dc8a-45f9-88d1-533e63701dbe
2023-11-28T22:11:58.143-05:00 DEBUG 27472 --- [           main] o.hibernate.orm.results.loading.entity   : (EntityResultInitializer) Created new entity instance [com.cash_flow_app.apicashflow.entities_repositories_and_services.base.authority.Authority(35202161494041)#51c645c0-dc8a-45f9-88d1-533e63701dbe] : com.cash_flow_app.apicashflow.entities_repositories_and_services.base.authority.Authority@2878abcd
2023-11-28T22:11:58.143-05:00 DEBUG 27472 --- [           main] org.hibernate.orm.results                : Extracted JDBC value [1] - [IncomeExpense]
2023-11-28T22:11:58.143-05:00 DEBUG 27472 --- [           main] org.hibernate.orm.results                : Extracted JDBC value [2] - [DELETE]
2023-11-28T22:11:58.143-05:00 DEBUG 27472 --- [           main] o.hibernate.orm.results.loading.entity   : (EntityResultInitializer) Done materializing entityInstance : com.cash_flow_app.apicashflow.entities_repositories_and_services.base.authority.Authority(35202161494041)#51c645c0-dc8a-45f9-88d1-533e63701dbe
2023-11-28T22:11:58.143-05:00 DEBUG 27472 --- [           main] org.hibernate.orm.results.loading        : Calling top-level assembler (0 / 1) : org.hibernate.sql.results.graph.entity.internal.EntityAssembler@3df88e84
2023-11-28T22:11:58.220-05:00 DEBUG 27472 --- [           main] o.s.orm.jpa.JpaTransactionManager        : Found thread-bound EntityManager [SessionImpl(114970877<open>)] for JPA transaction
2023-11-28T22:11:58.220-05:00 DEBUG 27472 --- [           main] o.s.orm.jpa.JpaTransactionManager        : Participating in existing transaction
2023-11-28T22:11:58.220-05:00 DEBUG 27472 --- [           main] o.h.j.internal.PersistenceUnitUtilImpl   : jakarta.persistence.PersistenceUnitUtil.getIdentifier is only intended to work with enhanced entities (although Hibernate also adapts this support to its proxies); however the passed entity was not enhanced (nor a proxy).. may not be able to read identifier
2023-11-28T22:11:58.220-05:00 DEBUG 27472 --- [           main] o.h.e.i.AbstractSaveEventListener        : Generated identifier: acb86be0-dc3e-475a-a21d-762ea39ada72, using strategy: org.hibernate.id.UUIDGenerator
2023-11-28T22:11:58.221-05:00 DEBUG 27472 --- [           main] o.s.w.s.m.m.a.HttpEntityMethodProcessor  : Using 'application/json', given [*/*] and supported [application/json, application/*+json]
2023-11-28T22:11:58.221-05:00 DEBUG 27472 --- [           main] o.s.w.s.m.m.a.HttpEntityMethodProcessor  : Writing [UserResponseDto(username=usuario_test, password=null, token_auth=eyJhbGciOiJIUzUxMiJ9.eyJzdWIiOiJ1c3 (truncated)...]
2023-11-28T22:11:58.221-05:00 DEBUG 27472 --- [           main] o.s.t.web.servlet.TestDispatcherServlet  : Completed 200 OK
2023-11-28T22:11:58.221-05:00 DEBUG 27472 --- [           main] o.s.test.util.ReflectionTestUtils        : Invoking method 'getFilters' on target object [FilterChainProxy[Filter Chains: [DefaultSecurityFilterChain [RequestMatcher=any request, Filters=[org.springframework.security.web.session.DisableEncodeUrlFilter@120e3ebb, org.springframework.security.web.session.ForceEagerSessionCreationFilter@753f1c3e, org.springframework.security.web.context.request.async.WebAsyncManagerIntegrationFilter@5e9af5d4, org.springframework.security.web.context.SecurityContextHolderFilter@1d18e5ad, org.springframework.security.web.header.HeaderWriterFilter@73b68d98, org.springframework.web.filter.CorsFilter@7863e6b2, org.springframework.security.web.authentication.logout.LogoutFilter@1e5a8278, JWTAuthorizationFilter(loginService=com.cash_flow_app.apicashflow.entities_repositories_and_services.base.security.LoginService@508b9c16), com.cash_flow_app.apicashflow.entities_repositories_and_services.base.security.JWTAuthenticationFilter@6fd2b939, org.springframework.security.web.savedrequest.RequestCacheAwareFilter@11def039, org.springframework.security.web.servletapi.SecurityContextHolderAwareRequestFilter@564375d7, org.springframework.security.web.authentication.AnonymousAuthenticationFilter@c4aa99e, org.springframework.security.web.session.SessionManagementFilter@69af6978, org.springframework.security.web.access.ExceptionTranslationFilter@4469046b, org.springframework.security.web.access.intercept.AuthorizationFilter@588d2e90]]]]] or target class [null] with arguments {org.springframework.mock.web.MockHttpServletRequest@2f11f73e}
2023-11-28T22:11:58.221-05:00 DEBUG 27472 --- [           main] o.s.test.util.ReflectionTestUtils        : Invoking method 'getFilters' on target object [FilterChainProxy[Filter Chains: [DefaultSecurityFilterChain [RequestMatcher=any request, Filters=[org.springframework.security.web.session.DisableEncodeUrlFilter@120e3ebb, org.springframework.security.web.session.ForceEagerSessionCreationFilter@753f1c3e, org.springframework.security.web.context.request.async.WebAsyncManagerIntegrationFilter@5e9af5d4, org.springframework.security.web.context.SecurityContextHolderFilter@1d18e5ad, org.springframework.security.web.header.HeaderWriterFilter@73b68d98, org.springframework.web.filter.CorsFilter@7863e6b2, org.springframework.security.web.authentication.logout.LogoutFilter@1e5a8278, JWTAuthorizationFilter(loginService=com.cash_flow_app.apicashflow.entities_repositories_and_services.base.security.LoginService@508b9c16), com.cash_flow_app.apicashflow.entities_repositories_and_services.base.security.JWTAuthenticationFilter@6fd2b939, org.springframework.security.web.savedrequest.RequestCacheAwareFilter@11def039, org.springframework.security.web.servletapi.SecurityContextHolderAwareRequestFilter@564375d7, org.springframework.security.web.authentication.AnonymousAuthenticationFilter@c4aa99e, org.springframework.security.web.session.SessionManagementFilter@69af6978, org.springframework.security.web.access.ExceptionTranslationFilter@4469046b, org.springframework.security.web.access.intercept.AuthorizationFilter@588d2e90]]]]] or target class [null] with arguments {org.springframework.mock.web.MockHttpServletRequest@2f11f73e}
2023-11-28T22:11:58.221-05:00 DEBUG 27472 --- [           main] o.s.test.util.ReflectionTestUtils        : Invoking method 'getFilters' on target object [FilterChainProxy[Filter Chains: [DefaultSecurityFilterChain [RequestMatcher=any request, Filters=[org.springframework.security.web.session.DisableEncodeUrlFilter@120e3ebb, org.springframework.security.web.session.ForceEagerSessionCreationFilter@753f1c3e, org.springframework.security.web.context.request.async.WebAsyncManagerIntegrationFilter@5e9af5d4, org.springframework.security.web.context.SecurityContextHolderFilter@1d18e5ad, org.springframework.security.web.header.HeaderWriterFilter@73b68d98, org.springframework.web.filter.CorsFilter@7863e6b2, org.springframework.security.web.authentication.logout.LogoutFilter@1e5a8278, JWTAuthorizationFilter(loginService=com.cash_flow_app.apicashflow.entities_repositories_and_services.base.security.LoginService@508b9c16), com.cash_flow_app.apicashflow.entities_repositories_and_services.base.security.JWTAuthenticationFilter@6fd2b939, org.springframework.security.web.savedrequest.RequestCacheAwareFilter@11def039, org.springframework.security.web.servletapi.SecurityContextHolderAwareRequestFilter@564375d7, org.springframework.security.web.authentication.AnonymousAuthenticationFilter@c4aa99e, org.springframework.security.web.session.SessionManagementFilter@69af6978, org.springframework.security.web.access.ExceptionTranslationFilter@4469046b, org.springframework.security.web.access.intercept.AuthorizationFilter@588d2e90]]]]] or target class [null] with arguments {org.springframework.mock.web.MockHttpServletRequest@2f11f73e}
2023-11-28T22:11:58.222-05:00 DEBUG 27472 --- [           main] o.s.security.web.FilterChainProxy        : Securing POST /api/v1/user/login
2023-11-28T22:11:58.222-05:00 DEBUG 27472 --- [           main] .s.s.w.s.ForceEagerSessionCreationFilter : Created session eagerly
2023-11-28T22:11:58.222-05:00 DEBUG 27472 --- [           main] org.hibernate.orm.sql.ast.create         : Created new SQL alias : u1_0
2023-11-28T22:11:58.222-05:00 DEBUG 27472 --- [           main] org.hibernate.orm.sql.ast.create         : Registration of TableGroup [StandardTableGroup(com.cash_flow_app.apicashflow.entities_repositories_and_services.base.user.User(35202153502500))] with identifierForTableGroup [com.cash_flow_app.apicashflow.entities_repositories_and_services.base.user.User] for NavigablePath [com.cash_flow_app.apicashflow.entities_repositories_and_services.base.user.User] 
[...]
	at org.springframework.web.filter.OncePerRequestFilter.doFilter(OncePerRequestFilter.java:116) ~[spring-web-6.0.8.jar:6.0.8]
	at org.springframework.mock.web.MockFilterChain.doFilter(MockFilterChain.java:132) ~[spring-test-6.0.8.jar:6.0.8]
	at org.springframework.web.filter.FormContentFilter.doFilterInternal(FormContentFilter.java:93) ~[spring-web-6.0.8.jar:6.0.8]
	at org.springframework.web.filter.OncePerRequestFilter.doFilter(OncePerRequestFilter.java:116) ~[spring-web-6.0.8.jar:6.0.8]
	at org.springframework.mock.web.MockFilterChain.doFilter(MockFilterChain.java:132) ~[spring-test-6.0.8.jar:6.0.8]
	at org.springframework.web.filter.ServerHttpObservationFilter.doFilterInternal(ServerHttpObservationFilter.java:109) ~[spring-web-6.0.8.jar:6.0.8]
	at org.springframework.web.filter.OncePerRequestFilter.doFilter(OncePerRequestFilter.java:116) ~[spring-web-6.0.8.jar:6.0.8]
	at org.springframework.mock.web.MockFilterChain.doFilter(MockFilterChain.java:132) ~[spring-test-6.0.8.jar:6.0.8]
	at org.springframework.web.filter.CharacterEncodingFilter.doFilterInternal(CharacterEncodingFilter.java:201) ~[spring-web-6.0.8.jar:6.0.8]
	at org.springframework.web.filter.OncePerRequestFilter.doFilter(OncePerRequestFilter.java:116) ~[spring-web-6.0.8.jar:6.0.8]
	at org.springframework.mock.web.MockFilterChain.doFilter(MockFilterChain.java:132) ~[spring-test-6.0.8.jar:6.0.8]
	at org.springframework.test.web.servlet.MockMvc.perform(MockMvc.java:201) ~[spring-test-6.0.8.jar:6.0.8]
	at com.cash_flow_app.apicashflow.controller.IncomeExpenseControllerTest.createIncomeExpenseResult(IncomeExpenseControllerTest.java:250) ~[test-classes/:na]
	at com.cash_flow_app.apicashflow.controller.IncomeExpenseControllerTest.getAllExpenses(IncomeExpenseControllerTest.java:177) ~[test-classes/:na]
	at java.base/jdk.internal.reflect.DirectMethodHandleAccessor.invoke(DirectMethodHandleAccessor.java:104) ~[na:na]
	at java.base/java.lang.reflect.Method.invoke(Method.java:578) ~[na:na]
	at org.junit.platform.commons.util.ReflectionUtils.invokeMethod(ReflectionUtils.java:727) ~[junit-platform-commons-1.9.2.jar:1.9.2]
	at org.junit.jupiter.engine.execution.MethodInvocation.proceed(MethodInvocation.java:60) ~[junit-jupiter-engine-5.9.2.jar:5.9.2]
	at org.junit.jupiter.engine.execution.InvocationInterceptorChain$ValidatingInvocation.proceed(InvocationInterceptorChain.java:131) ~[junit-jupiter-engine-5.9.2.jar:5.9.2]
	at org.junit.jupiter.engine.extension.TimeoutExtension.intercept(TimeoutExtension.java:156) ~[junit-jupiter-engine-5.9.2.jar:5.9.2]
	at org.junit.jupiter.engine.extension.TimeoutExtension.interceptTestableMethod(TimeoutExtension.java:147) ~[junit-jupiter-engine-5.9.2.jar:5.9.2]
	at org.junit.jupiter.engine.extension.TimeoutExtension.interceptTestMethod(TimeoutExtension.java:86) ~[junit-jupiter-engine-5.9.2.jar:5.9.2]
	at org.junit.jupiter.engine.execution.InterceptingExecutableInvoker$ReflectiveInterceptorCall.lambda$ofVoidMethod$0(InterceptingExecutableInvoker.java:103) ~[junit-jupiter-engine-5.9.2.jar:5.9.2]
	at org.junit.jupiter.engine.execution.InterceptingExecutableInvoker.lambda$invoke$0(InterceptingExecutableInvoker.java:93) ~[junit-jupiter-engine-5.9.2.jar:5.9.2]
	at org.junit.jupiter.engine.execution.InvocationInterceptorChain$InterceptedInvocation.proceed(InvocationInterceptorChain.java:106) ~[junit-jupiter-engine-5.9.2.jar:5.9.2]
	at org.junit.jupiter.engine.execution.InvocationInterceptorChain.proceed(InvocationInterceptorChain.java:64) ~[junit-jupiter-engine-5.9.2.jar:5.9.2]
	at org.junit.jupiter.engine.execution.InvocationInterceptorChain.chainAndInvoke(InvocationInterceptorChain.java:45) ~[junit-jupiter-engine-5.9.2.jar:5.9.2]
	at org.junit.jupiter.engine.execution.InvocationInterceptorChain.invoke(InvocationInterceptorChain.java:37) ~[junit-jupiter-engine-5.9.2.jar:5.9.2]
	at org.junit.jupiter.engine.execution.InterceptingExecutableInvoker.invoke(InterceptingExecutableInvoker.java:92) ~[junit-jupiter-engine-5.9.2.jar:5.9.2]
	at org.junit.jupiter.engine.execution.InterceptingExecutableInvoker.invoke(InterceptingExecutableInvoker.java:86) ~[junit-jupiter-engine-5.9.2.jar:5.9.2]
	at org.junit.jupiter.engine.descriptor.TestMethodTestDescriptor.lambda$invokeTestMethod$7(TestMethodTestDescriptor.java:217) ~[junit-jupiter-engine-5.9.2.jar:5.9.2]
	at org.junit.platform.engine.support.hierarchical.ThrowableCollector.execute(ThrowableCollector.java:73) ~[junit-platform-engine-1.9.2.jar:1.9.2]
	at org.junit.jupiter.engine.descriptor.TestMethodTestDescriptor.invokeTestMethod(TestMethodTestDescriptor.java:213) ~[junit-jupiter-engine-5.9.2.jar:5.9.2]
	at org.junit.jupiter.engine.descriptor.TestMethodTestDescriptor.execute(TestMethodTestDescriptor.java:138) ~[junit-jupiter-engine-5.9.2.jar:5.9.2]
	at org.junit.jupiter.engine.descriptor.TestMethodTestDescriptor.execute(TestMethodTestDescriptor.java:68) ~[junit-jupiter-engine-5.9.2.jar:5.9.2]
	at org.junit.platform.engine.support.hierarchical.NodeTestTask.lambda$executeRecursively$6(NodeTestTask.java:151) ~[junit-platform-engine-1.9.2.jar:1.9.2]
	at org.junit.platform.engine.support.hierarchical.ThrowableCollector.execute(ThrowableCollector.java:73) ~[junit-platform-engine-1.9.2.jar:1.9.2]
	at org.junit.platform.engine.support.hierarchical.NodeTestTask.lambda$executeRecursively$8(NodeTestTask.java:141) ~[junit-platform-engine-1.9.2.jar:1.9.2]
	at org.junit.platform.engine.support.hierarchical.Node.around(Node.java:137) ~[junit-platform-engine-1.9.2.jar:1.9.2]
	at org.junit.platform.engine.support.hierarchical.NodeTestTask.lambda$executeRecursively$9(NodeTestTask.java:139) ~[junit-platform-engine-1.9.2.jar:1.9.2]
	at org.junit.platform.engine.support.hierarchical.ThrowableCollector.execute(ThrowableCollector.java:73) ~[junit-platform-engine-1.9.2.jar:1.9.2]
	at org.junit.platform.engine.support.hierarchical.NodeTestTask.executeRecursively(NodeTestTask.java:138) ~[junit-platform-engine-1.9.2.jar:1.9.2]
	at org.junit.platform.engine.support.hierarchical.NodeTestTask.execute(NodeTestTask.java:95) ~[junit-platform-engine-1.9.2.jar:1.9.2]
	at java.base/java.util.ArrayList.forEach(ArrayList.java:1511) ~[na:na]
	at org.junit.platform.engine.support.hierarchical.SameThreadHierarchicalTestExecutorService.invokeAll(SameThreadHierarchicalTestExecutorService.java:41) ~[junit-platform-engine-1.9.2.jar:1.9.2]
	at org.junit.platform.engine.support.hierarchical.NodeTestTask.lambda$executeRecursively$6(NodeTestTask.java:155) ~[junit-platform-engine-1.9.2.jar:1.9.2]
	at org.junit.platform.engine.support.hierarchical.ThrowableCollector.execute(ThrowableCollector.java:73) ~[junit-platform-engine-1.9.2.jar:1.9.2]
	at org.junit.platform.engine.support.hierarchical.NodeTestTask.lambda$executeRecursively$8(NodeTestTask.java:141) ~[junit-platform-engine-1.9.2.jar:1.9.2]
	at org.junit.platform.engine.support.hierarchical.Node.around(Node.java:137) ~[junit-platform-engine-1.9.2.jar:1.9.2]
	at org.junit.platform.engine.support.hierarchical.NodeTestTask.lambda$executeRecursively$9(NodeTestTask.java:139) ~[junit-platform-engine-1.9.2.jar:1.9.2]
	at org.junit.platform.engine.support.hierarchical.ThrowableCollector.execute(ThrowableCollector.java:73) ~[junit-platform-engine-1.9.2.jar:1.9.2]
	at org.junit.platform.engine.support.hierarchical.NodeTestTask.executeRecursively(NodeTestTask.java:138) ~[junit-platform-engine-1.9.2.jar:1.9.2]
	at org.junit.platform.engine.support.hierarchical.NodeTestTask.execute(NodeTestTask.java:95) ~[junit-platform-engine-1.9.2.jar:1.9.2]
	at java.base/java.util.ArrayList.forEach(ArrayList.java:1511) ~[na:na]
	at org.junit.platform.engine.support.hierarchical.SameThreadHierarchicalTestExecutorService.invokeAll(SameThreadHierarchicalTestExecutorService.java:41) ~[junit-platform-engine-1.9.2.jar:1.9.2]
	at org.junit.platform.engine.support.hierarchical.NodeTestTask.lambda$executeRecursively$6(NodeTestTask.java:155) ~[junit-platform-engine-1.9.2.jar:1.9.2]
	at org.junit.platform.engine.support.hierarchical.ThrowableCollector.execute(ThrowableCollector.java:73) ~[junit-platform-engine-1.9.2.jar:1.9.2]
	at org.junit.platform.engine.support.hierarchical.NodeTestTask.lambda$executeRecursively$8(NodeTestTask.java:141) ~[junit-platform-engine-1.9.2.jar:1.9.2]
	at org.junit.platform.engine.support.hierarchical.Node.around(Node.java:137) ~[junit-platform-engine-1.9.2.jar:1.9.2]
	at org.junit.platform.engine.support.hierarchical.NodeTestTask.lambda$executeRecursively$9(NodeTestTask.java:139) ~[junit-platform-engine-1.9.2.jar:1.9.2]
	at org.junit.platform.engine.support.hierarchical.ThrowableCollector.execute(ThrowableCollector.java:73) ~[junit-platform-engine-1.9.2.jar:1.9.2]
	at org.junit.platform.engine.support.hierarchical.NodeTestTask.executeRecursively(NodeTestTask.java:138) ~[junit-platform-engine-1.9.2.jar:1.9.2]
	at org.junit.platform.engine.support.hierarchical.NodeTestTask.execute(NodeTestTask.java:95) ~[junit-platform-engine-1.9.2.jar:1.9.2]
	at org.junit.platform.engine.support.hierarchical.SameThreadHierarchicalTestExecutorService.submit(SameThreadHierarchicalTestExecutorService.java:35) ~[junit-platform-engine-1.9.2.jar:1.9.2]
	at org.junit.platform.engine.support.hierarchical.HierarchicalTestExecutor.execute(HierarchicalTestExecutor.java:57) ~[junit-platform-engine-1.9.2.jar:1.9.2]
	at org.junit.platform.engine.support.hierarchical.HierarchicalTestEngine.execute(HierarchicalTestEngine.java:54) ~[junit-platform-engine-1.9.2.jar:1.9.2]
	at org.junit.platform.launcher.core.DefaultLauncher.execute(DefaultLauncher.java:220) ~[junit-platform-launcher-1.3.1.jar:1.3.1]
	at org.junit.platform.launcher.core.DefaultLauncher.lambda$execute$6(DefaultLauncher.java:188) ~[junit-platform-launcher-1.3.1.jar:1.3.1]
	at org.junit.platform.launcher.core.DefaultLauncher.withInterceptedStreams(DefaultLauncher.java:202) ~[junit-platform-launcher-1.3.1.jar:1.3.1]
	at org.junit.platform.launcher.core.DefaultLauncher.execute(DefaultLauncher.java:181) ~[junit-platform-launcher-1.3.1.jar:1.3.1]
	at org.junit.platform.launcher.core.DefaultLauncher.execute(DefaultLauncher.java:128) ~[junit-platform-launcher-1.3.1.jar:1.3.1]
	at org.apache.maven.surefire.junitplatform.JUnitPlatformProvider.invokeAllTests(JUnitPlatformProvider.java:150) ~[surefire-junit-platform-2.22.2.jar:2.22.2]
	at org.apache.maven.surefire.junitplatform.JUnitPlatformProvider.invoke(JUnitPlatformProvider.java:124) ~[surefire-junit-platform-2.22.2.jar:2.22.2]
	at org.apache.maven.surefire.booter.ForkedBooter.invokeProviderInSameClassLoader(ForkedBooter.java:384) ~[surefire-booter-2.22.2.jar:2.22.2]
	at org.apache.maven.surefire.booter.ForkedBooter.runSuitesInProcess(ForkedBooter.java:345) ~[surefire-booter-2.22.2.jar:2.22.2]
	at org.apache.maven.surefire.booter.ForkedBooter.execute(ForkedBooter.java:126) ~[surefire-booter-2.22.2.jar:2.22.2]
	at org.apache.maven.surefire.booter.ForkedBooter.main(ForkedBooter.java:418) ~[surefire-booter-2.22.2.jar:2.22.2]

2023-11-28T22:11:58.902-05:00 DEBUG 27472 --- [           main] org.springframework.test.context.cache   : Spring test ApplicationContext cache statistics: [DefaultContextCache@8caffbd size = 3, maxSize = 32, parentContextCount = 0, hitCount = 406, missCount = 3]
2023-11-28T22:11:58.902-05:00 DEBUG 27472 --- [           main] org.springframework.test.context.cache   : Spring test ApplicationContext cache statistics: [DefaultContextCache@8caffbd size = 3, maxSize = 32, parentContextCount = 0, hitCount = 407, missCount = 3]
2023-11-28T22:11:58.902-05:00 DEBUG 27472 --- [           main] org.springframework.test.context.cache   : Spring test ApplicationContext cache statistics: [DefaultContextCache@8caffbd size = 3, maxSize = 32, parentContextCount = 0, hitCount = 408, missCount = 3]

MockHttpServletRequest:
      HTTP Method = POST
      Request URI = /api/v1/user/signup
       Parameters = {_csrf=[r1-7et6fSKFxwQciYHl07hqYO6P91KV5r25UKePSE-X0Q1HNyTveTu_-LpFcpzcWA1RA3SiuFsLN55xUzAsxHIKxJNHMdGX9]}
          Headers = [Content-Type:"application/json;charset=UTF-8", Content-Length:"237"]
             Body = {"username":"usuario_test","password":"123456","authorities":[{"endpoint":"Account","actions":["CREATE","READ","DELETE"]},{"endpoint":"User","actions":["CREATE","READ"]},{"endpoint":"IncomeExpense","actions":["CREATE","READ","DELETE"]}]}
    Session Attrs = {}

Handler:
             Type = com.cash_flow_app.apicashflow.controller.UserController
           Method = com.cash_flow_app.apicashflow.controller.UserController#signup(UserDto)

Async:
    Async started = false
     Async result = null

Resolved Exception:
             Type = null

ModelAndView:
        View name = null
             View = null
            Model = null

FlashMap:
       Attributes = null

MockHttpServletResponse:
           Status = 200
    Error message = null
          Headers = [Vary:"Origin", "Access-Control-Request-Method", "Access-Control-Request-Headers", Content-Type:"application/json", X-Content-Type-Options:"nosniff", X-XSS-Protection:"0", Cache-Control:"no-cache, no-store, max-age=0, must-revalidate", Pragma:"no-cache", Expires:"0", X-Frame-Options:"DENY"]
     Content type = application/json
             Body = {"username":"usuario_test","password":null,"token_auth":"eyJhbGciOiJIUzUxMiJ9.eyJzdWIiOiJ1c3VhcmlvX3Rlc3QiLCJleHAiOjE3MDM4MTk1MTh9._RjmE35ZWwlgi-J6GUPzAIK95KKwCYwqRJzwkTW-pOWpMEaBJNZ2mk9w8ZBH48tP7shOXrP38_jru9Eshz1Dsg","authorities":[{"endpoint":"Account","actions":["CREATE","READ","DELETE"]},{"endpoint":"User","actions":["CREATE","READ"]},{"endpoint":"IncomeExpense","actions":["CREATE","READ","DELETE"]}]}
    Forwarded URL = null
   Redirected URL = null
          Cookies = []

MockHttpServletRequest:
      HTTP Method = POST
      Request URI = /api/v1/user/login
       Parameters = {_csrf=[oBKwUjPjHpvmkGVjifMq733-b7gdFXnvEibpHRkjcKE9Hps6xiODalaHJ_7L9gYFu94e3E7PQtovdh3CdESPJXhFFsMJKqIL]}
          Headers = [Content-Type:"application/json;charset=UTF-8", Content-Length:"52"]
             Body = { "username": "usuario_test", "password": "123456" }
    Session Attrs = {}

Handler:
             Type = null

Async:
    Async started = false
     Async result = null

Resolved Exception:
             Type = null

ModelAndView:
        View name = null
             View = null
            Model = null

FlashMap:
       Attributes = null

MockHttpServletResponse:
           Status = 200
    Error message = null
          Headers = [Vary:"Origin", "Access-Control-Request-Method", "Access-Control-Request-Headers", Authorization:"Bearer eyJhbGciOiJIUzUxMiJ9.eyJzdWIiOiJ1c3VhcmlvX3Rlc3QiLCJleHAiOjE3MDM4MTk1MTh9._RjmE35ZWwlgi-J6GUPzAIK95KKwCYwqRJzwkTW-pOWpMEaBJNZ2mk9w8ZBH48tP7shOXrP38_jru9Eshz1Dsg", Access-Control-Expose-Headers:"Authorization", X-Content-Type-Options:"nosniff", X-XSS-Protection:"0", Cache-Control:"no-cache, no-store, max-age=0, must-revalidate", Pragma:"no-cache", Expires:"0", X-Frame-Options:"DENY"]
     Content type = null
             Body = 
    Forwarded URL = null
   Redirected URL = null
          Cookies = []

MockHttpServletRequest:
      HTTP Method = POST
      Request URI = /api/v1/account/create
       Parameters = {_csrf=[5epYCw4EvECxNbv1LhHUA79wE87upu5gXRmGCFljagmPHlCwh4thMjdhhSacAN7AGzzgMoYSPqzcw4xNaiCybTpXXji-f2WF]}
          Headers = [Content-Type:"application/json;charset=UTF-8", Authorization:"Bearer eyJhbGciOiJIUzUxMiJ9.eyJzdWIiOiJ1c3VhcmlvX3Rlc3QiLCJleHAiOjE3MDM4MTk1MTh9._RjmE35ZWwlgi-J6GUPzAIK95KKwCYwqRJzwkTW-pOWpMEaBJNZ2mk9w8ZBH48tP7shOXrP38_jru9Eshz1Dsg", Content-Length:"74"]
             Body = {"id":null,"description":"descripcion de cuenta","users":["usuario_test"]}
    Session Attrs = {SPRING_SECURITY_CONTEXT=SecurityContextImpl [Authentication=UsernamePasswordAuthenticationToken [Principal=usuario_test, Credentials=[PROTECTED], Authenticated=true, Details=null, Granted Authorities=[ENDPOINT_ACCOUNT_PERMISSION_CREATE, ENDPOINT_ACCOUNT_PERMISSION_READ, ENDPOINT_ACCOUNT_PERMISSION_DELETE, ENDPOINT_USER_PERMISSION_CREATE, ENDPOINT_USER_PERMISSION_READ, ENDPOINT_INCOMEEXPENSE_PERMISSION_CREATE, ENDPOINT_INCOMEEXPENSE_PERMISSION_READ, ENDPOINT_INCOMEEXPENSE_PERMISSION_DELETE]]]}

Handler:
             Type = com.cash_flow_app.apicashflow.controller.AccountController
           Method = com.cash_flow_app.apicashflow.controller.AccountController#create(AccountDto)

Async:
    Async started = false
     Async result = null

Resolved Exception:
             Type = null

ModelAndView:
        View name = null
             View = null
            Model = null

FlashMap:
       Attributes = null

MockHttpServletResponse:
           Status = 200
    Error message = null
          Headers = [Vary:"Origin", "Access-Control-Request-Method", "Access-Control-Request-Headers", Content-Type:"application/json", X-Content-Type-Options:"nosniff", X-XSS-Protection:"0", Cache-Control:"no-cache, no-store, max-age=0, must-revalidate", Pragma:"no-cache", Expires:"0", X-Frame-Options:"DENY"]
     Content type = application/json
             Body = {"id":"ad3faa75-06f2-4044-a351-fbfcef8523db","description":"descripcion de cuenta","users":["usuario_test","usuario_test"]}
    Forwarded URL = null
   Redirected URL = null
          Cookies = []
2023-11-28T22:11:58.902-05:00 DEBUG 27472 --- [           main] org.springframework.test.context.cache   : Spring test ApplicationContext cache statistics: [DefaultContextCache@8caffbd size = 3, maxSize = 32, parentContextCount = 0, hitCount = 409, missCount = 3]
2023-11-28T22:11:58.902-05:00 DEBUG 27472 --- [           main] org.springframework.test.context.cache   : Spring test ApplicationContext cache statistics: [DefaultContextCache@8caffbd size = 3, maxSize = 32, parentContextCount = 0, hitCount = 410, missCount = 3]
2023-11-28T22:11:58.903-05:00 DEBUG 27472 --- [           main] org.springframework.test.context.cache   : Spring test ApplicationContext cache statistics: [DefaultContextCache@8caffbd size = 3, maxSize = 32, parentContextCount = 0, hitCount = 411, missCount = 3]
2023-11-28T22:11:58.903-05:00 DEBUG 27472 --- [           main] org.springframework.test.context.cache   : Spring test ApplicationContext cache statistics: [DefaultContextCache@8caffbd size = 3, maxSize = 32, parentContextCount = 0, hitCount = 412, missCount = 3]
2023-11-28T22:11:58.903-05:00 DEBUG 27472 --- [           main] o.s.orm.jpa.JpaTransactionManager        : Initiating transaction rollback
2023-11-28T22:11:58.903-05:00 DEBUG 27472 --- [           main] o.s.orm.jpa.JpaTransactionManager        : Rolling back JPA transaction on EntityManager [SessionImpl(225879741<open>)]
2023-11-28T22:11:58.903-05:00 DEBUG 27472 --- [           main] o.h.e.t.internal.TransactionImpl         : rolling back
2023-11-28T22:11:58.903-05:00 DEBUG 27472 --- [           main] org.postgresql.jdbc.PgConnection         :   setAutoCommit = true
2023-11-28T22:11:58.903-05:00 DEBUG 27472 --- [           main] o.s.orm.jpa.JpaTransactionManager        : Closing JPA EntityManager [SessionImpl(225879741<open>)] after transaction
2023-11-28T22:11:58.903-05:00 DEBUG 27472 --- [           main] o.h.e.jdbc.internal.JdbcCoordinatorImpl  : HHH000420: Closing un-released batch
2023-11-28T22:11:58.903-05:00 DEBUG 27472 --- [           main] o.s.t.c.transaction.TransactionContext   : Rolled back transaction (1) for test class [com.cash_flow_app.apicashflow.controller.IncomeExpenseControllerTest]; test method [getAllExpenses]
2023-11-28T22:11:58.903-05:00 DEBUG 27472 --- [           main] tractDirtiesContextTestExecutionListener : After test method: class [IncomeExpenseControllerTest], method [getAllExpenses], class annotated with @DirtiesContext [false] with mode [null], method annotated with @DirtiesContext [false] with mode [null]
2023-11-28T22:11:58.903-05:00 DEBUG 27472 --- [           main] o.s.t.c.w.ServletTestExecutionListener   : Resetting RequestContextHolder for test class com.cash_flow_app.apicashflow.controller.IncomeExpenseControllerTest
]]></system-out>
  </testcase>
</testsuite>